<?xml version="1.0" encoding="UTF-8"?>
<TestRun id="a38004a8-0fd3-4d94-a352-7a20c952cc33" name="Farseer@FARSEER-PC 2009-07-27 15:44:41" runUser="Farseer-PC\Farseer" xmlns="http://microsoft.com/schemas/VisualStudio/TeamTest/2006">
  <TestRunConfiguration name="Local Test Run" id="85eb33de-a008-4c7a-a5d1-709c22ebf7d0">
    <Description>This is a default test run configuration for a local test run.</Description>
    <CodeCoverage enabled="true">
      <Regular>
        <CodeCoverageItem binaryFile="C:\combcell\googlecode\trunk\Solutions\CombCell\Debug\CombCell.exe" pdbFile="C:\combcell\googlecode\trunk\Solutions\CombCell\Debug\CombCell.instr.pdb" instrumentInPlace="true" />
        <CodeCoverageItem binaryFile="C:\combcell\googlecode\trunk\Solutions\CombCell\Debug\CombCell.View3D.exe" pdbFile="C:\combcell\googlecode\trunk\Solutions\CombCell\Debug\CombCell.View3D.instr.pdb" instrumentInPlace="true" />
        <CodeCoverageItem binaryFile="C:\combcell\googlecode\trunk\Solutions\CombCell\CombCell.Test\CombCell.Tests\bin\Debug\CombCell.Tests.dll" pdbFile="C:\combcell\googlecode\trunk\Solutions\CombCell\CombCell.Test\CombCell.Tests\bin\Debug\CombCell.Tests.instr.pdb" instrumentInPlace="true" />
        <CodeCoverageItem binaryFile="C:\combcell\googlecode\trunk\Solutions\CombCell\CombCell.DSAlgo\CombCell.DSAlgo.Tests\bin\Debug\CombCell.DSAlgo.Tests.dll" pdbFile="C:\combcell\googlecode\trunk\Solutions\CombCell\CombCell.DSAlgo\CombCell.DSAlgo.Tests\bin\Debug\CombCell.DSAlgo.Tests.instr.pdb" instrumentInPlace="true" />
        <CodeCoverageItem binaryFile="C:\combcell\googlecode\trunk\Solutions\CombCell\Debug\CombCell.DSAlgo.dll" pdbFile="C:\combcell\googlecode\trunk\Solutions\CombCell\Debug\CombCell.DSAlgo.instr.pdb" instrumentInPlace="true" />
      </Regular>
    </CodeCoverage>
    <Deployment runDeploymentRoot="C:\Users\Farseer\Desktop\Farseer_FARSEER-PC 2009-07-27 15_44_41">
      <DeploymentItem filename="C:\combcell\googlecode\trunk\Solutions\CombCell\Debug\CombCell.DSAlgo.dll" />
      <DeploymentItem filename="c:\Program Files\Microsoft Visual Studio 9.0\Common7\IDE\PublicAssemblies\Microsoft.VisualStudio.QualityTools.UnitTestFramework.dll" />
      <DeploymentItem filename="C:\combcell\googlecode\trunk\Solutions\CombCell\Debug\CombCell.exe" />
    </Deployment>
    <Plugins>
      <Plugin>Microsoft.VisualStudio.TestTools.CodeCoverage.CoveragePlugIn, Microsoft.VisualStudio.QualityTools.Plugins.CodeCoverage, PublicKeyToken=b03f5f7f11d50a3a</Plugin>
    </Plugins>
    <TestTypeSpecific>
      <WebTestRunConfiguration testTypeId="4e7599fa-5ecb-43e9-a887-cd63cf72d207">
        <Browser name="Internet Explorer 7.0">
          <Headers>
            <Header name="User-Agent" value="Mozilla/4.0 (compatible; MSIE 7.0; Windows NT 5.1)" />
            <Header name="Accept" value="*/*" />
            <Header name="Accept-Language" value="{{$IEAcceptLanguage}}" />
            <Header name="Accept-Encoding" value="GZIP" />
          </Headers>
        </Browser>
        <Network Name="LAN" BandwidthInKbps="0" />
      </WebTestRunConfiguration>
    </TestTypeSpecific>
  </TestRunConfiguration>
  <ResultSummary outcome="Failed">
    <Counters total="265" executed="265" passed="233" error="0" failed="32" timeout="0" aborted="0" inconclusive="0" passedButRunAborted="0" notRunnable="0" notExecuted="0" disconnected="0" warning="0" completed="0" inProgress="0" pending="0" />
    <RunInfos>
      <RunInfo computerName="FARSEER-PC" outcome="Warning" timestamp="2009-07-27T15:44:49.4566000+08:00">
        <Text>处理文件 CombCell.exe 时出现代码覆盖率检测警告:
警告 VSP2013 : 检测此映像要求此映像以 32 位进程的方式运行。已更新 CLR 标头标志，以反映这一信息。。</Text>
      </RunInfo>
      <RunInfo computerName="FARSEER-PC" outcome="Warning" timestamp="2009-07-27T15:44:49.9036000+08:00">
        <Text>处理文件 CombCell.View3D.exe 时出现代码覆盖率检测警告:
警告 VSP2013 : 检测此映像要求此映像以 32 位进程的方式运行。已更新 CLR 标头标志，以反映这一信息。。</Text>
      </RunInfo>
      <RunInfo computerName="FARSEER-PC" outcome="Warning" timestamp="2009-07-27T15:44:50.2816000+08:00">
        <Text>处理文件 CombCell.Tests.dll 时出现代码覆盖率检测警告:
警告 VSP2013 : 检测此映像要求此映像以 32 位进程的方式运行。已更新 CLR 标头标志，以反映这一信息。。</Text>
      </RunInfo>
      <RunInfo computerName="FARSEER-PC" outcome="Warning" timestamp="2009-07-27T15:44:50.6626000+08:00">
        <Text>处理文件 CombCell.DSAlgo.Tests.dll 时出现代码覆盖率检测警告:
警告 VSP2013 : 检测此映像要求此映像以 32 位进程的方式运行。已更新 CLR 标头标志，以反映这一信息。。</Text>
      </RunInfo>
      <RunInfo computerName="FARSEER-PC" outcome="Warning" timestamp="2009-07-27T15:44:50.9306000+08:00">
        <Text>处理文件 CombCell.DSAlgo.dll 时出现代码覆盖率检测警告:
警告 VSP2013 : 检测此映像要求此映像以 32 位进程的方式运行。已更新 CLR 标头标志，以反映这一信息。。</Text>
      </RunInfo>
    </RunInfos>
  </ResultSummary>
  <Times creation="2009-07-27T15:44:41.5276000+08:00" queuing="2009-07-27T15:44:57.2976000+08:00" start="2009-07-27T15:44:57.9666000+08:00" finish="2009-07-27T15:45:04.9336000+08:00" />
  <TestDefinitions>
    <UnitTest name="CurrentGet01" storage="c:\combcell\googlecode\trunk\solutions\combcell\combcell.test\combcell.tests\bin\debug\combcell.tests.dll" id="27f0b52f-d1c9-a22b-c131-4169928d14fc">
      <Css projectStructure="" iteration="" />
      <Owners>
        <Owner name="" />
      </Owners>
      <Execution id="791df630-c695-4b4c-8ded-5043a5681e27" />
      <TestMethod codeBase="C:\combcell\googlecode\trunk\Solutions\CombCell\CombCell.Test\CombCell.Tests\bin\Debug\CombCell.Tests.dll" adapterTypeName="Microsoft.VisualStudio.TestTools.TestTypes.Unit.UnitTestAdapter, Microsoft.VisualStudio.QualityTools.Tips.UnitTest.Adapter, Version=9.0.0.0, Culture=neutral, PublicKeyToken=b03f5f7f11d50a3a" className="CombCell.LengendTest, CombCell.Tests" name="CurrentGet01" />
    </UnitTest>
    <UnitTest name="HasNextPermutation02" storage="c:\combcell\googlecode\trunk\solutions\combcell\combcell.dsalgo\combcell.dsalgo.tests\bin\debug\combcell.dsalgo.tests.dll" id="0ba9e7a8-55f2-fe0b-8bc2-1ac91f92e105">
      <Css projectStructure="" iteration="" />
      <Owners>
        <Owner name="" />
      </Owners>
      <Execution id="f6d8c2fe-7ca2-4d24-bb63-f22eb904b55b" />
      <TestMethod codeBase="C:\combcell\googlecode\trunk\Solutions\CombCell\CombCell.DSAlgo\CombCell.DSAlgo.Tests\bin\Debug\CombCell.DSAlgo.Tests.dll" adapterTypeName="Microsoft.VisualStudio.TestTools.TestTypes.Unit.UnitTestAdapter, Microsoft.VisualStudio.QualityTools.Tips.UnitTest.Adapter, Version=9.0.0.0, Culture=neutral, PublicKeyToken=b03f5f7f11d50a3a" className="CombCell.DSAlgo.HamiltonSlowTTest, CombCell.DSAlgo.Tests" name="HasNextPermutation02" />
    </UnitTest>
    <UnitTest name="FromPointToPair01" storage="c:\combcell\googlecode\trunk\solutions\combcell\combcell.test\combcell.tests\bin\debug\combcell.tests.dll" id="884e4d6c-c692-3230-0eb8-0f6cb57a76cf">
      <Css projectStructure="" iteration="" />
      <Owners>
        <Owner name="" />
      </Owners>
      <Execution id="737f5c1d-0197-40bf-9b24-0e8a3e572d22" />
      <TestMethod codeBase="C:\combcell\googlecode\trunk\Solutions\CombCell\CombCell.Test\CombCell.Tests\bin\Debug\CombCell.Tests.dll" adapterTypeName="Microsoft.VisualStudio.TestTools.TestTypes.Unit.UnitTestAdapter, Microsoft.VisualStudio.QualityTools.Tips.UnitTest.Adapter, Version=9.0.0.0, Culture=neutral, PublicKeyToken=b03f5f7f11d50a3a" className="CombCell.RectArrangerTest, CombCell.Tests" name="FromPointToPair01" />
    </UnitTest>
    <UnitTest name="CreateCellShape01" storage="c:\combcell\googlecode\trunk\solutions\combcell\combcell.test\combcell.tests\bin\debug\combcell.tests.dll" id="da30a1f5-c1d4-7a84-e910-1ef4a2c80112">
      <Css projectStructure="" iteration="" />
      <Owners>
        <Owner name="" />
      </Owners>
      <Execution id="c71d5e30-a283-446a-93b6-5431d1e4eb19" />
      <TestMethod codeBase="C:\combcell\googlecode\trunk\Solutions\CombCell\CombCell.Test\CombCell.Tests\bin\Debug\CombCell.Tests.dll" adapterTypeName="Microsoft.VisualStudio.TestTools.TestTypes.Unit.UnitTestAdapter, Microsoft.VisualStudio.QualityTools.Tips.UnitTest.Adapter, Version=9.0.0.0, Culture=neutral, PublicKeyToken=b03f5f7f11d50a3a" className="CombCell.RectArrangerTest, CombCell.Tests" name="CreateCellShape01" />
    </UnitTest>
    <UnitTest name="HasNextPermutation07" storage="c:\combcell\googlecode\trunk\solutions\combcell\combcell.dsalgo\combcell.dsalgo.tests\bin\debug\combcell.dsalgo.tests.dll" id="c2567454-d203-001f-bc35-2dff0ff31f85">
      <Css projectStructure="" iteration="" />
      <Owners>
        <Owner name="" />
      </Owners>
      <Execution id="ed020c13-6604-420b-8682-a86721a80e3b" />
      <TestMethod codeBase="C:\combcell\googlecode\trunk\Solutions\CombCell\CombCell.DSAlgo\CombCell.DSAlgo.Tests\bin\Debug\CombCell.DSAlgo.Tests.dll" adapterTypeName="Microsoft.VisualStudio.TestTools.TestTypes.Unit.UnitTestAdapter, Microsoft.VisualStudio.QualityTools.Tips.UnitTest.Adapter, Version=9.0.0.0, Culture=neutral, PublicKeyToken=b03f5f7f11d50a3a" className="CombCell.DSAlgo.HamiltonSlowTTest, CombCell.DSAlgo.Tests" name="HasNextPermutation07" />
    </UnitTest>
    <UnitTest name="HasNextPermutation01" storage="c:\combcell\googlecode\trunk\solutions\combcell\combcell.dsalgo\combcell.dsalgo.tests\bin\debug\combcell.dsalgo.tests.dll" id="b724700b-4b9e-4bb8-c7aa-351f151f2c5c">
      <Css projectStructure="" iteration="" />
      <Owners>
        <Owner name="" />
      </Owners>
      <Execution id="3a11be20-4910-4772-b78a-e373108e0ad4" />
      <TestMethod codeBase="C:\combcell\googlecode\trunk\Solutions\CombCell\CombCell.DSAlgo\CombCell.DSAlgo.Tests\bin\Debug\CombCell.DSAlgo.Tests.dll" adapterTypeName="Microsoft.VisualStudio.TestTools.TestTypes.Unit.UnitTestAdapter, Microsoft.VisualStudio.QualityTools.Tips.UnitTest.Adapter, Version=9.0.0.0, Culture=neutral, PublicKeyToken=b03f5f7f11d50a3a" className="CombCell.DSAlgo.HamiltonSlowTTest, CombCell.DSAlgo.Tests" name="HasNextPermutation01" />
    </UnitTest>
    <UnitTest name="ItemGetSet02" storage="c:\combcell\googlecode\trunk\solutions\combcell\combcell.test\combcell.tests\bin\debug\combcell.tests.dll" id="b14c7644-fd87-aa42-f2af-155066c39f5b">
      <Css projectStructure="" iteration="" />
      <Owners>
        <Owner name="" />
      </Owners>
      <Execution id="e63edf48-0b8c-4002-b654-01144b479623" />
      <TestMethod codeBase="C:\combcell\googlecode\trunk\Solutions\CombCell\CombCell.Test\CombCell.Tests\bin\Debug\CombCell.Tests.dll" adapterTypeName="Microsoft.VisualStudio.TestTools.TestTypes.Unit.UnitTestAdapter, Microsoft.VisualStudio.QualityTools.Tips.UnitTest.Adapter, Version=9.0.0.0, Culture=neutral, PublicKeyToken=b03f5f7f11d50a3a" className="CombCell.LengendTest, CombCell.Tests" name="ItemGetSet02" />
    </UnitTest>
    <UnitTest name="Remove0101" storage="c:\combcell\googlecode\trunk\solutions\combcell\combcell.dsalgo\combcell.dsalgo.tests\bin\debug\combcell.dsalgo.tests.dll" id="d28f95a8-8f99-346b-1bf0-7d493e4273f0">
      <Css projectStructure="" iteration="" />
      <Owners>
        <Owner name="" />
      </Owners>
      <Execution id="3ef06767-c73a-4f0a-81bb-8382b7f3ddc7" />
      <TestMethod codeBase="C:\combcell\googlecode\trunk\Solutions\CombCell\CombCell.DSAlgo\CombCell.DSAlgo.Tests\bin\Debug\CombCell.DSAlgo.Tests.dll" adapterTypeName="Microsoft.VisualStudio.TestTools.TestTypes.Unit.UnitTestAdapter, Microsoft.VisualStudio.QualityTools.Tips.UnitTest.Adapter, Version=9.0.0.0, Culture=neutral, PublicKeyToken=b03f5f7f11d50a3a" className="CombCell.DSAlgo.PriorityQueueTItemTPriTest, CombCell.DSAlgo.Tests" name="Remove0101" />
    </UnitTest>
    <UnitTest name="CopyTo08" storage="c:\combcell\googlecode\trunk\solutions\combcell\combcell.dsalgo\combcell.dsalgo.tests\bin\debug\combcell.dsalgo.tests.dll" id="0a6473d4-c93c-c831-f730-8b4a04959d64">
      <Css projectStructure="" iteration="" />
      <Owners>
        <Owner name="" />
      </Owners>
      <Execution id="0845d2d6-af30-4e72-86f2-8269624867c1" />
      <TestMethod codeBase="C:\combcell\googlecode\trunk\Solutions\CombCell\CombCell.DSAlgo\CombCell.DSAlgo.Tests\bin\Debug\CombCell.DSAlgo.Tests.dll" adapterTypeName="Microsoft.VisualStudio.TestTools.TestTypes.Unit.UnitTestAdapter, Microsoft.VisualStudio.QualityTools.Tips.UnitTest.Adapter, Version=9.0.0.0, Culture=neutral, PublicKeyToken=b03f5f7f11d50a3a" className="CombCell.DSAlgo.PriorityQueueTItemTPriTest, CombCell.DSAlgo.Tests" name="CopyTo08" />
    </UnitTest>
    <UnitTest name="EnsureCells09" storage="c:\combcell\googlecode\trunk\solutions\combcell\combcell.test\combcell.tests\bin\debug\combcell.tests.dll" id="11384f71-77b8-9298-d35a-c286d4c25289">
      <Css projectStructure="" iteration="" />
      <Owners>
        <Owner name="" />
      </Owners>
      <Execution id="456b448f-78f9-42e1-9341-4c2017df2021" />
      <TestMethod codeBase="C:\combcell\googlecode\trunk\Solutions\CombCell\CombCell.Test\CombCell.Tests\bin\Debug\CombCell.Tests.dll" adapterTypeName="Microsoft.VisualStudio.TestTools.TestTypes.Unit.UnitTestAdapter, Microsoft.VisualStudio.QualityTools.Tips.UnitTest.Adapter, Version=9.0.0.0, Culture=neutral, PublicKeyToken=b03f5f7f11d50a3a" className="CombCell.CombTest, CombCell.Tests" name="EnsureCells09" />
    </UnitTest>
    <UnitTest name="ItemGet0103" storage="c:\combcell\googlecode\trunk\solutions\combcell\combcell.test\combcell.tests\bin\debug\combcell.tests.dll" id="3ac598ce-4710-4a4d-4697-a4da8da6ccdf">
      <Css projectStructure="" iteration="" />
      <Owners>
        <Owner name="" />
      </Owners>
      <Execution id="d9c13bf3-0212-4f87-b6bc-6f3fb7d3b60f" />
      <TestMethod codeBase="C:\combcell\googlecode\trunk\Solutions\CombCell\CombCell.Test\CombCell.Tests\bin\Debug\CombCell.Tests.dll" adapterTypeName="Microsoft.VisualStudio.TestTools.TestTypes.Unit.UnitTestAdapter, Microsoft.VisualStudio.QualityTools.Tips.UnitTest.Adapter, Version=9.0.0.0, Culture=neutral, PublicKeyToken=b03f5f7f11d50a3a" className="CombCell.CombTest, CombCell.Tests" name="ItemGet0103" />
    </UnitTest>
    <UnitTest name="EnsureCells34" storage="c:\combcell\googlecode\trunk\solutions\combcell\combcell.test\combcell.tests\bin\debug\combcell.tests.dll" id="aac9d9a5-4db1-9527-58d1-5effdca4e7c8">
      <Css projectStructure="" iteration="" />
      <Owners>
        <Owner name="" />
      </Owners>
      <Execution id="8f7cbd0e-776f-479f-8685-61f586d4438d" />
      <TestMethod codeBase="C:\combcell\googlecode\trunk\Solutions\CombCell\CombCell.Test\CombCell.Tests\bin\Debug\CombCell.Tests.dll" adapterTypeName="Microsoft.VisualStudio.TestTools.TestTypes.Unit.UnitTestAdapter, Microsoft.VisualStudio.QualityTools.Tips.UnitTest.Adapter, Version=9.0.0.0, Culture=neutral, PublicKeyToken=b03f5f7f11d50a3a" className="CombCell.CombTest, CombCell.Tests" name="EnsureCells34" />
    </UnitTest>
    <UnitTest name="Constructor01" storage="c:\combcell\googlecode\trunk\solutions\combcell\combcell.test\combcell.tests\bin\debug\combcell.tests.dll" id="e74ce5a6-acef-1dc2-7516-6b2c0039f850">
      <Css projectStructure="" iteration="" />
      <Owners>
        <Owner name="" />
      </Owners>
      <Execution id="0f03e93d-774d-4ee6-b184-cd1eaf16d8e3" />
      <TestMethod codeBase="C:\combcell\googlecode\trunk\Solutions\CombCell\CombCell.Test\CombCell.Tests\bin\Debug\CombCell.Tests.dll" adapterTypeName="Microsoft.VisualStudio.TestTools.TestTypes.Unit.UnitTestAdapter, Microsoft.VisualStudio.QualityTools.Tips.UnitTest.Adapter, Version=9.0.0.0, Culture=neutral, PublicKeyToken=b03f5f7f11d50a3a" className="CombCell.AlgoShowerTest, CombCell.Tests" name="Constructor01" />
    </UnitTest>
    <UnitTest name="EnsureCells18" storage="c:\combcell\googlecode\trunk\solutions\combcell\combcell.test\combcell.tests\bin\debug\combcell.tests.dll" id="d914dc4e-cbb5-4397-47bc-3d976206e188">
      <Css projectStructure="" iteration="" />
      <Owners>
        <Owner name="" />
      </Owners>
      <Execution id="e101f018-ab22-4040-94eb-c23cadabd644" />
      <TestMethod codeBase="C:\combcell\googlecode\trunk\Solutions\CombCell\CombCell.Test\CombCell.Tests\bin\Debug\CombCell.Tests.dll" adapterTypeName="Microsoft.VisualStudio.TestTools.TestTypes.Unit.UnitTestAdapter, Microsoft.VisualStudio.QualityTools.Tips.UnitTest.Adapter, Version=9.0.0.0, Culture=neutral, PublicKeyToken=b03f5f7f11d50a3a" className="CombCell.CombTest, CombCell.Tests" name="EnsureCells18" />
    </UnitTest>
    <UnitTest name="FromPointToPair06" storage="c:\combcell\googlecode\trunk\solutions\combcell\combcell.test\combcell.tests\bin\debug\combcell.tests.dll" id="660b8691-1ddf-c8c6-6d3f-b51d3f5d1ed0">
      <Css projectStructure="" iteration="" />
      <Owners>
        <Owner name="" />
      </Owners>
      <Execution id="127eac64-d742-4cd2-bd34-4fb37b99ea76" />
      <TestMethod codeBase="C:\combcell\googlecode\trunk\Solutions\CombCell\CombCell.Test\CombCell.Tests\bin\Debug\CombCell.Tests.dll" adapterTypeName="Microsoft.VisualStudio.TestTools.TestTypes.Unit.UnitTestAdapter, Microsoft.VisualStudio.QualityTools.Tips.UnitTest.Adapter, Version=9.0.0.0, Culture=neutral, PublicKeyToken=b03f5f7f11d50a3a" className="CombCell.ArrangerTest, CombCell.Tests" name="FromPointToPair06" />
    </UnitTest>
    <UnitTest name="Add02" storage="c:\combcell\googlecode\trunk\solutions\combcell\combcell.dsalgo\combcell.dsalgo.tests\bin\debug\combcell.dsalgo.tests.dll" id="86029c38-2c7b-dfb0-2627-9ee2e3c07cc5">
      <Css projectStructure="" iteration="" />
      <Owners>
        <Owner name="" />
      </Owners>
      <Execution id="fceda552-d1c6-4097-8158-d29b8dd4d321" />
      <TestMethod codeBase="C:\combcell\googlecode\trunk\Solutions\CombCell\CombCell.DSAlgo\CombCell.DSAlgo.Tests\bin\Debug\CombCell.DSAlgo.Tests.dll" adapterTypeName="Microsoft.VisualStudio.TestTools.TestTypes.Unit.UnitTestAdapter, Microsoft.VisualStudio.QualityTools.Tips.UnitTest.Adapter, Version=9.0.0.0, Culture=neutral, PublicKeyToken=b03f5f7f11d50a3a" className="CombCell.DSAlgo.PriorityQueueTItemTPriTest, CombCell.DSAlgo.Tests" name="Add02" />
    </UnitTest>
    <UnitTest name="Constructor03" storage="c:\combcell\googlecode\trunk\solutions\combcell\combcell.test\combcell.tests\bin\debug\combcell.tests.dll" id="a14b4c80-7009-1436-4814-cdc3db2645be">
      <Css projectStructure="" iteration="" />
      <Owners>
        <Owner name="" />
      </Owners>
      <Execution id="2a83acf4-2d36-4e8f-b655-48032a00cdc3" />
      <TestMethod codeBase="C:\combcell\googlecode\trunk\Solutions\CombCell\CombCell.Test\CombCell.Tests\bin\Debug\CombCell.Tests.dll" adapterTypeName="Microsoft.VisualStudio.TestTools.TestTypes.Unit.UnitTestAdapter, Microsoft.VisualStudio.QualityTools.Tips.UnitTest.Adapter, Version=9.0.0.0, Culture=neutral, PublicKeyToken=b03f5f7f11d50a3a" className="CombCell.DSAlgo.EdgeTTest, CombCell.Tests" name="Constructor03" />
    </UnitTest>
    <UnitTest name="CopyTo02" storage="c:\combcell\googlecode\trunk\solutions\combcell\combcell.dsalgo\combcell.dsalgo.tests\bin\debug\combcell.dsalgo.tests.dll" id="28eef2f0-3a75-0ec0-be77-54c61d0e9d94">
      <Css projectStructure="" iteration="" />
      <Owners>
        <Owner name="" />
      </Owners>
      <Execution id="10bdab4b-268b-44f7-83f4-3e1bdccb7426" />
      <TestMethod codeBase="C:\combcell\googlecode\trunk\Solutions\CombCell\CombCell.DSAlgo\CombCell.DSAlgo.Tests\bin\Debug\CombCell.DSAlgo.Tests.dll" adapterTypeName="Microsoft.VisualStudio.TestTools.TestTypes.Unit.UnitTestAdapter, Microsoft.VisualStudio.QualityTools.Tips.UnitTest.Adapter, Version=9.0.0.0, Culture=neutral, PublicKeyToken=b03f5f7f11d50a3a" className="CombCell.DSAlgo.PriorityQueueTItemTPriTest, CombCell.DSAlgo.Tests" name="CopyTo02" />
    </UnitTest>
    <UnitTest name="ToString01" storage="c:\combcell\googlecode\trunk\solutions\combcell\combcell.test\combcell.tests\bin\debug\combcell.tests.dll" id="d3107042-29e0-f9e3-c174-def6977d1282">
      <Css projectStructure="" iteration="" />
      <Owners>
        <Owner name="" />
      </Owners>
      <Execution id="6ee0fa48-af99-4a85-adb6-9b6c256a1ab5" />
      <TestMethod codeBase="C:\combcell\googlecode\trunk\Solutions\CombCell\CombCell.Test\CombCell.Tests\bin\Debug\CombCell.Tests.dll" adapterTypeName="Microsoft.VisualStudio.TestTools.TestTypes.Unit.UnitTestAdapter, Microsoft.VisualStudio.QualityTools.Tips.UnitTest.Adapter, Version=9.0.0.0, Culture=neutral, PublicKeyToken=b03f5f7f11d50a3a" className="CombCell.DSAlgo.EdgeTTest, CombCell.Tests" name="ToString01" />
    </UnitTest>
    <UnitTest name="GraphPathGetSet01" storage="c:\combcell\googlecode\trunk\solutions\combcell\combcell.test\combcell.tests\bin\debug\combcell.tests.dll" id="6235a573-c196-acf5-7e13-a5f895baa7ef">
      <Css projectStructure="" iteration="" />
      <Owners>
        <Owner name="" />
      </Owners>
      <Execution id="55fffdfc-1f2a-4506-811e-67daca0b98e0" />
      <TestMethod codeBase="C:\combcell\googlecode\trunk\Solutions\CombCell\CombCell.Test\CombCell.Tests\bin\Debug\CombCell.Tests.dll" adapterTypeName="Microsoft.VisualStudio.TestTools.TestTypes.Unit.UnitTestAdapter, Microsoft.VisualStudio.QualityTools.Tips.UnitTest.Adapter, Version=9.0.0.0, Culture=neutral, PublicKeyToken=b03f5f7f11d50a3a" className="CombCell.CombTest, CombCell.Tests" name="GraphPathGetSet01" />
    </UnitTest>
    <UnitTest name="EnsureCells07" storage="c:\combcell\googlecode\trunk\solutions\combcell\combcell.test\combcell.tests\bin\debug\combcell.tests.dll" id="7d885b38-97e5-9f9c-08af-b45d00c9ff38">
      <Css projectStructure="" iteration="" />
      <Owners>
        <Owner name="" />
      </Owners>
      <Execution id="820c915a-527c-44ef-88f4-64613989df9a" />
      <TestMethod codeBase="C:\combcell\googlecode\trunk\Solutions\CombCell\CombCell.Test\CombCell.Tests\bin\Debug\CombCell.Tests.dll" adapterTypeName="Microsoft.VisualStudio.TestTools.TestTypes.Unit.UnitTestAdapter, Microsoft.VisualStudio.QualityTools.Tips.UnitTest.Adapter, Version=9.0.0.0, Culture=neutral, PublicKeyToken=b03f5f7f11d50a3a" className="CombCell.CombTest, CombCell.Tests" name="EnsureCells07" />
    </UnitTest>
    <UnitTest name="Unblock01" storage="c:\combcell\googlecode\trunk\solutions\combcell\combcell.test\combcell.tests\bin\debug\combcell.tests.dll" id="a7d97db3-fd0a-fd9f-2170-cf6189db02cd">
      <Css projectStructure="" iteration="" />
      <Owners>
        <Owner name="" />
      </Owners>
      <Execution id="a0356b1a-23b6-45c8-b3bb-6f0007655328" />
      <TestMethod codeBase="C:\combcell\googlecode\trunk\Solutions\CombCell\CombCell.Test\CombCell.Tests\bin\Debug\CombCell.Tests.dll" adapterTypeName="Microsoft.VisualStudio.TestTools.TestTypes.Unit.UnitTestAdapter, Microsoft.VisualStudio.QualityTools.Tips.UnitTest.Adapter, Version=9.0.0.0, Culture=neutral, PublicKeyToken=b03f5f7f11d50a3a" className="CombCell.CombTest, CombCell.Tests" name="Unblock01" />
    </UnitTest>
    <UnitTest name="Insert02" storage="c:\combcell\googlecode\trunk\solutions\combcell\combcell.dsalgo\combcell.dsalgo.tests\bin\debug\combcell.dsalgo.tests.dll" id="f65bb69b-f249-a757-8834-65f69ebe4493">
      <Css projectStructure="" iteration="" />
      <Owners>
        <Owner name="" />
      </Owners>
      <Execution id="6d4c34cb-5df0-42e7-beb8-5954a9396a00" />
      <TestMethod codeBase="C:\combcell\googlecode\trunk\Solutions\CombCell\CombCell.DSAlgo\CombCell.DSAlgo.Tests\bin\Debug\CombCell.DSAlgo.Tests.dll" adapterTypeName="Microsoft.VisualStudio.TestTools.TestTypes.Unit.UnitTestAdapter, Microsoft.VisualStudio.QualityTools.Tips.UnitTest.Adapter, Version=9.0.0.0, Culture=neutral, PublicKeyToken=b03f5f7f11d50a3a" className="CombCell.DSAlgo.PriorityQueueTItemTPriTest, CombCell.DSAlgo.Tests" name="Insert02" />
    </UnitTest>
    <UnitTest name="CalcFc0101" storage="c:\combcell\googlecode\trunk\solutions\combcell\combcell.dsalgo\combcell.dsalgo.tests\bin\debug\combcell.dsalgo.tests.dll" id="eb18143a-0b58-a574-b95e-8def86f3e6cf">
      <Css projectStructure="" iteration="" />
      <Owners>
        <Owner name="" />
      </Owners>
      <Execution id="088b71ff-6a6b-4e5f-aebd-8e5dc720fbad" />
      <TestMethod codeBase="C:\combcell\googlecode\trunk\Solutions\CombCell\CombCell.DSAlgo\CombCell.DSAlgo.Tests\bin\Debug\CombCell.DSAlgo.Tests.dll" adapterTypeName="Microsoft.VisualStudio.TestTools.TestTypes.Unit.UnitTestAdapter, Microsoft.VisualStudio.QualityTools.Tips.UnitTest.Adapter, Version=9.0.0.0, Culture=neutral, PublicKeyToken=b03f5f7f11d50a3a" className="CombCell.DSAlgo.HamiltonTTest, CombCell.DSAlgo.Tests" name="CalcFc0101" />
    </UnitTest>
    <UnitTest name="ContainsKey01" storage="c:\combcell\googlecode\trunk\solutions\combcell\combcell.dsalgo\combcell.dsalgo.tests\bin\debug\combcell.dsalgo.tests.dll" id="8aa1e64d-8b16-e0b0-d6d4-caef3018d255">
      <Css projectStructure="" iteration="" />
      <Owners>
        <Owner name="" />
      </Owners>
      <Execution id="dd3e5b4c-4101-4e02-8c2d-b41d5924ea64" />
      <TestMethod codeBase="C:\combcell\googlecode\trunk\Solutions\CombCell\CombCell.DSAlgo\CombCell.DSAlgo.Tests\bin\Debug\CombCell.DSAlgo.Tests.dll" adapterTypeName="Microsoft.VisualStudio.TestTools.TestTypes.Unit.UnitTestAdapter, Microsoft.VisualStudio.QualityTools.Tips.UnitTest.Adapter, Version=9.0.0.0, Culture=neutral, PublicKeyToken=b03f5f7f11d50a3a" className="CombCell.DSAlgo.PriorityQueueTItemTPriTest, CombCell.DSAlgo.Tests" name="ContainsKey01" />
    </UnitTest>
    <UnitTest name="RemoveEdge01" storage="c:\combcell\googlecode\trunk\solutions\combcell\combcell.test\combcell.tests\bin\debug\combcell.tests.dll" id="4894d8a1-66fe-958e-d1be-64f3d004c46f">
      <Css projectStructure="" iteration="" />
      <Owners>
        <Owner name="" />
      </Owners>
      <Execution id="74682738-eb49-4952-a96d-06bd83b887ce" />
      <TestMethod codeBase="C:\combcell\googlecode\trunk\Solutions\CombCell\CombCell.Test\CombCell.Tests\bin\Debug\CombCell.Tests.dll" adapterTypeName="Microsoft.VisualStudio.TestTools.TestTypes.Unit.UnitTestAdapter, Microsoft.VisualStudio.QualityTools.Tips.UnitTest.Adapter, Version=9.0.0.0, Culture=neutral, PublicKeyToken=b03f5f7f11d50a3a" className="CombCell.DSAlgo.GraphTTest, CombCell.Tests" name="RemoveEdge01" />
    </UnitTest>
    <UnitTest name="ToString01" storage="c:\combcell\googlecode\trunk\solutions\combcell\combcell.dsalgo\combcell.dsalgo.tests\bin\debug\combcell.dsalgo.tests.dll" id="3cf64920-97f7-ca4d-0c45-dfc6cfb3426f">
      <Css projectStructure="" iteration="" />
      <Owners>
        <Owner name="" />
      </Owners>
      <Execution id="4b6a80ea-b29d-46f7-b207-d6f53e495d66" />
      <TestMethod codeBase="C:\combcell\googlecode\trunk\Solutions\CombCell\CombCell.DSAlgo\CombCell.DSAlgo.Tests\bin\Debug\CombCell.DSAlgo.Tests.dll" adapterTypeName="Microsoft.VisualStudio.TestTools.TestTypes.Unit.UnitTestAdapter, Microsoft.VisualStudio.QualityTools.Tips.UnitTest.Adapter, Version=9.0.0.0, Culture=neutral, PublicKeyToken=b03f5f7f11d50a3a" className="CombCell.DSAlgo.VertexTTest, CombCell.DSAlgo.Tests" name="ToString01" />
    </UnitTest>
    <UnitTest name="CanCalcGet01" storage="c:\combcell\googlecode\trunk\solutions\combcell\combcell.dsalgo\combcell.dsalgo.tests\bin\debug\combcell.dsalgo.tests.dll" id="65bee330-664e-c5a2-ddf2-b22c20bc5770">
      <Css projectStructure="" iteration="" />
      <Owners>
        <Owner name="" />
      </Owners>
      <Execution id="5d3cde45-706a-4354-8d2e-fb515c11c6ae" />
      <TestMethod codeBase="C:\combcell\googlecode\trunk\Solutions\CombCell\CombCell.DSAlgo\CombCell.DSAlgo.Tests\bin\Debug\CombCell.DSAlgo.Tests.dll" adapterTypeName="Microsoft.VisualStudio.TestTools.TestTypes.Unit.UnitTestAdapter, Microsoft.VisualStudio.QualityTools.Tips.UnitTest.Adapter, Version=9.0.0.0, Culture=neutral, PublicKeyToken=b03f5f7f11d50a3a" className="CombCell.DSAlgo.SnakeTTest, CombCell.DSAlgo.Tests" name="CanCalcGet01" />
    </UnitTest>
    <UnitTest name="ItemGet06" storage="c:\combcell\googlecode\trunk\solutions\combcell\combcell.test\combcell.tests\bin\debug\combcell.tests.dll" id="cca52ab5-5931-535e-8c89-e5ff6f89aa6c">
      <Css projectStructure="" iteration="" />
      <Owners>
        <Owner name="" />
      </Owners>
      <Execution id="db489c20-e43a-4446-b5c5-bfa6fcd22497" />
      <TestMethod codeBase="C:\combcell\googlecode\trunk\Solutions\CombCell\CombCell.Test\CombCell.Tests\bin\Debug\CombCell.Tests.dll" adapterTypeName="Microsoft.VisualStudio.TestTools.TestTypes.Unit.UnitTestAdapter, Microsoft.VisualStudio.QualityTools.Tips.UnitTest.Adapter, Version=9.0.0.0, Culture=neutral, PublicKeyToken=b03f5f7f11d50a3a" className="CombCell.CombTest, CombCell.Tests" name="ItemGet06" />
    </UnitTest>
    <UnitTest name="XCountGet02" storage="c:\combcell\googlecode\trunk\solutions\combcell\combcell.test\combcell.tests\bin\debug\combcell.tests.dll" id="fa03578d-03e6-d65c-3097-cd6b56b06c33">
      <Css projectStructure="" iteration="" />
      <Owners>
        <Owner name="" />
      </Owners>
      <Execution id="9a7c7f9e-2742-41d4-a64b-44937fb03cf1" />
      <TestMethod codeBase="C:\combcell\googlecode\trunk\Solutions\CombCell\CombCell.Test\CombCell.Tests\bin\Debug\CombCell.Tests.dll" adapterTypeName="Microsoft.VisualStudio.TestTools.TestTypes.Unit.UnitTestAdapter, Microsoft.VisualStudio.QualityTools.Tips.UnitTest.Adapter, Version=9.0.0.0, Culture=neutral, PublicKeyToken=b03f5f7f11d50a3a" className="CombCell.ArrangerTest, CombCell.Tests" name="XCountGet02" />
    </UnitTest>
    <UnitTest name="EnsureCells17" storage="c:\combcell\googlecode\trunk\solutions\combcell\combcell.test\combcell.tests\bin\debug\combcell.tests.dll" id="983dfc42-61d5-c03d-8422-81421c615026">
      <Css projectStructure="" iteration="" />
      <Owners>
        <Owner name="" />
      </Owners>
      <Execution id="c9c040ee-9f09-4793-a079-6dd2a829074a" />
      <TestMethod codeBase="C:\combcell\googlecode\trunk\Solutions\CombCell\CombCell.Test\CombCell.Tests\bin\Debug\CombCell.Tests.dll" adapterTypeName="Microsoft.VisualStudio.TestTools.TestTypes.Unit.UnitTestAdapter, Microsoft.VisualStudio.QualityTools.Tips.UnitTest.Adapter, Version=9.0.0.0, Culture=neutral, PublicKeyToken=b03f5f7f11d50a3a" className="CombCell.CombTest, CombCell.Tests" name="EnsureCells17" />
    </UnitTest>
    <UnitTest name="HasNextPermutation0104" storage="c:\combcell\googlecode\trunk\solutions\combcell\combcell.dsalgo\combcell.dsalgo.tests\bin\debug\combcell.dsalgo.tests.dll" id="ec0fcedf-dc05-5719-081f-2c8b21f136ae">
      <Css projectStructure="" iteration="" />
      <Owners>
        <Owner name="" />
      </Owners>
      <Execution id="5a4b9106-515b-4810-81f0-8acf35261b90" />
      <TestMethod codeBase="C:\combcell\googlecode\trunk\Solutions\CombCell\CombCell.DSAlgo\CombCell.DSAlgo.Tests\bin\Debug\CombCell.DSAlgo.Tests.dll" adapterTypeName="Microsoft.VisualStudio.TestTools.TestTypes.Unit.UnitTestAdapter, Microsoft.VisualStudio.QualityTools.Tips.UnitTest.Adapter, Version=9.0.0.0, Culture=neutral, PublicKeyToken=b03f5f7f11d50a3a" className="CombCell.DSAlgo.HamiltonSlowTTest, CombCell.DSAlgo.Tests" name="HasNextPermutation0104" />
    </UnitTest>
    <UnitTest name="NextPermutation01" storage="c:\combcell\googlecode\trunk\solutions\combcell\combcell.dsalgo\combcell.dsalgo.tests\bin\debug\combcell.dsalgo.tests.dll" id="c86abffc-7399-6cd7-e85c-a37c80ac35d3">
      <Css projectStructure="" iteration="" />
      <Owners>
        <Owner name="" />
      </Owners>
      <Execution id="57a48746-7819-43dc-988c-67ce6c2e5de2" />
      <TestMethod codeBase="C:\combcell\googlecode\trunk\Solutions\CombCell\CombCell.DSAlgo\CombCell.DSAlgo.Tests\bin\Debug\CombCell.DSAlgo.Tests.dll" adapterTypeName="Microsoft.VisualStudio.TestTools.TestTypes.Unit.UnitTestAdapter, Microsoft.VisualStudio.QualityTools.Tips.UnitTest.Adapter, Version=9.0.0.0, Culture=neutral, PublicKeyToken=b03f5f7f11d50a3a" className="CombCell.DSAlgo.HamiltonSlowTTest, CombCell.DSAlgo.Tests" name="NextPermutation01" />
    </UnitTest>
    <UnitTest name="BrushGetSet01" storage="c:\combcell\googlecode\trunk\solutions\combcell\combcell.test\combcell.tests\bin\debug\combcell.tests.dll" id="bb710dc3-32f5-e10b-4c7e-3da30badba77">
      <Css projectStructure="" iteration="" />
      <Owners>
        <Owner name="" />
      </Owners>
      <Execution id="6d0636b7-9c99-4ab6-9eb4-a72dcd8831f5" />
      <TestMethod codeBase="C:\combcell\googlecode\trunk\Solutions\CombCell\CombCell.Test\CombCell.Tests\bin\Debug\CombCell.Tests.dll" adapterTypeName="Microsoft.VisualStudio.TestTools.TestTypes.Unit.UnitTestAdapter, Microsoft.VisualStudio.QualityTools.Tips.UnitTest.Adapter, Version=9.0.0.0, Culture=neutral, PublicKeyToken=b03f5f7f11d50a3a" className="CombCell.SchemeTest, CombCell.Tests" name="BrushGetSet01" />
    </UnitTest>
    <UnitTest name="Block02" storage="c:\combcell\googlecode\trunk\solutions\combcell\combcell.test\combcell.tests\bin\debug\combcell.tests.dll" id="69fded50-9504-c4af-9b01-d0d8195a3603">
      <Css projectStructure="" iteration="" />
      <Owners>
        <Owner name="" />
      </Owners>
      <Execution id="f1525fc9-bbd1-4d02-b895-02782343c89d" />
      <TestMethod codeBase="C:\combcell\googlecode\trunk\Solutions\CombCell\CombCell.Test\CombCell.Tests\bin\Debug\CombCell.Tests.dll" adapterTypeName="Microsoft.VisualStudio.TestTools.TestTypes.Unit.UnitTestAdapter, Microsoft.VisualStudio.QualityTools.Tips.UnitTest.Adapter, Version=9.0.0.0, Culture=neutral, PublicKeyToken=b03f5f7f11d50a3a" className="CombCell.CombTest, CombCell.Tests" name="Block02" />
    </UnitTest>
    <UnitTest name="ToString01" storage="c:\combcell\googlecode\trunk\solutions\combcell\combcell.test\combcell.tests\bin\debug\combcell.tests.dll" id="8af81516-e8e3-c5f2-78cc-286529d532fe">
      <Css projectStructure="" iteration="" />
      <Owners>
        <Owner name="" />
      </Owners>
      <Execution id="871d4998-38d7-4d9c-9368-6a9335e8a2fe" />
      <TestMethod codeBase="C:\combcell\googlecode\trunk\Solutions\CombCell\CombCell.Test\CombCell.Tests\bin\Debug\CombCell.Tests.dll" adapterTypeName="Microsoft.VisualStudio.TestTools.TestTypes.Unit.UnitTestAdapter, Microsoft.VisualStudio.QualityTools.Tips.UnitTest.Adapter, Version=9.0.0.0, Culture=neutral, PublicKeyToken=b03f5f7f11d50a3a" className="CombCell.AlgoShowerTest, CombCell.Tests" name="ToString01" />
    </UnitTest>
    <UnitTest name="PositionGetSet02" storage="c:\combcell\googlecode\trunk\solutions\combcell\combcell.test\combcell.tests\bin\debug\combcell.tests.dll" id="6e400f40-95d1-b9ab-f613-9e5cc674d8c0">
      <Css projectStructure="" iteration="" />
      <Owners>
        <Owner name="" />
      </Owners>
      <Execution id="141b6bb1-6f3e-42d9-a513-5afc0f79cbcf" />
      <TestMethod codeBase="C:\combcell\googlecode\trunk\Solutions\CombCell\CombCell.Test\CombCell.Tests\bin\Debug\CombCell.Tests.dll" adapterTypeName="Microsoft.VisualStudio.TestTools.TestTypes.Unit.UnitTestAdapter, Microsoft.VisualStudio.QualityTools.Tips.UnitTest.Adapter, Version=9.0.0.0, Culture=neutral, PublicKeyToken=b03f5f7f11d50a3a" className="CombCell.CellTest, CombCell.Tests" name="PositionGetSet02" />
    </UnitTest>
    <UnitTest name="Calc00102" storage="c:\combcell\googlecode\trunk\solutions\combcell\combcell.test\combcell.tests\bin\debug\combcell.tests.dll" id="6c4688b5-272f-39b7-36bc-9fdb5306047c">
      <Css projectStructure="" iteration="" />
      <Owners>
        <Owner name="" />
      </Owners>
      <Execution id="6a149f73-dc27-4cdc-855c-6d265ceb347e" />
      <TestMethod codeBase="C:\combcell\googlecode\trunk\Solutions\CombCell\CombCell.Test\CombCell.Tests\bin\Debug\CombCell.Tests.dll" adapterTypeName="Microsoft.VisualStudio.TestTools.TestTypes.Unit.UnitTestAdapter, Microsoft.VisualStudio.QualityTools.Tips.UnitTest.Adapter, Version=9.0.0.0, Culture=neutral, PublicKeyToken=b03f5f7f11d50a3a" className="CombCell.DSAlgo.SingleSourceTTest, CombCell.Tests" name="Calc00102" />
    </UnitTest>
    <UnitTest name="CreateCellShape01" storage="c:\combcell\googlecode\trunk\solutions\combcell\combcell.test\combcell.tests\bin\debug\combcell.tests.dll" id="680b549f-9fcc-e693-0a82-86f7c302a11f">
      <Css projectStructure="" iteration="" />
      <Owners>
        <Owner name="" />
      </Owners>
      <Execution id="cc95bc6a-156f-4e90-b567-b6124b3f52d4" />
      <TestMethod codeBase="C:\combcell\googlecode\trunk\Solutions\CombCell\CombCell.Test\CombCell.Tests\bin\Debug\CombCell.Tests.dll" adapterTypeName="Microsoft.VisualStudio.TestTools.TestTypes.Unit.UnitTestAdapter, Microsoft.VisualStudio.QualityTools.Tips.UnitTest.Adapter, Version=9.0.0.0, Culture=neutral, PublicKeyToken=b03f5f7f11d50a3a" className="CombCell.ArrangerTest, CombCell.Tests" name="CreateCellShape01" />
    </UnitTest>
    <UnitTest name="CreateEdge02" storage="c:\combcell\googlecode\trunk\solutions\combcell\combcell.test\combcell.tests\bin\debug\combcell.tests.dll" id="16c413e4-6cf6-69ac-4bbc-7b58244848ad">
      <Css projectStructure="" iteration="" />
      <Owners>
        <Owner name="" />
      </Owners>
      <Execution id="62605a7f-afcc-4e79-8821-3e09a729803f" />
      <TestMethod codeBase="C:\combcell\googlecode\trunk\Solutions\CombCell\CombCell.Test\CombCell.Tests\bin\Debug\CombCell.Tests.dll" adapterTypeName="Microsoft.VisualStudio.TestTools.TestTypes.Unit.UnitTestAdapter, Microsoft.VisualStudio.QualityTools.Tips.UnitTest.Adapter, Version=9.0.0.0, Culture=neutral, PublicKeyToken=b03f5f7f11d50a3a" className="CombCell.DSAlgo.GraphTTest, CombCell.Tests" name="CreateEdge02" />
    </UnitTest>
    <UnitTest name="CreateCellShape01" storage="c:\combcell\googlecode\trunk\solutions\combcell\combcell.test\combcell.tests\bin\debug\combcell.tests.dll" id="113e883b-d1a6-a4bf-5e8c-77fa246d2599">
      <Css projectStructure="" iteration="" />
      <Owners>
        <Owner name="" />
      </Owners>
      <Execution id="d2b6ffc5-fff8-4aa7-bb70-c6183d2975fc" />
      <TestMethod codeBase="C:\combcell\googlecode\trunk\Solutions\CombCell\CombCell.Test\CombCell.Tests\bin\Debug\CombCell.Tests.dll" adapterTypeName="Microsoft.VisualStudio.TestTools.TestTypes.Unit.UnitTestAdapter, Microsoft.VisualStudio.QualityTools.Tips.UnitTest.Adapter, Version=9.0.0.0, Culture=neutral, PublicKeyToken=b03f5f7f11d50a3a" className="CombCell.TriArrangerTest, CombCell.Tests" name="CreateCellShape01" />
    </UnitTest>
    <UnitTest name="CalcFc0102" storage="c:\combcell\googlecode\trunk\solutions\combcell\combcell.dsalgo\combcell.dsalgo.tests\bin\debug\combcell.dsalgo.tests.dll" id="9a3bd731-cd4c-7007-16f4-cf08fb979606">
      <Css projectStructure="" iteration="" />
      <Owners>
        <Owner name="" />
      </Owners>
      <Execution id="c24e2627-b5f8-4329-bdf0-7a6da1fb614c" />
      <TestMethod codeBase="C:\combcell\googlecode\trunk\Solutions\CombCell\CombCell.DSAlgo\CombCell.DSAlgo.Tests\bin\Debug\CombCell.DSAlgo.Tests.dll" adapterTypeName="Microsoft.VisualStudio.TestTools.TestTypes.Unit.UnitTestAdapter, Microsoft.VisualStudio.QualityTools.Tips.UnitTest.Adapter, Version=9.0.0.0, Culture=neutral, PublicKeyToken=b03f5f7f11d50a3a" className="CombCell.DSAlgo.HamiltonTTest, CombCell.DSAlgo.Tests" name="CalcFc0102" />
    </UnitTest>
    <UnitTest name="CrossVertexesGetSet01" storage="c:\combcell\googlecode\trunk\solutions\combcell\combcell.dsalgo\combcell.dsalgo.tests\bin\debug\combcell.dsalgo.tests.dll" id="c56f1c57-2c37-76cb-f328-8ecdd0accf6c">
      <Css projectStructure="" iteration="" />
      <Owners>
        <Owner name="" />
      </Owners>
      <Execution id="909324f9-d9d2-4e27-99d6-7a777991022a" />
      <TestMethod codeBase="C:\combcell\googlecode\trunk\Solutions\CombCell\CombCell.DSAlgo\CombCell.DSAlgo.Tests\bin\Debug\CombCell.DSAlgo.Tests.dll" adapterTypeName="Microsoft.VisualStudio.TestTools.TestTypes.Unit.UnitTestAdapter, Microsoft.VisualStudio.QualityTools.Tips.UnitTest.Adapter, Version=9.0.0.0, Culture=neutral, PublicKeyToken=b03f5f7f11d50a3a" className="CombCell.DSAlgo.GraphPathTTest, CombCell.DSAlgo.Tests" name="CrossVertexesGetSet01" />
    </UnitTest>
    <UnitTest name="NearBy01" storage="c:\combcell\googlecode\trunk\solutions\combcell\combcell.test\combcell.tests\bin\debug\combcell.tests.dll" id="5e24dcb8-cfa5-1979-a8dd-f40c357f6e5c">
      <Css projectStructure="" iteration="" />
      <Owners>
        <Owner name="" />
      </Owners>
      <Execution id="c7642bbe-c048-4252-8e61-f11cb36219c0" />
      <TestMethod codeBase="C:\combcell\googlecode\trunk\Solutions\CombCell\CombCell.Test\CombCell.Tests\bin\Debug\CombCell.Tests.dll" adapterTypeName="Microsoft.VisualStudio.TestTools.TestTypes.Unit.UnitTestAdapter, Microsoft.VisualStudio.QualityTools.Tips.UnitTest.Adapter, Version=9.0.0.0, Culture=neutral, PublicKeyToken=b03f5f7f11d50a3a" className="CombCell.TriArrangerTest, CombCell.Tests" name="NearBy01" />
    </UnitTest>
    <UnitTest name="HasNextPermutation0110" storage="c:\combcell\googlecode\trunk\solutions\combcell\combcell.dsalgo\combcell.dsalgo.tests\bin\debug\combcell.dsalgo.tests.dll" id="4a924ded-2e99-c70f-62a9-846c8a2521d9">
      <Css projectStructure="" iteration="" />
      <Owners>
        <Owner name="" />
      </Owners>
      <Execution id="091b0b98-1e15-44a8-83f2-8a01ad4e0d3c" />
      <TestMethod codeBase="C:\combcell\googlecode\trunk\Solutions\CombCell\CombCell.DSAlgo\CombCell.DSAlgo.Tests\bin\Debug\CombCell.DSAlgo.Tests.dll" adapterTypeName="Microsoft.VisualStudio.TestTools.TestTypes.Unit.UnitTestAdapter, Microsoft.VisualStudio.QualityTools.Tips.UnitTest.Adapter, Version=9.0.0.0, Culture=neutral, PublicKeyToken=b03f5f7f11d50a3a" className="CombCell.DSAlgo.HamiltonSlowTTest, CombCell.DSAlgo.Tests" name="HasNextPermutation0110" />
    </UnitTest>
    <UnitTest name="ItemGet04" storage="c:\combcell\googlecode\trunk\solutions\combcell\combcell.test\combcell.tests\bin\debug\combcell.tests.dll" id="47468ec4-14f7-65a5-e881-98413aab4d87">
      <Css projectStructure="" iteration="" />
      <Owners>
        <Owner name="" />
      </Owners>
      <Execution id="2bca0534-1c4f-44fe-a80e-02446e5d28c6" />
      <TestMethod codeBase="C:\combcell\googlecode\trunk\Solutions\CombCell\CombCell.Test\CombCell.Tests\bin\Debug\CombCell.Tests.dll" adapterTypeName="Microsoft.VisualStudio.TestTools.TestTypes.Unit.UnitTestAdapter, Microsoft.VisualStudio.QualityTools.Tips.UnitTest.Adapter, Version=9.0.0.0, Culture=neutral, PublicKeyToken=b03f5f7f11d50a3a" className="CombCell.CombTest, CombCell.Tests" name="ItemGet04" />
    </UnitTest>
    <UnitTest name="CreateEdge10" storage="c:\combcell\googlecode\trunk\solutions\combcell\combcell.test\combcell.tests\bin\debug\combcell.tests.dll" id="e2a689da-f77b-9668-cb2c-d751f44eaf70">
      <Css projectStructure="" iteration="" />
      <Owners>
        <Owner name="" />
      </Owners>
      <Execution id="2dc2597b-fcff-4be3-bd6e-eceebe1d9116" />
      <TestMethod codeBase="C:\combcell\googlecode\trunk\Solutions\CombCell\CombCell.Test\CombCell.Tests\bin\Debug\CombCell.Tests.dll" adapterTypeName="Microsoft.VisualStudio.TestTools.TestTypes.Unit.UnitTestAdapter, Microsoft.VisualStudio.QualityTools.Tips.UnitTest.Adapter, Version=9.0.0.0, Culture=neutral, PublicKeyToken=b03f5f7f11d50a3a" className="CombCell.DSAlgo.GraphTTest, CombCell.Tests" name="CreateEdge10" />
    </UnitTest>
    <UnitTest name="Constructor0101" storage="c:\combcell\googlecode\trunk\solutions\combcell\combcell.dsalgo\combcell.dsalgo.tests\bin\debug\combcell.dsalgo.tests.dll" id="36883267-02b2-daa5-ffeb-662961947880">
      <Css projectStructure="" iteration="" />
      <Owners>
        <Owner name="" />
      </Owners>
      <Execution id="f4cdd1c6-cf55-434d-bc41-67731394999e" />
      <TestMethod codeBase="C:\combcell\googlecode\trunk\Solutions\CombCell\CombCell.DSAlgo\CombCell.DSAlgo.Tests\bin\Debug\CombCell.DSAlgo.Tests.dll" adapterTypeName="Microsoft.VisualStudio.TestTools.TestTypes.Unit.UnitTestAdapter, Microsoft.VisualStudio.QualityTools.Tips.UnitTest.Adapter, Version=9.0.0.0, Culture=neutral, PublicKeyToken=b03f5f7f11d50a3a" className="CombCell.DSAlgo.PriorityQueueTItemTPriTest, CombCell.DSAlgo.Tests" name="Constructor0101" />
    </UnitTest>
    <UnitTest name="PenGetSet02" storage="c:\combcell\googlecode\trunk\solutions\combcell\combcell.test\combcell.tests\bin\debug\combcell.tests.dll" id="be6a7aa0-5b4a-0427-7d31-88f77049f3a6">
      <Css projectStructure="" iteration="" />
      <Owners>
        <Owner name="" />
      </Owners>
      <Execution id="c172661a-0926-46f5-ae2c-6e6789232ff0" />
      <TestMethod codeBase="C:\combcell\googlecode\trunk\Solutions\CombCell\CombCell.Test\CombCell.Tests\bin\Debug\CombCell.Tests.dll" adapterTypeName="Microsoft.VisualStudio.TestTools.TestTypes.Unit.UnitTestAdapter, Microsoft.VisualStudio.QualityTools.Tips.UnitTest.Adapter, Version=9.0.0.0, Culture=neutral, PublicKeyToken=b03f5f7f11d50a3a" className="CombCell.SchemeTest, CombCell.Tests" name="PenGetSet02" />
    </UnitTest>
    <UnitTest name="IndexGetSet02" storage="c:\combcell\googlecode\trunk\solutions\combcell\combcell.test\combcell.tests\bin\debug\combcell.tests.dll" id="b2987f7c-f7ae-181c-6d69-1c47a55a9565">
      <Css projectStructure="" iteration="" />
      <Owners>
        <Owner name="" />
      </Owners>
      <Execution id="98144e57-3953-42e2-af37-0b3b99bb40d4" />
      <TestMethod codeBase="C:\combcell\googlecode\trunk\Solutions\CombCell\CombCell.Test\CombCell.Tests\bin\Debug\CombCell.Tests.dll" adapterTypeName="Microsoft.VisualStudio.TestTools.TestTypes.Unit.UnitTestAdapter, Microsoft.VisualStudio.QualityTools.Tips.UnitTest.Adapter, Version=9.0.0.0, Culture=neutral, PublicKeyToken=b03f5f7f11d50a3a" className="CombCell.CellTest, CombCell.Tests" name="IndexGetSet02" />
    </UnitTest>
    <UnitTest name="CalcFc0101" storage="c:\combcell\googlecode\trunk\solutions\combcell\combcell.dsalgo\combcell.dsalgo.tests\bin\debug\combcell.dsalgo.tests.dll" id="792cb932-d133-2745-32ec-d89c5fa93cf8">
      <Css projectStructure="" iteration="" />
      <Owners>
        <Owner name="" />
      </Owners>
      <Execution id="6393e131-b513-4b33-8262-08beebd01af9" />
      <TestMethod codeBase="C:\combcell\googlecode\trunk\Solutions\CombCell\CombCell.DSAlgo\CombCell.DSAlgo.Tests\bin\Debug\CombCell.DSAlgo.Tests.dll" adapterTypeName="Microsoft.VisualStudio.TestTools.TestTypes.Unit.UnitTestAdapter, Microsoft.VisualStudio.QualityTools.Tips.UnitTest.Adapter, Version=9.0.0.0, Culture=neutral, PublicKeyToken=b03f5f7f11d50a3a" className="CombCell.DSAlgo.HamiltonSlowTTest, CombCell.DSAlgo.Tests" name="CalcFc0101" />
    </UnitTest>
    <UnitTest name="MarkIndex01" storage="c:\combcell\googlecode\trunk\solutions\combcell\combcell.test\combcell.tests\bin\debug\combcell.tests.dll" id="fa870c38-3123-165b-ad89-aa5ff99f5b91">
      <Css projectStructure="" iteration="" />
      <Owners>
        <Owner name="" />
      </Owners>
      <Execution id="55667f7f-1c6e-4b80-b976-ded309a9d0a0" />
      <TestMethod codeBase="C:\combcell\googlecode\trunk\Solutions\CombCell\CombCell.Test\CombCell.Tests\bin\Debug\CombCell.Tests.dll" adapterTypeName="Microsoft.VisualStudio.TestTools.TestTypes.Unit.UnitTestAdapter, Microsoft.VisualStudio.QualityTools.Tips.UnitTest.Adapter, Version=9.0.0.0, Culture=neutral, PublicKeyToken=b03f5f7f11d50a3a" className="CombCell.RectArrangerTest, CombCell.Tests" name="MarkIndex01" />
    </UnitTest>
    <UnitTest name="CopyTo01" storage="c:\combcell\googlecode\trunk\solutions\combcell\combcell.dsalgo\combcell.dsalgo.tests\bin\debug\combcell.dsalgo.tests.dll" id="7d08d66f-0211-9ff7-469f-1793e93f0258">
      <Css projectStructure="" iteration="" />
      <Owners>
        <Owner name="" />
      </Owners>
      <Execution id="74dec8ec-9d3c-4833-9c90-12dcc74ed0ac" />
      <TestMethod codeBase="C:\combcell\googlecode\trunk\Solutions\CombCell\CombCell.DSAlgo\CombCell.DSAlgo.Tests\bin\Debug\CombCell.DSAlgo.Tests.dll" adapterTypeName="Microsoft.VisualStudio.TestTools.TestTypes.Unit.UnitTestAdapter, Microsoft.VisualStudio.QualityTools.Tips.UnitTest.Adapter, Version=9.0.0.0, Culture=neutral, PublicKeyToken=b03f5f7f11d50a3a" className="CombCell.DSAlgo.PriorityQueueTItemTPriTest, CombCell.DSAlgo.Tests" name="CopyTo01" />
    </UnitTest>
    <UnitTest name="FromPointToPair03" storage="c:\combcell\googlecode\trunk\solutions\combcell\combcell.test\combcell.tests\bin\debug\combcell.tests.dll" id="7bcc289c-2c10-9c2f-eedf-b0e9baf7f317">
      <Css projectStructure="" iteration="" />
      <Owners>
        <Owner name="" />
      </Owners>
      <Execution id="8ef008bb-bed8-4e5b-be71-5e96c4265b03" />
      <TestMethod codeBase="C:\combcell\googlecode\trunk\Solutions\CombCell\CombCell.Test\CombCell.Tests\bin\Debug\CombCell.Tests.dll" adapterTypeName="Microsoft.VisualStudio.TestTools.TestTypes.Unit.UnitTestAdapter, Microsoft.VisualStudio.QualityTools.Tips.UnitTest.Adapter, Version=9.0.0.0, Culture=neutral, PublicKeyToken=b03f5f7f11d50a3a" className="CombCell.TriArrangerTest, CombCell.Tests" name="FromPointToPair03" />
    </UnitTest>
    <UnitTest name="HasNextPermutation10" storage="c:\combcell\googlecode\trunk\solutions\combcell\combcell.dsalgo\combcell.dsalgo.tests\bin\debug\combcell.dsalgo.tests.dll" id="719176bc-0d10-49a6-8b40-e13ba4e0abe4">
      <Css projectStructure="" iteration="" />
      <Owners>
        <Owner name="" />
      </Owners>
      <Execution id="fe497394-fa7f-4a6e-b8a4-c00855f28373" />
      <TestMethod codeBase="C:\combcell\googlecode\trunk\Solutions\CombCell\CombCell.DSAlgo\CombCell.DSAlgo.Tests\bin\Debug\CombCell.DSAlgo.Tests.dll" adapterTypeName="Microsoft.VisualStudio.TestTools.TestTypes.Unit.UnitTestAdapter, Microsoft.VisualStudio.QualityTools.Tips.UnitTest.Adapter, Version=9.0.0.0, Culture=neutral, PublicKeyToken=b03f5f7f11d50a3a" className="CombCell.DSAlgo.HamiltonSlowTTest, CombCell.DSAlgo.Tests" name="HasNextPermutation10" />
    </UnitTest>
    <UnitTest name="Constructor01" storage="c:\combcell\googlecode\trunk\solutions\combcell\combcell.dsalgo\combcell.dsalgo.tests\bin\debug\combcell.dsalgo.tests.dll" id="72f41e46-5541-1538-84c9-11e7f81c8af7">
      <Css projectStructure="" iteration="" />
      <Owners>
        <Owner name="" />
      </Owners>
      <Execution id="86d45e14-42fb-44d0-baf8-59ee7bf62576" />
      <TestMethod codeBase="C:\combcell\googlecode\trunk\Solutions\CombCell\CombCell.DSAlgo\CombCell.DSAlgo.Tests\bin\Debug\CombCell.DSAlgo.Tests.dll" adapterTypeName="Microsoft.VisualStudio.TestTools.TestTypes.Unit.UnitTestAdapter, Microsoft.VisualStudio.QualityTools.Tips.UnitTest.Adapter, Version=9.0.0.0, Culture=neutral, PublicKeyToken=b03f5f7f11d50a3a" className="CombCell.DSAlgo.VertexTTest, CombCell.DSAlgo.Tests" name="Constructor01" />
    </UnitTest>
    <UnitTest name="Pop01" storage="c:\combcell\googlecode\trunk\solutions\combcell\combcell.dsalgo\combcell.dsalgo.tests\bin\debug\combcell.dsalgo.tests.dll" id="5f2cb960-960f-f75f-2302-342bfc059245">
      <Css projectStructure="" iteration="" />
      <Owners>
        <Owner name="" />
      </Owners>
      <Execution id="e4868b6d-7e0d-4eae-b0d5-be0a91167887" />
      <TestMethod codeBase="C:\combcell\googlecode\trunk\Solutions\CombCell\CombCell.DSAlgo\CombCell.DSAlgo.Tests\bin\Debug\CombCell.DSAlgo.Tests.dll" adapterTypeName="Microsoft.VisualStudio.TestTools.TestTypes.Unit.UnitTestAdapter, Microsoft.VisualStudio.QualityTools.Tips.UnitTest.Adapter, Version=9.0.0.0, Culture=neutral, PublicKeyToken=b03f5f7f11d50a3a" className="CombCell.DSAlgo.PriorityQueueTItemTPriTest, CombCell.DSAlgo.Tests" name="Pop01" />
    </UnitTest>
    <UnitTest name="CombGetSet06" storage="c:\combcell\googlecode\trunk\solutions\combcell\combcell.test\combcell.tests\bin\debug\combcell.tests.dll" id="4bb78a3b-1d0b-a219-2016-dd49e87c6d93">
      <Css projectStructure="" iteration="" />
      <Owners>
        <Owner name="" />
      </Owners>
      <Execution id="987656d5-9b8d-40f2-99a0-88fa2f37993f" />
      <TestMethod codeBase="C:\combcell\googlecode\trunk\Solutions\CombCell\CombCell.Test\CombCell.Tests\bin\Debug\CombCell.Tests.dll" adapterTypeName="Microsoft.VisualStudio.TestTools.TestTypes.Unit.UnitTestAdapter, Microsoft.VisualStudio.QualityTools.Tips.UnitTest.Adapter, Version=9.0.0.0, Culture=neutral, PublicKeyToken=b03f5f7f11d50a3a" className="CombCell.ArrangerTest, CombCell.Tests" name="CombGetSet06" />
    </UnitTest>
    <UnitTest name="Contains01" storage="c:\combcell\googlecode\trunk\solutions\combcell\combcell.dsalgo\combcell.dsalgo.tests\bin\debug\combcell.dsalgo.tests.dll" id="470cc018-5e5f-e99d-b0c4-01c2a825b12f">
      <Css projectStructure="" iteration="" />
      <Owners>
        <Owner name="" />
      </Owners>
      <Execution id="5c7c8743-b007-4e70-8d3c-42cdc04807fb" />
      <TestMethod codeBase="C:\combcell\googlecode\trunk\Solutions\CombCell\CombCell.DSAlgo\CombCell.DSAlgo.Tests\bin\Debug\CombCell.DSAlgo.Tests.dll" adapterTypeName="Microsoft.VisualStudio.TestTools.TestTypes.Unit.UnitTestAdapter, Microsoft.VisualStudio.QualityTools.Tips.UnitTest.Adapter, Version=9.0.0.0, Culture=neutral, PublicKeyToken=b03f5f7f11d50a3a" className="CombCell.DSAlgo.PriorityQueueTItemTPriTest, CombCell.DSAlgo.Tests" name="Contains01" />
    </UnitTest>
    <UnitTest name="HasNextPermutation0107" storage="c:\combcell\googlecode\trunk\solutions\combcell\combcell.dsalgo\combcell.dsalgo.tests\bin\debug\combcell.dsalgo.tests.dll" id="5fabf2bf-c921-e5e4-1eea-cc83e2616f7d">
      <Css projectStructure="" iteration="" />
      <Owners>
        <Owner name="" />
      </Owners>
      <Execution id="295c94e7-102c-46f1-83e8-fb9c886837ae" />
      <TestMethod codeBase="C:\combcell\googlecode\trunk\Solutions\CombCell\CombCell.DSAlgo\CombCell.DSAlgo.Tests\bin\Debug\CombCell.DSAlgo.Tests.dll" adapterTypeName="Microsoft.VisualStudio.TestTools.TestTypes.Unit.UnitTestAdapter, Microsoft.VisualStudio.QualityTools.Tips.UnitTest.Adapter, Version=9.0.0.0, Culture=neutral, PublicKeyToken=b03f5f7f11d50a3a" className="CombCell.DSAlgo.HamiltonSlowTTest, CombCell.DSAlgo.Tests" name="HasNextPermutation0107" />
    </UnitTest>
    <UnitTest name="CreateEdge03" storage="c:\combcell\googlecode\trunk\solutions\combcell\combcell.test\combcell.tests\bin\debug\combcell.tests.dll" id="0d46ec70-2933-201f-bd26-772150c44ed9">
      <Css projectStructure="" iteration="" />
      <Owners>
        <Owner name="" />
      </Owners>
      <Execution id="ee9da032-447c-4060-8ef8-2b2851478ebe" />
      <TestMethod codeBase="C:\combcell\googlecode\trunk\Solutions\CombCell\CombCell.Test\CombCell.Tests\bin\Debug\CombCell.Tests.dll" adapterTypeName="Microsoft.VisualStudio.TestTools.TestTypes.Unit.UnitTestAdapter, Microsoft.VisualStudio.QualityTools.Tips.UnitTest.Adapter, Version=9.0.0.0, Culture=neutral, PublicKeyToken=b03f5f7f11d50a3a" className="CombCell.DSAlgo.GraphTTest, CombCell.Tests" name="CreateEdge03" />
    </UnitTest>
    <UnitTest name="NearBy02" storage="c:\combcell\googlecode\trunk\solutions\combcell\combcell.test\combcell.tests\bin\debug\combcell.tests.dll" id="32e1fcda-42d0-2612-1467-3e04abc52856">
      <Css projectStructure="" iteration="" />
      <Owners>
        <Owner name="" />
      </Owners>
      <Execution id="c0945d50-53ca-4ac9-8eef-1b50eb658da7" />
      <TestMethod codeBase="C:\combcell\googlecode\trunk\Solutions\CombCell\CombCell.Test\CombCell.Tests\bin\Debug\CombCell.Tests.dll" adapterTypeName="Microsoft.VisualStudio.TestTools.TestTypes.Unit.UnitTestAdapter, Microsoft.VisualStudio.QualityTools.Tips.UnitTest.Adapter, Version=9.0.0.0, Culture=neutral, PublicKeyToken=b03f5f7f11d50a3a" className="CombCell.HexArrangerTest, CombCell.Tests" name="NearBy02" />
    </UnitTest>
    <UnitTest name="PassedCountGet01" storage="c:\combcell\googlecode\trunk\solutions\combcell\combcell.dsalgo\combcell.dsalgo.tests\bin\debug\combcell.dsalgo.tests.dll" id="8db36798-cd51-c563-fa96-614050b508d8">
      <Css projectStructure="" iteration="" />
      <Owners>
        <Owner name="" />
      </Owners>
      <Execution id="19af230d-26b1-4619-9f38-062918118768" />
      <TestMethod codeBase="C:\combcell\googlecode\trunk\Solutions\CombCell\CombCell.DSAlgo\CombCell.DSAlgo.Tests\bin\Debug\CombCell.DSAlgo.Tests.dll" adapterTypeName="Microsoft.VisualStudio.TestTools.TestTypes.Unit.UnitTestAdapter, Microsoft.VisualStudio.QualityTools.Tips.UnitTest.Adapter, Version=9.0.0.0, Culture=neutral, PublicKeyToken=b03f5f7f11d50a3a" className="CombCell.DSAlgo.GraphPathTTest, CombCell.DSAlgo.Tests" name="PassedCountGet01" />
    </UnitTest>
    <UnitTest name="ClearAccessed01" storage="c:\combcell\googlecode\trunk\solutions\combcell\combcell.test\combcell.tests\bin\debug\combcell.tests.dll" id="467b8a46-c8bf-cde0-48f8-c059f5de439c">
      <Css projectStructure="" iteration="" />
      <Owners>
        <Owner name="" />
      </Owners>
      <Execution id="b11add4f-9c35-456e-a033-bcb91bca7f10" />
      <TestMethod codeBase="C:\combcell\googlecode\trunk\Solutions\CombCell\CombCell.Test\CombCell.Tests\bin\Debug\CombCell.Tests.dll" adapterTypeName="Microsoft.VisualStudio.TestTools.TestTypes.Unit.UnitTestAdapter, Microsoft.VisualStudio.QualityTools.Tips.UnitTest.Adapter, Version=9.0.0.0, Culture=neutral, PublicKeyToken=b03f5f7f11d50a3a" className="CombCell.DSAlgo.GraphTTest, CombCell.Tests" name="ClearAccessed01" />
    </UnitTest>
    <UnitTest name="RemoveVertexFc0101" storage="c:\combcell\googlecode\trunk\solutions\combcell\combcell.dsalgo\combcell.dsalgo.tests\bin\debug\combcell.dsalgo.tests.dll" id="6d29b753-3336-0288-a2fa-834c2b882cbe">
      <Css projectStructure="" iteration="" />
      <Owners>
        <Owner name="" />
      </Owners>
      <Execution id="3f8ff7e0-2d76-4a7b-a116-f2c24c7d438f" />
      <TestMethod codeBase="C:\combcell\googlecode\trunk\Solutions\CombCell\CombCell.DSAlgo\CombCell.DSAlgo.Tests\bin\Debug\CombCell.DSAlgo.Tests.dll" adapterTypeName="Microsoft.VisualStudio.TestTools.TestTypes.Unit.UnitTestAdapter, Microsoft.VisualStudio.QualityTools.Tips.UnitTest.Adapter, Version=9.0.0.0, Culture=neutral, PublicKeyToken=b03f5f7f11d50a3a" className="CombCell.DSAlgo.GraphTTest, CombCell.DSAlgo.Tests" name="RemoveVertexFc0101" />
    </UnitTest>
    <UnitTest name="CreateVertex01" storage="c:\combcell\googlecode\trunk\solutions\combcell\combcell.test\combcell.tests\bin\debug\combcell.tests.dll" id="6f63693d-f377-5f11-fb75-4d680cff50c6">
      <Css projectStructure="" iteration="" />
      <Owners>
        <Owner name="" />
      </Owners>
      <Execution id="89f94acd-77b5-46e0-9362-e505da20cb7d" />
      <TestMethod codeBase="C:\combcell\googlecode\trunk\Solutions\CombCell\CombCell.Test\CombCell.Tests\bin\Debug\CombCell.Tests.dll" adapterTypeName="Microsoft.VisualStudio.TestTools.TestTypes.Unit.UnitTestAdapter, Microsoft.VisualStudio.QualityTools.Tips.UnitTest.Adapter, Version=9.0.0.0, Culture=neutral, PublicKeyToken=b03f5f7f11d50a3a" className="CombCell.DSAlgo.GraphTTest, CombCell.Tests" name="CreateVertex01" />
    </UnitTest>
    <UnitTest name="ItemGetSet01" storage="c:\combcell\googlecode\trunk\solutions\combcell\combcell.dsalgo\combcell.dsalgo.tests\bin\debug\combcell.dsalgo.tests.dll" id="b60c443b-27a9-92b5-97f6-ea8d091f97b0">
      <Css projectStructure="" iteration="" />
      <Owners>
        <Owner name="" />
      </Owners>
      <Execution id="e5b37efd-74a0-4fbd-81a0-dfccfca6769c" />
      <TestMethod codeBase="C:\combcell\googlecode\trunk\Solutions\CombCell\CombCell.DSAlgo\CombCell.DSAlgo.Tests\bin\Debug\CombCell.DSAlgo.Tests.dll" adapterTypeName="Microsoft.VisualStudio.TestTools.TestTypes.Unit.UnitTestAdapter, Microsoft.VisualStudio.QualityTools.Tips.UnitTest.Adapter, Version=9.0.0.0, Culture=neutral, PublicKeyToken=b03f5f7f11d50a3a" className="CombCell.DSAlgo.PriorityQueueTItemTPriTest, CombCell.DSAlgo.Tests" name="ItemGetSet01" />
    </UnitTest>
    <UnitTest name="HasNextPermutation11" storage="c:\combcell\googlecode\trunk\solutions\combcell\combcell.dsalgo\combcell.dsalgo.tests\bin\debug\combcell.dsalgo.tests.dll" id="77fd1ea1-2114-1169-30fc-fa783ed374cc">
      <Css projectStructure="" iteration="" />
      <Owners>
        <Owner name="" />
      </Owners>
      <Execution id="8b8fc4e7-a185-465d-946a-5ccca4e34eea" />
      <TestMethod codeBase="C:\combcell\googlecode\trunk\Solutions\CombCell\CombCell.DSAlgo\CombCell.DSAlgo.Tests\bin\Debug\CombCell.DSAlgo.Tests.dll" adapterTypeName="Microsoft.VisualStudio.TestTools.TestTypes.Unit.UnitTestAdapter, Microsoft.VisualStudio.QualityTools.Tips.UnitTest.Adapter, Version=9.0.0.0, Culture=neutral, PublicKeyToken=b03f5f7f11d50a3a" className="CombCell.DSAlgo.HamiltonSlowTTest, CombCell.DSAlgo.Tests" name="HasNextPermutation11" />
    </UnitTest>
    <UnitTest name="Calc01" storage="c:\combcell\googlecode\trunk\solutions\combcell\combcell.dsalgo\combcell.dsalgo.tests\bin\debug\combcell.dsalgo.tests.dll" id="10e8fae8-812e-cbf5-20a7-d0d2b4369324">
      <Css projectStructure="" iteration="" />
      <Owners>
        <Owner name="" />
      </Owners>
      <Execution id="cce6359d-13ca-4730-af51-71bbaa19f68d" />
      <TestMethod codeBase="C:\combcell\googlecode\trunk\Solutions\CombCell\CombCell.DSAlgo\CombCell.DSAlgo.Tests\bin\Debug\CombCell.DSAlgo.Tests.dll" adapterTypeName="Microsoft.VisualStudio.TestTools.TestTypes.Unit.UnitTestAdapter, Microsoft.VisualStudio.QualityTools.Tips.UnitTest.Adapter, Version=9.0.0.0, Culture=neutral, PublicKeyToken=b03f5f7f11d50a3a" className="CombCell.DSAlgo.SnakeTTest, CombCell.DSAlgo.Tests" name="Calc01" />
    </UnitTest>
    <UnitTest name="FromPointToPair01" storage="c:\combcell\googlecode\trunk\solutions\combcell\combcell.test\combcell.tests\bin\debug\combcell.tests.dll" id="a0acb3cf-c397-833e-ee72-2fa7c3f36c33">
      <Css projectStructure="" iteration="" />
      <Owners>
        <Owner name="" />
      </Owners>
      <Execution id="73a5390b-d1d1-4831-98e4-803b2517f4fc" />
      <TestMethod codeBase="C:\combcell\googlecode\trunk\Solutions\CombCell\CombCell.Test\CombCell.Tests\bin\Debug\CombCell.Tests.dll" adapterTypeName="Microsoft.VisualStudio.TestTools.TestTypes.Unit.UnitTestAdapter, Microsoft.VisualStudio.QualityTools.Tips.UnitTest.Adapter, Version=9.0.0.0, Culture=neutral, PublicKeyToken=b03f5f7f11d50a3a" className="CombCell.HexArrangerTest, CombCell.Tests" name="FromPointToPair01" />
    </UnitTest>
    <UnitTest name="Unblock02" storage="c:\combcell\googlecode\trunk\solutions\combcell\combcell.test\combcell.tests\bin\debug\combcell.tests.dll" id="144d230e-acf8-435d-5608-7a9f9d08c344">
      <Css projectStructure="" iteration="" />
      <Owners>
        <Owner name="" />
      </Owners>
      <Execution id="ec5d66ed-3d3b-4ebb-a744-301414519525" />
      <TestMethod codeBase="C:\combcell\googlecode\trunk\Solutions\CombCell\CombCell.Test\CombCell.Tests\bin\Debug\CombCell.Tests.dll" adapterTypeName="Microsoft.VisualStudio.TestTools.TestTypes.Unit.UnitTestAdapter, Microsoft.VisualStudio.QualityTools.Tips.UnitTest.Adapter, Version=9.0.0.0, Culture=neutral, PublicKeyToken=b03f5f7f11d50a3a" className="CombCell.CombTest, CombCell.Tests" name="Unblock02" />
    </UnitTest>
    <UnitTest name="Add02" storage="c:\combcell\googlecode\trunk\solutions\combcell\combcell.test\combcell.tests\bin\debug\combcell.tests.dll" id="c198d6fb-3a29-cf57-09f4-221e7e5f55d5">
      <Css projectStructure="" iteration="" />
      <Owners>
        <Owner name="" />
      </Owners>
      <Execution id="65731a0e-9b1a-4d89-991a-8829ae6ea27d" />
      <TestMethod codeBase="C:\combcell\googlecode\trunk\Solutions\CombCell\CombCell.Test\CombCell.Tests\bin\Debug\CombCell.Tests.dll" adapterTypeName="Microsoft.VisualStudio.TestTools.TestTypes.Unit.UnitTestAdapter, Microsoft.VisualStudio.QualityTools.Tips.UnitTest.Adapter, Version=9.0.0.0, Culture=neutral, PublicKeyToken=b03f5f7f11d50a3a" className="CombCell.LengendTest, CombCell.Tests" name="Add02" />
    </UnitTest>
    <UnitTest name="KeyGetSet02" storage="c:\combcell\googlecode\trunk\solutions\combcell\combcell.test\combcell.tests\bin\debug\combcell.tests.dll" id="b811970f-7aee-59e3-f447-78136a330882">
      <Css projectStructure="" iteration="" />
      <Owners>
        <Owner name="" />
      </Owners>
      <Execution id="24c7af3b-060c-4fd9-a2f0-9b3e57c806ab" />
      <TestMethod codeBase="C:\combcell\googlecode\trunk\Solutions\CombCell\CombCell.Test\CombCell.Tests\bin\Debug\CombCell.Tests.dll" adapterTypeName="Microsoft.VisualStudio.TestTools.TestTypes.Unit.UnitTestAdapter, Microsoft.VisualStudio.QualityTools.Tips.UnitTest.Adapter, Version=9.0.0.0, Culture=neutral, PublicKeyToken=b03f5f7f11d50a3a" className="CombCell.SchemeTest, CombCell.Tests" name="KeyGetSet02" />
    </UnitTest>
    <UnitTest name="Main02" storage="c:\combcell\googlecode\trunk\solutions\combcell\combcell.test\combcell.tests\bin\debug\combcell.tests.dll" id="29407696-b213-bb8d-b794-f90d76c52573">
      <Css projectStructure="" iteration="" />
      <Owners>
        <Owner name="" />
      </Owners>
      <Execution id="0242dc34-7cfd-4629-8530-1ff567586237" />
      <TestMethod codeBase="C:\combcell\googlecode\trunk\Solutions\CombCell\CombCell.Test\CombCell.Tests\bin\Debug\CombCell.Tests.dll" adapterTypeName="Microsoft.VisualStudio.TestTools.TestTypes.Unit.UnitTestAdapter, Microsoft.VisualStudio.QualityTools.Tips.UnitTest.Adapter, Version=9.0.0.0, Culture=neutral, PublicKeyToken=b03f5f7f11d50a3a" className="CombCell.CombCellAppTest, CombCell.Tests" name="Main02" />
    </UnitTest>
    <UnitTest name="KeyVertexesGetSet01" storage="c:\combcell\googlecode\trunk\solutions\combcell\combcell.dsalgo\combcell.dsalgo.tests\bin\debug\combcell.dsalgo.tests.dll" id="542dbf1e-c3c4-c118-39b9-570dcbc9f451">
      <Css projectStructure="" iteration="" />
      <Owners>
        <Owner name="" />
      </Owners>
      <Execution id="0210b8fb-dcb2-4445-8522-ff62c922a2d1" />
      <TestMethod codeBase="C:\combcell\googlecode\trunk\Solutions\CombCell\CombCell.DSAlgo\CombCell.DSAlgo.Tests\bin\Debug\CombCell.DSAlgo.Tests.dll" adapterTypeName="Microsoft.VisualStudio.TestTools.TestTypes.Unit.UnitTestAdapter, Microsoft.VisualStudio.QualityTools.Tips.UnitTest.Adapter, Version=9.0.0.0, Culture=neutral, PublicKeyToken=b03f5f7f11d50a3a" className="CombCell.DSAlgo.GraphPathTTest, CombCell.DSAlgo.Tests" name="KeyVertexesGetSet01" />
    </UnitTest>
    <UnitTest name="ItemGetSet01" storage="c:\combcell\googlecode\trunk\solutions\combcell\combcell.test\combcell.tests\bin\debug\combcell.tests.dll" id="d1ff9d90-b64e-57ec-3443-487bb8bb8132">
      <Css projectStructure="" iteration="" />
      <Owners>
        <Owner name="" />
      </Owners>
      <Execution id="c586cfd8-fdf2-41e7-8d63-ae3cc69476e1" />
      <TestMethod codeBase="C:\combcell\googlecode\trunk\Solutions\CombCell\CombCell.Test\CombCell.Tests\bin\Debug\CombCell.Tests.dll" adapterTypeName="Microsoft.VisualStudio.TestTools.TestTypes.Unit.UnitTestAdapter, Microsoft.VisualStudio.QualityTools.Tips.UnitTest.Adapter, Version=9.0.0.0, Culture=neutral, PublicKeyToken=b03f5f7f11d50a3a" className="CombCell.LengendTest, CombCell.Tests" name="ItemGetSet01" />
    </UnitTest>
    <UnitTest name="RemoveVertex02" storage="c:\combcell\googlecode\trunk\solutions\combcell\combcell.test\combcell.tests\bin\debug\combcell.tests.dll" id="9cd1d67e-71b8-f86b-c862-fb281c612ea2">
      <Css projectStructure="" iteration="" />
      <Owners>
        <Owner name="" />
      </Owners>
      <Execution id="ece7a4d4-3ffb-450e-84ea-01e095b426ce" />
      <TestMethod codeBase="C:\combcell\googlecode\trunk\Solutions\CombCell\CombCell.Test\CombCell.Tests\bin\Debug\CombCell.Tests.dll" adapterTypeName="Microsoft.VisualStudio.TestTools.TestTypes.Unit.UnitTestAdapter, Microsoft.VisualStudio.QualityTools.Tips.UnitTest.Adapter, Version=9.0.0.0, Culture=neutral, PublicKeyToken=b03f5f7f11d50a3a" className="CombCell.DSAlgo.GraphTTest, CombCell.Tests" name="RemoveVertex02" />
    </UnitTest>
    <UnitTest name="DiscriptionGet01" storage="c:\combcell\googlecode\trunk\solutions\combcell\combcell.dsalgo\combcell.dsalgo.tests\bin\debug\combcell.dsalgo.tests.dll" id="cc9293db-2bcd-b312-8519-66340e6150ed">
      <Css projectStructure="" iteration="" />
      <Owners>
        <Owner name="" />
      </Owners>
      <Execution id="79212a33-2dbe-4bc6-95e7-aa7a7386623a" />
      <TestMethod codeBase="C:\combcell\googlecode\trunk\Solutions\CombCell\CombCell.DSAlgo\CombCell.DSAlgo.Tests\bin\Debug\CombCell.DSAlgo.Tests.dll" adapterTypeName="Microsoft.VisualStudio.TestTools.TestTypes.Unit.UnitTestAdapter, Microsoft.VisualStudio.QualityTools.Tips.UnitTest.Adapter, Version=9.0.0.0, Culture=neutral, PublicKeyToken=b03f5f7f11d50a3a" className="CombCell.DSAlgo.SingleSourceTTest, CombCell.DSAlgo.Tests" name="DiscriptionGet01" />
    </UnitTest>
    <UnitTest name="YCountGet02" storage="c:\combcell\googlecode\trunk\solutions\combcell\combcell.test\combcell.tests\bin\debug\combcell.tests.dll" id="6cc5817f-90cd-1223-ea92-17f2ce9bf1e0">
      <Css projectStructure="" iteration="" />
      <Owners>
        <Owner name="" />
      </Owners>
      <Execution id="a8d1f6ef-d04e-464f-beb5-e389ffc8265e" />
      <TestMethod codeBase="C:\combcell\googlecode\trunk\Solutions\CombCell\CombCell.Test\CombCell.Tests\bin\Debug\CombCell.Tests.dll" adapterTypeName="Microsoft.VisualStudio.TestTools.TestTypes.Unit.UnitTestAdapter, Microsoft.VisualStudio.QualityTools.Tips.UnitTest.Adapter, Version=9.0.0.0, Culture=neutral, PublicKeyToken=b03f5f7f11d50a3a" className="CombCell.ArrangerTest, CombCell.Tests" name="YCountGet02" />
    </UnitTest>
    <UnitTest name="Constructor02" storage="c:\combcell\googlecode\trunk\solutions\combcell\combcell.test\combcell.tests\bin\debug\combcell.tests.dll" id="3c0a06d6-3b98-0183-cd67-7ebfb9079462">
      <Css projectStructure="" iteration="" />
      <Owners>
        <Owner name="" />
      </Owners>
      <Execution id="58f55144-7faa-4ce7-a789-1a9a14c27a69" />
      <TestMethod codeBase="C:\combcell\googlecode\trunk\Solutions\CombCell\CombCell.Test\CombCell.Tests\bin\Debug\CombCell.Tests.dll" adapterTypeName="Microsoft.VisualStudio.TestTools.TestTypes.Unit.UnitTestAdapter, Microsoft.VisualStudio.QualityTools.Tips.UnitTest.Adapter, Version=9.0.0.0, Culture=neutral, PublicKeyToken=b03f5f7f11d50a3a" className="CombCell.DSAlgo.EdgeTTest, CombCell.Tests" name="Constructor02" />
    </UnitTest>
    <UnitTest name="Calc02" storage="c:\combcell\googlecode\trunk\solutions\combcell\combcell.dsalgo\combcell.dsalgo.tests\bin\debug\combcell.dsalgo.tests.dll" id="3ec50a04-6340-3e8d-31ee-46ad6a891687">
      <Css projectStructure="" iteration="" />
      <Owners>
        <Owner name="" />
      </Owners>
      <Execution id="8e36859e-511c-41f9-82f3-19f5bb35bccb" />
      <TestMethod codeBase="C:\combcell\googlecode\trunk\Solutions\CombCell\CombCell.DSAlgo\CombCell.DSAlgo.Tests\bin\Debug\CombCell.DSAlgo.Tests.dll" adapterTypeName="Microsoft.VisualStudio.TestTools.TestTypes.Unit.UnitTestAdapter, Microsoft.VisualStudio.QualityTools.Tips.UnitTest.Adapter, Version=9.0.0.0, Culture=neutral, PublicKeyToken=b03f5f7f11d50a3a" className="CombCell.DSAlgo.SnakeTTest, CombCell.DSAlgo.Tests" name="Calc02" />
    </UnitTest>
    <UnitTest name="MarkIndex02" storage="c:\combcell\googlecode\trunk\solutions\combcell\combcell.test\combcell.tests\bin\debug\combcell.tests.dll" id="5cf64cab-9f0a-ff6a-23be-58b5210f614d">
      <Css projectStructure="" iteration="" />
      <Owners>
        <Owner name="" />
      </Owners>
      <Execution id="0f4cd711-e680-4376-8a98-a7f4b4b55e7a" />
      <TestMethod codeBase="C:\combcell\googlecode\trunk\Solutions\CombCell\CombCell.Test\CombCell.Tests\bin\Debug\CombCell.Tests.dll" adapterTypeName="Microsoft.VisualStudio.TestTools.TestTypes.Unit.UnitTestAdapter, Microsoft.VisualStudio.QualityTools.Tips.UnitTest.Adapter, Version=9.0.0.0, Culture=neutral, PublicKeyToken=b03f5f7f11d50a3a" className="CombCell.RectArrangerTest, CombCell.Tests" name="MarkIndex02" />
    </UnitTest>
    <UnitTest name="StateGetSet01" storage="c:\combcell\googlecode\trunk\solutions\combcell\combcell.test\combcell.tests\bin\debug\combcell.tests.dll" id="f1d3b2cd-6328-7285-3b14-5db00fe31bc0">
      <Css projectStructure="" iteration="" />
      <Owners>
        <Owner name="" />
      </Owners>
      <Execution id="16f2da63-61f4-44aa-a59d-fda910f3cef7" />
      <TestMethod codeBase="C:\combcell\googlecode\trunk\Solutions\CombCell\CombCell.Test\CombCell.Tests\bin\Debug\CombCell.Tests.dll" adapterTypeName="Microsoft.VisualStudio.TestTools.TestTypes.Unit.UnitTestAdapter, Microsoft.VisualStudio.QualityTools.Tips.UnitTest.Adapter, Version=9.0.0.0, Culture=neutral, PublicKeyToken=b03f5f7f11d50a3a" className="CombCell.CellTest, CombCell.Tests" name="StateGetSet01" />
    </UnitTest>
    <UnitTest name="IsConnectFc0102" storage="c:\combcell\googlecode\trunk\solutions\combcell\combcell.dsalgo\combcell.dsalgo.tests\bin\debug\combcell.dsalgo.tests.dll" id="4489afb5-8dce-d2b8-d878-9131c19e9653">
      <Css projectStructure="" iteration="" />
      <Owners>
        <Owner name="" />
      </Owners>
      <Execution id="452033e4-20ae-4870-819b-9851a8ef8df9" />
      <TestMethod codeBase="C:\combcell\googlecode\trunk\Solutions\CombCell\CombCell.DSAlgo\CombCell.DSAlgo.Tests\bin\Debug\CombCell.DSAlgo.Tests.dll" adapterTypeName="Microsoft.VisualStudio.TestTools.TestTypes.Unit.UnitTestAdapter, Microsoft.VisualStudio.QualityTools.Tips.UnitTest.Adapter, Version=9.0.0.0, Culture=neutral, PublicKeyToken=b03f5f7f11d50a3a" className="CombCell.DSAlgo.VertexTTest, CombCell.DSAlgo.Tests" name="IsConnectFc0102" />
    </UnitTest>
    <UnitTest name="HasNextPermutation0125" storage="c:\combcell\googlecode\trunk\solutions\combcell\combcell.dsalgo\combcell.dsalgo.tests\bin\debug\combcell.dsalgo.tests.dll" id="3cbfdd1a-0c6c-b960-34d1-b0c59783c35c">
      <Css projectStructure="" iteration="" />
      <Owners>
        <Owner name="" />
      </Owners>
      <Execution id="46a4bbee-1bae-4697-bfdb-ea71c51210f8" />
      <TestMethod codeBase="C:\combcell\googlecode\trunk\Solutions\CombCell\CombCell.DSAlgo\CombCell.DSAlgo.Tests\bin\Debug\CombCell.DSAlgo.Tests.dll" adapterTypeName="Microsoft.VisualStudio.TestTools.TestTypes.Unit.UnitTestAdapter, Microsoft.VisualStudio.QualityTools.Tips.UnitTest.Adapter, Version=9.0.0.0, Culture=neutral, PublicKeyToken=b03f5f7f11d50a3a" className="CombCell.DSAlgo.HamiltonSlowTTest, CombCell.DSAlgo.Tests" name="HasNextPermutation0125" />
    </UnitTest>
    <UnitTest name="FromPointToPair05" storage="c:\combcell\googlecode\trunk\solutions\combcell\combcell.test\combcell.tests\bin\debug\combcell.tests.dll" id="d47cbacd-53b8-185f-cba6-3abca6507269">
      <Css projectStructure="" iteration="" />
      <Owners>
        <Owner name="" />
      </Owners>
      <Execution id="8fe2fa22-6439-4744-9123-9fe32b656c18" />
      <TestMethod codeBase="C:\combcell\googlecode\trunk\Solutions\CombCell\CombCell.Test\CombCell.Tests\bin\Debug\CombCell.Tests.dll" adapterTypeName="Microsoft.VisualStudio.TestTools.TestTypes.Unit.UnitTestAdapter, Microsoft.VisualStudio.QualityTools.Tips.UnitTest.Adapter, Version=9.0.0.0, Culture=neutral, PublicKeyToken=b03f5f7f11d50a3a" className="CombCell.TriArrangerTest, CombCell.Tests" name="FromPointToPair05" />
    </UnitTest>
    <UnitTest name="NeedAddChild02" storage="c:\combcell\googlecode\trunk\solutions\combcell\combcell.test\combcell.tests\bin\debug\combcell.tests.dll" id="898621a0-bc34-a16a-2960-2011782f3b01">
      <Css projectStructure="" iteration="" />
      <Owners>
        <Owner name="" />
      </Owners>
      <Execution id="4e915cb9-d4d5-464f-8abe-67dc0e177253" />
      <TestMethod codeBase="C:\combcell\googlecode\trunk\Solutions\CombCell\CombCell.Test\CombCell.Tests\bin\Debug\CombCell.Tests.dll" adapterTypeName="Microsoft.VisualStudio.TestTools.TestTypes.Unit.UnitTestAdapter, Microsoft.VisualStudio.QualityTools.Tips.UnitTest.Adapter, Version=9.0.0.0, Culture=neutral, PublicKeyToken=b03f5f7f11d50a3a" className="CombCell.ArrangerTest, CombCell.Tests" name="NeedAddChild02" />
    </UnitTest>
    <UnitTest name="PenGetSet04" storage="c:\combcell\googlecode\trunk\solutions\combcell\combcell.test\combcell.tests\bin\debug\combcell.tests.dll" id="78b7759f-87b6-6ccd-f263-3a7d0e73b759">
      <Css projectStructure="" iteration="" />
      <Owners>
        <Owner name="" />
      </Owners>
      <Execution id="0dece88c-e091-4c74-90d9-81377f970e18" />
      <TestMethod codeBase="C:\combcell\googlecode\trunk\Solutions\CombCell\CombCell.Test\CombCell.Tests\bin\Debug\CombCell.Tests.dll" adapterTypeName="Microsoft.VisualStudio.TestTools.TestTypes.Unit.UnitTestAdapter, Microsoft.VisualStudio.QualityTools.Tips.UnitTest.Adapter, Version=9.0.0.0, Culture=neutral, PublicKeyToken=b03f5f7f11d50a3a" className="CombCell.SchemeTest, CombCell.Tests" name="PenGetSet04" />
    </UnitTest>
    <UnitTest name="NextPermutation20" storage="c:\combcell\googlecode\trunk\solutions\combcell\combcell.dsalgo\combcell.dsalgo.tests\bin\debug\combcell.dsalgo.tests.dll" id="d6aa638d-9475-23cb-020b-82d4c2d297bf">
      <Css projectStructure="" iteration="" />
      <Owners>
        <Owner name="" />
      </Owners>
      <Execution id="68c68471-b3ee-4294-b4e0-98f0d8530124" />
      <TestMethod codeBase="C:\combcell\googlecode\trunk\Solutions\CombCell\CombCell.DSAlgo\CombCell.DSAlgo.Tests\bin\Debug\CombCell.DSAlgo.Tests.dll" adapterTypeName="Microsoft.VisualStudio.TestTools.TestTypes.Unit.UnitTestAdapter, Microsoft.VisualStudio.QualityTools.Tips.UnitTest.Adapter, Version=9.0.0.0, Culture=neutral, PublicKeyToken=b03f5f7f11d50a3a" className="CombCell.DSAlgo.HamiltonSlowTTest, CombCell.DSAlgo.Tests" name="NextPermutation20" />
    </UnitTest>
    <UnitTest name="NextPermutation11" storage="c:\combcell\googlecode\trunk\solutions\combcell\combcell.dsalgo\combcell.dsalgo.tests\bin\debug\combcell.dsalgo.tests.dll" id="d714aa6d-a11b-4b34-f001-0b320ca530a4">
      <Css projectStructure="" iteration="" />
      <Owners>
        <Owner name="" />
      </Owners>
      <Execution id="06293cd9-0d30-4c2a-a68a-f7c279576ed8" />
      <TestMethod codeBase="C:\combcell\googlecode\trunk\Solutions\CombCell\CombCell.DSAlgo\CombCell.DSAlgo.Tests\bin\Debug\CombCell.DSAlgo.Tests.dll" adapterTypeName="Microsoft.VisualStudio.TestTools.TestTypes.Unit.UnitTestAdapter, Microsoft.VisualStudio.QualityTools.Tips.UnitTest.Adapter, Version=9.0.0.0, Culture=neutral, PublicKeyToken=b03f5f7f11d50a3a" className="CombCell.DSAlgo.HamiltonSlowTTest, CombCell.DSAlgo.Tests" name="NextPermutation11" />
    </UnitTest>
    <UnitTest name="ItemGetSet05" storage="c:\combcell\googlecode\trunk\solutions\combcell\combcell.test\combcell.tests\bin\debug\combcell.tests.dll" id="0c47ca1c-46dd-f2a9-2b2a-81373dd83c71">
      <Css projectStructure="" iteration="" />
      <Owners>
        <Owner name="" />
      </Owners>
      <Execution id="cb4429d3-a1d8-407e-9bbd-f36dec5b3566" />
      <TestMethod codeBase="C:\combcell\googlecode\trunk\Solutions\CombCell\CombCell.Test\CombCell.Tests\bin\Debug\CombCell.Tests.dll" adapterTypeName="Microsoft.VisualStudio.TestTools.TestTypes.Unit.UnitTestAdapter, Microsoft.VisualStudio.QualityTools.Tips.UnitTest.Adapter, Version=9.0.0.0, Culture=neutral, PublicKeyToken=b03f5f7f11d50a3a" className="CombCell.LengendTest, CombCell.Tests" name="ItemGetSet05" />
    </UnitTest>
    <UnitTest name="KeyGetSet01" storage="c:\combcell\googlecode\trunk\solutions\combcell\combcell.test\combcell.tests\bin\debug\combcell.tests.dll" id="24e3cde3-ffea-6601-6bfc-29a420938587">
      <Css projectStructure="" iteration="" />
      <Owners>
        <Owner name="" />
      </Owners>
      <Execution id="95d88c44-6b18-4a5c-8b39-e2faf8aebddb" />
      <TestMethod codeBase="C:\combcell\googlecode\trunk\Solutions\CombCell\CombCell.Test\CombCell.Tests\bin\Debug\CombCell.Tests.dll" adapterTypeName="Microsoft.VisualStudio.TestTools.TestTypes.Unit.UnitTestAdapter, Microsoft.VisualStudio.QualityTools.Tips.UnitTest.Adapter, Version=9.0.0.0, Culture=neutral, PublicKeyToken=b03f5f7f11d50a3a" className="CombCell.SchemeTest, CombCell.Tests" name="KeyGetSet01" />
    </UnitTest>
    <UnitTest name="HasNextPermutation15" storage="c:\combcell\googlecode\trunk\solutions\combcell\combcell.dsalgo\combcell.dsalgo.tests\bin\debug\combcell.dsalgo.tests.dll" id="7aa2e13f-f9a0-91f6-0287-0b00ba6f6e11">
      <Css projectStructure="" iteration="" />
      <Owners>
        <Owner name="" />
      </Owners>
      <Execution id="fcf07b7a-3392-4253-8d65-5df55423985a" />
      <TestMethod codeBase="C:\combcell\googlecode\trunk\Solutions\CombCell\CombCell.DSAlgo\CombCell.DSAlgo.Tests\bin\Debug\CombCell.DSAlgo.Tests.dll" adapterTypeName="Microsoft.VisualStudio.TestTools.TestTypes.Unit.UnitTestAdapter, Microsoft.VisualStudio.QualityTools.Tips.UnitTest.Adapter, Version=9.0.0.0, Culture=neutral, PublicKeyToken=b03f5f7f11d50a3a" className="CombCell.DSAlgo.HamiltonSlowTTest, CombCell.DSAlgo.Tests" name="HasNextPermutation15" />
    </UnitTest>
    <UnitTest name="Equals02" storage="c:\combcell\googlecode\trunk\solutions\combcell\combcell.test\combcell.tests\bin\debug\combcell.tests.dll" id="aeecc04e-5d57-07ef-7a16-90fdc35e4428">
      <Css projectStructure="" iteration="" />
      <Owners>
        <Owner name="" />
      </Owners>
      <Execution id="e5d55a24-8aa8-4ca3-ae04-2ee5fbf6a81d" />
      <TestMethod codeBase="C:\combcell\googlecode\trunk\Solutions\CombCell\CombCell.Test\CombCell.Tests\bin\Debug\CombCell.Tests.dll" adapterTypeName="Microsoft.VisualStudio.TestTools.TestTypes.Unit.UnitTestAdapter, Microsoft.VisualStudio.QualityTools.Tips.UnitTest.Adapter, Version=9.0.0.0, Culture=neutral, PublicKeyToken=b03f5f7f11d50a3a" className="CombCell.PairTTest, CombCell.Tests" name="Equals02" />
    </UnitTest>
    <UnitTest name="Calc00103" storage="c:\combcell\googlecode\trunk\solutions\combcell\combcell.test\combcell.tests\bin\debug\combcell.tests.dll" id="7b166532-156e-d079-b07b-bc7f012ca771">
      <Css projectStructure="" iteration="" />
      <Owners>
        <Owner name="" />
      </Owners>
      <Execution id="3a6f5e10-18d7-432b-b2d0-3e7ffc2599e4" />
      <TestMethod codeBase="C:\combcell\googlecode\trunk\Solutions\CombCell\CombCell.Test\CombCell.Tests\bin\Debug\CombCell.Tests.dll" adapterTypeName="Microsoft.VisualStudio.TestTools.TestTypes.Unit.UnitTestAdapter, Microsoft.VisualStudio.QualityTools.Tips.UnitTest.Adapter, Version=9.0.0.0, Culture=neutral, PublicKeyToken=b03f5f7f11d50a3a" className="CombCell.DSAlgo.SingleSourceTTest, CombCell.Tests" name="Calc00103" />
    </UnitTest>
    <UnitTest name="CopyTo04" storage="c:\combcell\googlecode\trunk\solutions\combcell\combcell.dsalgo\combcell.dsalgo.tests\bin\debug\combcell.dsalgo.tests.dll" id="0c498983-0ef5-e962-9a9d-feaf99d61ba8">
      <Css projectStructure="" iteration="" />
      <Owners>
        <Owner name="" />
      </Owners>
      <Execution id="d0b6e0f0-90b9-48d2-bb40-9980c547a7a1" />
      <TestMethod codeBase="C:\combcell\googlecode\trunk\Solutions\CombCell\CombCell.DSAlgo\CombCell.DSAlgo.Tests\bin\Debug\CombCell.DSAlgo.Tests.dll" adapterTypeName="Microsoft.VisualStudio.TestTools.TestTypes.Unit.UnitTestAdapter, Microsoft.VisualStudio.QualityTools.Tips.UnitTest.Adapter, Version=9.0.0.0, Culture=neutral, PublicKeyToken=b03f5f7f11d50a3a" className="CombCell.DSAlgo.PriorityQueueTItemTPriTest, CombCell.DSAlgo.Tests" name="CopyTo04" />
    </UnitTest>
    <UnitTest name="EnsureCells21" storage="c:\combcell\googlecode\trunk\solutions\combcell\combcell.test\combcell.tests\bin\debug\combcell.tests.dll" id="0f10d6c6-9d09-d0c6-073c-d4792a2c33e2">
      <Css projectStructure="" iteration="" />
      <Owners>
        <Owner name="" />
      </Owners>
      <Execution id="b26fe7fb-df2e-45d0-b40d-547bb8ded41f" />
      <TestMethod codeBase="C:\combcell\googlecode\trunk\Solutions\CombCell\CombCell.Test\CombCell.Tests\bin\Debug\CombCell.Tests.dll" adapterTypeName="Microsoft.VisualStudio.TestTools.TestTypes.Unit.UnitTestAdapter, Microsoft.VisualStudio.QualityTools.Tips.UnitTest.Adapter, Version=9.0.0.0, Culture=neutral, PublicKeyToken=b03f5f7f11d50a3a" className="CombCell.CombTest, CombCell.Tests" name="EnsureCells21" />
    </UnitTest>
    <UnitTest name="Equals0101" storage="c:\combcell\googlecode\trunk\solutions\combcell\combcell.test\combcell.tests\bin\debug\combcell.tests.dll" id="2d421d1b-0535-c659-3ac3-56d3d4786695">
      <Css projectStructure="" iteration="" />
      <Owners>
        <Owner name="" />
      </Owners>
      <Execution id="1ffbac22-e461-4370-bf48-6417b54f1906" />
      <TestMethod codeBase="C:\combcell\googlecode\trunk\Solutions\CombCell\CombCell.Test\CombCell.Tests\bin\Debug\CombCell.Tests.dll" adapterTypeName="Microsoft.VisualStudio.TestTools.TestTypes.Unit.UnitTestAdapter, Microsoft.VisualStudio.QualityTools.Tips.UnitTest.Adapter, Version=9.0.0.0, Culture=neutral, PublicKeyToken=b03f5f7f11d50a3a" className="CombCell.PairTTest, CombCell.Tests" name="Equals0101" />
    </UnitTest>
    <UnitTest name="EnsureCells32" storage="c:\combcell\googlecode\trunk\solutions\combcell\combcell.test\combcell.tests\bin\debug\combcell.tests.dll" id="27b5f0da-6757-1e72-11a1-e6d123ccd226">
      <Css projectStructure="" iteration="" />
      <Owners>
        <Owner name="" />
      </Owners>
      <Execution id="a6084f10-dcbf-4808-be8f-fb36cffda53f" />
      <TestMethod codeBase="C:\combcell\googlecode\trunk\Solutions\CombCell\CombCell.Test\CombCell.Tests\bin\Debug\CombCell.Tests.dll" adapterTypeName="Microsoft.VisualStudio.TestTools.TestTypes.Unit.UnitTestAdapter, Microsoft.VisualStudio.QualityTools.Tips.UnitTest.Adapter, Version=9.0.0.0, Culture=neutral, PublicKeyToken=b03f5f7f11d50a3a" className="CombCell.CombTest, CombCell.Tests" name="EnsureCells32" />
    </UnitTest>
    <UnitTest name="PathDescriptionGetSet01" storage="c:\combcell\googlecode\trunk\solutions\combcell\combcell.test\combcell.tests\bin\debug\combcell.tests.dll" id="34df9d45-6e81-c00a-12e1-6103a5cfb6e2">
      <Css projectStructure="" iteration="" />
      <Owners>
        <Owner name="" />
      </Owners>
      <Execution id="226ae84e-d17d-44b3-9a06-98881716b06f" />
      <TestMethod codeBase="C:\combcell\googlecode\trunk\Solutions\CombCell\CombCell.Test\CombCell.Tests\bin\Debug\CombCell.Tests.dll" adapterTypeName="Microsoft.VisualStudio.TestTools.TestTypes.Unit.UnitTestAdapter, Microsoft.VisualStudio.QualityTools.Tips.UnitTest.Adapter, Version=9.0.0.0, Culture=neutral, PublicKeyToken=b03f5f7f11d50a3a" className="CombCell.CombTest, CombCell.Tests" name="PathDescriptionGetSet01" />
    </UnitTest>
    <UnitTest name="NearBy03" storage="c:\combcell\googlecode\trunk\solutions\combcell\combcell.test\combcell.tests\bin\debug\combcell.tests.dll" id="f049d1f2-ed77-5612-c4ce-a65e472ae57d">
      <Css projectStructure="" iteration="" />
      <Owners>
        <Owner name="" />
      </Owners>
      <Execution id="9da805ce-d7b3-478e-8179-fdebbd9d2976" />
      <TestMethod codeBase="C:\combcell\googlecode\trunk\Solutions\CombCell\CombCell.Test\CombCell.Tests\bin\Debug\CombCell.Tests.dll" adapterTypeName="Microsoft.VisualStudio.TestTools.TestTypes.Unit.UnitTestAdapter, Microsoft.VisualStudio.QualityTools.Tips.UnitTest.Adapter, Version=9.0.0.0, Culture=neutral, PublicKeyToken=b03f5f7f11d50a3a" className="CombCell.TriArrangerTest, CombCell.Tests" name="NearBy03" />
    </UnitTest>
    <UnitTest name="Remove02" storage="c:\combcell\googlecode\trunk\solutions\combcell\combcell.dsalgo\combcell.dsalgo.tests\bin\debug\combcell.dsalgo.tests.dll" id="98d1f84a-994a-43f6-d66c-1e5e039449ab">
      <Css projectStructure="" iteration="" />
      <Owners>
        <Owner name="" />
      </Owners>
      <Execution id="fb04c49d-5f5e-4818-a903-84b4e6a1817c" />
      <TestMethod codeBase="C:\combcell\googlecode\trunk\Solutions\CombCell\CombCell.DSAlgo\CombCell.DSAlgo.Tests\bin\Debug\CombCell.DSAlgo.Tests.dll" adapterTypeName="Microsoft.VisualStudio.TestTools.TestTypes.Unit.UnitTestAdapter, Microsoft.VisualStudio.QualityTools.Tips.UnitTest.Adapter, Version=9.0.0.0, Culture=neutral, PublicKeyToken=b03f5f7f11d50a3a" className="CombCell.DSAlgo.PriorityQueueTItemTPriTest, CombCell.DSAlgo.Tests" name="Remove02" />
    </UnitTest>
    <UnitTest name="HasNextPermutation0115" storage="c:\combcell\googlecode\trunk\solutions\combcell\combcell.dsalgo\combcell.dsalgo.tests\bin\debug\combcell.dsalgo.tests.dll" id="d4e96882-4b2b-5ce3-4550-219f60703655">
      <Css projectStructure="" iteration="" />
      <Owners>
        <Owner name="" />
      </Owners>
      <Execution id="72446422-7aba-4bcb-a1ee-8fd38c77a66b" />
      <TestMethod codeBase="C:\combcell\googlecode\trunk\Solutions\CombCell\CombCell.DSAlgo\CombCell.DSAlgo.Tests\bin\Debug\CombCell.DSAlgo.Tests.dll" adapterTypeName="Microsoft.VisualStudio.TestTools.TestTypes.Unit.UnitTestAdapter, Microsoft.VisualStudio.QualityTools.Tips.UnitTest.Adapter, Version=9.0.0.0, Culture=neutral, PublicKeyToken=b03f5f7f11d50a3a" className="CombCell.DSAlgo.HamiltonSlowTTest, CombCell.DSAlgo.Tests" name="HasNextPermutation0115" />
    </UnitTest>
    <UnitTest name="NearBy04" storage="c:\combcell\googlecode\trunk\solutions\combcell\combcell.test\combcell.tests\bin\debug\combcell.tests.dll" id="686559a1-4b57-984c-3df6-050bfb22bb82">
      <Css projectStructure="" iteration="" />
      <Owners>
        <Owner name="" />
      </Owners>
      <Execution id="aa29b22e-b83b-42d1-aea0-4152e48a8ff0" />
      <TestMethod codeBase="C:\combcell\googlecode\trunk\Solutions\CombCell\CombCell.Test\CombCell.Tests\bin\Debug\CombCell.Tests.dll" adapterTypeName="Microsoft.VisualStudio.TestTools.TestTypes.Unit.UnitTestAdapter, Microsoft.VisualStudio.QualityTools.Tips.UnitTest.Adapter, Version=9.0.0.0, Culture=neutral, PublicKeyToken=b03f5f7f11d50a3a" className="CombCell.ArrangerTest, CombCell.Tests" name="NearBy04" />
    </UnitTest>
    <UnitTest name="MarkIndex01" storage="c:\combcell\googlecode\trunk\solutions\combcell\combcell.test\combcell.tests\bin\debug\combcell.tests.dll" id="e594f914-d447-27aa-90f0-570f9a8328f4">
      <Css projectStructure="" iteration="" />
      <Owners>
        <Owner name="" />
      </Owners>
      <Execution id="d2831bbf-3842-4cf7-9e59-0904a3f3b973" />
      <TestMethod codeBase="C:\combcell\googlecode\trunk\Solutions\CombCell\CombCell.Test\CombCell.Tests\bin\Debug\CombCell.Tests.dll" adapterTypeName="Microsoft.VisualStudio.TestTools.TestTypes.Unit.UnitTestAdapter, Microsoft.VisualStudio.QualityTools.Tips.UnitTest.Adapter, Version=9.0.0.0, Culture=neutral, PublicKeyToken=b03f5f7f11d50a3a" className="CombCell.TriArrangerTest, CombCell.Tests" name="MarkIndex01" />
    </UnitTest>
    <UnitTest name="HasNextPermutation0103" storage="c:\combcell\googlecode\trunk\solutions\combcell\combcell.dsalgo\combcell.dsalgo.tests\bin\debug\combcell.dsalgo.tests.dll" id="5502607c-c172-f7aa-794a-bc2fac8cdec6">
      <Css projectStructure="" iteration="" />
      <Owners>
        <Owner name="" />
      </Owners>
      <Execution id="66c2fdcd-04f7-4713-88f8-b1d6a03c6b31" />
      <TestMethod codeBase="C:\combcell\googlecode\trunk\Solutions\CombCell\CombCell.DSAlgo\CombCell.DSAlgo.Tests\bin\Debug\CombCell.DSAlgo.Tests.dll" adapterTypeName="Microsoft.VisualStudio.TestTools.TestTypes.Unit.UnitTestAdapter, Microsoft.VisualStudio.QualityTools.Tips.UnitTest.Adapter, Version=9.0.0.0, Culture=neutral, PublicKeyToken=b03f5f7f11d50a3a" className="CombCell.DSAlgo.HamiltonSlowTTest, CombCell.DSAlgo.Tests" name="HasNextPermutation0103" />
    </UnitTest>
    <UnitTest name="CalcFc0101" storage="c:\combcell\googlecode\trunk\solutions\combcell\combcell.dsalgo\combcell.dsalgo.tests\bin\debug\combcell.dsalgo.tests.dll" id="148f2340-9e71-8929-8a6a-80aa0c815d32">
      <Css projectStructure="" iteration="" />
      <Owners>
        <Owner name="" />
      </Owners>
      <Execution id="24797db0-a2e2-4d23-a764-27a3ae771201" />
      <TestMethod codeBase="C:\combcell\googlecode\trunk\Solutions\CombCell\CombCell.DSAlgo\CombCell.DSAlgo.Tests\bin\Debug\CombCell.DSAlgo.Tests.dll" adapterTypeName="Microsoft.VisualStudio.TestTools.TestTypes.Unit.UnitTestAdapter, Microsoft.VisualStudio.QualityTools.Tips.UnitTest.Adapter, Version=9.0.0.0, Culture=neutral, PublicKeyToken=b03f5f7f11d50a3a" className="CombCell.DSAlgo.SnakeTTest, CombCell.DSAlgo.Tests" name="CalcFc0101" />
    </UnitTest>
    <UnitTest name="ItemGet0105" storage="c:\combcell\googlecode\trunk\solutions\combcell\combcell.test\combcell.tests\bin\debug\combcell.tests.dll" id="4324d80b-c5e9-ab65-d34a-95e8c10326f5">
      <Css projectStructure="" iteration="" />
      <Owners>
        <Owner name="" />
      </Owners>
      <Execution id="4dcc2d16-67c4-4069-8977-4794a57b6657" />
      <TestMethod codeBase="C:\combcell\googlecode\trunk\Solutions\CombCell\CombCell.Test\CombCell.Tests\bin\Debug\CombCell.Tests.dll" adapterTypeName="Microsoft.VisualStudio.TestTools.TestTypes.Unit.UnitTestAdapter, Microsoft.VisualStudio.QualityTools.Tips.UnitTest.Adapter, Version=9.0.0.0, Culture=neutral, PublicKeyToken=b03f5f7f11d50a3a" className="CombCell.CombTest, CombCell.Tests" name="ItemGet0105" />
    </UnitTest>
    <UnitTest name="IsConnect01" storage="c:\combcell\googlecode\trunk\solutions\combcell\combcell.dsalgo\combcell.dsalgo.tests\bin\debug\combcell.dsalgo.tests.dll" id="f6a77015-a5f2-417a-9657-e49969eb5b51">
      <Css projectStructure="" iteration="" />
      <Owners>
        <Owner name="" />
      </Owners>
      <Execution id="e5b31273-4c73-447c-9e96-fcb7501f8e88" />
      <TestMethod codeBase="C:\combcell\googlecode\trunk\Solutions\CombCell\CombCell.DSAlgo\CombCell.DSAlgo.Tests\bin\Debug\CombCell.DSAlgo.Tests.dll" adapterTypeName="Microsoft.VisualStudio.TestTools.TestTypes.Unit.UnitTestAdapter, Microsoft.VisualStudio.QualityTools.Tips.UnitTest.Adapter, Version=9.0.0.0, Culture=neutral, PublicKeyToken=b03f5f7f11d50a3a" className="CombCell.DSAlgo.VertexTTest, CombCell.DSAlgo.Tests" name="IsConnect01" />
    </UnitTest>
    <UnitTest name="InfinitiveGet01" storage="c:\combcell\googlecode\trunk\solutions\combcell\combcell.test\combcell.tests\bin\debug\combcell.tests.dll" id="458a095a-4ad2-8d91-e841-a359f891c232">
      <Css projectStructure="" iteration="" />
      <Owners>
        <Owner name="" />
      </Owners>
      <Execution id="a161785b-9200-43f9-820f-437e460c0064" />
      <TestMethod codeBase="C:\combcell\googlecode\trunk\Solutions\CombCell\CombCell.Test\CombCell.Tests\bin\Debug\CombCell.Tests.dll" adapterTypeName="Microsoft.VisualStudio.TestTools.TestTypes.Unit.UnitTestAdapter, Microsoft.VisualStudio.QualityTools.Tips.UnitTest.Adapter, Version=9.0.0.0, Culture=neutral, PublicKeyToken=b03f5f7f11d50a3a" className="CombCell.DSAlgo.GraphTTest, CombCell.Tests" name="InfinitiveGet01" />
    </UnitTest>
    <UnitTest name="ChangePriority02" storage="c:\combcell\googlecode\trunk\solutions\combcell\combcell.dsalgo\combcell.dsalgo.tests\bin\debug\combcell.dsalgo.tests.dll" id="a570dbda-0027-3b2e-1d19-119bbfafa51a">
      <Css projectStructure="" iteration="" />
      <Owners>
        <Owner name="" />
      </Owners>
      <Execution id="d275b70b-4001-4788-b51f-aa91b5453a8b" />
      <TestMethod codeBase="C:\combcell\googlecode\trunk\Solutions\CombCell\CombCell.DSAlgo\CombCell.DSAlgo.Tests\bin\Debug\CombCell.DSAlgo.Tests.dll" adapterTypeName="Microsoft.VisualStudio.TestTools.TestTypes.Unit.UnitTestAdapter, Microsoft.VisualStudio.QualityTools.Tips.UnitTest.Adapter, Version=9.0.0.0, Culture=neutral, PublicKeyToken=b03f5f7f11d50a3a" className="CombCell.DSAlgo.PriorityQueueTItemTPriTest, CombCell.DSAlgo.Tests" name="ChangePriority02" />
    </UnitTest>
    <UnitTest name="ChoosedAlgorithmGetSet01" storage="c:\combcell\googlecode\trunk\solutions\combcell\combcell.test\combcell.tests\bin\debug\combcell.tests.dll" id="99f84294-83e7-b6ae-120a-e10f76ccab89">
      <Css projectStructure="" iteration="" />
      <Owners>
        <Owner name="" />
      </Owners>
      <Execution id="3625a2ca-2bb0-439f-8296-15a262ab4b9a" />
      <TestMethod codeBase="C:\combcell\googlecode\trunk\Solutions\CombCell\CombCell.Test\CombCell.Tests\bin\Debug\CombCell.Tests.dll" adapterTypeName="Microsoft.VisualStudio.TestTools.TestTypes.Unit.UnitTestAdapter, Microsoft.VisualStudio.QualityTools.Tips.UnitTest.Adapter, Version=9.0.0.0, Culture=neutral, PublicKeyToken=b03f5f7f11d50a3a" className="CombCell.CombTest, CombCell.Tests" name="ChoosedAlgorithmGetSet01" />
    </UnitTest>
    <UnitTest name="AccessedGetSet02" storage="c:\combcell\googlecode\trunk\solutions\combcell\combcell.dsalgo\combcell.dsalgo.tests\bin\debug\combcell.dsalgo.tests.dll" id="e186e843-f1f1-4e91-04fe-aaf7027a2432">
      <Css projectStructure="" iteration="" />
      <Owners>
        <Owner name="" />
      </Owners>
      <Execution id="b9035270-bd87-4690-95e0-62d54e718668" />
      <TestMethod codeBase="C:\combcell\googlecode\trunk\Solutions\CombCell\CombCell.DSAlgo\CombCell.DSAlgo.Tests\bin\Debug\CombCell.DSAlgo.Tests.dll" adapterTypeName="Microsoft.VisualStudio.TestTools.TestTypes.Unit.UnitTestAdapter, Microsoft.VisualStudio.QualityTools.Tips.UnitTest.Adapter, Version=9.0.0.0, Culture=neutral, PublicKeyToken=b03f5f7f11d50a3a" className="CombCell.DSAlgo.VertexTTest, CombCell.DSAlgo.Tests" name="AccessedGetSet02" />
    </UnitTest>
    <UnitTest name="EmptyGet01" storage="c:\combcell\googlecode\trunk\solutions\combcell\combcell.dsalgo\combcell.dsalgo.tests\bin\debug\combcell.dsalgo.tests.dll" id="ff5fb2f7-8a12-f128-b560-b13172df72a5">
      <Css projectStructure="" iteration="" />
      <Owners>
        <Owner name="" />
      </Owners>
      <Execution id="c98cbe3f-c9f1-4653-8261-7933c72aec8d" />
      <TestMethod codeBase="C:\combcell\googlecode\trunk\Solutions\CombCell\CombCell.DSAlgo\CombCell.DSAlgo.Tests\bin\Debug\CombCell.DSAlgo.Tests.dll" adapterTypeName="Microsoft.VisualStudio.TestTools.TestTypes.Unit.UnitTestAdapter, Microsoft.VisualStudio.QualityTools.Tips.UnitTest.Adapter, Version=9.0.0.0, Culture=neutral, PublicKeyToken=b03f5f7f11d50a3a" className="CombCell.DSAlgo.PriorityQueueTItemTPriTest, CombCell.DSAlgo.Tests" name="EmptyGet01" />
    </UnitTest>
    <UnitTest name="NextPermutation15" storage="c:\combcell\googlecode\trunk\solutions\combcell\combcell.dsalgo\combcell.dsalgo.tests\bin\debug\combcell.dsalgo.tests.dll" id="32d1b0be-3cb4-3b60-8537-c738486208b5">
      <Css projectStructure="" iteration="" />
      <Owners>
        <Owner name="" />
      </Owners>
      <Execution id="12c422b4-1afb-467f-b7b5-886c47c694f9" />
      <TestMethod codeBase="C:\combcell\googlecode\trunk\Solutions\CombCell\CombCell.DSAlgo\CombCell.DSAlgo.Tests\bin\Debug\CombCell.DSAlgo.Tests.dll" adapterTypeName="Microsoft.VisualStudio.TestTools.TestTypes.Unit.UnitTestAdapter, Microsoft.VisualStudio.QualityTools.Tips.UnitTest.Adapter, Version=9.0.0.0, Culture=neutral, PublicKeyToken=b03f5f7f11d50a3a" className="CombCell.DSAlgo.HamiltonSlowTTest, CombCell.DSAlgo.Tests" name="NextPermutation15" />
    </UnitTest>
    <UnitTest name="RemoveEdge02" storage="c:\combcell\googlecode\trunk\solutions\combcell\combcell.test\combcell.tests\bin\debug\combcell.tests.dll" id="615ea736-5959-01c5-e599-68e9b14fc416">
      <Css projectStructure="" iteration="" />
      <Owners>
        <Owner name="" />
      </Owners>
      <Execution id="eeced828-2d78-46c6-b154-711b600348a9" />
      <TestMethod codeBase="C:\combcell\googlecode\trunk\Solutions\CombCell\CombCell.Test\CombCell.Tests\bin\Debug\CombCell.Tests.dll" adapterTypeName="Microsoft.VisualStudio.TestTools.TestTypes.Unit.UnitTestAdapter, Microsoft.VisualStudio.QualityTools.Tips.UnitTest.Adapter, Version=9.0.0.0, Culture=neutral, PublicKeyToken=b03f5f7f11d50a3a" className="CombCell.DSAlgo.GraphTTest, CombCell.Tests" name="RemoveEdge02" />
    </UnitTest>
    <UnitTest name="HasNextPermutation0101" storage="c:\combcell\googlecode\trunk\solutions\combcell\combcell.dsalgo\combcell.dsalgo.tests\bin\debug\combcell.dsalgo.tests.dll" id="a4f2ffae-7f6c-d590-dc82-76c677e71bc2">
      <Css projectStructure="" iteration="" />
      <Owners>
        <Owner name="" />
      </Owners>
      <Execution id="a45c9936-af62-4b4d-b706-3738cb3e3b72" />
      <TestMethod codeBase="C:\combcell\googlecode\trunk\Solutions\CombCell\CombCell.DSAlgo\CombCell.DSAlgo.Tests\bin\Debug\CombCell.DSAlgo.Tests.dll" adapterTypeName="Microsoft.VisualStudio.TestTools.TestTypes.Unit.UnitTestAdapter, Microsoft.VisualStudio.QualityTools.Tips.UnitTest.Adapter, Version=9.0.0.0, Culture=neutral, PublicKeyToken=b03f5f7f11d50a3a" className="CombCell.DSAlgo.HamiltonSlowTTest, CombCell.DSAlgo.Tests" name="HasNextPermutation0101" />
    </UnitTest>
    <UnitTest name="NameGet01" storage="c:\combcell\googlecode\trunk\solutions\combcell\combcell.dsalgo\combcell.dsalgo.tests\bin\debug\combcell.dsalgo.tests.dll" id="f656bb0b-b6d8-4a6c-748f-d7d0e8239119">
      <Css projectStructure="" iteration="" />
      <Owners>
        <Owner name="" />
      </Owners>
      <Execution id="0ce45e61-d967-403d-82cd-23b2ebfc14b8" />
      <TestMethod codeBase="C:\combcell\googlecode\trunk\Solutions\CombCell\CombCell.DSAlgo\CombCell.DSAlgo.Tests\bin\Debug\CombCell.DSAlgo.Tests.dll" adapterTypeName="Microsoft.VisualStudio.TestTools.TestTypes.Unit.UnitTestAdapter, Microsoft.VisualStudio.QualityTools.Tips.UnitTest.Adapter, Version=9.0.0.0, Culture=neutral, PublicKeyToken=b03f5f7f11d50a3a" className="CombCell.DSAlgo.SingleSourceTTest, CombCell.DSAlgo.Tests" name="NameGet01" />
    </UnitTest>
    <UnitTest name="EnsureCells29" storage="c:\combcell\googlecode\trunk\solutions\combcell\combcell.test\combcell.tests\bin\debug\combcell.tests.dll" id="d67c7ccb-4747-05b2-e770-7ffd0fe1f17e">
      <Css projectStructure="" iteration="" />
      <Owners>
        <Owner name="" />
      </Owners>
      <Execution id="cf811384-d5a1-44e3-b9b1-936b008ced58" />
      <TestMethod codeBase="C:\combcell\googlecode\trunk\Solutions\CombCell\CombCell.Test\CombCell.Tests\bin\Debug\CombCell.Tests.dll" adapterTypeName="Microsoft.VisualStudio.TestTools.TestTypes.Unit.UnitTestAdapter, Microsoft.VisualStudio.QualityTools.Tips.UnitTest.Adapter, Version=9.0.0.0, Culture=neutral, PublicKeyToken=b03f5f7f11d50a3a" className="CombCell.CombTest, CombCell.Tests" name="EnsureCells29" />
    </UnitTest>
    <UnitTest name="Equality02" storage="c:\combcell\googlecode\trunk\solutions\combcell\combcell.test\combcell.tests\bin\debug\combcell.tests.dll" id="95d5e8e3-4903-5aaa-908f-3cf229277e47">
      <Css projectStructure="" iteration="" />
      <Owners>
        <Owner name="" />
      </Owners>
      <Execution id="dbd6e24d-9a19-411b-939a-d515e393e576" />
      <TestMethod codeBase="C:\combcell\googlecode\trunk\Solutions\CombCell\CombCell.Test\CombCell.Tests\bin\Debug\CombCell.Tests.dll" adapterTypeName="Microsoft.VisualStudio.TestTools.TestTypes.Unit.UnitTestAdapter, Microsoft.VisualStudio.QualityTools.Tips.UnitTest.Adapter, Version=9.0.0.0, Culture=neutral, PublicKeyToken=b03f5f7f11d50a3a" className="CombCell.PairTTest, CombCell.Tests" name="Equality02" />
    </UnitTest>
    <UnitTest name="EnsureCells15" storage="c:\combcell\googlecode\trunk\solutions\combcell\combcell.test\combcell.tests\bin\debug\combcell.tests.dll" id="d6e81a64-cd02-86e2-ab99-a5f847dada3a">
      <Css projectStructure="" iteration="" />
      <Owners>
        <Owner name="" />
      </Owners>
      <Execution id="5608331b-d6fc-449b-a658-d0fc34c8df76" />
      <TestMethod codeBase="C:\combcell\googlecode\trunk\Solutions\CombCell\CombCell.Test\CombCell.Tests\bin\Debug\CombCell.Tests.dll" adapterTypeName="Microsoft.VisualStudio.TestTools.TestTypes.Unit.UnitTestAdapter, Microsoft.VisualStudio.QualityTools.Tips.UnitTest.Adapter, Version=9.0.0.0, Culture=neutral, PublicKeyToken=b03f5f7f11d50a3a" className="CombCell.CombTest, CombCell.Tests" name="EnsureCells15" />
    </UnitTest>
    <UnitTest name="IndexGetSet01" storage="c:\combcell\googlecode\trunk\solutions\combcell\combcell.test\combcell.tests\bin\debug\combcell.tests.dll" id="4ab77431-860f-99c4-99ac-963f5e15e325">
      <Css projectStructure="" iteration="" />
      <Owners>
        <Owner name="" />
      </Owners>
      <Execution id="df2483ca-449c-4daf-b647-1ef9d935ab9b" />
      <TestMethod codeBase="C:\combcell\googlecode\trunk\Solutions\CombCell\CombCell.Test\CombCell.Tests\bin\Debug\CombCell.Tests.dll" adapterTypeName="Microsoft.VisualStudio.TestTools.TestTypes.Unit.UnitTestAdapter, Microsoft.VisualStudio.QualityTools.Tips.UnitTest.Adapter, Version=9.0.0.0, Culture=neutral, PublicKeyToken=b03f5f7f11d50a3a" className="CombCell.CellTest, CombCell.Tests" name="IndexGetSet01" />
    </UnitTest>
    <UnitTest name="RemoveEdgeFc0102" storage="c:\combcell\googlecode\trunk\solutions\combcell\combcell.dsalgo\combcell.dsalgo.tests\bin\debug\combcell.dsalgo.tests.dll" id="6b5d863d-5eea-518e-15b1-b94a74bad786">
      <Css projectStructure="" iteration="" />
      <Owners>
        <Owner name="" />
      </Owners>
      <Execution id="5f50c9a4-4b4f-4905-b9cf-a86377bf1fbd" />
      <TestMethod codeBase="C:\combcell\googlecode\trunk\Solutions\CombCell\CombCell.DSAlgo\CombCell.DSAlgo.Tests\bin\Debug\CombCell.DSAlgo.Tests.dll" adapterTypeName="Microsoft.VisualStudio.TestTools.TestTypes.Unit.UnitTestAdapter, Microsoft.VisualStudio.QualityTools.Tips.UnitTest.Adapter, Version=9.0.0.0, Culture=neutral, PublicKeyToken=b03f5f7f11d50a3a" className="CombCell.DSAlgo.GraphTTest, CombCell.DSAlgo.Tests" name="RemoveEdgeFc0102" />
    </UnitTest>
    <UnitTest name="Constructor0101" storage="c:\combcell\googlecode\trunk\solutions\combcell\combcell.test\combcell.tests\bin\debug\combcell.tests.dll" id="5d930f7c-a81a-b9c1-d062-a7b7c747628f">
      <Css projectStructure="" iteration="" />
      <Owners>
        <Owner name="" />
      </Owners>
      <Execution id="e4017389-9e26-4b67-b036-c448ba9b3205" />
      <TestMethod codeBase="C:\combcell\googlecode\trunk\Solutions\CombCell\CombCell.Test\CombCell.Tests\bin\Debug\CombCell.Tests.dll" adapterTypeName="Microsoft.VisualStudio.TestTools.TestTypes.Unit.UnitTestAdapter, Microsoft.VisualStudio.QualityTools.Tips.UnitTest.Adapter, Version=9.0.0.0, Culture=neutral, PublicKeyToken=b03f5f7f11d50a3a" className="CombCell.DSAlgo.EdgeTTest, CombCell.Tests" name="Constructor0101" />
    </UnitTest>
    <UnitTest name="HasNextPermutation03" storage="c:\combcell\googlecode\trunk\solutions\combcell\combcell.dsalgo\combcell.dsalgo.tests\bin\debug\combcell.dsalgo.tests.dll" id="10905f31-eaed-f8bf-7a23-046d3cbcb5f8">
      <Css projectStructure="" iteration="" />
      <Owners>
        <Owner name="" />
      </Owners>
      <Execution id="4be8d956-cd1d-43e4-9932-b7d73e67d78b" />
      <TestMethod codeBase="C:\combcell\googlecode\trunk\Solutions\CombCell\CombCell.DSAlgo\CombCell.DSAlgo.Tests\bin\Debug\CombCell.DSAlgo.Tests.dll" adapterTypeName="Microsoft.VisualStudio.TestTools.TestTypes.Unit.UnitTestAdapter, Microsoft.VisualStudio.QualityTools.Tips.UnitTest.Adapter, Version=9.0.0.0, Culture=neutral, PublicKeyToken=b03f5f7f11d50a3a" className="CombCell.DSAlgo.HamiltonSlowTTest, CombCell.DSAlgo.Tests" name="HasNextPermutation03" />
    </UnitTest>
    <UnitTest name="HasNextPermutation0109" storage="c:\combcell\googlecode\trunk\solutions\combcell\combcell.dsalgo\combcell.dsalgo.tests\bin\debug\combcell.dsalgo.tests.dll" id="09126dbc-b5fe-2ede-fe0b-f7eccda0ab2d">
      <Css projectStructure="" iteration="" />
      <Owners>
        <Owner name="" />
      </Owners>
      <Execution id="ac0a3898-dfc3-4041-8b27-6204e741a9d8" />
      <TestMethod codeBase="C:\combcell\googlecode\trunk\Solutions\CombCell\CombCell.DSAlgo\CombCell.DSAlgo.Tests\bin\Debug\CombCell.DSAlgo.Tests.dll" adapterTypeName="Microsoft.VisualStudio.TestTools.TestTypes.Unit.UnitTestAdapter, Microsoft.VisualStudio.QualityTools.Tips.UnitTest.Adapter, Version=9.0.0.0, Culture=neutral, PublicKeyToken=b03f5f7f11d50a3a" className="CombCell.DSAlgo.HamiltonSlowTTest, CombCell.DSAlgo.Tests" name="HasNextPermutation0109" />
    </UnitTest>
    <UnitTest name="Constructor01" storage="c:\combcell\googlecode\trunk\solutions\combcell\combcell.dsalgo\combcell.dsalgo.tests\bin\debug\combcell.dsalgo.tests.dll" id="26f761bc-4872-decf-8e2c-701555e6c704">
      <Css projectStructure="" iteration="" />
      <Owners>
        <Owner name="" />
      </Owners>
      <Execution id="85240857-b323-48ef-ac13-f7eebd63e064" />
      <TestMethod codeBase="C:\combcell\googlecode\trunk\Solutions\CombCell\CombCell.DSAlgo\CombCell.DSAlgo.Tests\bin\Debug\CombCell.DSAlgo.Tests.dll" adapterTypeName="Microsoft.VisualStudio.TestTools.TestTypes.Unit.UnitTestAdapter, Microsoft.VisualStudio.QualityTools.Tips.UnitTest.Adapter, Version=9.0.0.0, Culture=neutral, PublicKeyToken=b03f5f7f11d50a3a" className="CombCell.DSAlgo.SingleSourceTTest, CombCell.DSAlgo.Tests" name="Constructor01" />
    </UnitTest>
    <UnitTest name="Constructor01" storage="c:\combcell\googlecode\trunk\solutions\combcell\combcell.dsalgo\combcell.dsalgo.tests\bin\debug\combcell.dsalgo.tests.dll" id="05ec98f1-8776-f9dc-be22-63af25db05eb">
      <Css projectStructure="" iteration="" />
      <Owners>
        <Owner name="" />
      </Owners>
      <Execution id="2a24469f-154a-4596-95b7-877e952d55e8" />
      <TestMethod codeBase="C:\combcell\googlecode\trunk\Solutions\CombCell\CombCell.DSAlgo\CombCell.DSAlgo.Tests\bin\Debug\CombCell.DSAlgo.Tests.dll" adapterTypeName="Microsoft.VisualStudio.TestTools.TestTypes.Unit.UnitTestAdapter, Microsoft.VisualStudio.QualityTools.Tips.UnitTest.Adapter, Version=9.0.0.0, Culture=neutral, PublicKeyToken=b03f5f7f11d50a3a" className="CombCell.DSAlgo.HamiltonSlowTTest, CombCell.DSAlgo.Tests" name="Constructor01" />
    </UnitTest>
    <UnitTest name="Add03" storage="c:\combcell\googlecode\trunk\solutions\combcell\combcell.test\combcell.tests\bin\debug\combcell.tests.dll" id="0765a3ee-717f-512a-1c5d-20e12803a07a">
      <Css projectStructure="" iteration="" />
      <Owners>
        <Owner name="" />
      </Owners>
      <Execution id="d71fb3a7-2a8a-4ed8-9e14-4538ee7e99c0" />
      <TestMethod codeBase="C:\combcell\googlecode\trunk\Solutions\CombCell\CombCell.Test\CombCell.Tests\bin\Debug\CombCell.Tests.dll" adapterTypeName="Microsoft.VisualStudio.TestTools.TestTypes.Unit.UnitTestAdapter, Microsoft.VisualStudio.QualityTools.Tips.UnitTest.Adapter, Version=9.0.0.0, Culture=neutral, PublicKeyToken=b03f5f7f11d50a3a" className="CombCell.LengendTest, CombCell.Tests" name="Add03" />
    </UnitTest>
    <UnitTest name="Constructor01" storage="c:\combcell\googlecode\trunk\solutions\combcell\combcell.test\combcell.tests\bin\debug\combcell.tests.dll" id="31493be6-84b1-c942-539d-d9de19b46b2a">
      <Css projectStructure="" iteration="" />
      <Owners>
        <Owner name="" />
      </Owners>
      <Execution id="a00dca99-2142-4c54-ac5c-bd38105b112e" />
      <TestMethod codeBase="C:\combcell\googlecode\trunk\Solutions\CombCell\CombCell.Test\CombCell.Tests\bin\Debug\CombCell.Tests.dll" adapterTypeName="Microsoft.VisualStudio.TestTools.TestTypes.Unit.UnitTestAdapter, Microsoft.VisualStudio.QualityTools.Tips.UnitTest.Adapter, Version=9.0.0.0, Culture=neutral, PublicKeyToken=b03f5f7f11d50a3a" className="CombCell.CombViewTest, CombCell.Tests" name="Constructor01" />
    </UnitTest>
    <UnitTest name="Add01" storage="c:\combcell\googlecode\trunk\solutions\combcell\combcell.test\combcell.tests\bin\debug\combcell.tests.dll" id="3ca14a2c-0071-ab24-9be7-8e6aa8a461ba">
      <Css projectStructure="" iteration="" />
      <Owners>
        <Owner name="" />
      </Owners>
      <Execution id="48020616-ede8-455a-b877-075b2f64ca7e" />
      <TestMethod codeBase="C:\combcell\googlecode\trunk\Solutions\CombCell\CombCell.Test\CombCell.Tests\bin\Debug\CombCell.Tests.dll" adapterTypeName="Microsoft.VisualStudio.TestTools.TestTypes.Unit.UnitTestAdapter, Microsoft.VisualStudio.QualityTools.Tips.UnitTest.Adapter, Version=9.0.0.0, Culture=neutral, PublicKeyToken=b03f5f7f11d50a3a" className="CombCell.LengendTest, CombCell.Tests" name="Add01" />
    </UnitTest>
    <UnitTest name="HasNextPermutation0108" storage="c:\combcell\googlecode\trunk\solutions\combcell\combcell.dsalgo\combcell.dsalgo.tests\bin\debug\combcell.dsalgo.tests.dll" id="5ebb4762-828b-7d20-cf5c-b50432a7c6fa">
      <Css projectStructure="" iteration="" />
      <Owners>
        <Owner name="" />
      </Owners>
      <Execution id="c1839fce-62c7-497e-937f-f3a4218e04c7" />
      <TestMethod codeBase="C:\combcell\googlecode\trunk\Solutions\CombCell\CombCell.DSAlgo\CombCell.DSAlgo.Tests\bin\Debug\CombCell.DSAlgo.Tests.dll" adapterTypeName="Microsoft.VisualStudio.TestTools.TestTypes.Unit.UnitTestAdapter, Microsoft.VisualStudio.QualityTools.Tips.UnitTest.Adapter, Version=9.0.0.0, Culture=neutral, PublicKeyToken=b03f5f7f11d50a3a" className="CombCell.DSAlgo.HamiltonSlowTTest, CombCell.DSAlgo.Tests" name="HasNextPermutation0108" />
    </UnitTest>
    <UnitTest name="NextPermutation08" storage="c:\combcell\googlecode\trunk\solutions\combcell\combcell.dsalgo\combcell.dsalgo.tests\bin\debug\combcell.dsalgo.tests.dll" id="7abcbc26-ca4e-1bde-1958-020f9711def3">
      <Css projectStructure="" iteration="" />
      <Owners>
        <Owner name="" />
      </Owners>
      <Execution id="007a86c8-5ada-4026-8e59-1710cbd0d022" />
      <TestMethod codeBase="C:\combcell\googlecode\trunk\Solutions\CombCell\CombCell.DSAlgo\CombCell.DSAlgo.Tests\bin\Debug\CombCell.DSAlgo.Tests.dll" adapterTypeName="Microsoft.VisualStudio.TestTools.TestTypes.Unit.UnitTestAdapter, Microsoft.VisualStudio.QualityTools.Tips.UnitTest.Adapter, Version=9.0.0.0, Culture=neutral, PublicKeyToken=b03f5f7f11d50a3a" className="CombCell.DSAlgo.HamiltonSlowTTest, CombCell.DSAlgo.Tests" name="NextPermutation08" />
    </UnitTest>
    <UnitTest name="Select02" storage="c:\combcell\googlecode\trunk\solutions\combcell\combcell.test\combcell.tests\bin\debug\combcell.tests.dll" id="59349b08-3cd2-ee11-1c67-c5b3cfe12953">
      <Css projectStructure="" iteration="" />
      <Owners>
        <Owner name="" />
      </Owners>
      <Execution id="bff5c8ba-9014-4cd7-91f3-57bc66cb51b3" />
      <TestMethod codeBase="C:\combcell\googlecode\trunk\Solutions\CombCell\CombCell.Test\CombCell.Tests\bin\Debug\CombCell.Tests.dll" adapterTypeName="Microsoft.VisualStudio.TestTools.TestTypes.Unit.UnitTestAdapter, Microsoft.VisualStudio.QualityTools.Tips.UnitTest.Adapter, Version=9.0.0.0, Culture=neutral, PublicKeyToken=b03f5f7f11d50a3a" className="CombCell.CombTest, CombCell.Tests" name="Select02" />
    </UnitTest>
    <UnitTest name="ToGetSet01" storage="c:\combcell\googlecode\trunk\solutions\combcell\combcell.test\combcell.tests\bin\debug\combcell.tests.dll" id="6b0ee6e7-5136-1529-db20-d5741261a92c">
      <Css projectStructure="" iteration="" />
      <Owners>
        <Owner name="" />
      </Owners>
      <Execution id="a3dffc45-884d-4bf2-aa18-ac22f4fa2b2d" />
      <TestMethod codeBase="C:\combcell\googlecode\trunk\Solutions\CombCell\CombCell.Test\CombCell.Tests\bin\Debug\CombCell.Tests.dll" adapterTypeName="Microsoft.VisualStudio.TestTools.TestTypes.Unit.UnitTestAdapter, Microsoft.VisualStudio.QualityTools.Tips.UnitTest.Adapter, Version=9.0.0.0, Culture=neutral, PublicKeyToken=b03f5f7f11d50a3a" className="CombCell.DSAlgo.EdgeTTest, CombCell.Tests" name="ToGetSet01" />
    </UnitTest>
    <UnitTest name="NextPermutation13" storage="c:\combcell\googlecode\trunk\solutions\combcell\combcell.dsalgo\combcell.dsalgo.tests\bin\debug\combcell.dsalgo.tests.dll" id="51650ca9-f95f-6619-097a-f5a68e5f192f">
      <Css projectStructure="" iteration="" />
      <Owners>
        <Owner name="" />
      </Owners>
      <Execution id="43ef157f-b154-47f4-a38e-15cabdd01008" />
      <TestMethod codeBase="C:\combcell\googlecode\trunk\Solutions\CombCell\CombCell.DSAlgo\CombCell.DSAlgo.Tests\bin\Debug\CombCell.DSAlgo.Tests.dll" adapterTypeName="Microsoft.VisualStudio.TestTools.TestTypes.Unit.UnitTestAdapter, Microsoft.VisualStudio.QualityTools.Tips.UnitTest.Adapter, Version=9.0.0.0, Culture=neutral, PublicKeyToken=b03f5f7f11d50a3a" className="CombCell.DSAlgo.HamiltonSlowTTest, CombCell.DSAlgo.Tests" name="NextPermutation13" />
    </UnitTest>
    <UnitTest name="CanCalcGet01" storage="c:\combcell\googlecode\trunk\solutions\combcell\combcell.dsalgo\combcell.dsalgo.tests\bin\debug\combcell.dsalgo.tests.dll" id="5c7305bf-ecd3-25df-2869-441643906bc2">
      <Css projectStructure="" iteration="" />
      <Owners>
        <Owner name="" />
      </Owners>
      <Execution id="ee908c23-24d5-4806-a737-dd44b58f1e93" />
      <TestMethod codeBase="C:\combcell\googlecode\trunk\Solutions\CombCell\CombCell.DSAlgo\CombCell.DSAlgo.Tests\bin\Debug\CombCell.DSAlgo.Tests.dll" adapterTypeName="Microsoft.VisualStudio.TestTools.TestTypes.Unit.UnitTestAdapter, Microsoft.VisualStudio.QualityTools.Tips.UnitTest.Adapter, Version=9.0.0.0, Culture=neutral, PublicKeyToken=b03f5f7f11d50a3a" className="CombCell.DSAlgo.SingleSourceTTest, CombCell.DSAlgo.Tests" name="CanCalcGet01" />
    </UnitTest>
    <UnitTest name="KeyCountGet01" storage="c:\combcell\googlecode\trunk\solutions\combcell\combcell.dsalgo\combcell.dsalgo.tests\bin\debug\combcell.dsalgo.tests.dll" id="1c58ed77-7673-ef64-53ac-48d927dfa897">
      <Css projectStructure="" iteration="" />
      <Owners>
        <Owner name="" />
      </Owners>
      <Execution id="5f8b26f2-9b01-46fd-a42a-2285585f718c" />
      <TestMethod codeBase="C:\combcell\googlecode\trunk\Solutions\CombCell\CombCell.DSAlgo\CombCell.DSAlgo.Tests\bin\Debug\CombCell.DSAlgo.Tests.dll" adapterTypeName="Microsoft.VisualStudio.TestTools.TestTypes.Unit.UnitTestAdapter, Microsoft.VisualStudio.QualityTools.Tips.UnitTest.Adapter, Version=9.0.0.0, Culture=neutral, PublicKeyToken=b03f5f7f11d50a3a" className="CombCell.DSAlgo.GraphPathTTest, CombCell.DSAlgo.Tests" name="KeyCountGet01" />
    </UnitTest>
    <UnitTest name="CreateCellShape01" storage="c:\combcell\googlecode\trunk\solutions\combcell\combcell.test\combcell.tests\bin\debug\combcell.tests.dll" id="9bed81ba-1ef2-f3f5-6f1f-382f40ecb75e">
      <Css projectStructure="" iteration="" />
      <Owners>
        <Owner name="" />
      </Owners>
      <Execution id="229fe641-358f-4ae4-8f81-9f38bd4f69f4" />
      <TestMethod codeBase="C:\combcell\googlecode\trunk\Solutions\CombCell\CombCell.Test\CombCell.Tests\bin\Debug\CombCell.Tests.dll" adapterTypeName="Microsoft.VisualStudio.TestTools.TestTypes.Unit.UnitTestAdapter, Microsoft.VisualStudio.QualityTools.Tips.UnitTest.Adapter, Version=9.0.0.0, Culture=neutral, PublicKeyToken=b03f5f7f11d50a3a" className="CombCell.HexArrangerTest, CombCell.Tests" name="CreateCellShape01" />
    </UnitTest>
    <UnitTest name="PathDescriptionGetSet03" storage="c:\combcell\googlecode\trunk\solutions\combcell\combcell.test\combcell.tests\bin\debug\combcell.tests.dll" id="c6b7e6a4-7f91-9202-733f-5dc6ca6a7d53">
      <Css projectStructure="" iteration="" />
      <Owners>
        <Owner name="" />
      </Owners>
      <Execution id="233f9a6c-b50c-4738-b3be-65b51eff0de5" />
      <TestMethod codeBase="C:\combcell\googlecode\trunk\Solutions\CombCell\CombCell.Test\CombCell.Tests\bin\Debug\CombCell.Tests.dll" adapterTypeName="Microsoft.VisualStudio.TestTools.TestTypes.Unit.UnitTestAdapter, Microsoft.VisualStudio.QualityTools.Tips.UnitTest.Adapter, Version=9.0.0.0, Culture=neutral, PublicKeyToken=b03f5f7f11d50a3a" className="CombCell.CombTest, CombCell.Tests" name="PathDescriptionGetSet03" />
    </UnitTest>
    <UnitTest name="GraphPathGetSet02" storage="c:\combcell\googlecode\trunk\solutions\combcell\combcell.test\combcell.tests\bin\debug\combcell.tests.dll" id="94029847-e4b4-3aa7-204a-9155809d33de">
      <Css projectStructure="" iteration="" />
      <Owners>
        <Owner name="" />
      </Owners>
      <Execution id="b037b6da-26b3-4664-b6d9-b49e49dce069" />
      <TestMethod codeBase="C:\combcell\googlecode\trunk\Solutions\CombCell\CombCell.Test\CombCell.Tests\bin\Debug\CombCell.Tests.dll" adapterTypeName="Microsoft.VisualStudio.TestTools.TestTypes.Unit.UnitTestAdapter, Microsoft.VisualStudio.QualityTools.Tips.UnitTest.Adapter, Version=9.0.0.0, Culture=neutral, PublicKeyToken=b03f5f7f11d50a3a" className="CombCell.CombTest, CombCell.Tests" name="GraphPathGetSet02" />
    </UnitTest>
    <UnitTest name="MarkIndex02" storage="c:\combcell\googlecode\trunk\solutions\combcell\combcell.test\combcell.tests\bin\debug\combcell.tests.dll" id="88bc6439-083c-f433-6e7d-4337779b302b">
      <Css projectStructure="" iteration="" />
      <Owners>
        <Owner name="" />
      </Owners>
      <Execution id="c5a581d0-5d9a-4a84-b50e-08d8e01add5c" />
      <TestMethod codeBase="C:\combcell\googlecode\trunk\Solutions\CombCell\CombCell.Test\CombCell.Tests\bin\Debug\CombCell.Tests.dll" adapterTypeName="Microsoft.VisualStudio.TestTools.TestTypes.Unit.UnitTestAdapter, Microsoft.VisualStudio.QualityTools.Tips.UnitTest.Adapter, Version=9.0.0.0, Culture=neutral, PublicKeyToken=b03f5f7f11d50a3a" className="CombCell.TriArrangerTest, CombCell.Tests" name="MarkIndex02" />
    </UnitTest>
    <UnitTest name="NextPermutation17" storage="c:\combcell\googlecode\trunk\solutions\combcell\combcell.dsalgo\combcell.dsalgo.tests\bin\debug\combcell.dsalgo.tests.dll" id="24486128-38f3-9da3-cecc-5fe2e2264f60">
      <Css projectStructure="" iteration="" />
      <Owners>
        <Owner name="" />
      </Owners>
      <Execution id="ee57281b-d02e-49b5-8896-4f3fff4d8e9e" />
      <TestMethod codeBase="C:\combcell\googlecode\trunk\Solutions\CombCell\CombCell.DSAlgo\CombCell.DSAlgo.Tests\bin\Debug\CombCell.DSAlgo.Tests.dll" adapterTypeName="Microsoft.VisualStudio.TestTools.TestTypes.Unit.UnitTestAdapter, Microsoft.VisualStudio.QualityTools.Tips.UnitTest.Adapter, Version=9.0.0.0, Culture=neutral, PublicKeyToken=b03f5f7f11d50a3a" className="CombCell.DSAlgo.HamiltonSlowTTest, CombCell.DSAlgo.Tests" name="NextPermutation17" />
    </UnitTest>
    <UnitTest name="DiscriptionGet01" storage="c:\combcell\googlecode\trunk\solutions\combcell\combcell.dsalgo\combcell.dsalgo.tests\bin\debug\combcell.dsalgo.tests.dll" id="41ae6242-81c9-a3d2-bae7-20022b9e4fdf">
      <Css projectStructure="" iteration="" />
      <Owners>
        <Owner name="" />
      </Owners>
      <Execution id="c76a4729-9fb9-4ed3-9d85-8e286027c42e" />
      <TestMethod codeBase="C:\combcell\googlecode\trunk\Solutions\CombCell\CombCell.DSAlgo\CombCell.DSAlgo.Tests\bin\Debug\CombCell.DSAlgo.Tests.dll" adapterTypeName="Microsoft.VisualStudio.TestTools.TestTypes.Unit.UnitTestAdapter, Microsoft.VisualStudio.QualityTools.Tips.UnitTest.Adapter, Version=9.0.0.0, Culture=neutral, PublicKeyToken=b03f5f7f11d50a3a" className="CombCell.DSAlgo.SnakeTTest, CombCell.DSAlgo.Tests" name="DiscriptionGet01" />
    </UnitTest>
    <UnitTest name="ChoosedAlgorithmGetSet02" storage="c:\combcell\googlecode\trunk\solutions\combcell\combcell.test\combcell.tests\bin\debug\combcell.tests.dll" id="8cbc6944-c632-ffd0-f13d-20fa1a1a2890">
      <Css projectStructure="" iteration="" />
      <Owners>
        <Owner name="" />
      </Owners>
      <Execution id="48905a15-b115-4c34-8e01-43e2ced685c1" />
      <TestMethod codeBase="C:\combcell\googlecode\trunk\Solutions\CombCell\CombCell.Test\CombCell.Tests\bin\Debug\CombCell.Tests.dll" adapterTypeName="Microsoft.VisualStudio.TestTools.TestTypes.Unit.UnitTestAdapter, Microsoft.VisualStudio.QualityTools.Tips.UnitTest.Adapter, Version=9.0.0.0, Culture=neutral, PublicKeyToken=b03f5f7f11d50a3a" className="CombCell.CombTest, CombCell.Tests" name="ChoosedAlgorithmGetSet02" />
    </UnitTest>
    <UnitTest name="NextPermutation07" storage="c:\combcell\googlecode\trunk\solutions\combcell\combcell.dsalgo\combcell.dsalgo.tests\bin\debug\combcell.dsalgo.tests.dll" id="feb201e8-d080-0fb4-faec-59ff41818641">
      <Css projectStructure="" iteration="" />
      <Owners>
        <Owner name="" />
      </Owners>
      <Execution id="ceadd8f3-4052-45b5-8eef-e4569fcb561e" />
      <TestMethod codeBase="C:\combcell\googlecode\trunk\Solutions\CombCell\CombCell.DSAlgo\CombCell.DSAlgo.Tests\bin\Debug\CombCell.DSAlgo.Tests.dll" adapterTypeName="Microsoft.VisualStudio.TestTools.TestTypes.Unit.UnitTestAdapter, Microsoft.VisualStudio.QualityTools.Tips.UnitTest.Adapter, Version=9.0.0.0, Culture=neutral, PublicKeyToken=b03f5f7f11d50a3a" className="CombCell.DSAlgo.HamiltonSlowTTest, CombCell.DSAlgo.Tests" name="NextPermutation07" />
    </UnitTest>
    <UnitTest name="FromPointToPair02" storage="c:\combcell\googlecode\trunk\solutions\combcell\combcell.test\combcell.tests\bin\debug\combcell.tests.dll" id="ad02ab5d-e966-0ae4-f853-78f47ba37358">
      <Css projectStructure="" iteration="" />
      <Owners>
        <Owner name="" />
      </Owners>
      <Execution id="7790c3e7-e153-4bd4-b4db-cb00eb0f9341" />
      <TestMethod codeBase="C:\combcell\googlecode\trunk\Solutions\CombCell\CombCell.Test\CombCell.Tests\bin\Debug\CombCell.Tests.dll" adapterTypeName="Microsoft.VisualStudio.TestTools.TestTypes.Unit.UnitTestAdapter, Microsoft.VisualStudio.QualityTools.Tips.UnitTest.Adapter, Version=9.0.0.0, Culture=neutral, PublicKeyToken=b03f5f7f11d50a3a" className="CombCell.HexArrangerTest, CombCell.Tests" name="FromPointToPair02" />
    </UnitTest>
    <UnitTest name="Arrange01" storage="c:\combcell\googlecode\trunk\solutions\combcell\combcell.test\combcell.tests\bin\debug\combcell.tests.dll" id="b7d18d99-ec55-6e5c-e9a7-26fa994056c5">
      <Css projectStructure="" iteration="" />
      <Owners>
        <Owner name="" />
      </Owners>
      <Execution id="4f408c92-59ae-4697-84ba-2828b8dc62cf" />
      <TestMethod codeBase="C:\combcell\googlecode\trunk\Solutions\CombCell\CombCell.Test\CombCell.Tests\bin\Debug\CombCell.Tests.dll" adapterTypeName="Microsoft.VisualStudio.TestTools.TestTypes.Unit.UnitTestAdapter, Microsoft.VisualStudio.QualityTools.Tips.UnitTest.Adapter, Version=9.0.0.0, Culture=neutral, PublicKeyToken=b03f5f7f11d50a3a" className="CombCell.TriArrangerTest, CombCell.Tests" name="Arrange01" />
    </UnitTest>
    <UnitTest name="FromPointToPair02" storage="c:\combcell\googlecode\trunk\solutions\combcell\combcell.test\combcell.tests\bin\debug\combcell.tests.dll" id="21404326-4cd1-dc03-5131-8757928c3b49">
      <Css projectStructure="" iteration="" />
      <Owners>
        <Owner name="" />
      </Owners>
      <Execution id="69aaacf4-dbe7-4f42-b01e-d37ae6f502f0" />
      <TestMethod codeBase="C:\combcell\googlecode\trunk\Solutions\CombCell\CombCell.Test\CombCell.Tests\bin\Debug\CombCell.Tests.dll" adapterTypeName="Microsoft.VisualStudio.TestTools.TestTypes.Unit.UnitTestAdapter, Microsoft.VisualStudio.QualityTools.Tips.UnitTest.Adapter, Version=9.0.0.0, Culture=neutral, PublicKeyToken=b03f5f7f11d50a3a" className="CombCell.TriArrangerTest, CombCell.Tests" name="FromPointToPair02" />
    </UnitTest>
    <UnitTest name="FromPointToPair07" storage="c:\combcell\googlecode\trunk\solutions\combcell\combcell.test\combcell.tests\bin\debug\combcell.tests.dll" id="98710463-87b8-1b6f-f861-2f3765674907">
      <Css projectStructure="" iteration="" />
      <Owners>
        <Owner name="" />
      </Owners>
      <Execution id="5cb2fd30-b5bf-4016-8321-806de847dfff" />
      <TestMethod codeBase="C:\combcell\googlecode\trunk\Solutions\CombCell\CombCell.Test\CombCell.Tests\bin\Debug\CombCell.Tests.dll" adapterTypeName="Microsoft.VisualStudio.TestTools.TestTypes.Unit.UnitTestAdapter, Microsoft.VisualStudio.QualityTools.Tips.UnitTest.Adapter, Version=9.0.0.0, Culture=neutral, PublicKeyToken=b03f5f7f11d50a3a" className="CombCell.ArrangerTest, CombCell.Tests" name="FromPointToPair07" />
    </UnitTest>
    <UnitTest name="StartMarkIndex02" storage="c:\combcell\googlecode\trunk\solutions\combcell\combcell.test\combcell.tests\bin\debug\combcell.tests.dll" id="165091b1-4fb6-16e3-a902-282a1d2b84c6">
      <Css projectStructure="" iteration="" />
      <Owners>
        <Owner name="" />
      </Owners>
      <Execution id="6181d8aa-6a34-4984-8339-b5083a8982a9" />
      <TestMethod codeBase="C:\combcell\googlecode\trunk\Solutions\CombCell\CombCell.Test\CombCell.Tests\bin\Debug\CombCell.Tests.dll" adapterTypeName="Microsoft.VisualStudio.TestTools.TestTypes.Unit.UnitTestAdapter, Microsoft.VisualStudio.QualityTools.Tips.UnitTest.Adapter, Version=9.0.0.0, Culture=neutral, PublicKeyToken=b03f5f7f11d50a3a" className="CombCell.CombTest, CombCell.Tests" name="StartMarkIndex02" />
    </UnitTest>
    <UnitTest name="Unselect01" storage="c:\combcell\googlecode\trunk\solutions\combcell\combcell.test\combcell.tests\bin\debug\combcell.tests.dll" id="386c3d95-99e6-8cb4-881a-05a9f5acfcaf">
      <Css projectStructure="" iteration="" />
      <Owners>
        <Owner name="" />
      </Owners>
      <Execution id="bbd1f1e3-99da-48b3-9b8d-1d241eacbf00" />
      <TestMethod codeBase="C:\combcell\googlecode\trunk\Solutions\CombCell\CombCell.Test\CombCell.Tests\bin\Debug\CombCell.Tests.dll" adapterTypeName="Microsoft.VisualStudio.TestTools.TestTypes.Unit.UnitTestAdapter, Microsoft.VisualStudio.QualityTools.Tips.UnitTest.Adapter, Version=9.0.0.0, Culture=neutral, PublicKeyToken=b03f5f7f11d50a3a" className="CombCell.CombTest, CombCell.Tests" name="Unselect01" />
    </UnitTest>
    <UnitTest name="EnsureCells12" storage="c:\combcell\googlecode\trunk\solutions\combcell\combcell.test\combcell.tests\bin\debug\combcell.tests.dll" id="68400bb2-32c5-51f4-deac-170c4b2b8c7c">
      <Css projectStructure="" iteration="" />
      <Owners>
        <Owner name="" />
      </Owners>
      <Execution id="51a0f11c-31ef-44c3-9eba-6b01f0b932ed" />
      <TestMethod codeBase="C:\combcell\googlecode\trunk\Solutions\CombCell\CombCell.Test\CombCell.Tests\bin\Debug\CombCell.Tests.dll" adapterTypeName="Microsoft.VisualStudio.TestTools.TestTypes.Unit.UnitTestAdapter, Microsoft.VisualStudio.QualityTools.Tips.UnitTest.Adapter, Version=9.0.0.0, Culture=neutral, PublicKeyToken=b03f5f7f11d50a3a" className="CombCell.CombTest, CombCell.Tests" name="EnsureCells12" />
    </UnitTest>
    <UnitTest name="CreateEdge05" storage="c:\combcell\googlecode\trunk\solutions\combcell\combcell.dsalgo\combcell.dsalgo.tests\bin\debug\combcell.dsalgo.tests.dll" id="07b32390-6261-23b7-0f2c-671843815bae">
      <Css projectStructure="" iteration="" />
      <Owners>
        <Owner name="" />
      </Owners>
      <Execution id="cacc1d80-fcc7-4b8b-9581-1f3cc7e75bc4" />
      <TestMethod codeBase="C:\combcell\googlecode\trunk\Solutions\CombCell\CombCell.DSAlgo\CombCell.DSAlgo.Tests\bin\Debug\CombCell.DSAlgo.Tests.dll" adapterTypeName="Microsoft.VisualStudio.TestTools.TestTypes.Unit.UnitTestAdapter, Microsoft.VisualStudio.QualityTools.Tips.UnitTest.Adapter, Version=9.0.0.0, Culture=neutral, PublicKeyToken=b03f5f7f11d50a3a" className="CombCell.DSAlgo.GraphTTest, CombCell.DSAlgo.Tests" name="CreateEdge05" />
    </UnitTest>
    <UnitTest name="RemoveVertex01" storage="c:\combcell\googlecode\trunk\solutions\combcell\combcell.test\combcell.tests\bin\debug\combcell.tests.dll" id="356c99df-236d-a8ab-4cd3-05a338222889">
      <Css projectStructure="" iteration="" />
      <Owners>
        <Owner name="" />
      </Owners>
      <Execution id="4da9aedf-5a09-44ff-b25b-f842dc69e824" />
      <TestMethod codeBase="C:\combcell\googlecode\trunk\Solutions\CombCell\CombCell.Test\CombCell.Tests\bin\Debug\CombCell.Tests.dll" adapterTypeName="Microsoft.VisualStudio.TestTools.TestTypes.Unit.UnitTestAdapter, Microsoft.VisualStudio.QualityTools.Tips.UnitTest.Adapter, Version=9.0.0.0, Culture=neutral, PublicKeyToken=b03f5f7f11d50a3a" className="CombCell.DSAlgo.GraphTTest, CombCell.Tests" name="RemoveVertex01" />
    </UnitTest>
    <UnitTest name="IsConnect02" storage="c:\combcell\googlecode\trunk\solutions\combcell\combcell.dsalgo\combcell.dsalgo.tests\bin\debug\combcell.dsalgo.tests.dll" id="34139508-18de-db7d-ab29-fe6f43daf29c">
      <Css projectStructure="" iteration="" />
      <Owners>
        <Owner name="" />
      </Owners>
      <Execution id="2d901489-3b9b-43bc-801b-7b6d4d6526e9" />
      <TestMethod codeBase="C:\combcell\googlecode\trunk\Solutions\CombCell\CombCell.DSAlgo\CombCell.DSAlgo.Tests\bin\Debug\CombCell.DSAlgo.Tests.dll" adapterTypeName="Microsoft.VisualStudio.TestTools.TestTypes.Unit.UnitTestAdapter, Microsoft.VisualStudio.QualityTools.Tips.UnitTest.Adapter, Version=9.0.0.0, Culture=neutral, PublicKeyToken=b03f5f7f11d50a3a" className="CombCell.DSAlgo.VertexTTest, CombCell.DSAlgo.Tests" name="IsConnect02" />
    </UnitTest>
    <UnitTest name="NearBy01" storage="c:\combcell\googlecode\trunk\solutions\combcell\combcell.test\combcell.tests\bin\debug\combcell.tests.dll" id="a32ba66b-8e19-e9d1-88a2-eddd7bcd4711">
      <Css projectStructure="" iteration="" />
      <Owners>
        <Owner name="" />
      </Owners>
      <Execution id="f112076d-d550-47de-8c87-13a3d2a73404" />
      <TestMethod codeBase="C:\combcell\googlecode\trunk\Solutions\CombCell\CombCell.Test\CombCell.Tests\bin\Debug\CombCell.Tests.dll" adapterTypeName="Microsoft.VisualStudio.TestTools.TestTypes.Unit.UnitTestAdapter, Microsoft.VisualStudio.QualityTools.Tips.UnitTest.Adapter, Version=9.0.0.0, Culture=neutral, PublicKeyToken=b03f5f7f11d50a3a" className="CombCell.HexArrangerTest, CombCell.Tests" name="NearBy01" />
    </UnitTest>
    <UnitTest name="ToGetSet02" storage="c:\combcell\googlecode\trunk\solutions\combcell\combcell.test\combcell.tests\bin\debug\combcell.tests.dll" id="1a56c911-c9da-4424-387c-1940377ec188">
      <Css projectStructure="" iteration="" />
      <Owners>
        <Owner name="" />
      </Owners>
      <Execution id="48fc32ab-bb8f-4773-ab00-be5a27c57025" />
      <TestMethod codeBase="C:\combcell\googlecode\trunk\Solutions\CombCell\CombCell.Test\CombCell.Tests\bin\Debug\CombCell.Tests.dll" adapterTypeName="Microsoft.VisualStudio.TestTools.TestTypes.Unit.UnitTestAdapter, Microsoft.VisualStudio.QualityTools.Tips.UnitTest.Adapter, Version=9.0.0.0, Culture=neutral, PublicKeyToken=b03f5f7f11d50a3a" className="CombCell.DSAlgo.EdgeTTest, CombCell.Tests" name="ToGetSet02" />
    </UnitTest>
    <UnitTest name="Equality01" storage="c:\combcell\googlecode\trunk\solutions\combcell\combcell.test\combcell.tests\bin\debug\combcell.tests.dll" id="20073bbf-dd36-4a50-dc4b-996ebbc4ad86">
      <Css projectStructure="" iteration="" />
      <Owners>
        <Owner name="" />
      </Owners>
      <Execution id="e389f95d-f22c-4a44-84ef-f52f22ef895d" />
      <TestMethod codeBase="C:\combcell\googlecode\trunk\Solutions\CombCell\CombCell.Test\CombCell.Tests\bin\Debug\CombCell.Tests.dll" adapterTypeName="Microsoft.VisualStudio.TestTools.TestTypes.Unit.UnitTestAdapter, Microsoft.VisualStudio.QualityTools.Tips.UnitTest.Adapter, Version=9.0.0.0, Culture=neutral, PublicKeyToken=b03f5f7f11d50a3a" className="CombCell.PairTTest, CombCell.Tests" name="Equality01" />
    </UnitTest>
    <UnitTest name="ItemGet05" storage="c:\combcell\googlecode\trunk\solutions\combcell\combcell.test\combcell.tests\bin\debug\combcell.tests.dll" id="2b6eee88-6f01-5b23-de7c-5d9daa6a67ed">
      <Css projectStructure="" iteration="" />
      <Owners>
        <Owner name="" />
      </Owners>
      <Execution id="42b36bbf-2827-492d-ac8e-3ba5c0e16e36" />
      <TestMethod codeBase="C:\combcell\googlecode\trunk\Solutions\CombCell\CombCell.Test\CombCell.Tests\bin\Debug\CombCell.Tests.dll" adapterTypeName="Microsoft.VisualStudio.TestTools.TestTypes.Unit.UnitTestAdapter, Microsoft.VisualStudio.QualityTools.Tips.UnitTest.Adapter, Version=9.0.0.0, Culture=neutral, PublicKeyToken=b03f5f7f11d50a3a" className="CombCell.CombTest, CombCell.Tests" name="ItemGet05" />
    </UnitTest>
    <UnitTest name="IsReadOnlyGet01" storage="c:\combcell\googlecode\trunk\solutions\combcell\combcell.dsalgo\combcell.dsalgo.tests\bin\debug\combcell.dsalgo.tests.dll" id="9c743b20-c7ed-01f1-727c-95512b775bfb">
      <Css projectStructure="" iteration="" />
      <Owners>
        <Owner name="" />
      </Owners>
      <Execution id="5a4e05b9-60e2-43af-9c80-ab8578fa2303" />
      <TestMethod codeBase="C:\combcell\googlecode\trunk\Solutions\CombCell\CombCell.DSAlgo\CombCell.DSAlgo.Tests\bin\Debug\CombCell.DSAlgo.Tests.dll" adapterTypeName="Microsoft.VisualStudio.TestTools.TestTypes.Unit.UnitTestAdapter, Microsoft.VisualStudio.QualityTools.Tips.UnitTest.Adapter, Version=9.0.0.0, Culture=neutral, PublicKeyToken=b03f5f7f11d50a3a" className="CombCell.DSAlgo.PriorityQueueTItemTPriTest, CombCell.DSAlgo.Tests" name="IsReadOnlyGet01" />
    </UnitTest>
    <UnitTest name="Constructor01" storage="c:\combcell\googlecode\trunk\solutions\combcell\combcell.test\combcell.tests\bin\debug\combcell.tests.dll" id="e2746fb6-36f6-14e6-2fe1-a204768334c2">
      <Css projectStructure="" iteration="" />
      <Owners>
        <Owner name="" />
      </Owners>
      <Execution id="3770d71a-c915-47e8-9cd6-b405e3a3209f" />
      <TestMethod codeBase="C:\combcell\googlecode\trunk\Solutions\CombCell\CombCell.Test\CombCell.Tests\bin\Debug\CombCell.Tests.dll" adapterTypeName="Microsoft.VisualStudio.TestTools.TestTypes.Unit.UnitTestAdapter, Microsoft.VisualStudio.QualityTools.Tips.UnitTest.Adapter, Version=9.0.0.0, Culture=neutral, PublicKeyToken=b03f5f7f11d50a3a" className="CombCell.PairTTest, CombCell.Tests" name="Constructor01" />
    </UnitTest>
    <UnitTest name="CalcFc0103" storage="c:\combcell\googlecode\trunk\solutions\combcell\combcell.dsalgo\combcell.dsalgo.tests\bin\debug\combcell.dsalgo.tests.dll" id="27c612ff-f410-67a7-d180-f41df4dad452">
      <Css projectStructure="" iteration="" />
      <Owners>
        <Owner name="" />
      </Owners>
      <Execution id="69f55353-b149-4b4d-80e8-8a8f9de7ae5b" />
      <TestMethod codeBase="C:\combcell\googlecode\trunk\Solutions\CombCell\CombCell.DSAlgo\CombCell.DSAlgo.Tests\bin\Debug\CombCell.DSAlgo.Tests.dll" adapterTypeName="Microsoft.VisualStudio.TestTools.TestTypes.Unit.UnitTestAdapter, Microsoft.VisualStudio.QualityTools.Tips.UnitTest.Adapter, Version=9.0.0.0, Culture=neutral, PublicKeyToken=b03f5f7f11d50a3a" className="CombCell.DSAlgo.HamiltonTTest, CombCell.DSAlgo.Tests" name="CalcFc0103" />
    </UnitTest>
    <UnitTest name="Arrange01" storage="c:\combcell\googlecode\trunk\solutions\combcell\combcell.test\combcell.tests\bin\debug\combcell.tests.dll" id="74bc3f28-f2ed-d202-c050-a9d968e5cfe8">
      <Css projectStructure="" iteration="" />
      <Owners>
        <Owner name="" />
      </Owners>
      <Execution id="c668c99b-70f6-4092-9a45-49bb1522a216" />
      <TestMethod codeBase="C:\combcell\googlecode\trunk\Solutions\CombCell\CombCell.Test\CombCell.Tests\bin\Debug\CombCell.Tests.dll" adapterTypeName="Microsoft.VisualStudio.TestTools.TestTypes.Unit.UnitTestAdapter, Microsoft.VisualStudio.QualityTools.Tips.UnitTest.Adapter, Version=9.0.0.0, Culture=neutral, PublicKeyToken=b03f5f7f11d50a3a" className="CombCell.RectArrangerTest, CombCell.Tests" name="Arrange01" />
    </UnitTest>
    <UnitTest name="HasNextPermutation0124" storage="c:\combcell\googlecode\trunk\solutions\combcell\combcell.dsalgo\combcell.dsalgo.tests\bin\debug\combcell.dsalgo.tests.dll" id="c3ba7553-63e9-340f-36f4-8f70e4f983fc">
      <Css projectStructure="" iteration="" />
      <Owners>
        <Owner name="" />
      </Owners>
      <Execution id="897806f5-415a-453f-9012-994f52510b7e" />
      <TestMethod codeBase="C:\combcell\googlecode\trunk\Solutions\CombCell\CombCell.DSAlgo\CombCell.DSAlgo.Tests\bin\Debug\CombCell.DSAlgo.Tests.dll" adapterTypeName="Microsoft.VisualStudio.TestTools.TestTypes.Unit.UnitTestAdapter, Microsoft.VisualStudio.QualityTools.Tips.UnitTest.Adapter, Version=9.0.0.0, Culture=neutral, PublicKeyToken=b03f5f7f11d50a3a" className="CombCell.DSAlgo.HamiltonSlowTTest, CombCell.DSAlgo.Tests" name="HasNextPermutation0124" />
    </UnitTest>
    <UnitTest name="KeysGet01" storage="c:\combcell\googlecode\trunk\solutions\combcell\combcell.dsalgo\combcell.dsalgo.tests\bin\debug\combcell.dsalgo.tests.dll" id="5eb108e1-6097-b5b5-9011-10286332ff46">
      <Css projectStructure="" iteration="" />
      <Owners>
        <Owner name="" />
      </Owners>
      <Execution id="7c59c454-b402-4ef4-9bbd-fede7ec9f263" />
      <TestMethod codeBase="C:\combcell\googlecode\trunk\Solutions\CombCell\CombCell.DSAlgo\CombCell.DSAlgo.Tests\bin\Debug\CombCell.DSAlgo.Tests.dll" adapterTypeName="Microsoft.VisualStudio.TestTools.TestTypes.Unit.UnitTestAdapter, Microsoft.VisualStudio.QualityTools.Tips.UnitTest.Adapter, Version=9.0.0.0, Culture=neutral, PublicKeyToken=b03f5f7f11d50a3a" className="CombCell.DSAlgo.PriorityQueueTItemTPriTest, CombCell.DSAlgo.Tests" name="KeysGet01" />
    </UnitTest>
    <UnitTest name="Constructor02" storage="c:\combcell\googlecode\trunk\solutions\combcell\combcell.test\combcell.tests\bin\debug\combcell.tests.dll" id="742a861c-53c5-70af-0ba8-f3aa2339f3ff">
      <Css projectStructure="" iteration="" />
      <Owners>
        <Owner name="" />
      </Owners>
      <Execution id="4196c6b4-2231-4beb-a9c0-56e285f14fb3" />
      <TestMethod codeBase="C:\combcell\googlecode\trunk\Solutions\CombCell\CombCell.Test\CombCell.Tests\bin\Debug\CombCell.Tests.dll" adapterTypeName="Microsoft.VisualStudio.TestTools.TestTypes.Unit.UnitTestAdapter, Microsoft.VisualStudio.QualityTools.Tips.UnitTest.Adapter, Version=9.0.0.0, Culture=neutral, PublicKeyToken=b03f5f7f11d50a3a" className="CombCell.CombTest, CombCell.Tests" name="Constructor02" />
    </UnitTest>
    <UnitTest name="Inequality02" storage="c:\combcell\googlecode\trunk\solutions\combcell\combcell.test\combcell.tests\bin\debug\combcell.tests.dll" id="1439f4ee-cdb4-c154-045a-c0f134b3410b">
      <Css projectStructure="" iteration="" />
      <Owners>
        <Owner name="" />
      </Owners>
      <Execution id="3a05eb24-2516-49c9-8b0c-cd1721950e85" />
      <TestMethod codeBase="C:\combcell\googlecode\trunk\Solutions\CombCell\CombCell.Test\CombCell.Tests\bin\Debug\CombCell.Tests.dll" adapterTypeName="Microsoft.VisualStudio.TestTools.TestTypes.Unit.UnitTestAdapter, Microsoft.VisualStudio.QualityTools.Tips.UnitTest.Adapter, Version=9.0.0.0, Culture=neutral, PublicKeyToken=b03f5f7f11d50a3a" className="CombCell.PairTTest, CombCell.Tests" name="Inequality02" />
    </UnitTest>
    <UnitTest name="Constructor01" storage="c:\combcell\googlecode\trunk\solutions\combcell\combcell.dsalgo\combcell.dsalgo.tests\bin\debug\combcell.dsalgo.tests.dll" id="1df1cad8-78d1-e5b7-cbdd-a603cc268baf">
      <Css projectStructure="" iteration="" />
      <Owners>
        <Owner name="" />
      </Owners>
      <Execution id="f5243dca-2e22-4668-9b3c-40aed7109cd6" />
      <TestMethod codeBase="C:\combcell\googlecode\trunk\Solutions\CombCell\CombCell.DSAlgo\CombCell.DSAlgo.Tests\bin\Debug\CombCell.DSAlgo.Tests.dll" adapterTypeName="Microsoft.VisualStudio.TestTools.TestTypes.Unit.UnitTestAdapter, Microsoft.VisualStudio.QualityTools.Tips.UnitTest.Adapter, Version=9.0.0.0, Culture=neutral, PublicKeyToken=b03f5f7f11d50a3a" className="CombCell.DSAlgo.SnakeTTest, CombCell.DSAlgo.Tests" name="Constructor01" />
    </UnitTest>
    <UnitTest name="Main01" storage="c:\combcell\googlecode\trunk\solutions\combcell\combcell.test\combcell.tests\bin\debug\combcell.tests.dll" id="e858b7dc-5b4a-99fa-8bca-01afb959033e">
      <Css projectStructure="" iteration="" />
      <Owners>
        <Owner name="" />
      </Owners>
      <Execution id="57dda70e-2123-4f72-8105-3c3d5403fe45" />
      <TestMethod codeBase="C:\combcell\googlecode\trunk\Solutions\CombCell\CombCell.Test\CombCell.Tests\bin\Debug\CombCell.Tests.dll" adapterTypeName="Microsoft.VisualStudio.TestTools.TestTypes.Unit.UnitTestAdapter, Microsoft.VisualStudio.QualityTools.Tips.UnitTest.Adapter, Version=9.0.0.0, Culture=neutral, PublicKeyToken=b03f5f7f11d50a3a" className="CombCell.CombCellAppTest, CombCell.Tests" name="Main01" />
    </UnitTest>
    <UnitTest name="AlgorithmGet01" storage="c:\combcell\googlecode\trunk\solutions\combcell\combcell.test\combcell.tests\bin\debug\combcell.tests.dll" id="a1f1c160-6161-e642-dfc8-cc5ce3ca0041">
      <Css projectStructure="" iteration="" />
      <Owners>
        <Owner name="" />
      </Owners>
      <Execution id="f96359da-f0ef-426e-b248-fdf571c9b42f" />
      <TestMethod codeBase="C:\combcell\googlecode\trunk\Solutions\CombCell\CombCell.Test\CombCell.Tests\bin\Debug\CombCell.Tests.dll" adapterTypeName="Microsoft.VisualStudio.TestTools.TestTypes.Unit.UnitTestAdapter, Microsoft.VisualStudio.QualityTools.Tips.UnitTest.Adapter, Version=9.0.0.0, Culture=neutral, PublicKeyToken=b03f5f7f11d50a3a" className="CombCell.AlgoShowerTest, CombCell.Tests" name="AlgorithmGet01" />
    </UnitTest>
    <UnitTest name="PassedVertexesGetSet01" storage="c:\combcell\googlecode\trunk\solutions\combcell\combcell.dsalgo\combcell.dsalgo.tests\bin\debug\combcell.dsalgo.tests.dll" id="4afc883f-e39e-da43-3d12-5a4149dabf82">
      <Css projectStructure="" iteration="" />
      <Owners>
        <Owner name="" />
      </Owners>
      <Execution id="661a2f45-80a5-4790-a23a-f0d3f6942924" />
      <TestMethod codeBase="C:\combcell\googlecode\trunk\Solutions\CombCell\CombCell.DSAlgo\CombCell.DSAlgo.Tests\bin\Debug\CombCell.DSAlgo.Tests.dll" adapterTypeName="Microsoft.VisualStudio.TestTools.TestTypes.Unit.UnitTestAdapter, Microsoft.VisualStudio.QualityTools.Tips.UnitTest.Adapter, Version=9.0.0.0, Culture=neutral, PublicKeyToken=b03f5f7f11d50a3a" className="CombCell.DSAlgo.GraphPathTTest, CombCell.DSAlgo.Tests" name="PassedVertexesGetSet01" />
    </UnitTest>
    <UnitTest name="CombGetSet03" storage="c:\combcell\googlecode\trunk\solutions\combcell\combcell.test\combcell.tests\bin\debug\combcell.tests.dll" id="25c39882-a4e3-043f-8a30-cb55fa2281f6">
      <Css projectStructure="" iteration="" />
      <Owners>
        <Owner name="" />
      </Owners>
      <Execution id="7be6aefb-7daf-4213-942f-e243b67a3cdb" />
      <TestMethod codeBase="C:\combcell\googlecode\trunk\Solutions\CombCell\CombCell.Test\CombCell.Tests\bin\Debug\CombCell.Tests.dll" adapterTypeName="Microsoft.VisualStudio.TestTools.TestTypes.Unit.UnitTestAdapter, Microsoft.VisualStudio.QualityTools.Tips.UnitTest.Adapter, Version=9.0.0.0, Culture=neutral, PublicKeyToken=b03f5f7f11d50a3a" className="CombCell.ArrangerTest, CombCell.Tests" name="CombGetSet03" />
    </UnitTest>
    <UnitTest name="Block01" storage="c:\combcell\googlecode\trunk\solutions\combcell\combcell.test\combcell.tests\bin\debug\combcell.tests.dll" id="06dbce25-8021-e98b-b3ec-239ea359be58">
      <Css projectStructure="" iteration="" />
      <Owners>
        <Owner name="" />
      </Owners>
      <Execution id="b4a63b48-60b6-4822-8cc0-36f21fe23818" />
      <TestMethod codeBase="C:\combcell\googlecode\trunk\Solutions\CombCell\CombCell.Test\CombCell.Tests\bin\Debug\CombCell.Tests.dll" adapterTypeName="Microsoft.VisualStudio.TestTools.TestTypes.Unit.UnitTestAdapter, Microsoft.VisualStudio.QualityTools.Tips.UnitTest.Adapter, Version=9.0.0.0, Culture=neutral, PublicKeyToken=b03f5f7f11d50a3a" className="CombCell.CombTest, CombCell.Tests" name="Block01" />
    </UnitTest>
    <UnitTest name="EdgesGet01" storage="c:\combcell\googlecode\trunk\solutions\combcell\combcell.test\combcell.tests\bin\debug\combcell.tests.dll" id="57e7e0c8-2587-ff7e-495e-815425f69bc0">
      <Css projectStructure="" iteration="" />
      <Owners>
        <Owner name="" />
      </Owners>
      <Execution id="d0ac9f03-3209-4848-85b7-775fe53d2388" />
      <TestMethod codeBase="C:\combcell\googlecode\trunk\Solutions\CombCell\CombCell.Test\CombCell.Tests\bin\Debug\CombCell.Tests.dll" adapterTypeName="Microsoft.VisualStudio.TestTools.TestTypes.Unit.UnitTestAdapter, Microsoft.VisualStudio.QualityTools.Tips.UnitTest.Adapter, Version=9.0.0.0, Culture=neutral, PublicKeyToken=b03f5f7f11d50a3a" className="CombCell.DSAlgo.GraphTTest, CombCell.Tests" name="EdgesGet01" />
    </UnitTest>
    <UnitTest name="Constructor04" storage="c:\combcell\googlecode\trunk\solutions\combcell\combcell.test\combcell.tests\bin\debug\combcell.tests.dll" id="5f4f3125-228d-f680-4ba9-883e86f03f12">
      <Css projectStructure="" iteration="" />
      <Owners>
        <Owner name="" />
      </Owners>
      <Execution id="bdeee4ed-ef55-4267-a3dd-670971ccdb4f" />
      <TestMethod codeBase="C:\combcell\googlecode\trunk\Solutions\CombCell\CombCell.Test\CombCell.Tests\bin\Debug\CombCell.Tests.dll" adapterTypeName="Microsoft.VisualStudio.TestTools.TestTypes.Unit.UnitTestAdapter, Microsoft.VisualStudio.QualityTools.Tips.UnitTest.Adapter, Version=9.0.0.0, Culture=neutral, PublicKeyToken=b03f5f7f11d50a3a" className="CombCell.DSAlgo.EdgeTTest, CombCell.Tests" name="Constructor04" />
    </UnitTest>
    <UnitTest name="NextPermutationFc02" storage="c:\combcell\googlecode\trunk\solutions\combcell\combcell.dsalgo\combcell.dsalgo.tests\bin\debug\combcell.dsalgo.tests.dll" id="9358a311-0e71-88a4-b0b4-81be77f83d33">
      <Css projectStructure="" iteration="" />
      <Owners>
        <Owner name="" />
      </Owners>
      <Execution id="8524aec7-5117-4530-a92a-8cdf555aeb2b" />
      <TestMethod codeBase="C:\combcell\googlecode\trunk\Solutions\CombCell\CombCell.DSAlgo\CombCell.DSAlgo.Tests\bin\Debug\CombCell.DSAlgo.Tests.dll" adapterTypeName="Microsoft.VisualStudio.TestTools.TestTypes.Unit.UnitTestAdapter, Microsoft.VisualStudio.QualityTools.Tips.UnitTest.Adapter, Version=9.0.0.0, Culture=neutral, PublicKeyToken=b03f5f7f11d50a3a" className="CombCell.DSAlgo.HamiltonSlowTTest, CombCell.DSAlgo.Tests" name="NextPermutationFc02" />
    </UnitTest>
    <UnitTest name="CombGetSet05" storage="c:\combcell\googlecode\trunk\solutions\combcell\combcell.test\combcell.tests\bin\debug\combcell.tests.dll" id="82bad7a0-7540-4384-d379-0dd6ed117bde">
      <Css projectStructure="" iteration="" />
      <Owners>
        <Owner name="" />
      </Owners>
      <Execution id="0d83171a-83e6-42b9-a76a-722115c1e37f" />
      <TestMethod codeBase="C:\combcell\googlecode\trunk\Solutions\CombCell\CombCell.Test\CombCell.Tests\bin\Debug\CombCell.Tests.dll" adapterTypeName="Microsoft.VisualStudio.TestTools.TestTypes.Unit.UnitTestAdapter, Microsoft.VisualStudio.QualityTools.Tips.UnitTest.Adapter, Version=9.0.0.0, Culture=neutral, PublicKeyToken=b03f5f7f11d50a3a" className="CombCell.ArrangerTest, CombCell.Tests" name="CombGetSet05" />
    </UnitTest>
    <UnitTest name="CreateEdge04" storage="c:\combcell\googlecode\trunk\solutions\combcell\combcell.test\combcell.tests\bin\debug\combcell.tests.dll" id="a526bec1-462b-850e-4126-cf0add38ba5e">
      <Css projectStructure="" iteration="" />
      <Owners>
        <Owner name="" />
      </Owners>
      <Execution id="1d312255-e7e9-43df-b965-c7592597ee95" />
      <TestMethod codeBase="C:\combcell\googlecode\trunk\Solutions\CombCell\CombCell.Test\CombCell.Tests\bin\Debug\CombCell.Tests.dll" adapterTypeName="Microsoft.VisualStudio.TestTools.TestTypes.Unit.UnitTestAdapter, Microsoft.VisualStudio.QualityTools.Tips.UnitTest.Adapter, Version=9.0.0.0, Culture=neutral, PublicKeyToken=b03f5f7f11d50a3a" className="CombCell.DSAlgo.GraphTTest, CombCell.Tests" name="CreateEdge04" />
    </UnitTest>
    <UnitTest name="HasNextPermutation0128" storage="c:\combcell\googlecode\trunk\solutions\combcell\combcell.dsalgo\combcell.dsalgo.tests\bin\debug\combcell.dsalgo.tests.dll" id="b2dc07f9-4d21-c215-b5d3-4ee91f0cd726">
      <Css projectStructure="" iteration="" />
      <Owners>
        <Owner name="" />
      </Owners>
      <Execution id="d9585d10-f341-4fd0-bd76-510998a3c097" />
      <TestMethod codeBase="C:\combcell\googlecode\trunk\Solutions\CombCell\CombCell.DSAlgo\CombCell.DSAlgo.Tests\bin\Debug\CombCell.DSAlgo.Tests.dll" adapterTypeName="Microsoft.VisualStudio.TestTools.TestTypes.Unit.UnitTestAdapter, Microsoft.VisualStudio.QualityTools.Tips.UnitTest.Adapter, Version=9.0.0.0, Culture=neutral, PublicKeyToken=b03f5f7f11d50a3a" className="CombCell.DSAlgo.HamiltonSlowTTest, CombCell.DSAlgo.Tests" name="HasNextPermutation0128" />
    </UnitTest>
    <UnitTest name="Inequality01" storage="c:\combcell\googlecode\trunk\solutions\combcell\combcell.test\combcell.tests\bin\debug\combcell.tests.dll" id="93c0fee4-5627-b1a5-54a8-bf4a7160a7fc">
      <Css projectStructure="" iteration="" />
      <Owners>
        <Owner name="" />
      </Owners>
      <Execution id="d6bda0a9-1df9-4e0b-825d-b5072b3d39b0" />
      <TestMethod codeBase="C:\combcell\googlecode\trunk\Solutions\CombCell\CombCell.Test\CombCell.Tests\bin\Debug\CombCell.Tests.dll" adapterTypeName="Microsoft.VisualStudio.TestTools.TestTypes.Unit.UnitTestAdapter, Microsoft.VisualStudio.QualityTools.Tips.UnitTest.Adapter, Version=9.0.0.0, Culture=neutral, PublicKeyToken=b03f5f7f11d50a3a" className="CombCell.PairTTest, CombCell.Tests" name="Inequality01" />
    </UnitTest>
    <UnitTest name="Arrange01" storage="c:\combcell\googlecode\trunk\solutions\combcell\combcell.test\combcell.tests\bin\debug\combcell.tests.dll" id="81fadcb6-f887-1e78-b42e-8c3cbbef5aba">
      <Css projectStructure="" iteration="" />
      <Owners>
        <Owner name="" />
      </Owners>
      <Execution id="02c8be9e-d2a2-429c-bec3-5e53fabd6cfd" />
      <TestMethod codeBase="C:\combcell\googlecode\trunk\Solutions\CombCell\CombCell.Test\CombCell.Tests\bin\Debug\CombCell.Tests.dll" adapterTypeName="Microsoft.VisualStudio.TestTools.TestTypes.Unit.UnitTestAdapter, Microsoft.VisualStudio.QualityTools.Tips.UnitTest.Adapter, Version=9.0.0.0, Culture=neutral, PublicKeyToken=b03f5f7f11d50a3a" className="CombCell.ArrangerTest, CombCell.Tests" name="Arrange01" />
    </UnitTest>
    <UnitTest name="MarkIndex02" storage="c:\combcell\googlecode\trunk\solutions\combcell\combcell.test\combcell.tests\bin\debug\combcell.tests.dll" id="b15108ef-558a-186c-6cae-0f068229588c">
      <Css projectStructure="" iteration="" />
      <Owners>
        <Owner name="" />
      </Owners>
      <Execution id="8f0c1c93-6766-4ea6-8224-d89e7eb89741" />
      <TestMethod codeBase="C:\combcell\googlecode\trunk\Solutions\CombCell\CombCell.Test\CombCell.Tests\bin\Debug\CombCell.Tests.dll" adapterTypeName="Microsoft.VisualStudio.TestTools.TestTypes.Unit.UnitTestAdapter, Microsoft.VisualStudio.QualityTools.Tips.UnitTest.Adapter, Version=9.0.0.0, Culture=neutral, PublicKeyToken=b03f5f7f11d50a3a" className="CombCell.HexArrangerTest, CombCell.Tests" name="MarkIndex02" />
    </UnitTest>
    <UnitTest name="MarkIndex01" storage="c:\combcell\googlecode\trunk\solutions\combcell\combcell.test\combcell.tests\bin\debug\combcell.tests.dll" id="9cb19dec-a43f-6714-c5a4-e4df3185f2ee">
      <Css projectStructure="" iteration="" />
      <Owners>
        <Owner name="" />
      </Owners>
      <Execution id="44e5dd67-6cfd-448d-8599-f91889d8909c" />
      <TestMethod codeBase="C:\combcell\googlecode\trunk\Solutions\CombCell\CombCell.Test\CombCell.Tests\bin\Debug\CombCell.Tests.dll" adapterTypeName="Microsoft.VisualStudio.TestTools.TestTypes.Unit.UnitTestAdapter, Microsoft.VisualStudio.QualityTools.Tips.UnitTest.Adapter, Version=9.0.0.0, Culture=neutral, PublicKeyToken=b03f5f7f11d50a3a" className="CombCell.HexArrangerTest, CombCell.Tests" name="MarkIndex01" />
    </UnitTest>
    <UnitTest name="FromPointToIndex06" storage="c:\combcell\googlecode\trunk\solutions\combcell\combcell.test\combcell.tests\bin\debug\combcell.tests.dll" id="3dd653bf-2db7-e454-8aee-d2269774e5bf">
      <Css projectStructure="" iteration="" />
      <Owners>
        <Owner name="" />
      </Owners>
      <Execution id="73ed92b7-9252-4a89-ad73-49cd0ec5d957" />
      <TestMethod codeBase="C:\combcell\googlecode\trunk\Solutions\CombCell\CombCell.Test\CombCell.Tests\bin\Debug\CombCell.Tests.dll" adapterTypeName="Microsoft.VisualStudio.TestTools.TestTypes.Unit.UnitTestAdapter, Microsoft.VisualStudio.QualityTools.Tips.UnitTest.Adapter, Version=9.0.0.0, Culture=neutral, PublicKeyToken=b03f5f7f11d50a3a" className="CombCell.ArrangerTest, CombCell.Tests" name="FromPointToIndex06" />
    </UnitTest>
    <UnitTest name="FromPointToPair04" storage="c:\combcell\googlecode\trunk\solutions\combcell\combcell.test\combcell.tests\bin\debug\combcell.tests.dll" id="ffcd22c1-881e-76ab-89eb-52bdfa11b0b4">
      <Css projectStructure="" iteration="" />
      <Owners>
        <Owner name="" />
      </Owners>
      <Execution id="b2254899-fe05-4878-9168-754f02b636b1" />
      <TestMethod codeBase="C:\combcell\googlecode\trunk\Solutions\CombCell\CombCell.Test\CombCell.Tests\bin\Debug\CombCell.Tests.dll" adapterTypeName="Microsoft.VisualStudio.TestTools.TestTypes.Unit.UnitTestAdapter, Microsoft.VisualStudio.QualityTools.Tips.UnitTest.Adapter, Version=9.0.0.0, Culture=neutral, PublicKeyToken=b03f5f7f11d50a3a" className="CombCell.TriArrangerTest, CombCell.Tests" name="FromPointToPair04" />
    </UnitTest>
    <UnitTest name="CombGetSet04" storage="c:\combcell\googlecode\trunk\solutions\combcell\combcell.test\combcell.tests\bin\debug\combcell.tests.dll" id="11a561f2-83a3-290b-041c-402422b6c94f">
      <Css projectStructure="" iteration="" />
      <Owners>
        <Owner name="" />
      </Owners>
      <Execution id="613e0cd3-ff18-42ce-b514-3909925e8eba" />
      <TestMethod codeBase="C:\combcell\googlecode\trunk\Solutions\CombCell\CombCell.Test\CombCell.Tests\bin\Debug\CombCell.Tests.dll" adapterTypeName="Microsoft.VisualStudio.TestTools.TestTypes.Unit.UnitTestAdapter, Microsoft.VisualStudio.QualityTools.Tips.UnitTest.Adapter, Version=9.0.0.0, Culture=neutral, PublicKeyToken=b03f5f7f11d50a3a" className="CombCell.ArrangerTest, CombCell.Tests" name="CombGetSet04" />
    </UnitTest>
    <UnitTest name="Calc00101" storage="c:\combcell\googlecode\trunk\solutions\combcell\combcell.test\combcell.tests\bin\debug\combcell.tests.dll" id="7570decd-9ca0-ffb9-b7c4-d6b3b57e9f38">
      <Css projectStructure="" iteration="" />
      <Owners>
        <Owner name="" />
      </Owners>
      <Execution id="a718c594-5456-4468-8706-0d1762ab5899" />
      <TestMethod codeBase="C:\combcell\googlecode\trunk\Solutions\CombCell\CombCell.Test\CombCell.Tests\bin\Debug\CombCell.Tests.dll" adapterTypeName="Microsoft.VisualStudio.TestTools.TestTypes.Unit.UnitTestAdapter, Microsoft.VisualStudio.QualityTools.Tips.UnitTest.Adapter, Version=9.0.0.0, Culture=neutral, PublicKeyToken=b03f5f7f11d50a3a" className="CombCell.DSAlgo.SingleSourceTTest, CombCell.Tests" name="Calc00101" />
    </UnitTest>
    <UnitTest name="Select01" storage="c:\combcell\googlecode\trunk\solutions\combcell\combcell.test\combcell.tests\bin\debug\combcell.tests.dll" id="efbf1b62-7393-3ff4-1df5-0ae9c7d9d070">
      <Css projectStructure="" iteration="" />
      <Owners>
        <Owner name="" />
      </Owners>
      <Execution id="7c839dc9-5286-40bf-b024-6dbce60d59aa" />
      <TestMethod codeBase="C:\combcell\googlecode\trunk\Solutions\CombCell\CombCell.Test\CombCell.Tests\bin\Debug\CombCell.Tests.dll" adapterTypeName="Microsoft.VisualStudio.TestTools.TestTypes.Unit.UnitTestAdapter, Microsoft.VisualStudio.QualityTools.Tips.UnitTest.Adapter, Version=9.0.0.0, Culture=neutral, PublicKeyToken=b03f5f7f11d50a3a" className="CombCell.CombTest, CombCell.Tests" name="Select01" />
    </UnitTest>
    <UnitTest name="FromPointToPair02" storage="c:\combcell\googlecode\trunk\solutions\combcell\combcell.test\combcell.tests\bin\debug\combcell.tests.dll" id="7842a328-cfb6-27b7-7983-9ac9b2f70bf7">
      <Css projectStructure="" iteration="" />
      <Owners>
        <Owner name="" />
      </Owners>
      <Execution id="05c51820-b7f0-4a74-ad8a-8f331bdb7c69" />
      <TestMethod codeBase="C:\combcell\googlecode\trunk\Solutions\CombCell\CombCell.Test\CombCell.Tests\bin\Debug\CombCell.Tests.dll" adapterTypeName="Microsoft.VisualStudio.TestTools.TestTypes.Unit.UnitTestAdapter, Microsoft.VisualStudio.QualityTools.Tips.UnitTest.Adapter, Version=9.0.0.0, Culture=neutral, PublicKeyToken=b03f5f7f11d50a3a" className="CombCell.RectArrangerTest, CombCell.Tests" name="FromPointToPair02" />
    </UnitTest>
    <UnitTest name="CountGet01" storage="c:\combcell\googlecode\trunk\solutions\combcell\combcell.dsalgo\combcell.dsalgo.tests\bin\debug\combcell.dsalgo.tests.dll" id="13101fd7-7f5b-d9b4-ce85-7cdeb3b373e4">
      <Css projectStructure="" iteration="" />
      <Owners>
        <Owner name="" />
      </Owners>
      <Execution id="f99b2fc9-49f9-4046-b756-7c57390da853" />
      <TestMethod codeBase="C:\combcell\googlecode\trunk\Solutions\CombCell\CombCell.DSAlgo\CombCell.DSAlgo.Tests\bin\Debug\CombCell.DSAlgo.Tests.dll" adapterTypeName="Microsoft.VisualStudio.TestTools.TestTypes.Unit.UnitTestAdapter, Microsoft.VisualStudio.QualityTools.Tips.UnitTest.Adapter, Version=9.0.0.0, Culture=neutral, PublicKeyToken=b03f5f7f11d50a3a" className="CombCell.DSAlgo.PriorityQueueTItemTPriTest, CombCell.DSAlgo.Tests" name="CountGet01" />
    </UnitTest>
    <UnitTest name="Constructor02" storage="c:\combcell\googlecode\trunk\solutions\combcell\combcell.dsalgo\combcell.dsalgo.tests\bin\debug\combcell.dsalgo.tests.dll" id="e4881894-ed0c-a309-04fd-a17f6552f513">
      <Css projectStructure="" iteration="" />
      <Owners>
        <Owner name="" />
      </Owners>
      <Execution id="dd847907-6c53-4b08-b4fd-49d44e4fe31a" />
      <TestMethod codeBase="C:\combcell\googlecode\trunk\Solutions\CombCell\CombCell.DSAlgo\CombCell.DSAlgo.Tests\bin\Debug\CombCell.DSAlgo.Tests.dll" adapterTypeName="Microsoft.VisualStudio.TestTools.TestTypes.Unit.UnitTestAdapter, Microsoft.VisualStudio.QualityTools.Tips.UnitTest.Adapter, Version=9.0.0.0, Culture=neutral, PublicKeyToken=b03f5f7f11d50a3a" className="CombCell.DSAlgo.PriorityQueueTItemTPriTest, CombCell.DSAlgo.Tests" name="Constructor02" />
    </UnitTest>
    <UnitTest name="EnsureCells19" storage="c:\combcell\googlecode\trunk\solutions\combcell\combcell.test\combcell.tests\bin\debug\combcell.tests.dll" id="5f209251-27d1-3b3b-3eac-e38f1e96bb98">
      <Css projectStructure="" iteration="" />
      <Owners>
        <Owner name="" />
      </Owners>
      <Execution id="b54c3937-6b80-4e5e-9628-99f481084847" />
      <TestMethod codeBase="C:\combcell\googlecode\trunk\Solutions\CombCell\CombCell.Test\CombCell.Tests\bin\Debug\CombCell.Tests.dll" adapterTypeName="Microsoft.VisualStudio.TestTools.TestTypes.Unit.UnitTestAdapter, Microsoft.VisualStudio.QualityTools.Tips.UnitTest.Adapter, Version=9.0.0.0, Culture=neutral, PublicKeyToken=b03f5f7f11d50a3a" className="CombCell.CombTest, CombCell.Tests" name="EnsureCells19" />
    </UnitTest>
    <UnitTest name="Equals04" storage="c:\combcell\googlecode\trunk\solutions\combcell\combcell.test\combcell.tests\bin\debug\combcell.tests.dll" id="de37fd0f-772d-21d5-2c71-5a398dc4330b">
      <Css projectStructure="" iteration="" />
      <Owners>
        <Owner name="" />
      </Owners>
      <Execution id="c6c35534-7aeb-4298-b6ba-c374b66aafe8" />
      <TestMethod codeBase="C:\combcell\googlecode\trunk\Solutions\CombCell\CombCell.Test\CombCell.Tests\bin\Debug\CombCell.Tests.dll" adapterTypeName="Microsoft.VisualStudio.TestTools.TestTypes.Unit.UnitTestAdapter, Microsoft.VisualStudio.QualityTools.Tips.UnitTest.Adapter, Version=9.0.0.0, Culture=neutral, PublicKeyToken=b03f5f7f11d50a3a" className="CombCell.PairTTest, CombCell.Tests" name="Equals04" />
    </UnitTest>
    <UnitTest name="FromPointToIndex07" storage="c:\combcell\googlecode\trunk\solutions\combcell\combcell.test\combcell.tests\bin\debug\combcell.tests.dll" id="fa26ae0e-e01d-9bc5-6cdb-35035f3ecddb">
      <Css projectStructure="" iteration="" />
      <Owners>
        <Owner name="" />
      </Owners>
      <Execution id="9eb2a483-9b49-4ca5-9205-df05c1fab12a" />
      <TestMethod codeBase="C:\combcell\googlecode\trunk\Solutions\CombCell\CombCell.Test\CombCell.Tests\bin\Debug\CombCell.Tests.dll" adapterTypeName="Microsoft.VisualStudio.TestTools.TestTypes.Unit.UnitTestAdapter, Microsoft.VisualStudio.QualityTools.Tips.UnitTest.Adapter, Version=9.0.0.0, Culture=neutral, PublicKeyToken=b03f5f7f11d50a3a" className="CombCell.ArrangerTest, CombCell.Tests" name="FromPointToIndex07" />
    </UnitTest>
    <UnitTest name="HasNextPermutation0106" storage="c:\combcell\googlecode\trunk\solutions\combcell\combcell.dsalgo\combcell.dsalgo.tests\bin\debug\combcell.dsalgo.tests.dll" id="a4f55ff9-2f7e-aac1-2fb9-c51bfaa88b78">
      <Css projectStructure="" iteration="" />
      <Owners>
        <Owner name="" />
      </Owners>
      <Execution id="5d550c84-4ea2-4786-ae41-c610d5ac5def" />
      <TestMethod codeBase="C:\combcell\googlecode\trunk\Solutions\CombCell\CombCell.DSAlgo\CombCell.DSAlgo.Tests\bin\Debug\CombCell.DSAlgo.Tests.dll" adapterTypeName="Microsoft.VisualStudio.TestTools.TestTypes.Unit.UnitTestAdapter, Microsoft.VisualStudio.QualityTools.Tips.UnitTest.Adapter, Version=9.0.0.0, Culture=neutral, PublicKeyToken=b03f5f7f11d50a3a" className="CombCell.DSAlgo.HamiltonSlowTTest, CombCell.DSAlgo.Tests" name="HasNextPermutation0106" />
    </UnitTest>
    <UnitTest name="EdgesGet01" storage="c:\combcell\googlecode\trunk\solutions\combcell\combcell.dsalgo\combcell.dsalgo.tests\bin\debug\combcell.dsalgo.tests.dll" id="d40f288f-b8d8-c53f-a53b-4d7a3b22322e">
      <Css projectStructure="" iteration="" />
      <Owners>
        <Owner name="" />
      </Owners>
      <Execution id="237a6a85-2602-4c40-9dc1-029aed45ae2f" />
      <TestMethod codeBase="C:\combcell\googlecode\trunk\Solutions\CombCell\CombCell.DSAlgo\CombCell.DSAlgo.Tests\bin\Debug\CombCell.DSAlgo.Tests.dll" adapterTypeName="Microsoft.VisualStudio.TestTools.TestTypes.Unit.UnitTestAdapter, Microsoft.VisualStudio.QualityTools.Tips.UnitTest.Adapter, Version=9.0.0.0, Culture=neutral, PublicKeyToken=b03f5f7f11d50a3a" className="CombCell.DSAlgo.VertexTTest, CombCell.DSAlgo.Tests" name="EdgesGet01" />
    </UnitTest>
    <UnitTest name="CalcFc0102" storage="c:\combcell\googlecode\trunk\solutions\combcell\combcell.dsalgo\combcell.dsalgo.tests\bin\debug\combcell.dsalgo.tests.dll" id="160b82c3-01d6-d43f-2164-8707ee754e0e">
      <Css projectStructure="" iteration="" />
      <Owners>
        <Owner name="" />
      </Owners>
      <Execution id="0f391cd4-93e8-4b8c-8fdb-a4b867416ea7" />
      <TestMethod codeBase="C:\combcell\googlecode\trunk\Solutions\CombCell\CombCell.DSAlgo\CombCell.DSAlgo.Tests\bin\Debug\CombCell.DSAlgo.Tests.dll" adapterTypeName="Microsoft.VisualStudio.TestTools.TestTypes.Unit.UnitTestAdapter, Microsoft.VisualStudio.QualityTools.Tips.UnitTest.Adapter, Version=9.0.0.0, Culture=neutral, PublicKeyToken=b03f5f7f11d50a3a" className="CombCell.DSAlgo.HamiltonSlowTTest, CombCell.DSAlgo.Tests" name="CalcFc0102" />
    </UnitTest>
    <UnitTest name="NearBy01" storage="c:\combcell\googlecode\trunk\solutions\combcell\combcell.test\combcell.tests\bin\debug\combcell.tests.dll" id="3bf7530f-cde6-ad34-def7-c694ef1342de">
      <Css projectStructure="" iteration="" />
      <Owners>
        <Owner name="" />
      </Owners>
      <Execution id="11522267-684a-4c01-83a1-66f539336818" />
      <TestMethod codeBase="C:\combcell\googlecode\trunk\Solutions\CombCell\CombCell.Test\CombCell.Tests\bin\Debug\CombCell.Tests.dll" adapterTypeName="Microsoft.VisualStudio.TestTools.TestTypes.Unit.UnitTestAdapter, Microsoft.VisualStudio.QualityTools.Tips.UnitTest.Adapter, Version=9.0.0.0, Culture=neutral, PublicKeyToken=b03f5f7f11d50a3a" className="CombCell.RectArrangerTest, CombCell.Tests" name="NearBy01" />
    </UnitTest>
    <UnitTest name="EnsureCells08" storage="c:\combcell\googlecode\trunk\solutions\combcell\combcell.test\combcell.tests\bin\debug\combcell.tests.dll" id="3f07f6a6-3c24-dd20-f79c-13a9514ff820">
      <Css projectStructure="" iteration="" />
      <Owners>
        <Owner name="" />
      </Owners>
      <Execution id="e417eeda-0650-4045-86e9-57d80cbbaa01" />
      <TestMethod codeBase="C:\combcell\googlecode\trunk\Solutions\CombCell\CombCell.Test\CombCell.Tests\bin\Debug\CombCell.Tests.dll" adapterTypeName="Microsoft.VisualStudio.TestTools.TestTypes.Unit.UnitTestAdapter, Microsoft.VisualStudio.QualityTools.Tips.UnitTest.Adapter, Version=9.0.0.0, Culture=neutral, PublicKeyToken=b03f5f7f11d50a3a" className="CombCell.CombTest, CombCell.Tests" name="EnsureCells08" />
    </UnitTest>
    <UnitTest name="NextPermutationFc01" storage="c:\combcell\googlecode\trunk\solutions\combcell\combcell.dsalgo\combcell.dsalgo.tests\bin\debug\combcell.dsalgo.tests.dll" id="e6926a27-747d-2959-9f32-d85757e1da81">
      <Css projectStructure="" iteration="" />
      <Owners>
        <Owner name="" />
      </Owners>
      <Execution id="746213be-2408-4a29-af84-cc2a7a4b9978" />
      <TestMethod codeBase="C:\combcell\googlecode\trunk\Solutions\CombCell\CombCell.DSAlgo\CombCell.DSAlgo.Tests\bin\Debug\CombCell.DSAlgo.Tests.dll" adapterTypeName="Microsoft.VisualStudio.TestTools.TestTypes.Unit.UnitTestAdapter, Microsoft.VisualStudio.QualityTools.Tips.UnitTest.Adapter, Version=9.0.0.0, Culture=neutral, PublicKeyToken=b03f5f7f11d50a3a" className="CombCell.DSAlgo.HamiltonSlowTTest, CombCell.DSAlgo.Tests" name="NextPermutationFc01" />
    </UnitTest>
    <UnitTest name="NearBy02" storage="c:\combcell\googlecode\trunk\solutions\combcell\combcell.test\combcell.tests\bin\debug\combcell.tests.dll" id="a4e96983-5d31-631d-402e-3838751f453b">
      <Css projectStructure="" iteration="" />
      <Owners>
        <Owner name="" />
      </Owners>
      <Execution id="5fb7b885-4ae8-4653-8d3d-f81792ee9df0" />
      <TestMethod codeBase="C:\combcell\googlecode\trunk\Solutions\CombCell\CombCell.Test\CombCell.Tests\bin\Debug\CombCell.Tests.dll" adapterTypeName="Microsoft.VisualStudio.TestTools.TestTypes.Unit.UnitTestAdapter, Microsoft.VisualStudio.QualityTools.Tips.UnitTest.Adapter, Version=9.0.0.0, Culture=neutral, PublicKeyToken=b03f5f7f11d50a3a" className="CombCell.TriArrangerTest, CombCell.Tests" name="NearBy02" />
    </UnitTest>
    <UnitTest name="AccessedGetSet01" storage="c:\combcell\googlecode\trunk\solutions\combcell\combcell.dsalgo\combcell.dsalgo.tests\bin\debug\combcell.dsalgo.tests.dll" id="89fd3938-08dc-ccf2-d5e2-2c12313c0ce3">
      <Css projectStructure="" iteration="" />
      <Owners>
        <Owner name="" />
      </Owners>
      <Execution id="f06bfe63-e9f1-44c8-a6f9-1c7c51690557" />
      <TestMethod codeBase="C:\combcell\googlecode\trunk\Solutions\CombCell\CombCell.DSAlgo\CombCell.DSAlgo.Tests\bin\Debug\CombCell.DSAlgo.Tests.dll" adapterTypeName="Microsoft.VisualStudio.TestTools.TestTypes.Unit.UnitTestAdapter, Microsoft.VisualStudio.QualityTools.Tips.UnitTest.Adapter, Version=9.0.0.0, Culture=neutral, PublicKeyToken=b03f5f7f11d50a3a" className="CombCell.DSAlgo.VertexTTest, CombCell.DSAlgo.Tests" name="AccessedGetSet01" />
    </UnitTest>
    <UnitTest name="ItemGetSet04" storage="c:\combcell\googlecode\trunk\solutions\combcell\combcell.test\combcell.tests\bin\debug\combcell.tests.dll" id="14ef480f-616f-c937-05f9-8715ca38f357">
      <Css projectStructure="" iteration="" />
      <Owners>
        <Owner name="" />
      </Owners>
      <Execution id="e70aa25a-d336-4bc3-966a-c68945b6a6f1" />
      <TestMethod codeBase="C:\combcell\googlecode\trunk\Solutions\CombCell\CombCell.Test\CombCell.Tests\bin\Debug\CombCell.Tests.dll" adapterTypeName="Microsoft.VisualStudio.TestTools.TestTypes.Unit.UnitTestAdapter, Microsoft.VisualStudio.QualityTools.Tips.UnitTest.Adapter, Version=9.0.0.0, Culture=neutral, PublicKeyToken=b03f5f7f11d50a3a" className="CombCell.LengendTest, CombCell.Tests" name="ItemGetSet04" />
    </UnitTest>
    <UnitTest name="EnsureCells23" storage="c:\combcell\googlecode\trunk\solutions\combcell\combcell.test\combcell.tests\bin\debug\combcell.tests.dll" id="5f8e1441-3f54-a1c8-2bb4-80b6c04708b7">
      <Css projectStructure="" iteration="" />
      <Owners>
        <Owner name="" />
      </Owners>
      <Execution id="076bf758-5634-40df-9141-96049f4680ce" />
      <TestMethod codeBase="C:\combcell\googlecode\trunk\Solutions\CombCell\CombCell.Test\CombCell.Tests\bin\Debug\CombCell.Tests.dll" adapterTypeName="Microsoft.VisualStudio.TestTools.TestTypes.Unit.UnitTestAdapter, Microsoft.VisualStudio.QualityTools.Tips.UnitTest.Adapter, Version=9.0.0.0, Culture=neutral, PublicKeyToken=b03f5f7f11d50a3a" className="CombCell.CombTest, CombCell.Tests" name="EnsureCells23" />
    </UnitTest>
    <UnitTest name="VertexMapGet01" storage="c:\combcell\googlecode\trunk\solutions\combcell\combcell.test\combcell.tests\bin\debug\combcell.tests.dll" id="64577c65-d3dd-e386-bbae-d1b203ddd34c">
      <Css projectStructure="" iteration="" />
      <Owners>
        <Owner name="" />
      </Owners>
      <Execution id="7c858f13-a8c4-4d65-bd69-2f375b9be352" />
      <TestMethod codeBase="C:\combcell\googlecode\trunk\Solutions\CombCell\CombCell.Test\CombCell.Tests\bin\Debug\CombCell.Tests.dll" adapterTypeName="Microsoft.VisualStudio.TestTools.TestTypes.Unit.UnitTestAdapter, Microsoft.VisualStudio.QualityTools.Tips.UnitTest.Adapter, Version=9.0.0.0, Culture=neutral, PublicKeyToken=b03f5f7f11d50a3a" className="CombCell.DSAlgo.GraphTTest, CombCell.Tests" name="VertexMapGet01" />
    </UnitTest>
    <UnitTest name="Constructor01" storage="c:\combcell\googlecode\trunk\solutions\combcell\combcell.test\combcell.tests\bin\debug\combcell.tests.dll" id="1aa04443-4699-8299-1635-e1a45bead3d6">
      <Css projectStructure="" iteration="" />
      <Owners>
        <Owner name="" />
      </Owners>
      <Execution id="01492c7c-3f24-47bb-9aff-12ebc446e2bb" />
      <TestMethod codeBase="C:\combcell\googlecode\trunk\Solutions\CombCell\CombCell.Test\CombCell.Tests\bin\Debug\CombCell.Tests.dll" adapterTypeName="Microsoft.VisualStudio.TestTools.TestTypes.Unit.UnitTestAdapter, Microsoft.VisualStudio.QualityTools.Tips.UnitTest.Adapter, Version=9.0.0.0, Culture=neutral, PublicKeyToken=b03f5f7f11d50a3a" className="CombCell.DSAlgo.GraphTTest, CombCell.Tests" name="Constructor01" />
    </UnitTest>
    <UnitTest name="EnsureCells04" storage="c:\combcell\googlecode\trunk\solutions\combcell\combcell.test\combcell.tests\bin\debug\combcell.tests.dll" id="c962b9d0-460e-0b31-91e6-3ae7a805cf91">
      <Css projectStructure="" iteration="" />
      <Owners>
        <Owner name="" />
      </Owners>
      <Execution id="3942ad70-bd4b-4374-98db-7b1a139518e7" />
      <TestMethod codeBase="C:\combcell\googlecode\trunk\Solutions\CombCell\CombCell.Test\CombCell.Tests\bin\Debug\CombCell.Tests.dll" adapterTypeName="Microsoft.VisualStudio.TestTools.TestTypes.Unit.UnitTestAdapter, Microsoft.VisualStudio.QualityTools.Tips.UnitTest.Adapter, Version=9.0.0.0, Culture=neutral, PublicKeyToken=b03f5f7f11d50a3a" className="CombCell.CombTest, CombCell.Tests" name="EnsureCells04" />
    </UnitTest>
    <UnitTest name="EnsureCells14" storage="c:\combcell\googlecode\trunk\solutions\combcell\combcell.test\combcell.tests\bin\debug\combcell.tests.dll" id="69ef66dd-bead-4d0f-40a7-c1c6e7f73b90">
      <Css projectStructure="" iteration="" />
      <Owners>
        <Owner name="" />
      </Owners>
      <Execution id="4270ce4a-0529-44eb-9a0d-808a8b5895e2" />
      <TestMethod codeBase="C:\combcell\googlecode\trunk\Solutions\CombCell\CombCell.Test\CombCell.Tests\bin\Debug\CombCell.Tests.dll" adapterTypeName="Microsoft.VisualStudio.TestTools.TestTypes.Unit.UnitTestAdapter, Microsoft.VisualStudio.QualityTools.Tips.UnitTest.Adapter, Version=9.0.0.0, Culture=neutral, PublicKeyToken=b03f5f7f11d50a3a" className="CombCell.CombTest, CombCell.Tests" name="EnsureCells14" />
    </UnitTest>
    <UnitTest name="Arrange01" storage="c:\combcell\googlecode\trunk\solutions\combcell\combcell.test\combcell.tests\bin\debug\combcell.tests.dll" id="cf12b08e-b7a6-8c36-11f2-3c31fe62effe">
      <Css projectStructure="" iteration="" />
      <Owners>
        <Owner name="" />
      </Owners>
      <Execution id="7e911776-5496-489c-a750-22886b92aece" />
      <TestMethod codeBase="C:\combcell\googlecode\trunk\Solutions\CombCell\CombCell.Test\CombCell.Tests\bin\Debug\CombCell.Tests.dll" adapterTypeName="Microsoft.VisualStudio.TestTools.TestTypes.Unit.UnitTestAdapter, Microsoft.VisualStudio.QualityTools.Tips.UnitTest.Adapter, Version=9.0.0.0, Culture=neutral, PublicKeyToken=b03f5f7f11d50a3a" className="CombCell.HexArrangerTest, CombCell.Tests" name="Arrange01" />
    </UnitTest>
    <UnitTest name="Equals03" storage="c:\combcell\googlecode\trunk\solutions\combcell\combcell.test\combcell.tests\bin\debug\combcell.tests.dll" id="e816d310-0ad8-47d8-e467-52840f1aed0f">
      <Css projectStructure="" iteration="" />
      <Owners>
        <Owner name="" />
      </Owners>
      <Execution id="eee68f77-fe64-4c76-9300-c84bfb56f719" />
      <TestMethod codeBase="C:\combcell\googlecode\trunk\Solutions\CombCell\CombCell.Test\CombCell.Tests\bin\Debug\CombCell.Tests.dll" adapterTypeName="Microsoft.VisualStudio.TestTools.TestTypes.Unit.UnitTestAdapter, Microsoft.VisualStudio.QualityTools.Tips.UnitTest.Adapter, Version=9.0.0.0, Culture=neutral, PublicKeyToken=b03f5f7f11d50a3a" className="CombCell.PairTTest, CombCell.Tests" name="Equals03" />
    </UnitTest>
    <UnitTest name="Calc03" storage="c:\combcell\googlecode\trunk\solutions\combcell\combcell.dsalgo\combcell.dsalgo.tests\bin\debug\combcell.dsalgo.tests.dll" id="75963d77-d662-c746-916b-1067d83c8226">
      <Css projectStructure="" iteration="" />
      <Owners>
        <Owner name="" />
      </Owners>
      <Execution id="d1495471-cd1b-495f-90e3-ce3d2826682e" />
      <TestMethod codeBase="C:\combcell\googlecode\trunk\Solutions\CombCell\CombCell.DSAlgo\CombCell.DSAlgo.Tests\bin\Debug\CombCell.DSAlgo.Tests.dll" adapterTypeName="Microsoft.VisualStudio.TestTools.TestTypes.Unit.UnitTestAdapter, Microsoft.VisualStudio.QualityTools.Tips.UnitTest.Adapter, Version=9.0.0.0, Culture=neutral, PublicKeyToken=b03f5f7f11d50a3a" className="CombCell.DSAlgo.SnakeTTest, CombCell.DSAlgo.Tests" name="Calc03" />
    </UnitTest>
    <UnitTest name="Constructor01" storage="c:\combcell\googlecode\trunk\solutions\combcell\combcell.test\combcell.tests\bin\debug\combcell.tests.dll" id="f41f90ae-e0fa-6776-0714-c5bca78de7a2">
      <Css projectStructure="" iteration="" />
      <Owners>
        <Owner name="" />
      </Owners>
      <Execution id="31e37962-37b2-42b4-af51-60fbd1e3ee56" />
      <TestMethod codeBase="C:\combcell\googlecode\trunk\Solutions\CombCell\CombCell.Test\CombCell.Tests\bin\Debug\CombCell.Tests.dll" adapterTypeName="Microsoft.VisualStudio.TestTools.TestTypes.Unit.UnitTestAdapter, Microsoft.VisualStudio.QualityTools.Tips.UnitTest.Adapter, Version=9.0.0.0, Culture=neutral, PublicKeyToken=b03f5f7f11d50a3a" className="CombCell.CombTest, CombCell.Tests" name="Constructor01" />
    </UnitTest>
    <UnitTest name="MarkIndex01" storage="c:\combcell\googlecode\trunk\solutions\combcell\combcell.test\combcell.tests\bin\debug\combcell.tests.dll" id="f5424b12-92f4-5032-6398-37dcc633cc9a">
      <Css projectStructure="" iteration="" />
      <Owners>
        <Owner name="" />
      </Owners>
      <Execution id="55b5fe64-e8df-4f26-9aa8-a07b2546f1b7" />
      <TestMethod codeBase="C:\combcell\googlecode\trunk\Solutions\CombCell\CombCell.Test\CombCell.Tests\bin\Debug\CombCell.Tests.dll" adapterTypeName="Microsoft.VisualStudio.TestTools.TestTypes.Unit.UnitTestAdapter, Microsoft.VisualStudio.QualityTools.Tips.UnitTest.Adapter, Version=9.0.0.0, Culture=neutral, PublicKeyToken=b03f5f7f11d50a3a" className="CombCell.ArrangerTest, CombCell.Tests" name="MarkIndex01" />
    </UnitTest>
    <UnitTest name="KeyGetSet03" storage="c:\combcell\googlecode\trunk\solutions\combcell\combcell.test\combcell.tests\bin\debug\combcell.tests.dll" id="ee579a8e-5d37-9fb9-a224-d8f6194fb18e">
      <Css projectStructure="" iteration="" />
      <Owners>
        <Owner name="" />
      </Owners>
      <Execution id="fa26a73e-93e9-4fe0-b22f-debb8efc32d8" />
      <TestMethod codeBase="C:\combcell\googlecode\trunk\Solutions\CombCell\CombCell.Test\CombCell.Tests\bin\Debug\CombCell.Tests.dll" adapterTypeName="Microsoft.VisualStudio.TestTools.TestTypes.Unit.UnitTestAdapter, Microsoft.VisualStudio.QualityTools.Tips.UnitTest.Adapter, Version=9.0.0.0, Culture=neutral, PublicKeyToken=b03f5f7f11d50a3a" className="CombCell.SchemeTest, CombCell.Tests" name="KeyGetSet03" />
    </UnitTest>
    <UnitTest name="Insert0101" storage="c:\combcell\googlecode\trunk\solutions\combcell\combcell.dsalgo\combcell.dsalgo.tests\bin\debug\combcell.dsalgo.tests.dll" id="663e954f-f16c-b57e-2d05-a23036c1bce9">
      <Css projectStructure="" iteration="" />
      <Owners>
        <Owner name="" />
      </Owners>
      <Execution id="c6918636-ebbe-4c0f-bed3-a4393710a204" />
      <TestMethod codeBase="C:\combcell\googlecode\trunk\Solutions\CombCell\CombCell.DSAlgo\CombCell.DSAlgo.Tests\bin\Debug\CombCell.DSAlgo.Tests.dll" adapterTypeName="Microsoft.VisualStudio.TestTools.TestTypes.Unit.UnitTestAdapter, Microsoft.VisualStudio.QualityTools.Tips.UnitTest.Adapter, Version=9.0.0.0, Culture=neutral, PublicKeyToken=b03f5f7f11d50a3a" className="CombCell.DSAlgo.PriorityQueueTItemTPriTest, CombCell.DSAlgo.Tests" name="Insert0101" />
    </UnitTest>
    <UnitTest name="GetHashCode01" storage="c:\combcell\googlecode\trunk\solutions\combcell\combcell.test\combcell.tests\bin\debug\combcell.tests.dll" id="f998ce29-56c7-6ece-1dff-c075e2d4debe">
      <Css projectStructure="" iteration="" />
      <Owners>
        <Owner name="" />
      </Owners>
      <Execution id="19ccb577-4f20-4966-9206-8189afafd157" />
      <TestMethod codeBase="C:\combcell\googlecode\trunk\Solutions\CombCell\CombCell.Test\CombCell.Tests\bin\Debug\CombCell.Tests.dll" adapterTypeName="Microsoft.VisualStudio.TestTools.TestTypes.Unit.UnitTestAdapter, Microsoft.VisualStudio.QualityTools.Tips.UnitTest.Adapter, Version=9.0.0.0, Culture=neutral, PublicKeyToken=b03f5f7f11d50a3a" className="CombCell.PairTTest, CombCell.Tests" name="GetHashCode01" />
    </UnitTest>
    <UnitTest name="KeyGetSet01" storage="c:\combcell\googlecode\trunk\solutions\combcell\combcell.dsalgo\combcell.dsalgo.tests\bin\debug\combcell.dsalgo.tests.dll" id="1f2f365d-7ae3-7a91-8711-207f7c6fe981">
      <Css projectStructure="" iteration="" />
      <Owners>
        <Owner name="" />
      </Owners>
      <Execution id="1739cddf-3508-4a74-81bd-e3754c78615d" />
      <TestMethod codeBase="C:\combcell\googlecode\trunk\Solutions\CombCell\CombCell.DSAlgo\CombCell.DSAlgo.Tests\bin\Debug\CombCell.DSAlgo.Tests.dll" adapterTypeName="Microsoft.VisualStudio.TestTools.TestTypes.Unit.UnitTestAdapter, Microsoft.VisualStudio.QualityTools.Tips.UnitTest.Adapter, Version=9.0.0.0, Culture=neutral, PublicKeyToken=b03f5f7f11d50a3a" className="CombCell.DSAlgo.VertexTTest, CombCell.DSAlgo.Tests" name="KeyGetSet01" />
    </UnitTest>
    <UnitTest name="GetEnumerator02" storage="c:\combcell\googlecode\trunk\solutions\combcell\combcell.dsalgo\combcell.dsalgo.tests\bin\debug\combcell.dsalgo.tests.dll" id="d8e2651b-3f5c-0b91-c347-2c8979204eab">
      <Css projectStructure="" iteration="" />
      <Owners>
        <Owner name="" />
      </Owners>
      <Execution id="b232e4e2-3f56-4715-ba3a-079b4fbbce56" />
      <TestMethod codeBase="C:\combcell\googlecode\trunk\Solutions\CombCell\CombCell.DSAlgo\CombCell.DSAlgo.Tests\bin\Debug\CombCell.DSAlgo.Tests.dll" adapterTypeName="Microsoft.VisualStudio.TestTools.TestTypes.Unit.UnitTestAdapter, Microsoft.VisualStudio.QualityTools.Tips.UnitTest.Adapter, Version=9.0.0.0, Culture=neutral, PublicKeyToken=b03f5f7f11d50a3a" className="CombCell.DSAlgo.PriorityQueueTItemTPriTest, CombCell.DSAlgo.Tests" name="GetEnumerator02" />
    </UnitTest>
    <UnitTest name="NextPermutation16" storage="c:\combcell\googlecode\trunk\solutions\combcell\combcell.dsalgo\combcell.dsalgo.tests\bin\debug\combcell.dsalgo.tests.dll" id="fab8a500-bf5e-cc20-82a6-c7049b153aa4">
      <Css projectStructure="" iteration="" />
      <Owners>
        <Owner name="" />
      </Owners>
      <Execution id="5e072dcf-8e38-4496-830e-670ffa2d4011" />
      <TestMethod codeBase="C:\combcell\googlecode\trunk\Solutions\CombCell\CombCell.DSAlgo\CombCell.DSAlgo.Tests\bin\Debug\CombCell.DSAlgo.Tests.dll" adapterTypeName="Microsoft.VisualStudio.TestTools.TestTypes.Unit.UnitTestAdapter, Microsoft.VisualStudio.QualityTools.Tips.UnitTest.Adapter, Version=9.0.0.0, Culture=neutral, PublicKeyToken=b03f5f7f11d50a3a" className="CombCell.DSAlgo.HamiltonSlowTTest, CombCell.DSAlgo.Tests" name="NextPermutation16" />
    </UnitTest>
    <UnitTest name="Constructor01" storage="c:\combcell\googlecode\trunk\solutions\combcell\combcell.dsalgo\combcell.dsalgo.tests\bin\debug\combcell.dsalgo.tests.dll" id="8bd770f3-e0b4-96ed-340c-83a66ffcde97">
      <Css projectStructure="" iteration="" />
      <Owners>
        <Owner name="" />
      </Owners>
      <Execution id="118906b4-8ac1-4bca-be5e-3f8a27b03ef3" />
      <TestMethod codeBase="C:\combcell\googlecode\trunk\Solutions\CombCell\CombCell.DSAlgo\CombCell.DSAlgo.Tests\bin\Debug\CombCell.DSAlgo.Tests.dll" adapterTypeName="Microsoft.VisualStudio.TestTools.TestTypes.Unit.UnitTestAdapter, Microsoft.VisualStudio.QualityTools.Tips.UnitTest.Adapter, Version=9.0.0.0, Culture=neutral, PublicKeyToken=b03f5f7f11d50a3a" className="CombCell.DSAlgo.GraphPathTTest, CombCell.DSAlgo.Tests" name="Constructor01" />
    </UnitTest>
    <UnitTest name="FromGetSet02" storage="c:\combcell\googlecode\trunk\solutions\combcell\combcell.test\combcell.tests\bin\debug\combcell.tests.dll" id="98051b8b-e2f1-34be-54aa-4aeed0514135">
      <Css projectStructure="" iteration="" />
      <Owners>
        <Owner name="" />
      </Owners>
      <Execution id="4e05e7d9-fe75-4c7c-a886-d43ecaff9457" />
      <TestMethod codeBase="C:\combcell\googlecode\trunk\Solutions\CombCell\CombCell.Test\CombCell.Tests\bin\Debug\CombCell.Tests.dll" adapterTypeName="Microsoft.VisualStudio.TestTools.TestTypes.Unit.UnitTestAdapter, Microsoft.VisualStudio.QualityTools.Tips.UnitTest.Adapter, Version=9.0.0.0, Culture=neutral, PublicKeyToken=b03f5f7f11d50a3a" className="CombCell.DSAlgo.EdgeTTest, CombCell.Tests" name="FromGetSet02" />
    </UnitTest>
    <UnitTest name="ItemGet0104" storage="c:\combcell\googlecode\trunk\solutions\combcell\combcell.test\combcell.tests\bin\debug\combcell.tests.dll" id="3b0b7fc1-665b-6f95-4c97-e265791829ec">
      <Css projectStructure="" iteration="" />
      <Owners>
        <Owner name="" />
      </Owners>
      <Execution id="355b44a5-f6c5-46f4-9b79-04693b7e2f29" />
      <TestMethod codeBase="C:\combcell\googlecode\trunk\Solutions\CombCell\CombCell.Test\CombCell.Tests\bin\Debug\CombCell.Tests.dll" adapterTypeName="Microsoft.VisualStudio.TestTools.TestTypes.Unit.UnitTestAdapter, Microsoft.VisualStudio.QualityTools.Tips.UnitTest.Adapter, Version=9.0.0.0, Culture=neutral, PublicKeyToken=b03f5f7f11d50a3a" className="CombCell.CombTest, CombCell.Tests" name="ItemGet0104" />
    </UnitTest>
    <UnitTest name="StartMarkIndex01" storage="c:\combcell\googlecode\trunk\solutions\combcell\combcell.test\combcell.tests\bin\debug\combcell.tests.dll" id="3b8ac36c-0a1e-fb7c-a39c-006e1d183da8">
      <Css projectStructure="" iteration="" />
      <Owners>
        <Owner name="" />
      </Owners>
      <Execution id="63d2e940-d252-4e38-9aaf-9a46057c3bb7" />
      <TestMethod codeBase="C:\combcell\googlecode\trunk\Solutions\CombCell\CombCell.Test\CombCell.Tests\bin\Debug\CombCell.Tests.dll" adapterTypeName="Microsoft.VisualStudio.TestTools.TestTypes.Unit.UnitTestAdapter, Microsoft.VisualStudio.QualityTools.Tips.UnitTest.Adapter, Version=9.0.0.0, Culture=neutral, PublicKeyToken=b03f5f7f11d50a3a" className="CombCell.CombTest, CombCell.Tests" name="StartMarkIndex01" />
    </UnitTest>
    <UnitTest name="Constructor02" storage="c:\combcell\googlecode\trunk\solutions\combcell\combcell.test\combcell.tests\bin\debug\combcell.tests.dll" id="7f58840d-98f5-1464-ed64-65eac867c47c">
      <Css projectStructure="" iteration="" />
      <Owners>
        <Owner name="" />
      </Owners>
      <Execution id="c56171ea-d383-4708-aad3-3b286b70aa70" />
      <TestMethod codeBase="C:\combcell\googlecode\trunk\Solutions\CombCell\CombCell.Test\CombCell.Tests\bin\Debug\CombCell.Tests.dll" adapterTypeName="Microsoft.VisualStudio.TestTools.TestTypes.Unit.UnitTestAdapter, Microsoft.VisualStudio.QualityTools.Tips.UnitTest.Adapter, Version=9.0.0.0, Culture=neutral, PublicKeyToken=b03f5f7f11d50a3a" className="CombCell.DSAlgo.GraphTTest, CombCell.Tests" name="Constructor02" />
    </UnitTest>
    <UnitTest name="NameGet01" storage="c:\combcell\googlecode\trunk\solutions\combcell\combcell.dsalgo\combcell.dsalgo.tests\bin\debug\combcell.dsalgo.tests.dll" id="034a6cda-f24b-c8a5-0778-d18e83bba864">
      <Css projectStructure="" iteration="" />
      <Owners>
        <Owner name="" />
      </Owners>
      <Execution id="2e90d2e2-c249-420a-855c-4b23a7c51225" />
      <TestMethod codeBase="C:\combcell\googlecode\trunk\Solutions\CombCell\CombCell.DSAlgo\CombCell.DSAlgo.Tests\bin\Debug\CombCell.DSAlgo.Tests.dll" adapterTypeName="Microsoft.VisualStudio.TestTools.TestTypes.Unit.UnitTestAdapter, Microsoft.VisualStudio.QualityTools.Tips.UnitTest.Adapter, Version=9.0.0.0, Culture=neutral, PublicKeyToken=b03f5f7f11d50a3a" className="CombCell.DSAlgo.SnakeTTest, CombCell.DSAlgo.Tests" name="NameGet01" />
    </UnitTest>
    <UnitTest name="HasNextPermutation0102" storage="c:\combcell\googlecode\trunk\solutions\combcell\combcell.dsalgo\combcell.dsalgo.tests\bin\debug\combcell.dsalgo.tests.dll" id="d4eb2869-12ff-6032-906c-9dea071701d2">
      <Css projectStructure="" iteration="" />
      <Owners>
        <Owner name="" />
      </Owners>
      <Execution id="78e3ca01-3dbe-4f80-ab8d-4e9ddd8c3c65" />
      <TestMethod codeBase="C:\combcell\googlecode\trunk\Solutions\CombCell\CombCell.DSAlgo\CombCell.DSAlgo.Tests\bin\Debug\CombCell.DSAlgo.Tests.dll" adapterTypeName="Microsoft.VisualStudio.TestTools.TestTypes.Unit.UnitTestAdapter, Microsoft.VisualStudio.QualityTools.Tips.UnitTest.Adapter, Version=9.0.0.0, Culture=neutral, PublicKeyToken=b03f5f7f11d50a3a" className="CombCell.DSAlgo.HamiltonSlowTTest, CombCell.DSAlgo.Tests" name="HasNextPermutation0102" />
    </UnitTest>
    <UnitTest name="PathDescriptionGetSet02" storage="c:\combcell\googlecode\trunk\solutions\combcell\combcell.test\combcell.tests\bin\debug\combcell.tests.dll" id="d98a4371-9e00-ce24-ae8b-20decba4261e">
      <Css projectStructure="" iteration="" />
      <Owners>
        <Owner name="" />
      </Owners>
      <Execution id="73fb66bf-2327-48d1-999a-212c4f6d976c" />
      <TestMethod codeBase="C:\combcell\googlecode\trunk\Solutions\CombCell\CombCell.Test\CombCell.Tests\bin\Debug\CombCell.Tests.dll" adapterTypeName="Microsoft.VisualStudio.TestTools.TestTypes.Unit.UnitTestAdapter, Microsoft.VisualStudio.QualityTools.Tips.UnitTest.Adapter, Version=9.0.0.0, Culture=neutral, PublicKeyToken=b03f5f7f11d50a3a" className="CombCell.CombTest, CombCell.Tests" name="PathDescriptionGetSet02" />
    </UnitTest>
    <UnitTest name="ValuesGet01" storage="c:\combcell\googlecode\trunk\solutions\combcell\combcell.dsalgo\combcell.dsalgo.tests\bin\debug\combcell.dsalgo.tests.dll" id="5df7a1dc-ca7b-9fe3-28ac-f31d7a971eb7">
      <Css projectStructure="" iteration="" />
      <Owners>
        <Owner name="" />
      </Owners>
      <Execution id="b0c634be-b6c6-44e8-ae4b-0b69806f618f" />
      <TestMethod codeBase="C:\combcell\googlecode\trunk\Solutions\CombCell\CombCell.DSAlgo\CombCell.DSAlgo.Tests\bin\Debug\CombCell.DSAlgo.Tests.dll" adapterTypeName="Microsoft.VisualStudio.TestTools.TestTypes.Unit.UnitTestAdapter, Microsoft.VisualStudio.QualityTools.Tips.UnitTest.Adapter, Version=9.0.0.0, Culture=neutral, PublicKeyToken=b03f5f7f11d50a3a" className="CombCell.DSAlgo.PriorityQueueTItemTPriTest, CombCell.DSAlgo.Tests" name="ValuesGet01" />
    </UnitTest>
    <UnitTest name="Constructor01" storage="c:\combcell\googlecode\trunk\solutions\combcell\combcell.dsalgo\combcell.dsalgo.tests\bin\debug\combcell.dsalgo.tests.dll" id="d75bef11-4121-a5e7-6484-696b7491fddc">
      <Css projectStructure="" iteration="" />
      <Owners>
        <Owner name="" />
      </Owners>
      <Execution id="61cd57f7-5efe-467d-a652-768366786a89" />
      <TestMethod codeBase="C:\combcell\googlecode\trunk\Solutions\CombCell\CombCell.DSAlgo\CombCell.DSAlgo.Tests\bin\Debug\CombCell.DSAlgo.Tests.dll" adapterTypeName="Microsoft.VisualStudio.TestTools.TestTypes.Unit.UnitTestAdapter, Microsoft.VisualStudio.QualityTools.Tips.UnitTest.Adapter, Version=9.0.0.0, Culture=neutral, PublicKeyToken=b03f5f7f11d50a3a" className="CombCell.DSAlgo.HamiltonTTest, CombCell.DSAlgo.Tests" name="Constructor01" />
    </UnitTest>
    <UnitTest name="HasNextPermutation0114" storage="c:\combcell\googlecode\trunk\solutions\combcell\combcell.dsalgo\combcell.dsalgo.tests\bin\debug\combcell.dsalgo.tests.dll" id="93800ded-2fdb-1e5e-c213-0d96f6f85f5c">
      <Css projectStructure="" iteration="" />
      <Owners>
        <Owner name="" />
      </Owners>
      <Execution id="fef107bc-9586-49c7-8144-684f6db87f80" />
      <TestMethod codeBase="C:\combcell\googlecode\trunk\Solutions\CombCell\CombCell.DSAlgo\CombCell.DSAlgo.Tests\bin\Debug\CombCell.DSAlgo.Tests.dll" adapterTypeName="Microsoft.VisualStudio.TestTools.TestTypes.Unit.UnitTestAdapter, Microsoft.VisualStudio.QualityTools.Tips.UnitTest.Adapter, Version=9.0.0.0, Culture=neutral, PublicKeyToken=b03f5f7f11d50a3a" className="CombCell.DSAlgo.HamiltonSlowTTest, CombCell.DSAlgo.Tests" name="HasNextPermutation0114" />
    </UnitTest>
    <UnitTest name="HasNextPermutation0105" storage="c:\combcell\googlecode\trunk\solutions\combcell\combcell.dsalgo\combcell.dsalgo.tests\bin\debug\combcell.dsalgo.tests.dll" id="bddb6b82-fb18-5126-8098-1bf5f681934c">
      <Css projectStructure="" iteration="" />
      <Owners>
        <Owner name="" />
      </Owners>
      <Execution id="d2e86a6d-d4d9-472c-93e9-1cac0913cab2" />
      <TestMethod codeBase="C:\combcell\googlecode\trunk\Solutions\CombCell\CombCell.DSAlgo\CombCell.DSAlgo.Tests\bin\Debug\CombCell.DSAlgo.Tests.dll" adapterTypeName="Microsoft.VisualStudio.TestTools.TestTypes.Unit.UnitTestAdapter, Microsoft.VisualStudio.QualityTools.Tips.UnitTest.Adapter, Version=9.0.0.0, Culture=neutral, PublicKeyToken=b03f5f7f11d50a3a" className="CombCell.DSAlgo.HamiltonSlowTTest, CombCell.DSAlgo.Tests" name="HasNextPermutation0105" />
    </UnitTest>
    <UnitTest name="CreateEdge01" storage="c:\combcell\googlecode\trunk\solutions\combcell\combcell.test\combcell.tests\bin\debug\combcell.tests.dll" id="5715556a-d765-54e7-5965-e09bea8f3ba5">
      <Css projectStructure="" iteration="" />
      <Owners>
        <Owner name="" />
      </Owners>
      <Execution id="448ae792-07fa-4b97-8562-d81a60fe8bd1" />
      <TestMethod codeBase="C:\combcell\googlecode\trunk\Solutions\CombCell\CombCell.Test\CombCell.Tests\bin\Debug\CombCell.Tests.dll" adapterTypeName="Microsoft.VisualStudio.TestTools.TestTypes.Unit.UnitTestAdapter, Microsoft.VisualStudio.QualityTools.Tips.UnitTest.Adapter, Version=9.0.0.0, Culture=neutral, PublicKeyToken=b03f5f7f11d50a3a" className="CombCell.DSAlgo.GraphTTest, CombCell.Tests" name="CreateEdge01" />
    </UnitTest>
    <UnitTest name="EnsureCells11" storage="c:\combcell\googlecode\trunk\solutions\combcell\combcell.test\combcell.tests\bin\debug\combcell.tests.dll" id="b82427e0-5999-858f-a82d-812adbf98a1c">
      <Css projectStructure="" iteration="" />
      <Owners>
        <Owner name="" />
      </Owners>
      <Execution id="97aa0fae-44f0-4d5b-a6f3-9bcb7a8c0508" />
      <TestMethod codeBase="C:\combcell\googlecode\trunk\Solutions\CombCell\CombCell.Test\CombCell.Tests\bin\Debug\CombCell.Tests.dll" adapterTypeName="Microsoft.VisualStudio.TestTools.TestTypes.Unit.UnitTestAdapter, Microsoft.VisualStudio.QualityTools.Tips.UnitTest.Adapter, Version=9.0.0.0, Culture=neutral, PublicKeyToken=b03f5f7f11d50a3a" className="CombCell.CombTest, CombCell.Tests" name="EnsureCells11" />
    </UnitTest>
    <UnitTest name="PositionGetSet01" storage="c:\combcell\googlecode\trunk\solutions\combcell\combcell.test\combcell.tests\bin\debug\combcell.tests.dll" id="cc3c756f-d3fc-c5d3-f51d-c97d33344549">
      <Css projectStructure="" iteration="" />
      <Owners>
        <Owner name="" />
      </Owners>
      <Execution id="14b8ea79-c7a2-4559-89fc-3ccaec82c942" />
      <TestMethod codeBase="C:\combcell\googlecode\trunk\Solutions\CombCell\CombCell.Test\CombCell.Tests\bin\Debug\CombCell.Tests.dll" adapterTypeName="Microsoft.VisualStudio.TestTools.TestTypes.Unit.UnitTestAdapter, Microsoft.VisualStudio.QualityTools.Tips.UnitTest.Adapter, Version=9.0.0.0, Culture=neutral, PublicKeyToken=b03f5f7f11d50a3a" className="CombCell.CellTest, CombCell.Tests" name="PositionGetSet01" />
    </UnitTest>
    <UnitTest name="Equals0102" storage="c:\combcell\googlecode\trunk\solutions\combcell\combcell.test\combcell.tests\bin\debug\combcell.tests.dll" id="00ee659f-0564-823f-5dff-0f835fa39221">
      <Css projectStructure="" iteration="" />
      <Owners>
        <Owner name="" />
      </Owners>
      <Execution id="dd64b052-d428-46aa-997f-c30fe22b77ae" />
      <TestMethod codeBase="C:\combcell\googlecode\trunk\Solutions\CombCell\CombCell.Test\CombCell.Tests\bin\Debug\CombCell.Tests.dll" adapterTypeName="Microsoft.VisualStudio.TestTools.TestTypes.Unit.UnitTestAdapter, Microsoft.VisualStudio.QualityTools.Tips.UnitTest.Adapter, Version=9.0.0.0, Culture=neutral, PublicKeyToken=b03f5f7f11d50a3a" className="CombCell.PairTTest, CombCell.Tests" name="Equals0102" />
    </UnitTest>
    <UnitTest name="Calc04" storage="c:\combcell\googlecode\trunk\solutions\combcell\combcell.dsalgo\combcell.dsalgo.tests\bin\debug\combcell.dsalgo.tests.dll" id="69fc1e48-5d16-5aef-b5d0-ed26eab63571">
      <Css projectStructure="" iteration="" />
      <Owners>
        <Owner name="" />
      </Owners>
      <Execution id="14fd6419-4bf4-4aad-bbc0-4bb5ebc74914" />
      <TestMethod codeBase="C:\combcell\googlecode\trunk\Solutions\CombCell\CombCell.DSAlgo\CombCell.DSAlgo.Tests\bin\Debug\CombCell.DSAlgo.Tests.dll" adapterTypeName="Microsoft.VisualStudio.TestTools.TestTypes.Unit.UnitTestAdapter, Microsoft.VisualStudio.QualityTools.Tips.UnitTest.Adapter, Version=9.0.0.0, Culture=neutral, PublicKeyToken=b03f5f7f11d50a3a" className="CombCell.DSAlgo.SnakeTTest, CombCell.DSAlgo.Tests" name="Calc04" />
    </UnitTest>
    <UnitTest name="PenGetSet03" storage="c:\combcell\googlecode\trunk\solutions\combcell\combcell.test\combcell.tests\bin\debug\combcell.tests.dll" id="563931d3-4bdc-46d5-27c8-76eb112c9c7b">
      <Css projectStructure="" iteration="" />
      <Owners>
        <Owner name="" />
      </Owners>
      <Execution id="64394e2f-3a44-47f3-a861-86d5dd87fc54" />
      <TestMethod codeBase="C:\combcell\googlecode\trunk\Solutions\CombCell\CombCell.Test\CombCell.Tests\bin\Debug\CombCell.Tests.dll" adapterTypeName="Microsoft.VisualStudio.TestTools.TestTypes.Unit.UnitTestAdapter, Microsoft.VisualStudio.QualityTools.Tips.UnitTest.Adapter, Version=9.0.0.0, Culture=neutral, PublicKeyToken=b03f5f7f11d50a3a" className="CombCell.SchemeTest, CombCell.Tests" name="PenGetSet03" />
    </UnitTest>
    <UnitTest name="ItemGetSet11" storage="c:\combcell\googlecode\trunk\solutions\combcell\combcell.test\combcell.tests\bin\debug\combcell.tests.dll" id="3d1ed564-75f5-cde2-d835-a6620b566b5e">
      <Css projectStructure="" iteration="" />
      <Owners>
        <Owner name="" />
      </Owners>
      <Execution id="722f51a5-29be-4be9-9217-d8a7b1adc7b2" />
      <TestMethod codeBase="C:\combcell\googlecode\trunk\Solutions\CombCell\CombCell.Test\CombCell.Tests\bin\Debug\CombCell.Tests.dll" adapterTypeName="Microsoft.VisualStudio.TestTools.TestTypes.Unit.UnitTestAdapter, Microsoft.VisualStudio.QualityTools.Tips.UnitTest.Adapter, Version=9.0.0.0, Culture=neutral, PublicKeyToken=b03f5f7f11d50a3a" className="CombCell.LengendTest, CombCell.Tests" name="ItemGetSet11" />
    </UnitTest>
    <UnitTest name="Unselect02" storage="c:\combcell\googlecode\trunk\solutions\combcell\combcell.test\combcell.tests\bin\debug\combcell.tests.dll" id="d71b6851-8cb1-1b29-c034-4aa261a5fad5">
      <Css projectStructure="" iteration="" />
      <Owners>
        <Owner name="" />
      </Owners>
      <Execution id="dbff40af-51a2-40e6-83cd-928390c5c1a4" />
      <TestMethod codeBase="C:\combcell\googlecode\trunk\Solutions\CombCell\CombCell.Test\CombCell.Tests\bin\Debug\CombCell.Tests.dll" adapterTypeName="Microsoft.VisualStudio.TestTools.TestTypes.Unit.UnitTestAdapter, Microsoft.VisualStudio.QualityTools.Tips.UnitTest.Adapter, Version=9.0.0.0, Culture=neutral, PublicKeyToken=b03f5f7f11d50a3a" className="CombCell.CombTest, CombCell.Tests" name="Unselect02" />
    </UnitTest>
    <UnitTest name="CalcFc0104" storage="c:\combcell\googlecode\trunk\solutions\combcell\combcell.dsalgo\combcell.dsalgo.tests\bin\debug\combcell.dsalgo.tests.dll" id="26fdd7b5-9580-4cef-354b-0f6cf50448ff">
      <Css projectStructure="" iteration="" />
      <Owners>
        <Owner name="" />
      </Owners>
      <Execution id="f39513c5-07ca-4f6b-964b-20c5debeee64" />
      <TestMethod codeBase="C:\combcell\googlecode\trunk\Solutions\CombCell\CombCell.DSAlgo\CombCell.DSAlgo.Tests\bin\Debug\CombCell.DSAlgo.Tests.dll" adapterTypeName="Microsoft.VisualStudio.TestTools.TestTypes.Unit.UnitTestAdapter, Microsoft.VisualStudio.QualityTools.Tips.UnitTest.Adapter, Version=9.0.0.0, Culture=neutral, PublicKeyToken=b03f5f7f11d50a3a" className="CombCell.DSAlgo.HamiltonSlowTTest, CombCell.DSAlgo.Tests" name="CalcFc0104" />
    </UnitTest>
    <UnitTest name="CanCalcGet02" storage="c:\combcell\googlecode\trunk\solutions\combcell\combcell.dsalgo\combcell.dsalgo.tests\bin\debug\combcell.dsalgo.tests.dll" id="194b8fcf-ae61-51bb-ee8c-6c3e93e094ad">
      <Css projectStructure="" iteration="" />
      <Owners>
        <Owner name="" />
      </Owners>
      <Execution id="b0e3b38e-1011-4a78-a2aa-f6b5dea4daa7" />
      <TestMethod codeBase="C:\combcell\googlecode\trunk\Solutions\CombCell\CombCell.DSAlgo\CombCell.DSAlgo.Tests\bin\Debug\CombCell.DSAlgo.Tests.dll" adapterTypeName="Microsoft.VisualStudio.TestTools.TestTypes.Unit.UnitTestAdapter, Microsoft.VisualStudio.QualityTools.Tips.UnitTest.Adapter, Version=9.0.0.0, Culture=neutral, PublicKeyToken=b03f5f7f11d50a3a" className="CombCell.DSAlgo.SnakeTTest, CombCell.DSAlgo.Tests" name="CanCalcGet02" />
    </UnitTest>
    <UnitTest name="Constructor01" storage="c:\combcell\googlecode\trunk\solutions\combcell\combcell.test\combcell.tests\bin\debug\combcell.tests.dll" id="73bdc975-fc34-8389-627f-8bb4e68e1bac">
      <Css projectStructure="" iteration="" />
      <Owners>
        <Owner name="" />
      </Owners>
      <Execution id="2e658ed5-c13b-4925-a151-3e87d64741dd" />
      <TestMethod codeBase="C:\combcell\googlecode\trunk\Solutions\CombCell\CombCell.Test\CombCell.Tests\bin\Debug\CombCell.Tests.dll" adapterTypeName="Microsoft.VisualStudio.TestTools.TestTypes.Unit.UnitTestAdapter, Microsoft.VisualStudio.QualityTools.Tips.UnitTest.Adapter, Version=9.0.0.0, Culture=neutral, PublicKeyToken=b03f5f7f11d50a3a" className="CombCell.CombCellWindowTest, CombCell.Tests" name="Constructor01" />
    </UnitTest>
    <UnitTest name="Add0101" storage="c:\combcell\googlecode\trunk\solutions\combcell\combcell.dsalgo\combcell.dsalgo.tests\bin\debug\combcell.dsalgo.tests.dll" id="3ffd8224-ff9f-0c00-561f-b005eb70e5e2">
      <Css projectStructure="" iteration="" />
      <Owners>
        <Owner name="" />
      </Owners>
      <Execution id="d9d8c1ec-0e27-48d4-9c1b-21f95143ec31" />
      <TestMethod codeBase="C:\combcell\googlecode\trunk\Solutions\CombCell\CombCell.DSAlgo\CombCell.DSAlgo.Tests\bin\Debug\CombCell.DSAlgo.Tests.dll" adapterTypeName="Microsoft.VisualStudio.TestTools.TestTypes.Unit.UnitTestAdapter, Microsoft.VisualStudio.QualityTools.Tips.UnitTest.Adapter, Version=9.0.0.0, Culture=neutral, PublicKeyToken=b03f5f7f11d50a3a" className="CombCell.DSAlgo.PriorityQueueTItemTPriTest, CombCell.DSAlgo.Tests" name="Add0101" />
    </UnitTest>
    <UnitTest name="TryGetValue01" storage="c:\combcell\googlecode\trunk\solutions\combcell\combcell.dsalgo\combcell.dsalgo.tests\bin\debug\combcell.dsalgo.tests.dll" id="971249cf-ee88-ee2b-ccf3-9bd77d25c68e">
      <Css projectStructure="" iteration="" />
      <Owners>
        <Owner name="" />
      </Owners>
      <Execution id="743febf2-b912-4293-8cdc-09b1be383f83" />
      <TestMethod codeBase="C:\combcell\googlecode\trunk\Solutions\CombCell\CombCell.DSAlgo\CombCell.DSAlgo.Tests\bin\Debug\CombCell.DSAlgo.Tests.dll" adapterTypeName="Microsoft.VisualStudio.TestTools.TestTypes.Unit.UnitTestAdapter, Microsoft.VisualStudio.QualityTools.Tips.UnitTest.Adapter, Version=9.0.0.0, Culture=neutral, PublicKeyToken=b03f5f7f11d50a3a" className="CombCell.DSAlgo.PriorityQueueTItemTPriTest, CombCell.DSAlgo.Tests" name="TryGetValue01" />
    </UnitTest>
    <UnitTest name="Peek01" storage="c:\combcell\googlecode\trunk\solutions\combcell\combcell.dsalgo\combcell.dsalgo.tests\bin\debug\combcell.dsalgo.tests.dll" id="18424f2f-db80-a071-54b9-1c93399e2830">
      <Css projectStructure="" iteration="" />
      <Owners>
        <Owner name="" />
      </Owners>
      <Execution id="1252552f-d44a-4355-a7fc-56be6008ccbb" />
      <TestMethod codeBase="C:\combcell\googlecode\trunk\Solutions\CombCell\CombCell.DSAlgo\CombCell.DSAlgo.Tests\bin\Debug\CombCell.DSAlgo.Tests.dll" adapterTypeName="Microsoft.VisualStudio.TestTools.TestTypes.Unit.UnitTestAdapter, Microsoft.VisualStudio.QualityTools.Tips.UnitTest.Adapter, Version=9.0.0.0, Culture=neutral, PublicKeyToken=b03f5f7f11d50a3a" className="CombCell.DSAlgo.PriorityQueueTItemTPriTest, CombCell.DSAlgo.Tests" name="Peek01" />
    </UnitTest>
    <UnitTest name="FromPointToPair01" storage="c:\combcell\googlecode\trunk\solutions\combcell\combcell.test\combcell.tests\bin\debug\combcell.tests.dll" id="0d03b463-bf14-72ee-8589-f0942b97b2d9">
      <Css projectStructure="" iteration="" />
      <Owners>
        <Owner name="" />
      </Owners>
      <Execution id="e29f9d68-8e0e-428e-b0c0-dc023d627eee" />
      <TestMethod codeBase="C:\combcell\googlecode\trunk\Solutions\CombCell\CombCell.Test\CombCell.Tests\bin\Debug\CombCell.Tests.dll" adapterTypeName="Microsoft.VisualStudio.TestTools.TestTypes.Unit.UnitTestAdapter, Microsoft.VisualStudio.QualityTools.Tips.UnitTest.Adapter, Version=9.0.0.0, Culture=neutral, PublicKeyToken=b03f5f7f11d50a3a" className="CombCell.TriArrangerTest, CombCell.Tests" name="FromPointToPair01" />
    </UnitTest>
    <UnitTest name="Clear01" storage="c:\combcell\googlecode\trunk\solutions\combcell\combcell.dsalgo\combcell.dsalgo.tests\bin\debug\combcell.dsalgo.tests.dll" id="ef5bb4c5-cda3-87e1-32be-db841f908b14">
      <Css projectStructure="" iteration="" />
      <Owners>
        <Owner name="" />
      </Owners>
      <Execution id="77178111-b7f8-49fe-9f4d-1454b1ac3211" />
      <TestMethod codeBase="C:\combcell\googlecode\trunk\Solutions\CombCell\CombCell.DSAlgo\CombCell.DSAlgo.Tests\bin\Debug\CombCell.DSAlgo.Tests.dll" adapterTypeName="Microsoft.VisualStudio.TestTools.TestTypes.Unit.UnitTestAdapter, Microsoft.VisualStudio.QualityTools.Tips.UnitTest.Adapter, Version=9.0.0.0, Culture=neutral, PublicKeyToken=b03f5f7f11d50a3a" className="CombCell.DSAlgo.PriorityQueueTItemTPriTest, CombCell.DSAlgo.Tests" name="Clear01" />
    </UnitTest>
    <UnitTest name="ToString01" storage="c:\combcell\googlecode\trunk\solutions\combcell\combcell.test\combcell.tests\bin\debug\combcell.tests.dll" id="5976bac1-1e7d-93c0-4238-65030163e68d">
      <Css projectStructure="" iteration="" />
      <Owners>
        <Owner name="" />
      </Owners>
      <Execution id="2a89110d-7fcd-4447-8759-b8b2677170e7" />
      <TestMethod codeBase="C:\combcell\googlecode\trunk\Solutions\CombCell\CombCell.Test\CombCell.Tests\bin\Debug\CombCell.Tests.dll" adapterTypeName="Microsoft.VisualStudio.TestTools.TestTypes.Unit.UnitTestAdapter, Microsoft.VisualStudio.QualityTools.Tips.UnitTest.Adapter, Version=9.0.0.0, Culture=neutral, PublicKeyToken=b03f5f7f11d50a3a" className="CombCell.PairTTest, CombCell.Tests" name="ToString01" />
    </UnitTest>
    <UnitTest name="MarkIndex03" storage="c:\combcell\googlecode\trunk\solutions\combcell\combcell.test\combcell.tests\bin\debug\combcell.tests.dll" id="94c9b41c-234c-844c-2d24-2766da152be9">
      <Css projectStructure="" iteration="" />
      <Owners>
        <Owner name="" />
      </Owners>
      <Execution id="ff9ff1df-33ea-4b38-aa5b-d70baf4a9cca" />
      <TestMethod codeBase="C:\combcell\googlecode\trunk\Solutions\CombCell\CombCell.Test\CombCell.Tests\bin\Debug\CombCell.Tests.dll" adapterTypeName="Microsoft.VisualStudio.TestTools.TestTypes.Unit.UnitTestAdapter, Microsoft.VisualStudio.QualityTools.Tips.UnitTest.Adapter, Version=9.0.0.0, Culture=neutral, PublicKeyToken=b03f5f7f11d50a3a" className="CombCell.ArrangerTest, CombCell.Tests" name="MarkIndex03" />
    </UnitTest>
    <UnitTest name="NextPermutation02" storage="c:\combcell\googlecode\trunk\solutions\combcell\combcell.dsalgo\combcell.dsalgo.tests\bin\debug\combcell.dsalgo.tests.dll" id="d3b05a2c-262e-f206-ea27-fc6b5c584b8c">
      <Css projectStructure="" iteration="" />
      <Owners>
        <Owner name="" />
      </Owners>
      <Execution id="fbdcc153-9cb6-483a-a8ca-2fe4f4cbe3eb" />
      <TestMethod codeBase="C:\combcell\googlecode\trunk\Solutions\CombCell\CombCell.DSAlgo\CombCell.DSAlgo.Tests\bin\Debug\CombCell.DSAlgo.Tests.dll" adapterTypeName="Microsoft.VisualStudio.TestTools.TestTypes.Unit.UnitTestAdapter, Microsoft.VisualStudio.QualityTools.Tips.UnitTest.Adapter, Version=9.0.0.0, Culture=neutral, PublicKeyToken=b03f5f7f11d50a3a" className="CombCell.DSAlgo.HamiltonSlowTTest, CombCell.DSAlgo.Tests" name="NextPermutation02" />
    </UnitTest>
    <UnitTest name="HasNextPermutation0127" storage="c:\combcell\googlecode\trunk\solutions\combcell\combcell.dsalgo\combcell.dsalgo.tests\bin\debug\combcell.dsalgo.tests.dll" id="fa4d20ee-68a1-7667-34a6-03220e10ea7f">
      <Css projectStructure="" iteration="" />
      <Owners>
        <Owner name="" />
      </Owners>
      <Execution id="76c48ed0-0022-4267-9efe-1185c96b1010" />
      <TestMethod codeBase="C:\combcell\googlecode\trunk\Solutions\CombCell\CombCell.DSAlgo\CombCell.DSAlgo.Tests\bin\Debug\CombCell.DSAlgo.Tests.dll" adapterTypeName="Microsoft.VisualStudio.TestTools.TestTypes.Unit.UnitTestAdapter, Microsoft.VisualStudio.QualityTools.Tips.UnitTest.Adapter, Version=9.0.0.0, Culture=neutral, PublicKeyToken=b03f5f7f11d50a3a" className="CombCell.DSAlgo.HamiltonSlowTTest, CombCell.DSAlgo.Tests" name="HasNextPermutation0127" />
    </UnitTest>
    <UnitTest name="EnsureCells33" storage="c:\combcell\googlecode\trunk\solutions\combcell\combcell.test\combcell.tests\bin\debug\combcell.tests.dll" id="23bd14be-4be1-0424-9752-58202e06839a">
      <Css projectStructure="" iteration="" />
      <Owners>
        <Owner name="" />
      </Owners>
      <Execution id="0afcca4f-3b9b-4ce4-877f-9845564573ba" />
      <TestMethod codeBase="C:\combcell\googlecode\trunk\Solutions\CombCell\CombCell.Test\CombCell.Tests\bin\Debug\CombCell.Tests.dll" adapterTypeName="Microsoft.VisualStudio.TestTools.TestTypes.Unit.UnitTestAdapter, Microsoft.VisualStudio.QualityTools.Tips.UnitTest.Adapter, Version=9.0.0.0, Culture=neutral, PublicKeyToken=b03f5f7f11d50a3a" className="CombCell.CombTest, CombCell.Tests" name="EnsureCells33" />
    </UnitTest>
    <UnitTest name="BrushGetSet02" storage="c:\combcell\googlecode\trunk\solutions\combcell\combcell.test\combcell.tests\bin\debug\combcell.tests.dll" id="5a45c67c-02ea-6649-bf98-ad4c78c2ef59">
      <Css projectStructure="" iteration="" />
      <Owners>
        <Owner name="" />
      </Owners>
      <Execution id="119b0ba6-1ab2-4f87-8a13-b4608164b852" />
      <TestMethod codeBase="C:\combcell\googlecode\trunk\Solutions\CombCell\CombCell.Test\CombCell.Tests\bin\Debug\CombCell.Tests.dll" adapterTypeName="Microsoft.VisualStudio.TestTools.TestTypes.Unit.UnitTestAdapter, Microsoft.VisualStudio.QualityTools.Tips.UnitTest.Adapter, Version=9.0.0.0, Culture=neutral, PublicKeyToken=b03f5f7f11d50a3a" className="CombCell.SchemeTest, CombCell.Tests" name="BrushGetSet02" />
    </UnitTest>
    <UnitTest name="CountGet01" storage="c:\combcell\googlecode\trunk\solutions\combcell\combcell.dsalgo\combcell.dsalgo.tests\bin\debug\combcell.dsalgo.tests.dll" id="cd8137b7-45e3-4e28-367d-322fc3bb05cc">
      <Css projectStructure="" iteration="" />
      <Owners>
        <Owner name="" />
      </Owners>
      <Execution id="f8e60078-586c-4fb3-845b-0eff9062e5e8" />
      <TestMethod codeBase="C:\combcell\googlecode\trunk\Solutions\CombCell\CombCell.DSAlgo\CombCell.DSAlgo.Tests\bin\Debug\CombCell.DSAlgo.Tests.dll" adapterTypeName="Microsoft.VisualStudio.TestTools.TestTypes.Unit.UnitTestAdapter, Microsoft.VisualStudio.QualityTools.Tips.UnitTest.Adapter, Version=9.0.0.0, Culture=neutral, PublicKeyToken=b03f5f7f11d50a3a" className="CombCell.DSAlgo.GraphPathTTest, CombCell.DSAlgo.Tests" name="CountGet01" />
    </UnitTest>
    <UnitTest name="HasNextPermutation04" storage="c:\combcell\googlecode\trunk\solutions\combcell\combcell.dsalgo\combcell.dsalgo.tests\bin\debug\combcell.dsalgo.tests.dll" id="70e2a65c-29ab-d1cb-1a2d-4c19a0f63490">
      <Css projectStructure="" iteration="" />
      <Owners>
        <Owner name="" />
      </Owners>
      <Execution id="a1cdc79c-a739-442f-88d8-6687d9cadeee" />
      <TestMethod codeBase="C:\combcell\googlecode\trunk\Solutions\CombCell\CombCell.DSAlgo\CombCell.DSAlgo.Tests\bin\Debug\CombCell.DSAlgo.Tests.dll" adapterTypeName="Microsoft.VisualStudio.TestTools.TestTypes.Unit.UnitTestAdapter, Microsoft.VisualStudio.QualityTools.Tips.UnitTest.Adapter, Version=9.0.0.0, Culture=neutral, PublicKeyToken=b03f5f7f11d50a3a" className="CombCell.DSAlgo.HamiltonSlowTTest, CombCell.DSAlgo.Tests" name="HasNextPermutation04" />
    </UnitTest>
    <UnitTest name="PenGetSet01" storage="c:\combcell\googlecode\trunk\solutions\combcell\combcell.test\combcell.tests\bin\debug\combcell.tests.dll" id="e6538397-88c1-f0e1-ea99-0e098ff4c133">
      <Css projectStructure="" iteration="" />
      <Owners>
        <Owner name="" />
      </Owners>
      <Execution id="64edbb75-4e70-4a66-9aeb-b707170daa0e" />
      <TestMethod codeBase="C:\combcell\googlecode\trunk\Solutions\CombCell\CombCell.Test\CombCell.Tests\bin\Debug\CombCell.Tests.dll" adapterTypeName="Microsoft.VisualStudio.TestTools.TestTypes.Unit.UnitTestAdapter, Microsoft.VisualStudio.QualityTools.Tips.UnitTest.Adapter, Version=9.0.0.0, Culture=neutral, PublicKeyToken=b03f5f7f11d50a3a" className="CombCell.SchemeTest, CombCell.Tests" name="PenGetSet01" />
    </UnitTest>
    <UnitTest name="NearBy05" storage="c:\combcell\googlecode\trunk\solutions\combcell\combcell.test\combcell.tests\bin\debug\combcell.tests.dll" id="828b3284-19ac-cc88-6854-e8bc7a7d5e6e">
      <Css projectStructure="" iteration="" />
      <Owners>
        <Owner name="" />
      </Owners>
      <Execution id="6f7c68cb-f361-430f-adab-a873e746d59e" />
      <TestMethod codeBase="C:\combcell\googlecode\trunk\Solutions\CombCell\CombCell.Test\CombCell.Tests\bin\Debug\CombCell.Tests.dll" adapterTypeName="Microsoft.VisualStudio.TestTools.TestTypes.Unit.UnitTestAdapter, Microsoft.VisualStudio.QualityTools.Tips.UnitTest.Adapter, Version=9.0.0.0, Culture=neutral, PublicKeyToken=b03f5f7f11d50a3a" className="CombCell.ArrangerTest, CombCell.Tests" name="NearBy05" />
    </UnitTest>
    <UnitTest name="FromPointToPair03" storage="c:\combcell\googlecode\trunk\solutions\combcell\combcell.test\combcell.tests\bin\debug\combcell.tests.dll" id="99e19066-cb01-9ee8-2be6-f18ad88d69d3">
      <Css projectStructure="" iteration="" />
      <Owners>
        <Owner name="" />
      </Owners>
      <Execution id="800a73df-96ed-4309-8930-a1a170b481e6" />
      <TestMethod codeBase="C:\combcell\googlecode\trunk\Solutions\CombCell\CombCell.Test\CombCell.Tests\bin\Debug\CombCell.Tests.dll" adapterTypeName="Microsoft.VisualStudio.TestTools.TestTypes.Unit.UnitTestAdapter, Microsoft.VisualStudio.QualityTools.Tips.UnitTest.Adapter, Version=9.0.0.0, Culture=neutral, PublicKeyToken=b03f5f7f11d50a3a" className="CombCell.RectArrangerTest, CombCell.Tests" name="FromPointToPair03" />
    </UnitTest>
    <UnitTest name="FromGetSet01" storage="c:\combcell\googlecode\trunk\solutions\combcell\combcell.test\combcell.tests\bin\debug\combcell.tests.dll" id="35aaf715-9bdd-858b-74a9-c896b621d3ee">
      <Css projectStructure="" iteration="" />
      <Owners>
        <Owner name="" />
      </Owners>
      <Execution id="74fb1fce-f7e9-40e0-82d5-e8c27b863ef5" />
      <TestMethod codeBase="C:\combcell\googlecode\trunk\Solutions\CombCell\CombCell.Test\CombCell.Tests\bin\Debug\CombCell.Tests.dll" adapterTypeName="Microsoft.VisualStudio.TestTools.TestTypes.Unit.UnitTestAdapter, Microsoft.VisualStudio.QualityTools.Tips.UnitTest.Adapter, Version=9.0.0.0, Culture=neutral, PublicKeyToken=b03f5f7f11d50a3a" className="CombCell.DSAlgo.EdgeTTest, CombCell.Tests" name="FromGetSet01" />
    </UnitTest>
    <UnitTest name="VertexesGet01" storage="c:\combcell\googlecode\trunk\solutions\combcell\combcell.test\combcell.tests\bin\debug\combcell.tests.dll" id="2bf9e499-c806-eb20-0417-469b4d185e13">
      <Css projectStructure="" iteration="" />
      <Owners>
        <Owner name="" />
      </Owners>
      <Execution id="fe7ed5ec-8050-4ae5-ab0a-28fa31380d5b" />
      <TestMethod codeBase="C:\combcell\googlecode\trunk\Solutions\CombCell\CombCell.Test\CombCell.Tests\bin\Debug\CombCell.Tests.dll" adapterTypeName="Microsoft.VisualStudio.TestTools.TestTypes.Unit.UnitTestAdapter, Microsoft.VisualStudio.QualityTools.Tips.UnitTest.Adapter, Version=9.0.0.0, Culture=neutral, PublicKeyToken=b03f5f7f11d50a3a" className="CombCell.DSAlgo.GraphTTest, CombCell.Tests" name="VertexesGet01" />
    </UnitTest>
    <UnitTest name="NextPermutation19" storage="c:\combcell\googlecode\trunk\solutions\combcell\combcell.dsalgo\combcell.dsalgo.tests\bin\debug\combcell.dsalgo.tests.dll" id="b2ddae3b-1118-b89c-fccf-2efe25101041">
      <Css projectStructure="" iteration="" />
      <Owners>
        <Owner name="" />
      </Owners>
      <Execution id="ff22d65c-4248-43d2-9ba8-df9a731702e0" />
      <TestMethod codeBase="C:\combcell\googlecode\trunk\Solutions\CombCell\CombCell.DSAlgo\CombCell.DSAlgo.Tests\bin\Debug\CombCell.DSAlgo.Tests.dll" adapterTypeName="Microsoft.VisualStudio.TestTools.TestTypes.Unit.UnitTestAdapter, Microsoft.VisualStudio.QualityTools.Tips.UnitTest.Adapter, Version=9.0.0.0, Culture=neutral, PublicKeyToken=b03f5f7f11d50a3a" className="CombCell.DSAlgo.HamiltonSlowTTest, CombCell.DSAlgo.Tests" name="NextPermutation19" />
    </UnitTest>
    <UnitTest name="GraphPathGetSet03" storage="c:\combcell\googlecode\trunk\solutions\combcell\combcell.test\combcell.tests\bin\debug\combcell.tests.dll" id="b78b1d0c-227e-885f-68d3-e21acac80bbc">
      <Css projectStructure="" iteration="" />
      <Owners>
        <Owner name="" />
      </Owners>
      <Execution id="f6e03677-1c80-4443-ad16-2dacffd87ae3" />
      <TestMethod codeBase="C:\combcell\googlecode\trunk\Solutions\CombCell\CombCell.Test\CombCell.Tests\bin\Debug\CombCell.Tests.dll" adapterTypeName="Microsoft.VisualStudio.TestTools.TestTypes.Unit.UnitTestAdapter, Microsoft.VisualStudio.QualityTools.Tips.UnitTest.Adapter, Version=9.0.0.0, Culture=neutral, PublicKeyToken=b03f5f7f11d50a3a" className="CombCell.CombTest, CombCell.Tests" name="GraphPathGetSet03" />
    </UnitTest>
    <UnitTest name="Calc01" storage="c:\combcell\googlecode\trunk\solutions\combcell\combcell.dsalgo\combcell.dsalgo.tests\bin\debug\combcell.dsalgo.tests.dll" id="2478ceae-0166-8cd7-64b8-c833f73662cd">
      <Css projectStructure="" iteration="" />
      <Owners>
        <Owner name="" />
      </Owners>
      <Execution id="e4c313fa-e03b-4baf-be32-63b74bccb1e3" />
      <TestMethod codeBase="C:\combcell\googlecode\trunk\Solutions\CombCell\CombCell.DSAlgo\CombCell.DSAlgo.Tests\bin\Debug\CombCell.DSAlgo.Tests.dll" adapterTypeName="Microsoft.VisualStudio.TestTools.TestTypes.Unit.UnitTestAdapter, Microsoft.VisualStudio.QualityTools.Tips.UnitTest.Adapter, Version=9.0.0.0, Culture=neutral, PublicKeyToken=b03f5f7f11d50a3a" className="CombCell.DSAlgo.SingleSourceTTest, CombCell.DSAlgo.Tests" name="Calc01" />
    </UnitTest>
    <UnitTest name="CalcFc0106" storage="c:\combcell\googlecode\trunk\solutions\combcell\combcell.dsalgo\combcell.dsalgo.tests\bin\debug\combcell.dsalgo.tests.dll" id="ae8a348d-d3cc-db88-9286-1fb13cceef7f">
      <Css projectStructure="" iteration="" />
      <Owners>
        <Owner name="" />
      </Owners>
      <Execution id="aed9363e-44c8-43d1-91d1-3d274ea2621f" />
      <TestMethod codeBase="C:\combcell\googlecode\trunk\Solutions\CombCell\CombCell.DSAlgo\CombCell.DSAlgo.Tests\bin\Debug\CombCell.DSAlgo.Tests.dll" adapterTypeName="Microsoft.VisualStudio.TestTools.TestTypes.Unit.UnitTestAdapter, Microsoft.VisualStudio.QualityTools.Tips.UnitTest.Adapter, Version=9.0.0.0, Culture=neutral, PublicKeyToken=b03f5f7f11d50a3a" className="CombCell.DSAlgo.HamiltonSlowTTest, CombCell.DSAlgo.Tests" name="CalcFc0106" />
    </UnitTest>
  </TestDefinitions>
  <TestLists>
    <TestList name="列表中未列出的结果" id="8c84fa94-04c1-424b-9868-57a2d4851a1d" />
    <TestList name="所有已加载的结果" id="19431567-8539-422a-85d7-44ee4e166bda" />
  </TestLists>
  <TestEntries>
    <TestEntry testId="a1f1c160-6161-e642-dfc8-cc5ce3ca0041" executionId="f96359da-f0ef-426e-b248-fdf571c9b42f" testListId="8c84fa94-04c1-424b-9868-57a2d4851a1d" />
    <TestEntry testId="e74ce5a6-acef-1dc2-7516-6b2c0039f850" executionId="0f03e93d-774d-4ee6-b184-cd1eaf16d8e3" testListId="8c84fa94-04c1-424b-9868-57a2d4851a1d" />
    <TestEntry testId="8af81516-e8e3-c5f2-78cc-286529d532fe" executionId="871d4998-38d7-4d9c-9368-6a9335e8a2fe" testListId="8c84fa94-04c1-424b-9868-57a2d4851a1d" />
    <TestEntry testId="81fadcb6-f887-1e78-b42e-8c3cbbef5aba" executionId="02c8be9e-d2a2-429c-bec3-5e53fabd6cfd" testListId="8c84fa94-04c1-424b-9868-57a2d4851a1d" />
    <TestEntry testId="25c39882-a4e3-043f-8a30-cb55fa2281f6" executionId="7be6aefb-7daf-4213-942f-e243b67a3cdb" testListId="8c84fa94-04c1-424b-9868-57a2d4851a1d" />
    <TestEntry testId="11a561f2-83a3-290b-041c-402422b6c94f" executionId="613e0cd3-ff18-42ce-b514-3909925e8eba" testListId="8c84fa94-04c1-424b-9868-57a2d4851a1d" />
    <TestEntry testId="82bad7a0-7540-4384-d379-0dd6ed117bde" executionId="0d83171a-83e6-42b9-a76a-722115c1e37f" testListId="8c84fa94-04c1-424b-9868-57a2d4851a1d" />
    <TestEntry testId="4bb78a3b-1d0b-a219-2016-dd49e87c6d93" executionId="987656d5-9b8d-40f2-99a0-88fa2f37993f" testListId="8c84fa94-04c1-424b-9868-57a2d4851a1d" />
    <TestEntry testId="680b549f-9fcc-e693-0a82-86f7c302a11f" executionId="cc95bc6a-156f-4e90-b567-b6124b3f52d4" testListId="8c84fa94-04c1-424b-9868-57a2d4851a1d" />
    <TestEntry testId="3dd653bf-2db7-e454-8aee-d2269774e5bf" executionId="73ed92b7-9252-4a89-ad73-49cd0ec5d957" testListId="8c84fa94-04c1-424b-9868-57a2d4851a1d" />
    <TestEntry testId="fa26ae0e-e01d-9bc5-6cdb-35035f3ecddb" executionId="9eb2a483-9b49-4ca5-9205-df05c1fab12a" testListId="8c84fa94-04c1-424b-9868-57a2d4851a1d" />
    <TestEntry testId="660b8691-1ddf-c8c6-6d3f-b51d3f5d1ed0" executionId="127eac64-d742-4cd2-bd34-4fb37b99ea76" testListId="8c84fa94-04c1-424b-9868-57a2d4851a1d" />
    <TestEntry testId="98710463-87b8-1b6f-f861-2f3765674907" executionId="5cb2fd30-b5bf-4016-8321-806de847dfff" testListId="8c84fa94-04c1-424b-9868-57a2d4851a1d" />
    <TestEntry testId="f5424b12-92f4-5032-6398-37dcc633cc9a" executionId="55b5fe64-e8df-4f26-9aa8-a07b2546f1b7" testListId="8c84fa94-04c1-424b-9868-57a2d4851a1d" />
    <TestEntry testId="94c9b41c-234c-844c-2d24-2766da152be9" executionId="ff9ff1df-33ea-4b38-aa5b-d70baf4a9cca" testListId="8c84fa94-04c1-424b-9868-57a2d4851a1d" />
    <TestEntry testId="686559a1-4b57-984c-3df6-050bfb22bb82" executionId="aa29b22e-b83b-42d1-aea0-4152e48a8ff0" testListId="8c84fa94-04c1-424b-9868-57a2d4851a1d" />
    <TestEntry testId="828b3284-19ac-cc88-6854-e8bc7a7d5e6e" executionId="6f7c68cb-f361-430f-adab-a873e746d59e" testListId="8c84fa94-04c1-424b-9868-57a2d4851a1d" />
    <TestEntry testId="898621a0-bc34-a16a-2960-2011782f3b01" executionId="4e915cb9-d4d5-464f-8abe-67dc0e177253" testListId="8c84fa94-04c1-424b-9868-57a2d4851a1d" />
    <TestEntry testId="fa03578d-03e6-d65c-3097-cd6b56b06c33" executionId="9a7c7f9e-2742-41d4-a64b-44937fb03cf1" testListId="8c84fa94-04c1-424b-9868-57a2d4851a1d" />
    <TestEntry testId="6cc5817f-90cd-1223-ea92-17f2ce9bf1e0" executionId="a8d1f6ef-d04e-464f-beb5-e389ffc8265e" testListId="8c84fa94-04c1-424b-9868-57a2d4851a1d" />
    <TestEntry testId="4ab77431-860f-99c4-99ac-963f5e15e325" executionId="df2483ca-449c-4daf-b647-1ef9d935ab9b" testListId="8c84fa94-04c1-424b-9868-57a2d4851a1d" />
    <TestEntry testId="b2987f7c-f7ae-181c-6d69-1c47a55a9565" executionId="98144e57-3953-42e2-af37-0b3b99bb40d4" testListId="8c84fa94-04c1-424b-9868-57a2d4851a1d" />
    <TestEntry testId="cc3c756f-d3fc-c5d3-f51d-c97d33344549" executionId="14b8ea79-c7a2-4559-89fc-3ccaec82c942" testListId="8c84fa94-04c1-424b-9868-57a2d4851a1d" />
    <TestEntry testId="6e400f40-95d1-b9ab-f613-9e5cc674d8c0" executionId="141b6bb1-6f3e-42d9-a513-5afc0f79cbcf" testListId="8c84fa94-04c1-424b-9868-57a2d4851a1d" />
    <TestEntry testId="f1d3b2cd-6328-7285-3b14-5db00fe31bc0" executionId="16f2da63-61f4-44aa-a59d-fda910f3cef7" testListId="8c84fa94-04c1-424b-9868-57a2d4851a1d" />
    <TestEntry testId="e858b7dc-5b4a-99fa-8bca-01afb959033e" executionId="57dda70e-2123-4f72-8105-3c3d5403fe45" testListId="8c84fa94-04c1-424b-9868-57a2d4851a1d" />
    <TestEntry testId="29407696-b213-bb8d-b794-f90d76c52573" executionId="0242dc34-7cfd-4629-8530-1ff567586237" testListId="8c84fa94-04c1-424b-9868-57a2d4851a1d" />
    <TestEntry testId="73bdc975-fc34-8389-627f-8bb4e68e1bac" executionId="2e658ed5-c13b-4925-a151-3e87d64741dd" testListId="8c84fa94-04c1-424b-9868-57a2d4851a1d" />
    <TestEntry testId="69fded50-9504-c4af-9b01-d0d8195a3603" executionId="f1525fc9-bbd1-4d02-b895-02782343c89d" testListId="8c84fa94-04c1-424b-9868-57a2d4851a1d" />
    <TestEntry testId="06dbce25-8021-e98b-b3ec-239ea359be58" executionId="b4a63b48-60b6-4822-8cc0-36f21fe23818" testListId="8c84fa94-04c1-424b-9868-57a2d4851a1d" />
    <TestEntry testId="8cbc6944-c632-ffd0-f13d-20fa1a1a2890" executionId="48905a15-b115-4c34-8e01-43e2ced685c1" testListId="8c84fa94-04c1-424b-9868-57a2d4851a1d" />
    <TestEntry testId="99f84294-83e7-b6ae-120a-e10f76ccab89" executionId="3625a2ca-2bb0-439f-8296-15a262ab4b9a" testListId="8c84fa94-04c1-424b-9868-57a2d4851a1d" />
    <TestEntry testId="f41f90ae-e0fa-6776-0714-c5bca78de7a2" executionId="31e37962-37b2-42b4-af51-60fbd1e3ee56" testListId="8c84fa94-04c1-424b-9868-57a2d4851a1d" />
    <TestEntry testId="742a861c-53c5-70af-0ba8-f3aa2339f3ff" executionId="4196c6b4-2231-4beb-a9c0-56e285f14fb3" testListId="8c84fa94-04c1-424b-9868-57a2d4851a1d" />
    <TestEntry testId="b82427e0-5999-858f-a82d-812adbf98a1c" executionId="97aa0fae-44f0-4d5b-a6f3-9bcb7a8c0508" testListId="8c84fa94-04c1-424b-9868-57a2d4851a1d" />
    <TestEntry testId="11384f71-77b8-9298-d35a-c286d4c25289" executionId="456b448f-78f9-42e1-9341-4c2017df2021" testListId="8c84fa94-04c1-424b-9868-57a2d4851a1d" />
    <TestEntry testId="3f07f6a6-3c24-dd20-f79c-13a9514ff820" executionId="e417eeda-0650-4045-86e9-57d80cbbaa01" testListId="8c84fa94-04c1-424b-9868-57a2d4851a1d" />
    <TestEntry testId="7d885b38-97e5-9f9c-08af-b45d00c9ff38" executionId="820c915a-527c-44ef-88f4-64613989df9a" testListId="8c84fa94-04c1-424b-9868-57a2d4851a1d" />
    <TestEntry testId="c962b9d0-460e-0b31-91e6-3ae7a805cf91" executionId="3942ad70-bd4b-4374-98db-7b1a139518e7" testListId="8c84fa94-04c1-424b-9868-57a2d4851a1d" />
    <TestEntry testId="27b5f0da-6757-1e72-11a1-e6d123ccd226" executionId="a6084f10-dcbf-4808-be8f-fb36cffda53f" testListId="8c84fa94-04c1-424b-9868-57a2d4851a1d" />
    <TestEntry testId="68400bb2-32c5-51f4-deac-170c4b2b8c7c" executionId="51a0f11c-31ef-44c3-9eba-6b01f0b932ed" testListId="8c84fa94-04c1-424b-9868-57a2d4851a1d" />
    <TestEntry testId="69ef66dd-bead-4d0f-40a7-c1c6e7f73b90" executionId="4270ce4a-0529-44eb-9a0d-808a8b5895e2" testListId="8c84fa94-04c1-424b-9868-57a2d4851a1d" />
    <TestEntry testId="d6e81a64-cd02-86e2-ab99-a5f847dada3a" executionId="5608331b-d6fc-449b-a658-d0fc34c8df76" testListId="8c84fa94-04c1-424b-9868-57a2d4851a1d" />
    <TestEntry testId="983dfc42-61d5-c03d-8422-81421c615026" executionId="c9c040ee-9f09-4793-a079-6dd2a829074a" testListId="8c84fa94-04c1-424b-9868-57a2d4851a1d" />
    <TestEntry testId="d914dc4e-cbb5-4397-47bc-3d976206e188" executionId="e101f018-ab22-4040-94eb-c23cadabd644" testListId="8c84fa94-04c1-424b-9868-57a2d4851a1d" />
    <TestEntry testId="5f209251-27d1-3b3b-3eac-e38f1e96bb98" executionId="b54c3937-6b80-4e5e-9628-99f481084847" testListId="8c84fa94-04c1-424b-9868-57a2d4851a1d" />
    <TestEntry testId="0f10d6c6-9d09-d0c6-073c-d4792a2c33e2" executionId="b26fe7fb-df2e-45d0-b40d-547bb8ded41f" testListId="8c84fa94-04c1-424b-9868-57a2d4851a1d" />
    <TestEntry testId="5f8e1441-3f54-a1c8-2bb4-80b6c04708b7" executionId="076bf758-5634-40df-9141-96049f4680ce" testListId="8c84fa94-04c1-424b-9868-57a2d4851a1d" />
    <TestEntry testId="d67c7ccb-4747-05b2-e770-7ffd0fe1f17e" executionId="cf811384-d5a1-44e3-b9b1-936b008ced58" testListId="8c84fa94-04c1-424b-9868-57a2d4851a1d" />
    <TestEntry testId="23bd14be-4be1-0424-9752-58202e06839a" executionId="0afcca4f-3b9b-4ce4-877f-9845564573ba" testListId="8c84fa94-04c1-424b-9868-57a2d4851a1d" />
    <TestEntry testId="aac9d9a5-4db1-9527-58d1-5effdca4e7c8" executionId="8f7cbd0e-776f-479f-8685-61f586d4438d" testListId="8c84fa94-04c1-424b-9868-57a2d4851a1d" />
    <TestEntry testId="b78b1d0c-227e-885f-68d3-e21acac80bbc" executionId="f6e03677-1c80-4443-ad16-2dacffd87ae3" testListId="8c84fa94-04c1-424b-9868-57a2d4851a1d" />
    <TestEntry testId="94029847-e4b4-3aa7-204a-9155809d33de" executionId="b037b6da-26b3-4664-b6d9-b49e49dce069" testListId="8c84fa94-04c1-424b-9868-57a2d4851a1d" />
    <TestEntry testId="6235a573-c196-acf5-7e13-a5f895baa7ef" executionId="55fffdfc-1f2a-4506-811e-67daca0b98e0" testListId="8c84fa94-04c1-424b-9868-57a2d4851a1d" />
    <TestEntry testId="47468ec4-14f7-65a5-e881-98413aab4d87" executionId="2bca0534-1c4f-44fe-a80e-02446e5d28c6" testListId="8c84fa94-04c1-424b-9868-57a2d4851a1d" />
    <TestEntry testId="2b6eee88-6f01-5b23-de7c-5d9daa6a67ed" executionId="42b36bbf-2827-492d-ac8e-3ba5c0e16e36" testListId="8c84fa94-04c1-424b-9868-57a2d4851a1d" />
    <TestEntry testId="cca52ab5-5931-535e-8c89-e5ff6f89aa6c" executionId="db489c20-e43a-4446-b5c5-bfa6fcd22497" testListId="8c84fa94-04c1-424b-9868-57a2d4851a1d" />
    <TestEntry testId="3ac598ce-4710-4a4d-4697-a4da8da6ccdf" executionId="d9c13bf3-0212-4f87-b6bc-6f3fb7d3b60f" testListId="8c84fa94-04c1-424b-9868-57a2d4851a1d" />
    <TestEntry testId="3b0b7fc1-665b-6f95-4c97-e265791829ec" executionId="355b44a5-f6c5-46f4-9b79-04693b7e2f29" testListId="8c84fa94-04c1-424b-9868-57a2d4851a1d" />
    <TestEntry testId="4324d80b-c5e9-ab65-d34a-95e8c10326f5" executionId="4dcc2d16-67c4-4069-8977-4794a57b6657" testListId="8c84fa94-04c1-424b-9868-57a2d4851a1d" />
    <TestEntry testId="c6b7e6a4-7f91-9202-733f-5dc6ca6a7d53" executionId="233f9a6c-b50c-4738-b3be-65b51eff0de5" testListId="8c84fa94-04c1-424b-9868-57a2d4851a1d" />
    <TestEntry testId="d98a4371-9e00-ce24-ae8b-20decba4261e" executionId="73fb66bf-2327-48d1-999a-212c4f6d976c" testListId="8c84fa94-04c1-424b-9868-57a2d4851a1d" />
    <TestEntry testId="34df9d45-6e81-c00a-12e1-6103a5cfb6e2" executionId="226ae84e-d17d-44b3-9a06-98881716b06f" testListId="8c84fa94-04c1-424b-9868-57a2d4851a1d" />
    <TestEntry testId="59349b08-3cd2-ee11-1c67-c5b3cfe12953" executionId="bff5c8ba-9014-4cd7-91f3-57bc66cb51b3" testListId="8c84fa94-04c1-424b-9868-57a2d4851a1d" />
    <TestEntry testId="efbf1b62-7393-3ff4-1df5-0ae9c7d9d070" executionId="7c839dc9-5286-40bf-b024-6dbce60d59aa" testListId="8c84fa94-04c1-424b-9868-57a2d4851a1d" />
    <TestEntry testId="165091b1-4fb6-16e3-a902-282a1d2b84c6" executionId="6181d8aa-6a34-4984-8339-b5083a8982a9" testListId="8c84fa94-04c1-424b-9868-57a2d4851a1d" />
    <TestEntry testId="3b8ac36c-0a1e-fb7c-a39c-006e1d183da8" executionId="63d2e940-d252-4e38-9aaf-9a46057c3bb7" testListId="8c84fa94-04c1-424b-9868-57a2d4851a1d" />
    <TestEntry testId="144d230e-acf8-435d-5608-7a9f9d08c344" executionId="ec5d66ed-3d3b-4ebb-a744-301414519525" testListId="8c84fa94-04c1-424b-9868-57a2d4851a1d" />
    <TestEntry testId="a7d97db3-fd0a-fd9f-2170-cf6189db02cd" executionId="a0356b1a-23b6-45c8-b3bb-6f0007655328" testListId="8c84fa94-04c1-424b-9868-57a2d4851a1d" />
    <TestEntry testId="d71b6851-8cb1-1b29-c034-4aa261a5fad5" executionId="dbff40af-51a2-40e6-83cd-928390c5c1a4" testListId="8c84fa94-04c1-424b-9868-57a2d4851a1d" />
    <TestEntry testId="386c3d95-99e6-8cb4-881a-05a9f5acfcaf" executionId="bbd1f1e3-99da-48b3-9b8d-1d241eacbf00" testListId="8c84fa94-04c1-424b-9868-57a2d4851a1d" />
    <TestEntry testId="31493be6-84b1-c942-539d-d9de19b46b2a" executionId="a00dca99-2142-4c54-ac5c-bd38105b112e" testListId="8c84fa94-04c1-424b-9868-57a2d4851a1d" />
    <TestEntry testId="3c0a06d6-3b98-0183-cd67-7ebfb9079462" executionId="58f55144-7faa-4ce7-a789-1a9a14c27a69" testListId="8c84fa94-04c1-424b-9868-57a2d4851a1d" />
    <TestEntry testId="a14b4c80-7009-1436-4814-cdc3db2645be" executionId="2a83acf4-2d36-4e8f-b655-48032a00cdc3" testListId="8c84fa94-04c1-424b-9868-57a2d4851a1d" />
    <TestEntry testId="5f4f3125-228d-f680-4ba9-883e86f03f12" executionId="bdeee4ed-ef55-4267-a3dd-670971ccdb4f" testListId="8c84fa94-04c1-424b-9868-57a2d4851a1d" />
    <TestEntry testId="5d930f7c-a81a-b9c1-d062-a7b7c747628f" executionId="e4017389-9e26-4b67-b036-c448ba9b3205" testListId="8c84fa94-04c1-424b-9868-57a2d4851a1d" />
    <TestEntry testId="35aaf715-9bdd-858b-74a9-c896b621d3ee" executionId="74fb1fce-f7e9-40e0-82d5-e8c27b863ef5" testListId="8c84fa94-04c1-424b-9868-57a2d4851a1d" />
    <TestEntry testId="98051b8b-e2f1-34be-54aa-4aeed0514135" executionId="4e05e7d9-fe75-4c7c-a886-d43ecaff9457" testListId="8c84fa94-04c1-424b-9868-57a2d4851a1d" />
    <TestEntry testId="6b0ee6e7-5136-1529-db20-d5741261a92c" executionId="a3dffc45-884d-4bf2-aa18-ac22f4fa2b2d" testListId="8c84fa94-04c1-424b-9868-57a2d4851a1d" />
    <TestEntry testId="1a56c911-c9da-4424-387c-1940377ec188" executionId="48fc32ab-bb8f-4773-ab00-be5a27c57025" testListId="8c84fa94-04c1-424b-9868-57a2d4851a1d" />
    <TestEntry testId="d3107042-29e0-f9e3-c174-def6977d1282" executionId="6ee0fa48-af99-4a85-adb6-9b6c256a1ab5" testListId="8c84fa94-04c1-424b-9868-57a2d4851a1d" />
    <TestEntry testId="467b8a46-c8bf-cde0-48f8-c059f5de439c" executionId="b11add4f-9c35-456e-a033-bcb91bca7f10" testListId="8c84fa94-04c1-424b-9868-57a2d4851a1d" />
    <TestEntry testId="1aa04443-4699-8299-1635-e1a45bead3d6" executionId="01492c7c-3f24-47bb-9aff-12ebc446e2bb" testListId="8c84fa94-04c1-424b-9868-57a2d4851a1d" />
    <TestEntry testId="7f58840d-98f5-1464-ed64-65eac867c47c" executionId="c56171ea-d383-4708-aad3-3b286b70aa70" testListId="8c84fa94-04c1-424b-9868-57a2d4851a1d" />
    <TestEntry testId="5715556a-d765-54e7-5965-e09bea8f3ba5" executionId="448ae792-07fa-4b97-8562-d81a60fe8bd1" testListId="8c84fa94-04c1-424b-9868-57a2d4851a1d" />
    <TestEntry testId="16c413e4-6cf6-69ac-4bbc-7b58244848ad" executionId="62605a7f-afcc-4e79-8821-3e09a729803f" testListId="8c84fa94-04c1-424b-9868-57a2d4851a1d" />
    <TestEntry testId="0d46ec70-2933-201f-bd26-772150c44ed9" executionId="ee9da032-447c-4060-8ef8-2b2851478ebe" testListId="8c84fa94-04c1-424b-9868-57a2d4851a1d" />
    <TestEntry testId="a526bec1-462b-850e-4126-cf0add38ba5e" executionId="1d312255-e7e9-43df-b965-c7592597ee95" testListId="8c84fa94-04c1-424b-9868-57a2d4851a1d" />
    <TestEntry testId="e2a689da-f77b-9668-cb2c-d751f44eaf70" executionId="2dc2597b-fcff-4be3-bd6e-eceebe1d9116" testListId="8c84fa94-04c1-424b-9868-57a2d4851a1d" />
    <TestEntry testId="6f63693d-f377-5f11-fb75-4d680cff50c6" executionId="89f94acd-77b5-46e0-9362-e505da20cb7d" testListId="8c84fa94-04c1-424b-9868-57a2d4851a1d" />
    <TestEntry testId="57e7e0c8-2587-ff7e-495e-815425f69bc0" executionId="d0ac9f03-3209-4848-85b7-775fe53d2388" testListId="8c84fa94-04c1-424b-9868-57a2d4851a1d" />
    <TestEntry testId="458a095a-4ad2-8d91-e841-a359f891c232" executionId="a161785b-9200-43f9-820f-437e460c0064" testListId="8c84fa94-04c1-424b-9868-57a2d4851a1d" />
    <TestEntry testId="4894d8a1-66fe-958e-d1be-64f3d004c46f" executionId="74682738-eb49-4952-a96d-06bd83b887ce" testListId="8c84fa94-04c1-424b-9868-57a2d4851a1d" />
    <TestEntry testId="615ea736-5959-01c5-e599-68e9b14fc416" executionId="eeced828-2d78-46c6-b154-711b600348a9" testListId="8c84fa94-04c1-424b-9868-57a2d4851a1d" />
    <TestEntry testId="356c99df-236d-a8ab-4cd3-05a338222889" executionId="4da9aedf-5a09-44ff-b25b-f842dc69e824" testListId="8c84fa94-04c1-424b-9868-57a2d4851a1d" />
    <TestEntry testId="9cd1d67e-71b8-f86b-c862-fb281c612ea2" executionId="ece7a4d4-3ffb-450e-84ea-01e095b426ce" testListId="8c84fa94-04c1-424b-9868-57a2d4851a1d" />
    <TestEntry testId="2bf9e499-c806-eb20-0417-469b4d185e13" executionId="fe7ed5ec-8050-4ae5-ab0a-28fa31380d5b" testListId="8c84fa94-04c1-424b-9868-57a2d4851a1d" />
    <TestEntry testId="64577c65-d3dd-e386-bbae-d1b203ddd34c" executionId="7c858f13-a8c4-4d65-bd69-2f375b9be352" testListId="8c84fa94-04c1-424b-9868-57a2d4851a1d" />
    <TestEntry testId="cf12b08e-b7a6-8c36-11f2-3c31fe62effe" executionId="7e911776-5496-489c-a750-22886b92aece" testListId="8c84fa94-04c1-424b-9868-57a2d4851a1d" />
    <TestEntry testId="9bed81ba-1ef2-f3f5-6f1f-382f40ecb75e" executionId="229fe641-358f-4ae4-8f81-9f38bd4f69f4" testListId="8c84fa94-04c1-424b-9868-57a2d4851a1d" />
    <TestEntry testId="ad02ab5d-e966-0ae4-f853-78f47ba37358" executionId="7790c3e7-e153-4bd4-b4db-cb00eb0f9341" testListId="8c84fa94-04c1-424b-9868-57a2d4851a1d" />
    <TestEntry testId="a0acb3cf-c397-833e-ee72-2fa7c3f36c33" executionId="73a5390b-d1d1-4831-98e4-803b2517f4fc" testListId="8c84fa94-04c1-424b-9868-57a2d4851a1d" />
    <TestEntry testId="9cb19dec-a43f-6714-c5a4-e4df3185f2ee" executionId="44e5dd67-6cfd-448d-8599-f91889d8909c" testListId="8c84fa94-04c1-424b-9868-57a2d4851a1d" />
    <TestEntry testId="b15108ef-558a-186c-6cae-0f068229588c" executionId="8f0c1c93-6766-4ea6-8224-d89e7eb89741" testListId="8c84fa94-04c1-424b-9868-57a2d4851a1d" />
    <TestEntry testId="32e1fcda-42d0-2612-1467-3e04abc52856" executionId="c0945d50-53ca-4ac9-8eef-1b50eb658da7" testListId="8c84fa94-04c1-424b-9868-57a2d4851a1d" />
    <TestEntry testId="a32ba66b-8e19-e9d1-88a2-eddd7bcd4711" executionId="f112076d-d550-47de-8c87-13a3d2a73404" testListId="8c84fa94-04c1-424b-9868-57a2d4851a1d" />
    <TestEntry testId="0765a3ee-717f-512a-1c5d-20e12803a07a" executionId="d71fb3a7-2a8a-4ed8-9e14-4538ee7e99c0" testListId="8c84fa94-04c1-424b-9868-57a2d4851a1d" />
    <TestEntry testId="c198d6fb-3a29-cf57-09f4-221e7e5f55d5" executionId="65731a0e-9b1a-4d89-991a-8829ae6ea27d" testListId="8c84fa94-04c1-424b-9868-57a2d4851a1d" />
    <TestEntry testId="3ca14a2c-0071-ab24-9be7-8e6aa8a461ba" executionId="48020616-ede8-455a-b877-075b2f64ca7e" testListId="8c84fa94-04c1-424b-9868-57a2d4851a1d" />
    <TestEntry testId="27f0b52f-d1c9-a22b-c131-4169928d14fc" executionId="791df630-c695-4b4c-8ded-5043a5681e27" testListId="8c84fa94-04c1-424b-9868-57a2d4851a1d" />
    <TestEntry testId="0c47ca1c-46dd-f2a9-2b2a-81373dd83c71" executionId="cb4429d3-a1d8-407e-9bbd-f36dec5b3566" testListId="8c84fa94-04c1-424b-9868-57a2d4851a1d" />
    <TestEntry testId="14ef480f-616f-c937-05f9-8715ca38f357" executionId="e70aa25a-d336-4bc3-966a-c68945b6a6f1" testListId="8c84fa94-04c1-424b-9868-57a2d4851a1d" />
    <TestEntry testId="b14c7644-fd87-aa42-f2af-155066c39f5b" executionId="e63edf48-0b8c-4002-b654-01144b479623" testListId="8c84fa94-04c1-424b-9868-57a2d4851a1d" />
    <TestEntry testId="d1ff9d90-b64e-57ec-3443-487bb8bb8132" executionId="c586cfd8-fdf2-41e7-8d63-ae3cc69476e1" testListId="8c84fa94-04c1-424b-9868-57a2d4851a1d" />
    <TestEntry testId="3d1ed564-75f5-cde2-d835-a6620b566b5e" executionId="722f51a5-29be-4be9-9217-d8a7b1adc7b2" testListId="8c84fa94-04c1-424b-9868-57a2d4851a1d" />
    <TestEntry testId="e2746fb6-36f6-14e6-2fe1-a204768334c2" executionId="3770d71a-c915-47e8-9cd6-b405e3a3209f" testListId="8c84fa94-04c1-424b-9868-57a2d4851a1d" />
    <TestEntry testId="95d5e8e3-4903-5aaa-908f-3cf229277e47" executionId="dbd6e24d-9a19-411b-939a-d515e393e576" testListId="8c84fa94-04c1-424b-9868-57a2d4851a1d" />
    <TestEntry testId="20073bbf-dd36-4a50-dc4b-996ebbc4ad86" executionId="e389f95d-f22c-4a44-84ef-f52f22ef895d" testListId="8c84fa94-04c1-424b-9868-57a2d4851a1d" />
    <TestEntry testId="de37fd0f-772d-21d5-2c71-5a398dc4330b" executionId="c6c35534-7aeb-4298-b6ba-c374b66aafe8" testListId="8c84fa94-04c1-424b-9868-57a2d4851a1d" />
    <TestEntry testId="e816d310-0ad8-47d8-e467-52840f1aed0f" executionId="eee68f77-fe64-4c76-9300-c84bfb56f719" testListId="8c84fa94-04c1-424b-9868-57a2d4851a1d" />
    <TestEntry testId="aeecc04e-5d57-07ef-7a16-90fdc35e4428" executionId="e5d55a24-8aa8-4ca3-ae04-2ee5fbf6a81d" testListId="8c84fa94-04c1-424b-9868-57a2d4851a1d" />
    <TestEntry testId="00ee659f-0564-823f-5dff-0f835fa39221" executionId="dd64b052-d428-46aa-997f-c30fe22b77ae" testListId="8c84fa94-04c1-424b-9868-57a2d4851a1d" />
    <TestEntry testId="2d421d1b-0535-c659-3ac3-56d3d4786695" executionId="1ffbac22-e461-4370-bf48-6417b54f1906" testListId="8c84fa94-04c1-424b-9868-57a2d4851a1d" />
    <TestEntry testId="f998ce29-56c7-6ece-1dff-c075e2d4debe" executionId="19ccb577-4f20-4966-9206-8189afafd157" testListId="8c84fa94-04c1-424b-9868-57a2d4851a1d" />
    <TestEntry testId="1439f4ee-cdb4-c154-045a-c0f134b3410b" executionId="3a05eb24-2516-49c9-8b0c-cd1721950e85" testListId="8c84fa94-04c1-424b-9868-57a2d4851a1d" />
    <TestEntry testId="93c0fee4-5627-b1a5-54a8-bf4a7160a7fc" executionId="d6bda0a9-1df9-4e0b-825d-b5072b3d39b0" testListId="8c84fa94-04c1-424b-9868-57a2d4851a1d" />
    <TestEntry testId="5976bac1-1e7d-93c0-4238-65030163e68d" executionId="2a89110d-7fcd-4447-8759-b8b2677170e7" testListId="8c84fa94-04c1-424b-9868-57a2d4851a1d" />
    <TestEntry testId="74bc3f28-f2ed-d202-c050-a9d968e5cfe8" executionId="c668c99b-70f6-4092-9a45-49bb1522a216" testListId="8c84fa94-04c1-424b-9868-57a2d4851a1d" />
    <TestEntry testId="da30a1f5-c1d4-7a84-e910-1ef4a2c80112" executionId="c71d5e30-a283-446a-93b6-5431d1e4eb19" testListId="8c84fa94-04c1-424b-9868-57a2d4851a1d" />
    <TestEntry testId="99e19066-cb01-9ee8-2be6-f18ad88d69d3" executionId="800a73df-96ed-4309-8930-a1a170b481e6" testListId="8c84fa94-04c1-424b-9868-57a2d4851a1d" />
    <TestEntry testId="7842a328-cfb6-27b7-7983-9ac9b2f70bf7" executionId="05c51820-b7f0-4a74-ad8a-8f331bdb7c69" testListId="8c84fa94-04c1-424b-9868-57a2d4851a1d" />
    <TestEntry testId="884e4d6c-c692-3230-0eb8-0f6cb57a76cf" executionId="737f5c1d-0197-40bf-9b24-0e8a3e572d22" testListId="8c84fa94-04c1-424b-9868-57a2d4851a1d" />
    <TestEntry testId="fa870c38-3123-165b-ad89-aa5ff99f5b91" executionId="55667f7f-1c6e-4b80-b976-ded309a9d0a0" testListId="8c84fa94-04c1-424b-9868-57a2d4851a1d" />
    <TestEntry testId="5cf64cab-9f0a-ff6a-23be-58b5210f614d" executionId="0f4cd711-e680-4376-8a98-a7f4b4b55e7a" testListId="8c84fa94-04c1-424b-9868-57a2d4851a1d" />
    <TestEntry testId="3bf7530f-cde6-ad34-def7-c694ef1342de" executionId="11522267-684a-4c01-83a1-66f539336818" testListId="8c84fa94-04c1-424b-9868-57a2d4851a1d" />
    <TestEntry testId="5a45c67c-02ea-6649-bf98-ad4c78c2ef59" executionId="119b0ba6-1ab2-4f87-8a13-b4608164b852" testListId="8c84fa94-04c1-424b-9868-57a2d4851a1d" />
    <TestEntry testId="bb710dc3-32f5-e10b-4c7e-3da30badba77" executionId="6d0636b7-9c99-4ab6-9eb4-a72dcd8831f5" testListId="8c84fa94-04c1-424b-9868-57a2d4851a1d" />
    <TestEntry testId="ee579a8e-5d37-9fb9-a224-d8f6194fb18e" executionId="fa26a73e-93e9-4fe0-b22f-debb8efc32d8" testListId="8c84fa94-04c1-424b-9868-57a2d4851a1d" />
    <TestEntry testId="b811970f-7aee-59e3-f447-78136a330882" executionId="24c7af3b-060c-4fd9-a2f0-9b3e57c806ab" testListId="8c84fa94-04c1-424b-9868-57a2d4851a1d" />
    <TestEntry testId="24e3cde3-ffea-6601-6bfc-29a420938587" executionId="95d88c44-6b18-4a5c-8b39-e2faf8aebddb" testListId="8c84fa94-04c1-424b-9868-57a2d4851a1d" />
    <TestEntry testId="78b7759f-87b6-6ccd-f263-3a7d0e73b759" executionId="0dece88c-e091-4c74-90d9-81377f970e18" testListId="8c84fa94-04c1-424b-9868-57a2d4851a1d" />
    <TestEntry testId="563931d3-4bdc-46d5-27c8-76eb112c9c7b" executionId="64394e2f-3a44-47f3-a861-86d5dd87fc54" testListId="8c84fa94-04c1-424b-9868-57a2d4851a1d" />
    <TestEntry testId="be6a7aa0-5b4a-0427-7d31-88f77049f3a6" executionId="c172661a-0926-46f5-ae2c-6e6789232ff0" testListId="8c84fa94-04c1-424b-9868-57a2d4851a1d" />
    <TestEntry testId="e6538397-88c1-f0e1-ea99-0e098ff4c133" executionId="64edbb75-4e70-4a66-9aeb-b707170daa0e" testListId="8c84fa94-04c1-424b-9868-57a2d4851a1d" />
    <TestEntry testId="7570decd-9ca0-ffb9-b7c4-d6b3b57e9f38" executionId="a718c594-5456-4468-8706-0d1762ab5899" testListId="8c84fa94-04c1-424b-9868-57a2d4851a1d" />
    <TestEntry testId="6c4688b5-272f-39b7-36bc-9fdb5306047c" executionId="6a149f73-dc27-4cdc-855c-6d265ceb347e" testListId="8c84fa94-04c1-424b-9868-57a2d4851a1d" />
    <TestEntry testId="7b166532-156e-d079-b07b-bc7f012ca771" executionId="3a6f5e10-18d7-432b-b2d0-3e7ffc2599e4" testListId="8c84fa94-04c1-424b-9868-57a2d4851a1d" />
    <TestEntry testId="b7d18d99-ec55-6e5c-e9a7-26fa994056c5" executionId="4f408c92-59ae-4697-84ba-2828b8dc62cf" testListId="8c84fa94-04c1-424b-9868-57a2d4851a1d" />
    <TestEntry testId="113e883b-d1a6-a4bf-5e8c-77fa246d2599" executionId="d2b6ffc5-fff8-4aa7-bb70-c6183d2975fc" testListId="8c84fa94-04c1-424b-9868-57a2d4851a1d" />
    <TestEntry testId="d47cbacd-53b8-185f-cba6-3abca6507269" executionId="8fe2fa22-6439-4744-9123-9fe32b656c18" testListId="8c84fa94-04c1-424b-9868-57a2d4851a1d" />
    <TestEntry testId="ffcd22c1-881e-76ab-89eb-52bdfa11b0b4" executionId="b2254899-fe05-4878-9168-754f02b636b1" testListId="8c84fa94-04c1-424b-9868-57a2d4851a1d" />
    <TestEntry testId="7bcc289c-2c10-9c2f-eedf-b0e9baf7f317" executionId="8ef008bb-bed8-4e5b-be71-5e96c4265b03" testListId="8c84fa94-04c1-424b-9868-57a2d4851a1d" />
    <TestEntry testId="21404326-4cd1-dc03-5131-8757928c3b49" executionId="69aaacf4-dbe7-4f42-b01e-d37ae6f502f0" testListId="8c84fa94-04c1-424b-9868-57a2d4851a1d" />
    <TestEntry testId="0d03b463-bf14-72ee-8589-f0942b97b2d9" executionId="e29f9d68-8e0e-428e-b0c0-dc023d627eee" testListId="8c84fa94-04c1-424b-9868-57a2d4851a1d" />
    <TestEntry testId="e594f914-d447-27aa-90f0-570f9a8328f4" executionId="d2831bbf-3842-4cf7-9e59-0904a3f3b973" testListId="8c84fa94-04c1-424b-9868-57a2d4851a1d" />
    <TestEntry testId="88bc6439-083c-f433-6e7d-4337779b302b" executionId="c5a581d0-5d9a-4a84-b50e-08d8e01add5c" testListId="8c84fa94-04c1-424b-9868-57a2d4851a1d" />
    <TestEntry testId="f049d1f2-ed77-5612-c4ce-a65e472ae57d" executionId="9da805ce-d7b3-478e-8179-fdebbd9d2976" testListId="8c84fa94-04c1-424b-9868-57a2d4851a1d" />
    <TestEntry testId="a4e96983-5d31-631d-402e-3838751f453b" executionId="5fb7b885-4ae8-4653-8d3d-f81792ee9df0" testListId="8c84fa94-04c1-424b-9868-57a2d4851a1d" />
    <TestEntry testId="5e24dcb8-cfa5-1979-a8dd-f40c357f6e5c" executionId="c7642bbe-c048-4252-8e61-f11cb36219c0" testListId="8c84fa94-04c1-424b-9868-57a2d4851a1d" />
    <TestEntry testId="8bd770f3-e0b4-96ed-340c-83a66ffcde97" executionId="118906b4-8ac1-4bca-be5e-3f8a27b03ef3" testListId="8c84fa94-04c1-424b-9868-57a2d4851a1d" />
    <TestEntry testId="cd8137b7-45e3-4e28-367d-322fc3bb05cc" executionId="f8e60078-586c-4fb3-845b-0eff9062e5e8" testListId="8c84fa94-04c1-424b-9868-57a2d4851a1d" />
    <TestEntry testId="c56f1c57-2c37-76cb-f328-8ecdd0accf6c" executionId="909324f9-d9d2-4e27-99d6-7a777991022a" testListId="8c84fa94-04c1-424b-9868-57a2d4851a1d" />
    <TestEntry testId="1c58ed77-7673-ef64-53ac-48d927dfa897" executionId="5f8b26f2-9b01-46fd-a42a-2285585f718c" testListId="8c84fa94-04c1-424b-9868-57a2d4851a1d" />
    <TestEntry testId="542dbf1e-c3c4-c118-39b9-570dcbc9f451" executionId="0210b8fb-dcb2-4445-8522-ff62c922a2d1" testListId="8c84fa94-04c1-424b-9868-57a2d4851a1d" />
    <TestEntry testId="8db36798-cd51-c563-fa96-614050b508d8" executionId="19af230d-26b1-4619-9f38-062918118768" testListId="8c84fa94-04c1-424b-9868-57a2d4851a1d" />
    <TestEntry testId="4afc883f-e39e-da43-3d12-5a4149dabf82" executionId="661a2f45-80a5-4790-a23a-f0d3f6942924" testListId="8c84fa94-04c1-424b-9868-57a2d4851a1d" />
    <TestEntry testId="07b32390-6261-23b7-0f2c-671843815bae" executionId="cacc1d80-fcc7-4b8b-9581-1f3cc7e75bc4" testListId="8c84fa94-04c1-424b-9868-57a2d4851a1d" />
    <TestEntry testId="6b5d863d-5eea-518e-15b1-b94a74bad786" executionId="5f50c9a4-4b4f-4905-b9cf-a86377bf1fbd" testListId="8c84fa94-04c1-424b-9868-57a2d4851a1d" />
    <TestEntry testId="6d29b753-3336-0288-a2fa-834c2b882cbe" executionId="3f8ff7e0-2d76-4a7b-a116-f2c24c7d438f" testListId="8c84fa94-04c1-424b-9868-57a2d4851a1d" />
    <TestEntry testId="792cb932-d133-2745-32ec-d89c5fa93cf8" executionId="6393e131-b513-4b33-8262-08beebd01af9" testListId="8c84fa94-04c1-424b-9868-57a2d4851a1d" />
    <TestEntry testId="160b82c3-01d6-d43f-2164-8707ee754e0e" executionId="0f391cd4-93e8-4b8c-8fdb-a4b867416ea7" testListId="8c84fa94-04c1-424b-9868-57a2d4851a1d" />
    <TestEntry testId="ae8a348d-d3cc-db88-9286-1fb13cceef7f" executionId="aed9363e-44c8-43d1-91d1-3d274ea2621f" testListId="8c84fa94-04c1-424b-9868-57a2d4851a1d" />
    <TestEntry testId="26fdd7b5-9580-4cef-354b-0f6cf50448ff" executionId="f39513c5-07ca-4f6b-964b-20c5debeee64" testListId="8c84fa94-04c1-424b-9868-57a2d4851a1d" />
    <TestEntry testId="05ec98f1-8776-f9dc-be22-63af25db05eb" executionId="2a24469f-154a-4596-95b7-877e952d55e8" testListId="8c84fa94-04c1-424b-9868-57a2d4851a1d" />
    <TestEntry testId="b724700b-4b9e-4bb8-c7aa-351f151f2c5c" executionId="3a11be20-4910-4772-b78a-e373108e0ad4" testListId="8c84fa94-04c1-424b-9868-57a2d4851a1d" />
    <TestEntry testId="0ba9e7a8-55f2-fe0b-8bc2-1ac91f92e105" executionId="f6d8c2fe-7ca2-4d24-bb63-f22eb904b55b" testListId="8c84fa94-04c1-424b-9868-57a2d4851a1d" />
    <TestEntry testId="10905f31-eaed-f8bf-7a23-046d3cbcb5f8" executionId="4be8d956-cd1d-43e4-9932-b7d73e67d78b" testListId="8c84fa94-04c1-424b-9868-57a2d4851a1d" />
    <TestEntry testId="70e2a65c-29ab-d1cb-1a2d-4c19a0f63490" executionId="a1cdc79c-a739-442f-88d8-6687d9cadeee" testListId="8c84fa94-04c1-424b-9868-57a2d4851a1d" />
    <TestEntry testId="c2567454-d203-001f-bc35-2dff0ff31f85" executionId="ed020c13-6604-420b-8682-a86721a80e3b" testListId="8c84fa94-04c1-424b-9868-57a2d4851a1d" />
    <TestEntry testId="719176bc-0d10-49a6-8b40-e13ba4e0abe4" executionId="fe497394-fa7f-4a6e-b8a4-c00855f28373" testListId="8c84fa94-04c1-424b-9868-57a2d4851a1d" />
    <TestEntry testId="77fd1ea1-2114-1169-30fc-fa783ed374cc" executionId="8b8fc4e7-a185-465d-946a-5ccca4e34eea" testListId="8c84fa94-04c1-424b-9868-57a2d4851a1d" />
    <TestEntry testId="7aa2e13f-f9a0-91f6-0287-0b00ba6f6e11" executionId="fcf07b7a-3392-4253-8d65-5df55423985a" testListId="8c84fa94-04c1-424b-9868-57a2d4851a1d" />
    <TestEntry testId="a4f2ffae-7f6c-d590-dc82-76c677e71bc2" executionId="a45c9936-af62-4b4d-b706-3738cb3e3b72" testListId="8c84fa94-04c1-424b-9868-57a2d4851a1d" />
    <TestEntry testId="d4eb2869-12ff-6032-906c-9dea071701d2" executionId="78e3ca01-3dbe-4f80-ab8d-4e9ddd8c3c65" testListId="8c84fa94-04c1-424b-9868-57a2d4851a1d" />
    <TestEntry testId="5502607c-c172-f7aa-794a-bc2fac8cdec6" executionId="66c2fdcd-04f7-4713-88f8-b1d6a03c6b31" testListId="8c84fa94-04c1-424b-9868-57a2d4851a1d" />
    <TestEntry testId="5ebb4762-828b-7d20-cf5c-b50432a7c6fa" executionId="c1839fce-62c7-497e-937f-f3a4218e04c7" testListId="8c84fa94-04c1-424b-9868-57a2d4851a1d" />
    <TestEntry testId="09126dbc-b5fe-2ede-fe0b-f7eccda0ab2d" executionId="ac0a3898-dfc3-4041-8b27-6204e741a9d8" testListId="8c84fa94-04c1-424b-9868-57a2d4851a1d" />
    <TestEntry testId="93800ded-2fdb-1e5e-c213-0d96f6f85f5c" executionId="fef107bc-9586-49c7-8144-684f6db87f80" testListId="8c84fa94-04c1-424b-9868-57a2d4851a1d" />
    <TestEntry testId="ec0fcedf-dc05-5719-081f-2c8b21f136ae" executionId="5a4b9106-515b-4810-81f0-8acf35261b90" testListId="8c84fa94-04c1-424b-9868-57a2d4851a1d" />
    <TestEntry testId="bddb6b82-fb18-5126-8098-1bf5f681934c" executionId="d2e86a6d-d4d9-472c-93e9-1cac0913cab2" testListId="8c84fa94-04c1-424b-9868-57a2d4851a1d" />
    <TestEntry testId="a4f55ff9-2f7e-aac1-2fb9-c51bfaa88b78" executionId="5d550c84-4ea2-4786-ae41-c610d5ac5def" testListId="8c84fa94-04c1-424b-9868-57a2d4851a1d" />
    <TestEntry testId="5fabf2bf-c921-e5e4-1eea-cc83e2616f7d" executionId="295c94e7-102c-46f1-83e8-fb9c886837ae" testListId="8c84fa94-04c1-424b-9868-57a2d4851a1d" />
    <TestEntry testId="4a924ded-2e99-c70f-62a9-846c8a2521d9" executionId="091b0b98-1e15-44a8-83f2-8a01ad4e0d3c" testListId="8c84fa94-04c1-424b-9868-57a2d4851a1d" />
    <TestEntry testId="d4e96882-4b2b-5ce3-4550-219f60703655" executionId="72446422-7aba-4bcb-a1ee-8fd38c77a66b" testListId="8c84fa94-04c1-424b-9868-57a2d4851a1d" />
    <TestEntry testId="c3ba7553-63e9-340f-36f4-8f70e4f983fc" executionId="897806f5-415a-453f-9012-994f52510b7e" testListId="8c84fa94-04c1-424b-9868-57a2d4851a1d" />
    <TestEntry testId="3cbfdd1a-0c6c-b960-34d1-b0c59783c35c" executionId="46a4bbee-1bae-4697-bfdb-ea71c51210f8" testListId="8c84fa94-04c1-424b-9868-57a2d4851a1d" />
    <TestEntry testId="fa4d20ee-68a1-7667-34a6-03220e10ea7f" executionId="76c48ed0-0022-4267-9efe-1185c96b1010" testListId="8c84fa94-04c1-424b-9868-57a2d4851a1d" />
    <TestEntry testId="b2dc07f9-4d21-c215-b5d3-4ee91f0cd726" executionId="d9585d10-f341-4fd0-bd76-510998a3c097" testListId="8c84fa94-04c1-424b-9868-57a2d4851a1d" />
    <TestEntry testId="c86abffc-7399-6cd7-e85c-a37c80ac35d3" executionId="57a48746-7819-43dc-988c-67ce6c2e5de2" testListId="8c84fa94-04c1-424b-9868-57a2d4851a1d" />
    <TestEntry testId="d3b05a2c-262e-f206-ea27-fc6b5c584b8c" executionId="fbdcc153-9cb6-483a-a8ca-2fe4f4cbe3eb" testListId="8c84fa94-04c1-424b-9868-57a2d4851a1d" />
    <TestEntry testId="feb201e8-d080-0fb4-faec-59ff41818641" executionId="ceadd8f3-4052-45b5-8eef-e4569fcb561e" testListId="8c84fa94-04c1-424b-9868-57a2d4851a1d" />
    <TestEntry testId="7abcbc26-ca4e-1bde-1958-020f9711def3" executionId="007a86c8-5ada-4026-8e59-1710cbd0d022" testListId="8c84fa94-04c1-424b-9868-57a2d4851a1d" />
    <TestEntry testId="d714aa6d-a11b-4b34-f001-0b320ca530a4" executionId="06293cd9-0d30-4c2a-a68a-f7c279576ed8" testListId="8c84fa94-04c1-424b-9868-57a2d4851a1d" />
    <TestEntry testId="51650ca9-f95f-6619-097a-f5a68e5f192f" executionId="43ef157f-b154-47f4-a38e-15cabdd01008" testListId="8c84fa94-04c1-424b-9868-57a2d4851a1d" />
    <TestEntry testId="32d1b0be-3cb4-3b60-8537-c738486208b5" executionId="12c422b4-1afb-467f-b7b5-886c47c694f9" testListId="8c84fa94-04c1-424b-9868-57a2d4851a1d" />
    <TestEntry testId="24486128-38f3-9da3-cecc-5fe2e2264f60" executionId="ee57281b-d02e-49b5-8896-4f3fff4d8e9e" testListId="8c84fa94-04c1-424b-9868-57a2d4851a1d" />
    <TestEntry testId="fab8a500-bf5e-cc20-82a6-c7049b153aa4" executionId="5e072dcf-8e38-4496-830e-670ffa2d4011" testListId="8c84fa94-04c1-424b-9868-57a2d4851a1d" />
    <TestEntry testId="b2ddae3b-1118-b89c-fccf-2efe25101041" executionId="ff22d65c-4248-43d2-9ba8-df9a731702e0" testListId="8c84fa94-04c1-424b-9868-57a2d4851a1d" />
    <TestEntry testId="d6aa638d-9475-23cb-020b-82d4c2d297bf" executionId="68c68471-b3ee-4294-b4e0-98f0d8530124" testListId="8c84fa94-04c1-424b-9868-57a2d4851a1d" />
    <TestEntry testId="e6926a27-747d-2959-9f32-d85757e1da81" executionId="746213be-2408-4a29-af84-cc2a7a4b9978" testListId="8c84fa94-04c1-424b-9868-57a2d4851a1d" />
    <TestEntry testId="9358a311-0e71-88a4-b0b4-81be77f83d33" executionId="8524aec7-5117-4530-a92a-8cdf555aeb2b" testListId="8c84fa94-04c1-424b-9868-57a2d4851a1d" />
    <TestEntry testId="eb18143a-0b58-a574-b95e-8def86f3e6cf" executionId="088b71ff-6a6b-4e5f-aebd-8e5dc720fbad" testListId="8c84fa94-04c1-424b-9868-57a2d4851a1d" />
    <TestEntry testId="9a3bd731-cd4c-7007-16f4-cf08fb979606" executionId="c24e2627-b5f8-4329-bdf0-7a6da1fb614c" testListId="8c84fa94-04c1-424b-9868-57a2d4851a1d" />
    <TestEntry testId="27c612ff-f410-67a7-d180-f41df4dad452" executionId="69f55353-b149-4b4d-80e8-8a8f9de7ae5b" testListId="8c84fa94-04c1-424b-9868-57a2d4851a1d" />
    <TestEntry testId="d75bef11-4121-a5e7-6484-696b7491fddc" executionId="61cd57f7-5efe-467d-a652-768366786a89" testListId="8c84fa94-04c1-424b-9868-57a2d4851a1d" />
    <TestEntry testId="3ffd8224-ff9f-0c00-561f-b005eb70e5e2" executionId="d9d8c1ec-0e27-48d4-9c1b-21f95143ec31" testListId="8c84fa94-04c1-424b-9868-57a2d4851a1d" />
    <TestEntry testId="86029c38-2c7b-dfb0-2627-9ee2e3c07cc5" executionId="fceda552-d1c6-4097-8158-d29b8dd4d321" testListId="8c84fa94-04c1-424b-9868-57a2d4851a1d" />
    <TestEntry testId="a570dbda-0027-3b2e-1d19-119bbfafa51a" executionId="d275b70b-4001-4788-b51f-aa91b5453a8b" testListId="8c84fa94-04c1-424b-9868-57a2d4851a1d" />
    <TestEntry testId="ef5bb4c5-cda3-87e1-32be-db841f908b14" executionId="77178111-b7f8-49fe-9f4d-1454b1ac3211" testListId="8c84fa94-04c1-424b-9868-57a2d4851a1d" />
    <TestEntry testId="36883267-02b2-daa5-ffeb-662961947880" executionId="f4cdd1c6-cf55-434d-bc41-67731394999e" testListId="8c84fa94-04c1-424b-9868-57a2d4851a1d" />
    <TestEntry testId="e4881894-ed0c-a309-04fd-a17f6552f513" executionId="dd847907-6c53-4b08-b4fd-49d44e4fe31a" testListId="8c84fa94-04c1-424b-9868-57a2d4851a1d" />
    <TestEntry testId="8aa1e64d-8b16-e0b0-d6d4-caef3018d255" executionId="dd3e5b4c-4101-4e02-8c2d-b41d5924ea64" testListId="8c84fa94-04c1-424b-9868-57a2d4851a1d" />
    <TestEntry testId="470cc018-5e5f-e99d-b0c4-01c2a825b12f" executionId="5c7c8743-b007-4e70-8d3c-42cdc04807fb" testListId="8c84fa94-04c1-424b-9868-57a2d4851a1d" />
    <TestEntry testId="0c498983-0ef5-e962-9a9d-feaf99d61ba8" executionId="d0b6e0f0-90b9-48d2-bb40-9980c547a7a1" testListId="8c84fa94-04c1-424b-9868-57a2d4851a1d" />
    <TestEntry testId="28eef2f0-3a75-0ec0-be77-54c61d0e9d94" executionId="10bdab4b-268b-44f7-83f4-3e1bdccb7426" testListId="8c84fa94-04c1-424b-9868-57a2d4851a1d" />
    <TestEntry testId="7d08d66f-0211-9ff7-469f-1793e93f0258" executionId="74dec8ec-9d3c-4833-9c90-12dcc74ed0ac" testListId="8c84fa94-04c1-424b-9868-57a2d4851a1d" />
    <TestEntry testId="0a6473d4-c93c-c831-f730-8b4a04959d64" executionId="0845d2d6-af30-4e72-86f2-8269624867c1" testListId="8c84fa94-04c1-424b-9868-57a2d4851a1d" />
    <TestEntry testId="13101fd7-7f5b-d9b4-ce85-7cdeb3b373e4" executionId="f99b2fc9-49f9-4046-b756-7c57390da853" testListId="8c84fa94-04c1-424b-9868-57a2d4851a1d" />
    <TestEntry testId="ff5fb2f7-8a12-f128-b560-b13172df72a5" executionId="c98cbe3f-c9f1-4653-8261-7933c72aec8d" testListId="8c84fa94-04c1-424b-9868-57a2d4851a1d" />
    <TestEntry testId="d8e2651b-3f5c-0b91-c347-2c8979204eab" executionId="b232e4e2-3f56-4715-ba3a-079b4fbbce56" testListId="8c84fa94-04c1-424b-9868-57a2d4851a1d" />
    <TestEntry testId="663e954f-f16c-b57e-2d05-a23036c1bce9" executionId="c6918636-ebbe-4c0f-bed3-a4393710a204" testListId="8c84fa94-04c1-424b-9868-57a2d4851a1d" />
    <TestEntry testId="f65bb69b-f249-a757-8834-65f69ebe4493" executionId="6d4c34cb-5df0-42e7-beb8-5954a9396a00" testListId="8c84fa94-04c1-424b-9868-57a2d4851a1d" />
    <TestEntry testId="9c743b20-c7ed-01f1-727c-95512b775bfb" executionId="5a4e05b9-60e2-43af-9c80-ab8578fa2303" testListId="8c84fa94-04c1-424b-9868-57a2d4851a1d" />
    <TestEntry testId="b60c443b-27a9-92b5-97f6-ea8d091f97b0" executionId="e5b37efd-74a0-4fbd-81a0-dfccfca6769c" testListId="8c84fa94-04c1-424b-9868-57a2d4851a1d" />
    <TestEntry testId="5eb108e1-6097-b5b5-9011-10286332ff46" executionId="7c59c454-b402-4ef4-9bbd-fede7ec9f263" testListId="8c84fa94-04c1-424b-9868-57a2d4851a1d" />
    <TestEntry testId="18424f2f-db80-a071-54b9-1c93399e2830" executionId="1252552f-d44a-4355-a7fc-56be6008ccbb" testListId="8c84fa94-04c1-424b-9868-57a2d4851a1d" />
    <TestEntry testId="5f2cb960-960f-f75f-2302-342bfc059245" executionId="e4868b6d-7e0d-4eae-b0d5-be0a91167887" testListId="8c84fa94-04c1-424b-9868-57a2d4851a1d" />
    <TestEntry testId="d28f95a8-8f99-346b-1bf0-7d493e4273f0" executionId="3ef06767-c73a-4f0a-81bb-8382b7f3ddc7" testListId="8c84fa94-04c1-424b-9868-57a2d4851a1d" />
    <TestEntry testId="98d1f84a-994a-43f6-d66c-1e5e039449ab" executionId="fb04c49d-5f5e-4818-a903-84b4e6a1817c" testListId="8c84fa94-04c1-424b-9868-57a2d4851a1d" />
    <TestEntry testId="971249cf-ee88-ee2b-ccf3-9bd77d25c68e" executionId="743febf2-b912-4293-8cdc-09b1be383f83" testListId="8c84fa94-04c1-424b-9868-57a2d4851a1d" />
    <TestEntry testId="5df7a1dc-ca7b-9fe3-28ac-f31d7a971eb7" executionId="b0c634be-b6c6-44e8-ae4b-0b69806f618f" testListId="8c84fa94-04c1-424b-9868-57a2d4851a1d" />
    <TestEntry testId="2478ceae-0166-8cd7-64b8-c833f73662cd" executionId="e4c313fa-e03b-4baf-be32-63b74bccb1e3" testListId="8c84fa94-04c1-424b-9868-57a2d4851a1d" />
    <TestEntry testId="5c7305bf-ecd3-25df-2869-441643906bc2" executionId="ee908c23-24d5-4806-a737-dd44b58f1e93" testListId="8c84fa94-04c1-424b-9868-57a2d4851a1d" />
    <TestEntry testId="26f761bc-4872-decf-8e2c-701555e6c704" executionId="85240857-b323-48ef-ac13-f7eebd63e064" testListId="8c84fa94-04c1-424b-9868-57a2d4851a1d" />
    <TestEntry testId="cc9293db-2bcd-b312-8519-66340e6150ed" executionId="79212a33-2dbe-4bc6-95e7-aa7a7386623a" testListId="8c84fa94-04c1-424b-9868-57a2d4851a1d" />
    <TestEntry testId="f656bb0b-b6d8-4a6c-748f-d7d0e8239119" executionId="0ce45e61-d967-403d-82cd-23b2ebfc14b8" testListId="8c84fa94-04c1-424b-9868-57a2d4851a1d" />
    <TestEntry testId="3ec50a04-6340-3e8d-31ee-46ad6a891687" executionId="8e36859e-511c-41f9-82f3-19f5bb35bccb" testListId="8c84fa94-04c1-424b-9868-57a2d4851a1d" />
    <TestEntry testId="10e8fae8-812e-cbf5-20a7-d0d2b4369324" executionId="cce6359d-13ca-4730-af51-71bbaa19f68d" testListId="8c84fa94-04c1-424b-9868-57a2d4851a1d" />
    <TestEntry testId="69fc1e48-5d16-5aef-b5d0-ed26eab63571" executionId="14fd6419-4bf4-4aad-bbc0-4bb5ebc74914" testListId="8c84fa94-04c1-424b-9868-57a2d4851a1d" />
    <TestEntry testId="75963d77-d662-c746-916b-1067d83c8226" executionId="d1495471-cd1b-495f-90e3-ce3d2826682e" testListId="8c84fa94-04c1-424b-9868-57a2d4851a1d" />
    <TestEntry testId="148f2340-9e71-8929-8a6a-80aa0c815d32" executionId="24797db0-a2e2-4d23-a764-27a3ae771201" testListId="8c84fa94-04c1-424b-9868-57a2d4851a1d" />
    <TestEntry testId="65bee330-664e-c5a2-ddf2-b22c20bc5770" executionId="5d3cde45-706a-4354-8d2e-fb515c11c6ae" testListId="8c84fa94-04c1-424b-9868-57a2d4851a1d" />
    <TestEntry testId="194b8fcf-ae61-51bb-ee8c-6c3e93e094ad" executionId="b0e3b38e-1011-4a78-a2aa-f6b5dea4daa7" testListId="8c84fa94-04c1-424b-9868-57a2d4851a1d" />
    <TestEntry testId="1df1cad8-78d1-e5b7-cbdd-a603cc268baf" executionId="f5243dca-2e22-4668-9b3c-40aed7109cd6" testListId="8c84fa94-04c1-424b-9868-57a2d4851a1d" />
    <TestEntry testId="41ae6242-81c9-a3d2-bae7-20022b9e4fdf" executionId="c76a4729-9fb9-4ed3-9d85-8e286027c42e" testListId="8c84fa94-04c1-424b-9868-57a2d4851a1d" />
    <TestEntry testId="034a6cda-f24b-c8a5-0778-d18e83bba864" executionId="2e90d2e2-c249-420a-855c-4b23a7c51225" testListId="8c84fa94-04c1-424b-9868-57a2d4851a1d" />
    <TestEntry testId="89fd3938-08dc-ccf2-d5e2-2c12313c0ce3" executionId="f06bfe63-e9f1-44c8-a6f9-1c7c51690557" testListId="8c84fa94-04c1-424b-9868-57a2d4851a1d" />
    <TestEntry testId="e186e843-f1f1-4e91-04fe-aaf7027a2432" executionId="b9035270-bd87-4690-95e0-62d54e718668" testListId="8c84fa94-04c1-424b-9868-57a2d4851a1d" />
    <TestEntry testId="72f41e46-5541-1538-84c9-11e7f81c8af7" executionId="86d45e14-42fb-44d0-baf8-59ee7bf62576" testListId="8c84fa94-04c1-424b-9868-57a2d4851a1d" />
    <TestEntry testId="d40f288f-b8d8-c53f-a53b-4d7a3b22322e" executionId="237a6a85-2602-4c40-9dc1-029aed45ae2f" testListId="8c84fa94-04c1-424b-9868-57a2d4851a1d" />
    <TestEntry testId="f6a77015-a5f2-417a-9657-e49969eb5b51" executionId="e5b31273-4c73-447c-9e96-fcb7501f8e88" testListId="8c84fa94-04c1-424b-9868-57a2d4851a1d" />
    <TestEntry testId="34139508-18de-db7d-ab29-fe6f43daf29c" executionId="2d901489-3b9b-43bc-801b-7b6d4d6526e9" testListId="8c84fa94-04c1-424b-9868-57a2d4851a1d" />
    <TestEntry testId="4489afb5-8dce-d2b8-d878-9131c19e9653" executionId="452033e4-20ae-4870-819b-9851a8ef8df9" testListId="8c84fa94-04c1-424b-9868-57a2d4851a1d" />
    <TestEntry testId="1f2f365d-7ae3-7a91-8711-207f7c6fe981" executionId="1739cddf-3508-4a74-81bd-e3754c78615d" testListId="8c84fa94-04c1-424b-9868-57a2d4851a1d" />
    <TestEntry testId="3cf64920-97f7-ca4d-0c45-dfc6cfb3426f" executionId="4b6a80ea-b29d-46f7-b207-d6f53e495d66" testListId="8c84fa94-04c1-424b-9868-57a2d4851a1d" />
  </TestEntries>
  <Results>
    <UnitTestResult executionId="f96359da-f0ef-426e-b248-fdf571c9b42f" testId="a1f1c160-6161-e642-dfc8-cc5ce3ca0041" testName="AlgorithmGet01" computerName="FARSEER-PC" duration="00:00:00.0379428" startTime="2009-07-27T15:44:58.4996000+08:00" endTime="2009-07-27T15:45:00.0336000+08:00" testType="13cdc9d9-ddb5-4fa4-a97d-d965ccfc6d4b" outcome="Passed" testListId="8c84fa94-04c1-424b-9868-57a2d4851a1d">
      <Output>
      </Output>
    </UnitTestResult>
    <UnitTestResult executionId="0f03e93d-774d-4ee6-b184-cd1eaf16d8e3" testId="e74ce5a6-acef-1dc2-7516-6b2c0039f850" testName="Constructor01" computerName="FARSEER-PC" duration="00:00:00.0012325" startTime="2009-07-27T15:45:00.0356000+08:00" endTime="2009-07-27T15:45:00.0496000+08:00" testType="13cdc9d9-ddb5-4fa4-a97d-d965ccfc6d4b" outcome="Passed" testListId="8c84fa94-04c1-424b-9868-57a2d4851a1d">
      <Output>
      </Output>
    </UnitTestResult>
    <UnitTestResult executionId="871d4998-38d7-4d9c-9368-6a9335e8a2fe" testId="8af81516-e8e3-c5f2-78cc-286529d532fe" testName="ToString01" computerName="FARSEER-PC" duration="00:00:00.0008585" startTime="2009-07-27T15:45:00.0506000+08:00" endTime="2009-07-27T15:45:00.0626000+08:00" testType="13cdc9d9-ddb5-4fa4-a97d-d965ccfc6d4b" outcome="Passed" testListId="8c84fa94-04c1-424b-9868-57a2d4851a1d">
      <Output>
      </Output>
    </UnitTestResult>
    <UnitTestResult executionId="02c8be9e-d2a2-429c-bec3-5e53fabd6cfd" testId="81fadcb6-f887-1e78-b42e-8c3cbbef5aba" testName="Arrange01" computerName="FARSEER-PC" duration="00:00:00.0380242" startTime="2009-07-27T15:45:00.0656000+08:00" endTime="2009-07-27T15:45:00.1056000+08:00" testType="13cdc9d9-ddb5-4fa4-a97d-d965ccfc6d4b" outcome="Passed" testListId="8c84fa94-04c1-424b-9868-57a2d4851a1d">
      <Output>
      </Output>
    </UnitTestResult>
    <UnitTestResult executionId="7be6aefb-7daf-4213-942f-e243b67a3cdb" testId="25c39882-a4e3-043f-8a30-cb55fa2281f6" testName="CombGetSet03" computerName="FARSEER-PC" duration="00:00:00.0042047" startTime="2009-07-27T15:45:00.1096000+08:00" endTime="2009-07-27T15:45:00.1256000+08:00" testType="13cdc9d9-ddb5-4fa4-a97d-d965ccfc6d4b" outcome="Passed" testListId="8c84fa94-04c1-424b-9868-57a2d4851a1d">
      <Output>
      </Output>
    </UnitTestResult>
    <UnitTestResult executionId="613e0cd3-ff18-42ce-b514-3909925e8eba" testId="11a561f2-83a3-290b-041c-402422b6c94f" testName="CombGetSet04" computerName="FARSEER-PC" duration="00:00:00.0008070" startTime="2009-07-27T15:45:00.1286000+08:00" endTime="2009-07-27T15:45:00.1386000+08:00" testType="13cdc9d9-ddb5-4fa4-a97d-d965ccfc6d4b" outcome="Passed" testListId="8c84fa94-04c1-424b-9868-57a2d4851a1d">
      <Output>
      </Output>
    </UnitTestResult>
    <UnitTestResult executionId="0d83171a-83e6-42b9-a76a-722115c1e37f" testId="82bad7a0-7540-4384-d379-0dd6ed117bde" testName="CombGetSet05" computerName="FARSEER-PC" duration="00:00:00.0151438" startTime="2009-07-27T15:45:00.1406000+08:00" endTime="2009-07-27T15:45:00.1676000+08:00" testType="13cdc9d9-ddb5-4fa4-a97d-d965ccfc6d4b" outcome="Passed" testListId="8c84fa94-04c1-424b-9868-57a2d4851a1d">
      <Output>
      </Output>
    </UnitTestResult>
    <UnitTestResult executionId="987656d5-9b8d-40f2-99a0-88fa2f37993f" testId="4bb78a3b-1d0b-a219-2016-dd49e87c6d93" testName="CombGetSet06" computerName="FARSEER-PC" duration="00:00:00.0010244" startTime="2009-07-27T15:45:00.1676000+08:00" endTime="2009-07-27T15:45:00.1716000+08:00" testType="13cdc9d9-ddb5-4fa4-a97d-d965ccfc6d4b" outcome="Passed" testListId="8c84fa94-04c1-424b-9868-57a2d4851a1d">
      <Output>
      </Output>
    </UnitTestResult>
    <UnitTestResult executionId="cc95bc6a-156f-4e90-b567-b6124b3f52d4" testId="680b549f-9fcc-e693-0a82-86f7c302a11f" testName="CreateCellShape01" computerName="FARSEER-PC" duration="00:00:00.0077935" startTime="2009-07-27T15:45:00.1856000+08:00" endTime="2009-07-27T15:45:00.1966000+08:00" testType="13cdc9d9-ddb5-4fa4-a97d-d965ccfc6d4b" outcome="Passed" testListId="8c84fa94-04c1-424b-9868-57a2d4851a1d">
      <Output>
      </Output>
    </UnitTestResult>
    <UnitTestResult executionId="73ed92b7-9252-4a89-ad73-49cd0ec5d957" testId="3dd653bf-2db7-e454-8aee-d2269774e5bf" testName="FromPointToIndex06" computerName="FARSEER-PC" duration="00:00:00.0055812" startTime="2009-07-27T15:45:00.2006000+08:00" endTime="2009-07-27T15:45:00.2116000+08:00" testType="13cdc9d9-ddb5-4fa4-a97d-d965ccfc6d4b" outcome="Passed" testListId="8c84fa94-04c1-424b-9868-57a2d4851a1d">
      <Output>
      </Output>
    </UnitTestResult>
    <UnitTestResult executionId="9eb2a483-9b49-4ca5-9205-df05c1fab12a" testId="fa26ae0e-e01d-9bc5-6cdb-35035f3ecddb" testName="FromPointToIndex07" computerName="FARSEER-PC" duration="00:00:00.0009581" startTime="2009-07-27T15:45:00.2146000+08:00" endTime="2009-07-27T15:45:00.2346000+08:00" testType="13cdc9d9-ddb5-4fa4-a97d-d965ccfc6d4b" outcome="Passed" testListId="8c84fa94-04c1-424b-9868-57a2d4851a1d">
      <Output>
      </Output>
    </UnitTestResult>
    <UnitTestResult executionId="127eac64-d742-4cd2-bd34-4fb37b99ea76" testId="660b8691-1ddf-c8c6-6d3f-b51d3f5d1ed0" testName="FromPointToPair06" computerName="FARSEER-PC" duration="00:00:00.0026786" startTime="2009-07-27T15:45:00.2376000+08:00" endTime="2009-07-27T15:45:00.2436000+08:00" testType="13cdc9d9-ddb5-4fa4-a97d-d965ccfc6d4b" outcome="Passed" testListId="8c84fa94-04c1-424b-9868-57a2d4851a1d">
      <Output>
      </Output>
    </UnitTestResult>
    <UnitTestResult executionId="5cb2fd30-b5bf-4016-8321-806de847dfff" testId="98710463-87b8-1b6f-f861-2f3765674907" testName="FromPointToPair07" computerName="FARSEER-PC" duration="00:00:00.0019104" startTime="2009-07-27T15:45:00.2456000+08:00" endTime="2009-07-27T15:45:00.2516000+08:00" testType="13cdc9d9-ddb5-4fa4-a97d-d965ccfc6d4b" outcome="Passed" testListId="8c84fa94-04c1-424b-9868-57a2d4851a1d">
      <Output>
      </Output>
    </UnitTestResult>
    <UnitTestResult executionId="55b5fe64-e8df-4f26-9aa8-a07b2546f1b7" testId="f5424b12-92f4-5032-6398-37dcc633cc9a" testName="MarkIndex01" computerName="FARSEER-PC" duration="00:00:00.0285763" startTime="2009-07-27T15:45:00.2536000+08:00" endTime="2009-07-27T15:45:00.2856000+08:00" testType="13cdc9d9-ddb5-4fa4-a97d-d965ccfc6d4b" outcome="Failed" testListId="8c84fa94-04c1-424b-9868-57a2d4851a1d">
      <Output>
        <ErrorInfo>
          <Message>测试方法 CombCell.ArrangerTest.MarkIndex01 引发异常:  System.ArgumentOutOfRangeException: 指定的参数已超出有效值的范围。
参数名: row。</Message>
          <StackTrace>    在 CombCell.Comb.get_Item(Int32 row, Int32 column) 位置 C:\combcell\googlecode\trunk\Solutions\CombCell\CombCell\Comb.cs:行号 92
   在 CombCell.HexArranger.MarkIndex(Int32 row, Int32 column) 位置 C:\combcell\googlecode\trunk\Solutions\CombCell\CombCell\HexArranger.cs:行号 66
   在 CombCell.ArrangerTest.MarkIndex(Arranger target, Int32 row, Int32 column) 位置 C:\combcell\googlecode\trunk\Solutions\CombCell\CombCell.Test\CombCell.Tests\ArrangerTest.cs:行号 89
   在 CombCell.ArrangerTest.MarkIndex01() 位置 C:\combcell\googlecode\trunk\Solutions\CombCell\CombCell.Test\CombCell.Tests\ArrangerTest.MarkIndex.g.cs:行号 29
</StackTrace>
        </ErrorInfo>
      </Output>
    </UnitTestResult>
    <UnitTestResult executionId="ff9ff1df-33ea-4b38-aa5b-d70baf4a9cca" testId="94c9b41c-234c-844c-2d24-2766da152be9" testName="MarkIndex03" computerName="FARSEER-PC" duration="00:00:00.0035262" startTime="2009-07-27T15:45:00.2956000+08:00" endTime="2009-07-27T15:45:00.3046000+08:00" testType="13cdc9d9-ddb5-4fa4-a97d-d965ccfc6d4b" outcome="Failed" testListId="8c84fa94-04c1-424b-9868-57a2d4851a1d">
      <Output>
        <ErrorInfo>
          <Message>测试方法 CombCell.ArrangerTest.MarkIndex03 引发异常:  System.ArgumentOutOfRangeException: 索引超出范围。必须为非负值并小于集合大小。
参数名: index。</Message>
          <StackTrace>    在 System.ThrowHelper.ThrowArgumentOutOfRangeException(ExceptionArgument argument, ExceptionResource resource)
   在 System.ThrowHelper.ThrowArgumentOutOfRangeException()
   在 System.Collections.Generic.List`1.get_Item(Int32 index)
   在 CombCell.Comb.get_Item(Int32 row, Int32 column) 位置 C:\combcell\googlecode\trunk\Solutions\CombCell\CombCell\Comb.cs:行号 92
   在 CombCell.HexArranger.MarkIndex(Int32 row, Int32 column) 位置 C:\combcell\googlecode\trunk\Solutions\CombCell\CombCell\HexArranger.cs:行号 66
   在 CombCell.ArrangerTest.MarkIndex(Arranger target, Int32 row, Int32 column) 位置 C:\combcell\googlecode\trunk\Solutions\CombCell\CombCell.Test\CombCell.Tests\ArrangerTest.cs:行号 89
   在 CombCell.ArrangerTest.MarkIndex03() 位置 C:\combcell\googlecode\trunk\Solutions\CombCell\CombCell.Test\CombCell.Tests\ArrangerTest.MarkIndex.g.cs:行号 39
</StackTrace>
        </ErrorInfo>
      </Output>
    </UnitTestResult>
    <UnitTestResult executionId="aa29b22e-b83b-42d1-aea0-4152e48a8ff0" testId="686559a1-4b57-984c-3df6-050bfb22bb82" testName="NearBy04" computerName="FARSEER-PC" duration="00:00:00.0053760" startTime="2009-07-27T15:45:00.3066000+08:00" endTime="2009-07-27T15:45:00.3226000+08:00" testType="13cdc9d9-ddb5-4fa4-a97d-d965ccfc6d4b" outcome="Passed" testListId="8c84fa94-04c1-424b-9868-57a2d4851a1d">
      <Output>
      </Output>
    </UnitTestResult>
    <UnitTestResult executionId="6f7c68cb-f361-430f-adab-a873e746d59e" testId="828b3284-19ac-cc88-6854-e8bc7a7d5e6e" testName="NearBy05" computerName="FARSEER-PC" duration="00:00:00.0013329" startTime="2009-07-27T15:45:00.3266000+08:00" endTime="2009-07-27T15:45:00.3336000+08:00" testType="13cdc9d9-ddb5-4fa4-a97d-d965ccfc6d4b" outcome="Passed" testListId="8c84fa94-04c1-424b-9868-57a2d4851a1d">
      <Output>
      </Output>
    </UnitTestResult>
    <UnitTestResult executionId="4e915cb9-d4d5-464f-8abe-67dc0e177253" testId="898621a0-bc34-a16a-2960-2011782f3b01" testName="NeedAddChild02" computerName="FARSEER-PC" duration="00:00:00.0058431" startTime="2009-07-27T15:45:00.3386000+08:00" endTime="2009-07-27T15:45:00.3486000+08:00" testType="13cdc9d9-ddb5-4fa4-a97d-d965ccfc6d4b" outcome="Passed" testListId="8c84fa94-04c1-424b-9868-57a2d4851a1d">
      <Output>
      </Output>
    </UnitTestResult>
    <UnitTestResult executionId="9a7c7f9e-2742-41d4-a64b-44937fb03cf1" testId="fa03578d-03e6-d65c-3097-cd6b56b06c33" testName="XCountGet02" computerName="FARSEER-PC" duration="00:00:00.0009439" startTime="2009-07-27T15:45:00.3516000+08:00" endTime="2009-07-27T15:45:00.3596000+08:00" testType="13cdc9d9-ddb5-4fa4-a97d-d965ccfc6d4b" outcome="Passed" testListId="8c84fa94-04c1-424b-9868-57a2d4851a1d">
      <Output>
      </Output>
    </UnitTestResult>
    <UnitTestResult executionId="a8d1f6ef-d04e-464f-beb5-e389ffc8265e" testId="6cc5817f-90cd-1223-ea92-17f2ce9bf1e0" testName="YCountGet02" computerName="FARSEER-PC" duration="00:00:00.0046787" startTime="2009-07-27T15:45:00.3606000+08:00" endTime="2009-07-27T15:45:00.3696000+08:00" testType="13cdc9d9-ddb5-4fa4-a97d-d965ccfc6d4b" outcome="Passed" testListId="8c84fa94-04c1-424b-9868-57a2d4851a1d">
      <Output>
      </Output>
    </UnitTestResult>
    <UnitTestResult executionId="df2483ca-449c-4daf-b647-1ef9d935ab9b" testId="4ab77431-860f-99c4-99ac-963f5e15e325" testName="IndexGetSet01" computerName="FARSEER-PC" duration="00:00:00.0086279" startTime="2009-07-27T15:45:00.3716000+08:00" endTime="2009-07-27T15:45:00.3836000+08:00" testType="13cdc9d9-ddb5-4fa4-a97d-d965ccfc6d4b" outcome="Passed" testListId="8c84fa94-04c1-424b-9868-57a2d4851a1d">
      <Output>
      </Output>
    </UnitTestResult>
    <UnitTestResult executionId="98144e57-3953-42e2-af37-0b3b99bb40d4" testId="b2987f7c-f7ae-181c-6d69-1c47a55a9565" testName="IndexGetSet02" computerName="FARSEER-PC" duration="00:00:00.0010120" startTime="2009-07-27T15:45:00.3876000+08:00" endTime="2009-07-27T15:45:00.3966000+08:00" testType="13cdc9d9-ddb5-4fa4-a97d-d965ccfc6d4b" outcome="Passed" testListId="8c84fa94-04c1-424b-9868-57a2d4851a1d">
      <Output>
      </Output>
    </UnitTestResult>
    <UnitTestResult executionId="14b8ea79-c7a2-4559-89fc-3ccaec82c942" testId="cc3c756f-d3fc-c5d3-f51d-c97d33344549" testName="PositionGetSet01" computerName="FARSEER-PC" duration="00:00:00.0049439" startTime="2009-07-27T15:45:00.4006000+08:00" endTime="2009-07-27T15:45:00.4086000+08:00" testType="13cdc9d9-ddb5-4fa4-a97d-d965ccfc6d4b" outcome="Passed" testListId="8c84fa94-04c1-424b-9868-57a2d4851a1d">
      <Output>
      </Output>
    </UnitTestResult>
    <UnitTestResult executionId="141b6bb1-6f3e-42d9-a513-5afc0f79cbcf" testId="6e400f40-95d1-b9ab-f613-9e5cc674d8c0" testName="PositionGetSet02" computerName="FARSEER-PC" duration="00:00:00.0008689" startTime="2009-07-27T15:45:00.4106000+08:00" endTime="2009-07-27T15:45:00.4216000+08:00" testType="13cdc9d9-ddb5-4fa4-a97d-d965ccfc6d4b" outcome="Passed" testListId="8c84fa94-04c1-424b-9868-57a2d4851a1d">
      <Output>
      </Output>
    </UnitTestResult>
    <UnitTestResult executionId="16f2da63-61f4-44aa-a59d-fda910f3cef7" testId="f1d3b2cd-6328-7285-3b14-5db00fe31bc0" testName="StateGetSet01" computerName="FARSEER-PC" duration="00:00:00.0094980" startTime="2009-07-27T15:45:00.4276000+08:00" endTime="2009-07-27T15:45:00.4686000+08:00" testType="13cdc9d9-ddb5-4fa4-a97d-d965ccfc6d4b" outcome="Passed" testListId="8c84fa94-04c1-424b-9868-57a2d4851a1d">
      <Output>
      </Output>
    </UnitTestResult>
    <UnitTestResult executionId="57dda70e-2123-4f72-8105-3c3d5403fe45" testId="e858b7dc-5b4a-99fa-8bca-01afb959033e" testName="Main01" computerName="FARSEER-PC" duration="00:00:00.0910111" startTime="2009-07-27T15:45:00.4726000+08:00" endTime="2009-07-27T15:45:00.6036000+08:00" testType="13cdc9d9-ddb5-4fa4-a97d-d965ccfc6d4b" outcome="Failed" testListId="8c84fa94-04c1-424b-9868-57a2d4851a1d">
      <Output>
        <ErrorInfo>
          <Message>测试方法 CombCell.CombCellAppTest.Main01 引发异常:  System.IO.IOException: Assembly.GetEntryAssembly() 返回 null。请设置 Application.ResourceAssembly 属性或使用 pack://application:,,,/assemblyname;component/ 语法指定要从其加载资源的程序集。。</Message>
          <StackTrace>    在 MS.Internal.AppModel.ResourceContainer.GetResourceManagerWrapper(Uri uri, String&amp; partName, Boolean&amp; isContentFile)
   在 MS.Internal.AppModel.ResourceContainer.GetPartCore(Uri uri)
   在 System.IO.Packaging.Package.GetPartHelper(Uri partUri)
   在 System.IO.Packaging.Package.GetPart(Uri partUri)
   在 System.Windows.Application.GetResourceOrContentPart(Uri uri)
   在 System.Windows.Application.LoadComponent(Uri resourceLocator, Boolean bSkipJournaledProperties)
   在 System.Windows.Application.DoStartup()
   在 System.Windows.Application.&lt;.ctor&gt;b__0(Object unused)
   在 System.Windows.Threading.ExceptionWrapper.InternalRealCall(Delegate callback, Object args, Boolean isSingleParameter)
   在 System.Windows.Threading.ExceptionWrapper.TryCatchWhen(Object source, Delegate callback, Object args, Boolean isSingleParameter, Delegate catchHandler)
   在 System.Windows.Threading.Dispatcher.WrappedInvoke(Delegate callback, Object args, Boolean isSingleParameter, Delegate catchHandler)
   在 System.Windows.Threading.DispatcherOperation.InvokeImpl()
   在 System.Windows.Threading.DispatcherOperation.InvokeInSecurityContext(Object state)
   在 System.Threading.ExecutionContext.runTryCode(Object userData)
   在 System.Runtime.CompilerServices.RuntimeHelpers.ExecuteCodeWithGuaranteedCleanup(TryCode code, CleanupCode backoutCode, Object userData)
   在 System.Threading.ExecutionContext.RunInternal(ExecutionContext executionContext, ContextCallback callback, Object state)
   在 System.Threading.ExecutionContext.Run(ExecutionContext executionContext, ContextCallback callback, Object state)
   在 System.Windows.Threading.DispatcherOperation.Invoke()
   在 System.Windows.Threading.Dispatcher.ProcessQueue()
   在 System.Windows.Threading.Dispatcher.WndProcHook(IntPtr hwnd, Int32 msg, IntPtr wParam, IntPtr lParam, Boolean&amp; handled)
   在 MS.Win32.HwndWrapper.WndProc(IntPtr hwnd, Int32 msg, IntPtr wParam, IntPtr lParam, Boolean&amp; handled)
   在 MS.Win32.HwndSubclass.DispatcherCallbackOperation(Object o)
   在 System.Windows.Threading.ExceptionWrapper.InternalRealCall(Delegate callback, Object args, Boolean isSingleParameter)
   在 System.Windows.Threading.ExceptionWrapper.TryCatchWhen(Object source, Delegate callback, Object args, Boolean isSingleParameter, Delegate catchHandler)
   在 System.Windows.Threading.Dispatcher.WrappedInvoke(Delegate callback, Object args, Boolean isSingleParameter, Delegate catchHandler)
   在 System.Windows.Threading.Dispatcher.InvokeImpl(DispatcherPriority priority, TimeSpan timeout, Delegate method, Object args, Boolean isSingleParameter)
   在 System.Windows.Threading.Dispatcher.Invoke(DispatcherPriority priority, Delegate method, Object arg)
   在 MS.Win32.HwndSubclass.SubclassWndProc(IntPtr hwnd, Int32 msg, IntPtr wParam, IntPtr lParam)
   在 MS.Win32.UnsafeNativeMethods.DispatchMessage(MSG&amp; msg)
   在 System.Windows.Threading.Dispatcher.PushFrameImpl(DispatcherFrame frame)
   在 System.Windows.Threading.Dispatcher.PushFrame(DispatcherFrame frame)
   在 System.Windows.Threading.Dispatcher.Run()
   在 System.Windows.Application.RunDispatcher(Object ignore)
   在 System.Windows.Application.RunInternal(Window window)
   在 System.Windows.Application.Run(Window window)
   在 System.Windows.Application.Run()
   在 CombCell.CombCellApp.Main() 位置 C:\combcell\googlecode\trunk\Solutions\CombCell\CombCell\obj\Debug\CombCellApp.g.cs:行号 0
   在 CombCell.CombCellAppTest.Main() 位置 C:\combcell\googlecode\trunk\Solutions\CombCell\CombCell.Test\CombCell.Tests\CombCellAppTest.cs:行号 22
   在 CombCell.CombCellAppTest.Main01() 位置 C:\combcell\googlecode\trunk\Solutions\CombCell\CombCell.Test\CombCell.Tests\CombCellAppTest.Main.g.cs:行号 26
</StackTrace>
        </ErrorInfo>
      </Output>
    </UnitTestResult>
    <UnitTestResult executionId="0242dc34-7cfd-4629-8530-1ff567586237" testId="29407696-b213-bb8d-b794-f90d76c52573" testName="Main02" computerName="FARSEER-PC" duration="00:00:00.0488089" startTime="2009-07-27T15:45:00.6106000+08:00" endTime="2009-07-27T15:45:00.6866000+08:00" testType="13cdc9d9-ddb5-4fa4-a97d-d965ccfc6d4b" outcome="Failed" testListId="8c84fa94-04c1-424b-9868-57a2d4851a1d">
      <Output>
        <ErrorInfo>
          <Message>测试方法 CombCell.CombCellAppTest.Main02 引发异常:  System.InvalidOperationException: 不能在同一 AppDomain 中创建多个 System.Windows.Application 实例。。</Message>
          <StackTrace>    在 System.Windows.Application..ctor()
   在 CombCell.CombCellApp..ctor()
   在 CombCell.CombCellApp.Main() 位置 C:\combcell\googlecode\trunk\Solutions\CombCell\CombCell\obj\Debug\CombCellApp.g.cs:行号 0
   在 CombCell.CombCellAppTest.Main() 位置 C:\combcell\googlecode\trunk\Solutions\CombCell\CombCell.Test\CombCell.Tests\CombCellAppTest.cs:行号 22
   在 CombCell.CombCellAppTest.Main02() 位置 C:\combcell\googlecode\trunk\Solutions\CombCell\CombCell.Test\CombCell.Tests\CombCellAppTest.Main.g.cs:行号 33
</StackTrace>
        </ErrorInfo>
      </Output>
    </UnitTestResult>
    <UnitTestResult executionId="2e658ed5-c13b-4925-a151-3e87d64741dd" testId="73bdc975-fc34-8389-627f-8bb4e68e1bac" testName="Constructor01" computerName="FARSEER-PC" duration="00:00:00.6449487" startTime="2009-07-27T15:45:00.6956000+08:00" endTime="2009-07-27T15:45:01.3456000+08:00" testType="13cdc9d9-ddb5-4fa4-a97d-d965ccfc6d4b" outcome="Passed" testListId="8c84fa94-04c1-424b-9868-57a2d4851a1d">
      <Output>
      </Output>
    </UnitTestResult>
    <UnitTestResult executionId="f1525fc9-bbd1-4d02-b895-02782343c89d" testId="69fded50-9504-c4af-9b01-d0d8195a3603" testName="Block02" computerName="FARSEER-PC" duration="00:00:00.0151108" startTime="2009-07-27T15:45:01.3516000+08:00" endTime="2009-07-27T15:45:01.3706000+08:00" testType="13cdc9d9-ddb5-4fa4-a97d-d965ccfc6d4b" outcome="Failed" testListId="8c84fa94-04c1-424b-9868-57a2d4851a1d">
      <Output>
        <ErrorInfo>
          <Message>测试方法 CombCell.CombTest.Block02 引发异常:  System.ArgumentOutOfRangeException: 索引超出范围。必须为非负值并小于集合大小。
参数名: index。</Message>
          <StackTrace>    在 System.ThrowHelper.ThrowArgumentOutOfRangeException(ExceptionArgument argument, ExceptionResource resource)
   在 System.ThrowHelper.ThrowArgumentOutOfRangeException()
   在 System.Collections.Generic.List`1.get_Item(Int32 index)
   在 CombCell.Comb.Block(Pair`1 pos) 位置 C:\combcell\googlecode\trunk\Solutions\CombCell\CombCell\Comb.cs:行号 182
   在 CombCell.CombTest.Block(Comb target, Pair`1 pos) 位置 C:\combcell\googlecode\trunk\Solutions\CombCell\CombCell.Test\CombCell.Tests\CombTest.cs:行号 104
   在 CombCell.CombTest.Block02() 位置 C:\combcell\googlecode\trunk\Solutions\CombCell\CombCell.Test\CombCell.Tests\CombTest.Block.g.cs:行号 33
</StackTrace>
        </ErrorInfo>
      </Output>
    </UnitTestResult>
    <UnitTestResult executionId="b4a63b48-60b6-4822-8cc0-36f21fe23818" testId="06dbce25-8021-e98b-b3ec-239ea359be58" testName="Block01" computerName="FARSEER-PC" duration="00:00:00.0018746" startTime="2009-07-27T15:45:01.3716000+08:00" endTime="2009-07-27T15:45:01.3866000+08:00" testType="13cdc9d9-ddb5-4fa4-a97d-d965ccfc6d4b" outcome="Failed" testListId="8c84fa94-04c1-424b-9868-57a2d4851a1d">
      <Output>
        <ErrorInfo>
          <Message>测试方法 CombCell.CombTest.Block01 引发异常:  System.ArgumentOutOfRangeException: 索引超出范围。必须为非负值并小于集合大小。
参数名: index。</Message>
          <StackTrace>    在 System.ThrowHelper.ThrowArgumentOutOfRangeException(ExceptionArgument argument, ExceptionResource resource)
   在 System.ThrowHelper.ThrowArgumentOutOfRangeException()
   在 System.Collections.Generic.List`1.get_Item(Int32 index)
   在 CombCell.Comb.Block(Pair`1 pos) 位置 C:\combcell\googlecode\trunk\Solutions\CombCell\CombCell\Comb.cs:行号 182
   在 CombCell.CombTest.Block(Comb target, Pair`1 pos) 位置 C:\combcell\googlecode\trunk\Solutions\CombCell\CombCell.Test\CombCell.Tests\CombTest.cs:行号 104
   在 CombCell.CombTest.Block01() 位置 C:\combcell\googlecode\trunk\Solutions\CombCell\CombCell.Test\CombCell.Tests\CombTest.Block.g.cs:行号 44
</StackTrace>
        </ErrorInfo>
      </Output>
    </UnitTestResult>
    <UnitTestResult executionId="48905a15-b115-4c34-8e01-43e2ced685c1" testId="8cbc6944-c632-ffd0-f13d-20fa1a1a2890" testName="ChoosedAlgorithmGetSet02" computerName="FARSEER-PC" duration="00:00:00.0098294" startTime="2009-07-27T15:45:01.3866000+08:00" endTime="2009-07-27T15:45:01.4096000+08:00" testType="13cdc9d9-ddb5-4fa4-a97d-d965ccfc6d4b" outcome="Failed" testListId="8c84fa94-04c1-424b-9868-57a2d4851a1d">
      <Output>
        <ErrorInfo>
          <Message>测试方法 CombCell.CombTest.ChoosedAlgorithmGetSet02 引发异常:  System.NullReferenceException: 未将对象引用设置到对象的实例。。</Message>
          <StackTrace>    在 CombCell.Comb.UpdatePath() 位置 C:\combcell\googlecode\trunk\Solutions\CombCell\CombCell\Comb.cs:行号 315
   在 CombCell.Comb.set_ChoosedAlgorithm(PathAlgorithm`1 value) 位置 C:\combcell\googlecode\trunk\Solutions\CombCell\CombCell\Comb.cs:行号 65
   在 CombCell.CombTest.ChoosedAlgorithmGetSet(Comb target, PathAlgorithm`1 value) 位置 C:\combcell\googlecode\trunk\Solutions\CombCell\CombCell.Test\CombCell.Tests\CombTest.cs:行号 98
   在 CombCell.CombTest.ChoosedAlgorithmGetSet02() 位置 C:\combcell\googlecode\trunk\Solutions\CombCell\CombCell.Test\CombCell.Tests\CombTest.ChoosedAlgorithmGetSet.g.cs:行号 33
</StackTrace>
        </ErrorInfo>
      </Output>
    </UnitTestResult>
    <UnitTestResult executionId="3625a2ca-2bb0-439f-8296-15a262ab4b9a" testId="99f84294-83e7-b6ae-120a-e10f76ccab89" testName="ChoosedAlgorithmGetSet01" computerName="FARSEER-PC" duration="00:00:00.0016632" startTime="2009-07-27T15:45:01.4166000+08:00" endTime="2009-07-27T15:45:01.4226000+08:00" testType="13cdc9d9-ddb5-4fa4-a97d-d965ccfc6d4b" outcome="Failed" testListId="8c84fa94-04c1-424b-9868-57a2d4851a1d">
      <Output>
        <ErrorInfo>
          <Message>测试方法 CombCell.CombTest.ChoosedAlgorithmGetSet01 引发异常:  System.NullReferenceException: 未将对象引用设置到对象的实例。。</Message>
          <StackTrace>    在 CombCell.Comb.UpdatePath() 位置 C:\combcell\googlecode\trunk\Solutions\CombCell\CombCell\Comb.cs:行号 266
   在 CombCell.Comb.set_ChoosedAlgorithm(PathAlgorithm`1 value) 位置 C:\combcell\googlecode\trunk\Solutions\CombCell\CombCell\Comb.cs:行号 65
   在 CombCell.CombTest.ChoosedAlgorithmGetSet(Comb target, PathAlgorithm`1 value) 位置 C:\combcell\googlecode\trunk\Solutions\CombCell\CombCell.Test\CombCell.Tests\CombTest.cs:行号 98
   在 CombCell.CombTest.ChoosedAlgorithmGetSet01() 位置 C:\combcell\googlecode\trunk\Solutions\CombCell\CombCell.Test\CombCell.Tests\CombTest.ChoosedAlgorithmGetSet.g.cs:行号 44
</StackTrace>
        </ErrorInfo>
      </Output>
    </UnitTestResult>
    <UnitTestResult executionId="31e37962-37b2-42b4-af51-60fbd1e3ee56" testId="f41f90ae-e0fa-6776-0714-c5bca78de7a2" testName="Constructor01" computerName="FARSEER-PC" duration="00:00:00.0721443" startTime="2009-07-27T15:45:01.4226000+08:00" endTime="2009-07-27T15:45:01.5036000+08:00" testType="13cdc9d9-ddb5-4fa4-a97d-d965ccfc6d4b" outcome="Failed" testListId="8c84fa94-04c1-424b-9868-57a2d4851a1d">
      <Output>
        <ErrorInfo>
          <Message>Assert.AreEqual 失败。应为: &lt;6&gt;，实际为: &lt;63&gt;。</Message>
          <StackTrace>   在 CombCell.CombTest.Constructor01() 位置 C:\combcell\googlecode\trunk\Solutions\CombCell\CombCell.Test\CombCell.Tests\CombTest.Constructor.g.cs:行号 38
</StackTrace>
        </ErrorInfo>
      </Output>
    </UnitTestResult>
    <UnitTestResult executionId="4196c6b4-2231-4beb-a9c0-56e285f14fb3" testId="742a861c-53c5-70af-0ba8-f3aa2339f3ff" testName="Constructor02" computerName="FARSEER-PC" duration="00:00:00.0028990" startTime="2009-07-27T15:45:01.5046000+08:00" endTime="2009-07-27T15:45:01.5176000+08:00" testType="13cdc9d9-ddb5-4fa4-a97d-d965ccfc6d4b" outcome="Failed" testListId="8c84fa94-04c1-424b-9868-57a2d4851a1d">
      <Output>
        <ErrorInfo>
          <Message>Assert.AreEqual 失败。应为: &lt;3&gt;，实际为: &lt;61&gt;。</Message>
          <StackTrace>   在 CombCell.CombTest.Constructor02() 位置 C:\combcell\googlecode\trunk\Solutions\CombCell\CombCell.Test\CombCell.Tests\CombTest.Constructor.g.cs:行号 56
</StackTrace>
        </ErrorInfo>
      </Output>
    </UnitTestResult>
    <UnitTestResult executionId="97aa0fae-44f0-4d5b-a6f3-9bcb7a8c0508" testId="b82427e0-5999-858f-a82d-812adbf98a1c" testName="EnsureCells11" computerName="FARSEER-PC" duration="00:00:00.0178887" startTime="2009-07-27T15:45:01.5186000+08:00" endTime="2009-07-27T15:45:01.5486000+08:00" testType="13cdc9d9-ddb5-4fa4-a97d-d965ccfc6d4b" outcome="Passed" testListId="8c84fa94-04c1-424b-9868-57a2d4851a1d">
      <Output>
      </Output>
    </UnitTestResult>
    <UnitTestResult executionId="456b448f-78f9-42e1-9341-4c2017df2021" testId="11384f71-77b8-9298-d35a-c286d4c25289" testName="EnsureCells09" computerName="FARSEER-PC" duration="00:00:00.0008549" startTime="2009-07-27T15:45:01.5506000+08:00" endTime="2009-07-27T15:45:01.5546000+08:00" testType="13cdc9d9-ddb5-4fa4-a97d-d965ccfc6d4b" outcome="Passed" testListId="8c84fa94-04c1-424b-9868-57a2d4851a1d">
      <Output>
      </Output>
    </UnitTestResult>
    <UnitTestResult executionId="e417eeda-0650-4045-86e9-57d80cbbaa01" testId="3f07f6a6-3c24-dd20-f79c-13a9514ff820" testName="EnsureCells08" computerName="FARSEER-PC" duration="00:00:00.0008222" startTime="2009-07-27T15:45:01.5556000+08:00" endTime="2009-07-27T15:45:01.5736000+08:00" testType="13cdc9d9-ddb5-4fa4-a97d-d965ccfc6d4b" outcome="Passed" testListId="8c84fa94-04c1-424b-9868-57a2d4851a1d">
      <Output>
      </Output>
    </UnitTestResult>
    <UnitTestResult executionId="820c915a-527c-44ef-88f4-64613989df9a" testId="7d885b38-97e5-9f9c-08af-b45d00c9ff38" testName="EnsureCells07" computerName="FARSEER-PC" duration="00:00:00.0007410" startTime="2009-07-27T15:45:01.5756000+08:00" endTime="2009-07-27T15:45:01.5846000+08:00" testType="13cdc9d9-ddb5-4fa4-a97d-d965ccfc6d4b" outcome="Passed" testListId="8c84fa94-04c1-424b-9868-57a2d4851a1d">
      <Output>
      </Output>
    </UnitTestResult>
    <UnitTestResult executionId="3942ad70-bd4b-4374-98db-7b1a139518e7" testId="c962b9d0-460e-0b31-91e6-3ae7a805cf91" testName="EnsureCells04" computerName="FARSEER-PC" duration="00:00:00.0022671" startTime="2009-07-27T15:45:01.5866000+08:00" endTime="2009-07-27T15:45:01.5946000+08:00" testType="13cdc9d9-ddb5-4fa4-a97d-d965ccfc6d4b" outcome="Passed" testListId="8c84fa94-04c1-424b-9868-57a2d4851a1d">
      <Output>
      </Output>
    </UnitTestResult>
    <UnitTestResult executionId="a6084f10-dcbf-4808-be8f-fb36cffda53f" testId="27b5f0da-6757-1e72-11a1-e6d123ccd226" testName="EnsureCells32" computerName="FARSEER-PC" duration="00:00:00.0007713" startTime="2009-07-27T15:45:01.5946000+08:00" endTime="2009-07-27T15:45:01.6016000+08:00" testType="13cdc9d9-ddb5-4fa4-a97d-d965ccfc6d4b" outcome="Passed" testListId="8c84fa94-04c1-424b-9868-57a2d4851a1d">
      <Output>
      </Output>
    </UnitTestResult>
    <UnitTestResult executionId="51a0f11c-31ef-44c3-9eba-6b01f0b932ed" testId="68400bb2-32c5-51f4-deac-170c4b2b8c7c" testName="EnsureCells12" computerName="FARSEER-PC" duration="00:00:00.0012535" startTime="2009-07-27T15:45:01.6026000+08:00" endTime="2009-07-27T15:45:01.6066000+08:00" testType="13cdc9d9-ddb5-4fa4-a97d-d965ccfc6d4b" outcome="Passed" testListId="8c84fa94-04c1-424b-9868-57a2d4851a1d">
      <Output>
      </Output>
    </UnitTestResult>
    <UnitTestResult executionId="4270ce4a-0529-44eb-9a0d-808a8b5895e2" testId="69ef66dd-bead-4d0f-40a7-c1c6e7f73b90" testName="EnsureCells14" computerName="FARSEER-PC" duration="00:00:00.0007507" startTime="2009-07-27T15:45:01.6086000+08:00" endTime="2009-07-27T15:45:01.6146000+08:00" testType="13cdc9d9-ddb5-4fa4-a97d-d965ccfc6d4b" outcome="Passed" testListId="8c84fa94-04c1-424b-9868-57a2d4851a1d">
      <Output>
      </Output>
    </UnitTestResult>
    <UnitTestResult executionId="5608331b-d6fc-449b-a658-d0fc34c8df76" testId="d6e81a64-cd02-86e2-ab99-a5f847dada3a" testName="EnsureCells15" computerName="FARSEER-PC" duration="00:00:00.0007064" startTime="2009-07-27T15:45:01.6186000+08:00" endTime="2009-07-27T15:45:01.6236000+08:00" testType="13cdc9d9-ddb5-4fa4-a97d-d965ccfc6d4b" outcome="Passed" testListId="8c84fa94-04c1-424b-9868-57a2d4851a1d">
      <Output>
      </Output>
    </UnitTestResult>
    <UnitTestResult executionId="c9c040ee-9f09-4793-a079-6dd2a829074a" testId="983dfc42-61d5-c03d-8422-81421c615026" testName="EnsureCells17" computerName="FARSEER-PC" duration="00:00:00.0007304" startTime="2009-07-27T15:45:01.6256000+08:00" endTime="2009-07-27T15:45:01.6286000+08:00" testType="13cdc9d9-ddb5-4fa4-a97d-d965ccfc6d4b" outcome="Passed" testListId="8c84fa94-04c1-424b-9868-57a2d4851a1d">
      <Output>
      </Output>
    </UnitTestResult>
    <UnitTestResult executionId="e101f018-ab22-4040-94eb-c23cadabd644" testId="d914dc4e-cbb5-4397-47bc-3d976206e188" testName="EnsureCells18" computerName="FARSEER-PC" duration="00:00:00.0012433" startTime="2009-07-27T15:45:01.6296000+08:00" endTime="2009-07-27T15:45:01.6346000+08:00" testType="13cdc9d9-ddb5-4fa4-a97d-d965ccfc6d4b" outcome="Passed" testListId="8c84fa94-04c1-424b-9868-57a2d4851a1d">
      <Output>
      </Output>
    </UnitTestResult>
    <UnitTestResult executionId="b54c3937-6b80-4e5e-9628-99f481084847" testId="5f209251-27d1-3b3b-3eac-e38f1e96bb98" testName="EnsureCells19" computerName="FARSEER-PC" duration="00:00:00.0006877" startTime="2009-07-27T15:45:01.6356000+08:00" endTime="2009-07-27T15:45:01.6406000+08:00" testType="13cdc9d9-ddb5-4fa4-a97d-d965ccfc6d4b" outcome="Passed" testListId="8c84fa94-04c1-424b-9868-57a2d4851a1d">
      <Output>
      </Output>
    </UnitTestResult>
    <UnitTestResult executionId="b26fe7fb-df2e-45d0-b40d-547bb8ded41f" testId="0f10d6c6-9d09-d0c6-073c-d4792a2c33e2" testName="EnsureCells21" computerName="FARSEER-PC" duration="00:00:00.0010500" startTime="2009-07-27T15:45:01.6526000+08:00" endTime="2009-07-27T15:45:01.6566000+08:00" testType="13cdc9d9-ddb5-4fa4-a97d-d965ccfc6d4b" outcome="Passed" testListId="8c84fa94-04c1-424b-9868-57a2d4851a1d">
      <Output>
      </Output>
    </UnitTestResult>
    <UnitTestResult executionId="076bf758-5634-40df-9141-96049f4680ce" testId="5f8e1441-3f54-a1c8-2bb4-80b6c04708b7" testName="EnsureCells23" computerName="FARSEER-PC" duration="00:00:00.0007753" startTime="2009-07-27T15:45:01.6586000+08:00" endTime="2009-07-27T15:45:01.6626000+08:00" testType="13cdc9d9-ddb5-4fa4-a97d-d965ccfc6d4b" outcome="Passed" testListId="8c84fa94-04c1-424b-9868-57a2d4851a1d">
      <Output>
      </Output>
    </UnitTestResult>
    <UnitTestResult executionId="cf811384-d5a1-44e3-b9b1-936b008ced58" testId="d67c7ccb-4747-05b2-e770-7ffd0fe1f17e" testName="EnsureCells29" computerName="FARSEER-PC" duration="00:00:00.0006942" startTime="2009-07-27T15:45:01.6636000+08:00" endTime="2009-07-27T15:45:01.6686000+08:00" testType="13cdc9d9-ddb5-4fa4-a97d-d965ccfc6d4b" outcome="Passed" testListId="8c84fa94-04c1-424b-9868-57a2d4851a1d">
      <Output>
      </Output>
    </UnitTestResult>
    <UnitTestResult executionId="0afcca4f-3b9b-4ce4-877f-9845564573ba" testId="23bd14be-4be1-0424-9752-58202e06839a" testName="EnsureCells33" computerName="FARSEER-PC" duration="00:00:00.0007880" startTime="2009-07-27T15:45:01.6706000+08:00" endTime="2009-07-27T15:45:01.6736000+08:00" testType="13cdc9d9-ddb5-4fa4-a97d-d965ccfc6d4b" outcome="Passed" testListId="8c84fa94-04c1-424b-9868-57a2d4851a1d">
      <Output>
      </Output>
    </UnitTestResult>
    <UnitTestResult executionId="8f7cbd0e-776f-479f-8685-61f586d4438d" testId="aac9d9a5-4db1-9527-58d1-5effdca4e7c8" testName="EnsureCells34" computerName="FARSEER-PC" duration="00:00:00.0008246" startTime="2009-07-27T15:45:01.6746000+08:00" endTime="2009-07-27T15:45:01.6816000+08:00" testType="13cdc9d9-ddb5-4fa4-a97d-d965ccfc6d4b" outcome="Passed" testListId="8c84fa94-04c1-424b-9868-57a2d4851a1d">
      <Output>
      </Output>
    </UnitTestResult>
    <UnitTestResult executionId="f6e03677-1c80-4443-ad16-2dacffd87ae3" testId="b78b1d0c-227e-885f-68d3-e21acac80bbc" testName="GraphPathGetSet03" computerName="FARSEER-PC" duration="00:00:00.0011812" startTime="2009-07-27T15:45:01.6836000+08:00" endTime="2009-07-27T15:45:01.6896000+08:00" testType="13cdc9d9-ddb5-4fa4-a97d-d965ccfc6d4b" outcome="Passed" testListId="8c84fa94-04c1-424b-9868-57a2d4851a1d">
      <Output>
      </Output>
    </UnitTestResult>
    <UnitTestResult executionId="b037b6da-26b3-4664-b6d9-b49e49dce069" testId="94029847-e4b4-3aa7-204a-9155809d33de" testName="GraphPathGetSet02" computerName="FARSEER-PC" duration="00:00:00.0007233" startTime="2009-07-27T15:45:01.6916000+08:00" endTime="2009-07-27T15:45:01.6946000+08:00" testType="13cdc9d9-ddb5-4fa4-a97d-d965ccfc6d4b" outcome="Passed" testListId="8c84fa94-04c1-424b-9868-57a2d4851a1d">
      <Output>
      </Output>
    </UnitTestResult>
    <UnitTestResult executionId="55fffdfc-1f2a-4506-811e-67daca0b98e0" testId="6235a573-c196-acf5-7e13-a5f895baa7ef" testName="GraphPathGetSet01" computerName="FARSEER-PC" duration="00:00:00.0007395" startTime="2009-07-27T15:45:01.6966000+08:00" endTime="2009-07-27T15:45:01.6996000+08:00" testType="13cdc9d9-ddb5-4fa4-a97d-d965ccfc6d4b" outcome="Passed" testListId="8c84fa94-04c1-424b-9868-57a2d4851a1d">
      <Output>
      </Output>
    </UnitTestResult>
    <UnitTestResult executionId="2bca0534-1c4f-44fe-a80e-02446e5d28c6" testId="47468ec4-14f7-65a5-e881-98413aab4d87" testName="ItemGet04" computerName="FARSEER-PC" duration="00:00:00.0014262" startTime="2009-07-27T15:45:01.7006000+08:00" endTime="2009-07-27T15:45:01.7066000+08:00" testType="13cdc9d9-ddb5-4fa4-a97d-d965ccfc6d4b" outcome="Passed" testListId="8c84fa94-04c1-424b-9868-57a2d4851a1d">
      <Output>
      </Output>
    </UnitTestResult>
    <UnitTestResult executionId="42b36bbf-2827-492d-ac8e-3ba5c0e16e36" testId="2b6eee88-6f01-5b23-de7c-5d9daa6a67ed" testName="ItemGet05" computerName="FARSEER-PC" duration="00:00:00.0016085" startTime="2009-07-27T15:45:01.7066000+08:00" endTime="2009-07-27T15:45:01.7166000+08:00" testType="13cdc9d9-ddb5-4fa4-a97d-d965ccfc6d4b" outcome="Failed" testListId="8c84fa94-04c1-424b-9868-57a2d4851a1d">
      <Output>
        <ErrorInfo>
          <Message>测试方法 CombCell.CombTest.ItemGet05 引发异常:  System.ArgumentOutOfRangeException: 索引超出范围。必须为非负值并小于集合大小。
参数名: index。</Message>
          <StackTrace>    在 System.ThrowHelper.ThrowArgumentOutOfRangeException(ExceptionArgument argument, ExceptionResource resource)
   在 System.ThrowHelper.ThrowArgumentOutOfRangeException()
   在 System.Collections.Generic.List`1.get_Item(Int32 index)
   在 CombCell.Comb.get_Item(Int32 row, Int32 column) 位置 C:\combcell\googlecode\trunk\Solutions\CombCell\CombCell\Comb.cs:行号 92
   在 CombCell.CombTest.ItemGet(Comb target, Int32 row, Int32 column) 位置 C:\combcell\googlecode\trunk\Solutions\CombCell\CombCell.Test\CombCell.Tests\CombTest.cs:行号 65
   在 CombCell.CombTest.ItemGet05() 位置 C:\combcell\googlecode\trunk\Solutions\CombCell\CombCell.Test\CombCell.Tests\CombTest.ItemGet01.g.cs:行号 42
</StackTrace>
        </ErrorInfo>
      </Output>
    </UnitTestResult>
    <UnitTestResult executionId="db489c20-e43a-4446-b5c5-bfa6fcd22497" testId="cca52ab5-5931-535e-8c89-e5ff6f89aa6c" testName="ItemGet06" computerName="FARSEER-PC" duration="00:00:00.0028895" startTime="2009-07-27T15:45:01.7236000+08:00" endTime="2009-07-27T15:45:01.7306000+08:00" testType="13cdc9d9-ddb5-4fa4-a97d-d965ccfc6d4b" outcome="Passed" testListId="8c84fa94-04c1-424b-9868-57a2d4851a1d">
      <Output>
      </Output>
    </UnitTestResult>
    <UnitTestResult executionId="d9c13bf3-0212-4f87-b6bc-6f3fb7d3b60f" testId="3ac598ce-4710-4a4d-4697-a4da8da6ccdf" testName="ItemGet0103" computerName="FARSEER-PC" duration="00:00:00.0015221" startTime="2009-07-27T15:45:01.7346000+08:00" endTime="2009-07-27T15:45:01.7486000+08:00" testType="13cdc9d9-ddb5-4fa4-a97d-d965ccfc6d4b" outcome="Passed" testListId="8c84fa94-04c1-424b-9868-57a2d4851a1d">
      <Output>
      </Output>
    </UnitTestResult>
    <UnitTestResult executionId="355b44a5-f6c5-46f4-9b79-04693b7e2f29" testId="3b0b7fc1-665b-6f95-4c97-e265791829ec" testName="ItemGet0104" computerName="FARSEER-PC" duration="00:00:00.0019419" startTime="2009-07-27T15:45:01.7506000+08:00" endTime="2009-07-27T15:45:01.7556000+08:00" testType="13cdc9d9-ddb5-4fa4-a97d-d965ccfc6d4b" outcome="Failed" testListId="8c84fa94-04c1-424b-9868-57a2d4851a1d">
      <Output>
        <ErrorInfo>
          <Message>测试方法 CombCell.CombTest.ItemGet0104 引发异常:  System.ArgumentOutOfRangeException: 索引超出范围。必须为非负值并小于集合大小。
参数名: index。</Message>
          <StackTrace>    在 System.ThrowHelper.ThrowArgumentOutOfRangeException(ExceptionArgument argument, ExceptionResource resource)
   在 System.ThrowHelper.ThrowArgumentOutOfRangeException()
   在 System.Collections.Generic.List`1.get_Item(Int32 index)
   在 CombCell.Comb.get_Item(Int32 row, Int32 column) 位置 C:\combcell\googlecode\trunk\Solutions\CombCell\CombCell\Comb.cs:行号 92
   在 CombCell.Comb.get_Item(Pair`1 pos) 位置 C:\combcell\googlecode\trunk\Solutions\CombCell\CombCell\Comb.cs:行号 102
   在 CombCell.CombTest.ItemGet01(Comb target, Pair`1 pos) 位置 C:\combcell\googlecode\trunk\Solutions\CombCell\CombCell.Test\CombCell.Tests\CombTest.cs:行号 55
   在 CombCell.CombTest.ItemGet0104() 位置 C:\combcell\googlecode\trunk\Solutions\CombCell\CombCell.Test\CombCell.Tests\CombTest.ItemGet01.g.cs:行号 80
</StackTrace>
        </ErrorInfo>
      </Output>
    </UnitTestResult>
    <UnitTestResult executionId="4dcc2d16-67c4-4069-8977-4794a57b6657" testId="4324d80b-c5e9-ab65-d34a-95e8c10326f5" testName="ItemGet0105" computerName="FARSEER-PC" duration="00:00:00.0012083" startTime="2009-07-27T15:45:01.7566000+08:00" endTime="2009-07-27T15:45:01.7716000+08:00" testType="13cdc9d9-ddb5-4fa4-a97d-d965ccfc6d4b" outcome="Passed" testListId="8c84fa94-04c1-424b-9868-57a2d4851a1d">
      <Output>
      </Output>
    </UnitTestResult>
    <UnitTestResult executionId="233f9a6c-b50c-4738-b3be-65b51eff0de5" testId="c6b7e6a4-7f91-9202-733f-5dc6ca6a7d53" testName="PathDescriptionGetSet03" computerName="FARSEER-PC" duration="00:00:00.0013609" startTime="2009-07-27T15:45:01.7726000+08:00" endTime="2009-07-27T15:45:01.7826000+08:00" testType="13cdc9d9-ddb5-4fa4-a97d-d965ccfc6d4b" outcome="Passed" testListId="8c84fa94-04c1-424b-9868-57a2d4851a1d">
      <Output>
      </Output>
    </UnitTestResult>
    <UnitTestResult executionId="73fb66bf-2327-48d1-999a-212c4f6d976c" testId="d98a4371-9e00-ce24-ae8b-20decba4261e" testName="PathDescriptionGetSet02" computerName="FARSEER-PC" duration="00:00:00.0007412" startTime="2009-07-27T15:45:01.7846000+08:00" endTime="2009-07-27T15:45:01.7886000+08:00" testType="13cdc9d9-ddb5-4fa4-a97d-d965ccfc6d4b" outcome="Passed" testListId="8c84fa94-04c1-424b-9868-57a2d4851a1d">
      <Output>
      </Output>
    </UnitTestResult>
    <UnitTestResult executionId="226ae84e-d17d-44b3-9a06-98881716b06f" testId="34df9d45-6e81-c00a-12e1-6103a5cfb6e2" testName="PathDescriptionGetSet01" computerName="FARSEER-PC" duration="00:00:00.0007808" startTime="2009-07-27T15:45:01.7896000+08:00" endTime="2009-07-27T15:45:01.7966000+08:00" testType="13cdc9d9-ddb5-4fa4-a97d-d965ccfc6d4b" outcome="Passed" testListId="8c84fa94-04c1-424b-9868-57a2d4851a1d">
      <Output>
      </Output>
    </UnitTestResult>
    <UnitTestResult executionId="bff5c8ba-9014-4cd7-91f3-57bc66cb51b3" testId="59349b08-3cd2-ee11-1c67-c5b3cfe12953" testName="Select02" computerName="FARSEER-PC" duration="00:00:00.0027730" startTime="2009-07-27T15:45:01.7976000+08:00" endTime="2009-07-27T15:45:01.8036000+08:00" testType="13cdc9d9-ddb5-4fa4-a97d-d965ccfc6d4b" outcome="Failed" testListId="8c84fa94-04c1-424b-9868-57a2d4851a1d">
      <Output>
        <ErrorInfo>
          <Message>测试方法 CombCell.CombTest.Select02 引发异常:  System.ArgumentOutOfRangeException: 索引超出范围。必须为非负值并小于集合大小。
参数名: index。</Message>
          <StackTrace>    在 System.ThrowHelper.ThrowArgumentOutOfRangeException(ExceptionArgument argument, ExceptionResource resource)
   在 System.ThrowHelper.ThrowArgumentOutOfRangeException()
   在 System.Collections.Generic.List`1.get_Item(Int32 index)
   在 CombCell.Comb.Select(Pair`1 pos) 位置 C:\combcell\googlecode\trunk\Solutions\CombCell\CombCell\Comb.cs:行号 223
   在 CombCell.CombTest.Select(Comb target, Pair`1 pos) 位置 C:\combcell\googlecode\trunk\Solutions\CombCell\CombCell.Test\CombCell.Tests\CombTest.cs:行号 41
   在 CombCell.CombTest.Select02() 位置 C:\combcell\googlecode\trunk\Solutions\CombCell\CombCell.Test\CombCell.Tests\CombTest.Select.g.cs:行号 33
</StackTrace>
        </ErrorInfo>
      </Output>
    </UnitTestResult>
    <UnitTestResult executionId="7c839dc9-5286-40bf-b024-6dbce60d59aa" testId="efbf1b62-7393-3ff4-1df5-0ae9c7d9d070" testName="Select01" computerName="FARSEER-PC" duration="00:00:00.0019112" startTime="2009-07-27T15:45:01.8046000+08:00" endTime="2009-07-27T15:45:01.8146000+08:00" testType="13cdc9d9-ddb5-4fa4-a97d-d965ccfc6d4b" outcome="Failed" testListId="8c84fa94-04c1-424b-9868-57a2d4851a1d">
      <Output>
        <ErrorInfo>
          <Message>测试方法 CombCell.CombTest.Select01 引发异常:  System.ArgumentOutOfRangeException: 索引超出范围。必须为非负值并小于集合大小。
参数名: index。</Message>
          <StackTrace>    在 System.ThrowHelper.ThrowArgumentOutOfRangeException(ExceptionArgument argument, ExceptionResource resource)
   在 System.ThrowHelper.ThrowArgumentOutOfRangeException()
   在 System.Collections.Generic.List`1.get_Item(Int32 index)
   在 CombCell.Comb.Select(Pair`1 pos) 位置 C:\combcell\googlecode\trunk\Solutions\CombCell\CombCell\Comb.cs:行号 223
   在 CombCell.CombTest.Select(Comb target, Pair`1 pos) 位置 C:\combcell\googlecode\trunk\Solutions\CombCell\CombCell.Test\CombCell.Tests\CombTest.cs:行号 41
   在 CombCell.CombTest.Select01() 位置 C:\combcell\googlecode\trunk\Solutions\CombCell\CombCell.Test\CombCell.Tests\CombTest.Select.g.cs:行号 44
</StackTrace>
        </ErrorInfo>
      </Output>
    </UnitTestResult>
    <UnitTestResult executionId="6181d8aa-6a34-4984-8339-b5083a8982a9" testId="165091b1-4fb6-16e3-a902-282a1d2b84c6" testName="StartMarkIndex02" computerName="FARSEER-PC" duration="00:00:00.0009937" startTime="2009-07-27T15:45:01.8156000+08:00" endTime="2009-07-27T15:45:01.8196000+08:00" testType="13cdc9d9-ddb5-4fa4-a97d-d965ccfc6d4b" outcome="Passed" testListId="8c84fa94-04c1-424b-9868-57a2d4851a1d">
      <Output>
      </Output>
    </UnitTestResult>
    <UnitTestResult executionId="63d2e940-d252-4e38-9aaf-9a46057c3bb7" testId="3b8ac36c-0a1e-fb7c-a39c-006e1d183da8" testName="StartMarkIndex01" computerName="FARSEER-PC" duration="00:00:00.0007892" startTime="2009-07-27T15:45:01.8206000+08:00" endTime="2009-07-27T15:45:01.8276000+08:00" testType="13cdc9d9-ddb5-4fa4-a97d-d965ccfc6d4b" outcome="Passed" testListId="8c84fa94-04c1-424b-9868-57a2d4851a1d">
      <Output>
      </Output>
    </UnitTestResult>
    <UnitTestResult executionId="ec5d66ed-3d3b-4ebb-a744-301414519525" testId="144d230e-acf8-435d-5608-7a9f9d08c344" testName="Unblock02" computerName="FARSEER-PC" duration="00:00:00.0041598" startTime="2009-07-27T15:45:01.8276000+08:00" endTime="2009-07-27T15:45:01.8356000+08:00" testType="13cdc9d9-ddb5-4fa4-a97d-d965ccfc6d4b" outcome="Failed" testListId="8c84fa94-04c1-424b-9868-57a2d4851a1d">
      <Output>
        <ErrorInfo>
          <Message>测试方法 CombCell.CombTest.Unblock02 引发异常:  System.ArgumentOutOfRangeException: 索引超出范围。必须为非负值并小于集合大小。
参数名: index。</Message>
          <StackTrace>    在 System.ThrowHelper.ThrowArgumentOutOfRangeException(ExceptionArgument argument, ExceptionResource resource)
   在 System.ThrowHelper.ThrowArgumentOutOfRangeException()
   在 System.Collections.Generic.List`1.get_Item(Int32 index)
   在 CombCell.Comb.Unblock(Pair`1 pos) 位置 C:\combcell\googlecode\trunk\Solutions\CombCell\CombCell\Comb.cs:行号 196
   在 CombCell.CombTest.Unblock(Comb target, Pair`1 pos) 位置 C:\combcell\googlecode\trunk\Solutions\CombCell\CombCell.Test\CombCell.Tests\CombTest.cs:行号 29
   在 CombCell.CombTest.Unblock02() 位置 C:\combcell\googlecode\trunk\Solutions\CombCell\CombCell.Test\CombCell.Tests\CombTest.Unblock.g.cs:行号 33
</StackTrace>
        </ErrorInfo>
      </Output>
    </UnitTestResult>
    <UnitTestResult executionId="a0356b1a-23b6-45c8-b3bb-6f0007655328" testId="a7d97db3-fd0a-fd9f-2170-cf6189db02cd" testName="Unblock01" computerName="FARSEER-PC" duration="00:00:00.0029292" startTime="2009-07-27T15:45:01.8376000+08:00" endTime="2009-07-27T15:45:01.8446000+08:00" testType="13cdc9d9-ddb5-4fa4-a97d-d965ccfc6d4b" outcome="Failed" testListId="8c84fa94-04c1-424b-9868-57a2d4851a1d">
      <Output>
        <ErrorInfo>
          <Message>测试方法 CombCell.CombTest.Unblock01 引发异常:  System.ArgumentOutOfRangeException: 索引超出范围。必须为非负值并小于集合大小。
参数名: index。</Message>
          <StackTrace>    在 System.ThrowHelper.ThrowArgumentOutOfRangeException(ExceptionArgument argument, ExceptionResource resource)
   在 System.ThrowHelper.ThrowArgumentOutOfRangeException()
   在 System.Collections.Generic.List`1.get_Item(Int32 index)
   在 CombCell.Comb.Unblock(Pair`1 pos) 位置 C:\combcell\googlecode\trunk\Solutions\CombCell\CombCell\Comb.cs:行号 196
   在 CombCell.CombTest.Unblock(Comb target, Pair`1 pos) 位置 C:\combcell\googlecode\trunk\Solutions\CombCell\CombCell.Test\CombCell.Tests\CombTest.cs:行号 29
   在 CombCell.CombTest.Unblock01() 位置 C:\combcell\googlecode\trunk\Solutions\CombCell\CombCell.Test\CombCell.Tests\CombTest.Unblock.g.cs:行号 44
</StackTrace>
        </ErrorInfo>
      </Output>
    </UnitTestResult>
    <UnitTestResult executionId="dbff40af-51a2-40e6-83cd-928390c5c1a4" testId="d71b6851-8cb1-1b29-c034-4aa261a5fad5" testName="Unselect02" computerName="FARSEER-PC" duration="00:00:00.0028661" startTime="2009-07-27T15:45:01.8536000+08:00" endTime="2009-07-27T15:45:01.8616000+08:00" testType="13cdc9d9-ddb5-4fa4-a97d-d965ccfc6d4b" outcome="Failed" testListId="8c84fa94-04c1-424b-9868-57a2d4851a1d">
      <Output>
        <ErrorInfo>
          <Message>测试方法 CombCell.CombTest.Unselect02 引发异常:  System.ArgumentOutOfRangeException: 索引超出范围。必须为非负值并小于集合大小。
参数名: index。</Message>
          <StackTrace>    在 System.ThrowHelper.ThrowArgumentOutOfRangeException(ExceptionArgument argument, ExceptionResource resource)
   在 System.ThrowHelper.ThrowArgumentOutOfRangeException()
   在 System.Collections.Generic.List`1.get_Item(Int32 index)
   在 CombCell.Comb.Unselect(Pair`1 pos) 位置 C:\combcell\googlecode\trunk\Solutions\CombCell\CombCell\Comb.cs:行号 235
   在 CombCell.CombTest.Unselect(Comb target, Pair`1 pos) 位置 C:\combcell\googlecode\trunk\Solutions\CombCell\CombCell.Test\CombCell.Tests\CombTest.cs:行号 23
   在 CombCell.CombTest.Unselect02() 位置 C:\combcell\googlecode\trunk\Solutions\CombCell\CombCell.Test\CombCell.Tests\CombTest.Unselect.g.cs:行号 33
</StackTrace>
        </ErrorInfo>
      </Output>
    </UnitTestResult>
    <UnitTestResult executionId="bbd1f1e3-99da-48b3-9b8d-1d241eacbf00" testId="386c3d95-99e6-8cb4-881a-05a9f5acfcaf" testName="Unselect01" computerName="FARSEER-PC" duration="00:00:00.0015647" startTime="2009-07-27T15:45:01.8626000+08:00" endTime="2009-07-27T15:45:01.8736000+08:00" testType="13cdc9d9-ddb5-4fa4-a97d-d965ccfc6d4b" outcome="Failed" testListId="8c84fa94-04c1-424b-9868-57a2d4851a1d">
      <Output>
        <ErrorInfo>
          <Message>测试方法 CombCell.CombTest.Unselect01 引发异常:  System.ArgumentOutOfRangeException: 索引超出范围。必须为非负值并小于集合大小。
参数名: index。</Message>
          <StackTrace>    在 System.ThrowHelper.ThrowArgumentOutOfRangeException(ExceptionArgument argument, ExceptionResource resource)
   在 System.ThrowHelper.ThrowArgumentOutOfRangeException()
   在 System.Collections.Generic.List`1.get_Item(Int32 index)
   在 CombCell.Comb.Unselect(Pair`1 pos) 位置 C:\combcell\googlecode\trunk\Solutions\CombCell\CombCell\Comb.cs:行号 235
   在 CombCell.CombTest.Unselect(Comb target, Pair`1 pos) 位置 C:\combcell\googlecode\trunk\Solutions\CombCell\CombCell.Test\CombCell.Tests\CombTest.cs:行号 23
   在 CombCell.CombTest.Unselect01() 位置 C:\combcell\googlecode\trunk\Solutions\CombCell\CombCell.Test\CombCell.Tests\CombTest.Unselect.g.cs:行号 44
</StackTrace>
        </ErrorInfo>
      </Output>
    </UnitTestResult>
    <UnitTestResult executionId="a00dca99-2142-4c54-ac5c-bd38105b112e" testId="31493be6-84b1-c942-539d-d9de19b46b2a" testName="Constructor01" computerName="FARSEER-PC" duration="00:00:00.0010661" startTime="2009-07-27T15:45:01.8756000+08:00" endTime="2009-07-27T15:45:01.8866000+08:00" testType="13cdc9d9-ddb5-4fa4-a97d-d965ccfc6d4b" outcome="Passed" testListId="8c84fa94-04c1-424b-9868-57a2d4851a1d">
      <Output>
      </Output>
    </UnitTestResult>
    <UnitTestResult executionId="58f55144-7faa-4ce7-a789-1a9a14c27a69" testId="3c0a06d6-3b98-0183-cd67-7ebfb9079462" testName="Constructor02" computerName="FARSEER-PC" duration="00:00:00.0019610" startTime="2009-07-27T15:45:01.8896000+08:00" endTime="2009-07-27T15:45:01.8956000+08:00" testType="13cdc9d9-ddb5-4fa4-a97d-d965ccfc6d4b" outcome="Passed" testListId="8c84fa94-04c1-424b-9868-57a2d4851a1d">
      <Output>
      </Output>
    </UnitTestResult>
    <UnitTestResult executionId="2a83acf4-2d36-4e8f-b655-48032a00cdc3" testId="a14b4c80-7009-1436-4814-cdc3db2645be" testName="Constructor03" computerName="FARSEER-PC" duration="00:00:00.0016305" startTime="2009-07-27T15:45:01.8956000+08:00" endTime="2009-07-27T15:45:01.9016000+08:00" testType="13cdc9d9-ddb5-4fa4-a97d-d965ccfc6d4b" outcome="Passed" testListId="8c84fa94-04c1-424b-9868-57a2d4851a1d">
      <Output>
      </Output>
    </UnitTestResult>
    <UnitTestResult executionId="bdeee4ed-ef55-4267-a3dd-670971ccdb4f" testId="5f4f3125-228d-f680-4ba9-883e86f03f12" testName="Constructor04" computerName="FARSEER-PC" duration="00:00:00.0028326" startTime="2009-07-27T15:45:01.9016000+08:00" endTime="2009-07-27T15:45:01.9096000+08:00" testType="13cdc9d9-ddb5-4fa4-a97d-d965ccfc6d4b" outcome="Passed" testListId="8c84fa94-04c1-424b-9868-57a2d4851a1d">
      <Output>
      </Output>
    </UnitTestResult>
    <UnitTestResult executionId="e4017389-9e26-4b67-b036-c448ba9b3205" testId="5d930f7c-a81a-b9c1-d062-a7b7c747628f" testName="Constructor0101" computerName="FARSEER-PC" duration="00:00:00.0013019" startTime="2009-07-27T15:45:01.9176000+08:00" endTime="2009-07-27T15:45:01.9216000+08:00" testType="13cdc9d9-ddb5-4fa4-a97d-d965ccfc6d4b" outcome="Passed" testListId="8c84fa94-04c1-424b-9868-57a2d4851a1d">
      <Output>
      </Output>
    </UnitTestResult>
    <UnitTestResult executionId="74fb1fce-f7e9-40e0-82d5-e8c27b863ef5" testId="35aaf715-9bdd-858b-74a9-c896b621d3ee" testName="FromGetSet01" computerName="FARSEER-PC" duration="00:00:00.0018881" startTime="2009-07-27T15:45:01.9226000+08:00" endTime="2009-07-27T15:45:01.9286000+08:00" testType="13cdc9d9-ddb5-4fa4-a97d-d965ccfc6d4b" outcome="Passed" testListId="8c84fa94-04c1-424b-9868-57a2d4851a1d">
      <Output>
      </Output>
    </UnitTestResult>
    <UnitTestResult executionId="4e05e7d9-fe75-4c7c-a886-d43ecaff9457" testId="98051b8b-e2f1-34be-54aa-4aeed0514135" testName="FromGetSet02" computerName="FARSEER-PC" duration="00:00:00.0004981" startTime="2009-07-27T15:45:01.9286000+08:00" endTime="2009-07-27T15:45:01.9336000+08:00" testType="13cdc9d9-ddb5-4fa4-a97d-d965ccfc6d4b" outcome="Passed" testListId="8c84fa94-04c1-424b-9868-57a2d4851a1d">
      <Output>
      </Output>
    </UnitTestResult>
    <UnitTestResult executionId="a3dffc45-884d-4bf2-aa18-ac22f4fa2b2d" testId="6b0ee6e7-5136-1529-db20-d5741261a92c" testName="ToGetSet01" computerName="FARSEER-PC" duration="00:00:00.0019036" startTime="2009-07-27T15:45:01.9346000+08:00" endTime="2009-07-27T15:45:01.9496000+08:00" testType="13cdc9d9-ddb5-4fa4-a97d-d965ccfc6d4b" outcome="Passed" testListId="8c84fa94-04c1-424b-9868-57a2d4851a1d">
      <Output>
      </Output>
    </UnitTestResult>
    <UnitTestResult executionId="48fc32ab-bb8f-4773-ab00-be5a27c57025" testId="1a56c911-c9da-4424-387c-1940377ec188" testName="ToGetSet02" computerName="FARSEER-PC" duration="00:00:00.0004599" startTime="2009-07-27T15:45:01.9506000+08:00" endTime="2009-07-27T15:45:01.9546000+08:00" testType="13cdc9d9-ddb5-4fa4-a97d-d965ccfc6d4b" outcome="Passed" testListId="8c84fa94-04c1-424b-9868-57a2d4851a1d">
      <Output>
      </Output>
    </UnitTestResult>
    <UnitTestResult executionId="6ee0fa48-af99-4a85-adb6-9b6c256a1ab5" testId="d3107042-29e0-f9e3-c174-def6977d1282" testName="ToString01" computerName="FARSEER-PC" duration="00:00:00.0029398" startTime="2009-07-27T15:45:01.9556000+08:00" endTime="2009-07-27T15:45:01.9626000+08:00" testType="13cdc9d9-ddb5-4fa4-a97d-d965ccfc6d4b" outcome="Passed" testListId="8c84fa94-04c1-424b-9868-57a2d4851a1d">
      <Output>
      </Output>
    </UnitTestResult>
    <UnitTestResult executionId="b11add4f-9c35-456e-a033-bcb91bca7f10" testId="467b8a46-c8bf-cde0-48f8-c059f5de439c" testName="ClearAccessed01" computerName="FARSEER-PC" duration="00:00:00.0039182" startTime="2009-07-27T15:45:01.9636000+08:00" endTime="2009-07-27T15:45:01.9716000+08:00" testType="13cdc9d9-ddb5-4fa4-a97d-d965ccfc6d4b" outcome="Passed" testListId="8c84fa94-04c1-424b-9868-57a2d4851a1d">
      <Output>
      </Output>
    </UnitTestResult>
    <UnitTestResult executionId="01492c7c-3f24-47bb-9aff-12ebc446e2bb" testId="1aa04443-4699-8299-1635-e1a45bead3d6" testName="Constructor01" computerName="FARSEER-PC" duration="00:00:00.0026087" startTime="2009-07-27T15:45:01.9716000+08:00" endTime="2009-07-27T15:45:01.9806000+08:00" testType="13cdc9d9-ddb5-4fa4-a97d-d965ccfc6d4b" outcome="Passed" testListId="8c84fa94-04c1-424b-9868-57a2d4851a1d">
      <Output>
      </Output>
    </UnitTestResult>
    <UnitTestResult executionId="c56171ea-d383-4708-aad3-3b286b70aa70" testId="7f58840d-98f5-1464-ed64-65eac867c47c" testName="Constructor02" computerName="FARSEER-PC" duration="00:00:00.0018469" startTime="2009-07-27T15:45:01.9846000+08:00" endTime="2009-07-27T15:45:01.9896000+08:00" testType="13cdc9d9-ddb5-4fa4-a97d-d965ccfc6d4b" outcome="Passed" testListId="8c84fa94-04c1-424b-9868-57a2d4851a1d">
      <Output>
      </Output>
    </UnitTestResult>
    <UnitTestResult executionId="448ae792-07fa-4b97-8562-d81a60fe8bd1" testId="5715556a-d765-54e7-5965-e09bea8f3ba5" testName="CreateEdge01" computerName="FARSEER-PC" duration="00:00:00.0025041" startTime="2009-07-27T15:45:01.9896000+08:00" endTime="2009-07-27T15:45:01.9976000+08:00" testType="13cdc9d9-ddb5-4fa4-a97d-d965ccfc6d4b" outcome="Passed" testListId="8c84fa94-04c1-424b-9868-57a2d4851a1d">
      <Output>
      </Output>
    </UnitTestResult>
    <UnitTestResult executionId="62605a7f-afcc-4e79-8821-3e09a729803f" testId="16c413e4-6cf6-69ac-4bbc-7b58244848ad" testName="CreateEdge02" computerName="FARSEER-PC" duration="00:00:00.0009779" startTime="2009-07-27T15:45:01.9996000+08:00" endTime="2009-07-27T15:45:02.0046000+08:00" testType="13cdc9d9-ddb5-4fa4-a97d-d965ccfc6d4b" outcome="Passed" testListId="8c84fa94-04c1-424b-9868-57a2d4851a1d">
      <Output>
      </Output>
    </UnitTestResult>
    <UnitTestResult executionId="ee9da032-447c-4060-8ef8-2b2851478ebe" testId="0d46ec70-2933-201f-bd26-772150c44ed9" testName="CreateEdge03" computerName="FARSEER-PC" duration="00:00:00.0009009" startTime="2009-07-27T15:45:02.0066000+08:00" endTime="2009-07-27T15:45:02.0316000+08:00" testType="13cdc9d9-ddb5-4fa4-a97d-d965ccfc6d4b" outcome="Passed" testListId="8c84fa94-04c1-424b-9868-57a2d4851a1d">
      <Output>
      </Output>
    </UnitTestResult>
    <UnitTestResult executionId="1d312255-e7e9-43df-b965-c7592597ee95" testId="a526bec1-462b-850e-4126-cf0add38ba5e" testName="CreateEdge04" computerName="FARSEER-PC" duration="00:00:00.0009328" startTime="2009-07-27T15:45:02.0336000+08:00" endTime="2009-07-27T15:45:02.0366000+08:00" testType="13cdc9d9-ddb5-4fa4-a97d-d965ccfc6d4b" outcome="Passed" testListId="8c84fa94-04c1-424b-9868-57a2d4851a1d">
      <Output>
      </Output>
    </UnitTestResult>
    <UnitTestResult executionId="2dc2597b-fcff-4be3-bd6e-eceebe1d9116" testId="e2a689da-f77b-9668-cb2c-d751f44eaf70" testName="CreateEdge10" computerName="FARSEER-PC" duration="00:00:00.0027249" startTime="2009-07-27T15:45:02.0386000+08:00" endTime="2009-07-27T15:45:02.0456000+08:00" testType="13cdc9d9-ddb5-4fa4-a97d-d965ccfc6d4b" outcome="Passed" testListId="8c84fa94-04c1-424b-9868-57a2d4851a1d">
      <Output>
      </Output>
    </UnitTestResult>
    <UnitTestResult executionId="89f94acd-77b5-46e0-9362-e505da20cb7d" testId="6f63693d-f377-5f11-fb75-4d680cff50c6" testName="CreateVertex01" computerName="FARSEER-PC" duration="00:00:00.0022284" startTime="2009-07-27T15:45:02.0506000+08:00" endTime="2009-07-27T15:45:02.0556000+08:00" testType="13cdc9d9-ddb5-4fa4-a97d-d965ccfc6d4b" outcome="Passed" testListId="8c84fa94-04c1-424b-9868-57a2d4851a1d">
      <Output>
      </Output>
    </UnitTestResult>
    <UnitTestResult executionId="d0ac9f03-3209-4848-85b7-775fe53d2388" testId="57e7e0c8-2587-ff7e-495e-815425f69bc0" testName="EdgesGet01" computerName="FARSEER-PC" duration="00:00:00.0009045" startTime="2009-07-27T15:45:02.0566000+08:00" endTime="2009-07-27T15:45:02.0616000+08:00" testType="13cdc9d9-ddb5-4fa4-a97d-d965ccfc6d4b" outcome="Passed" testListId="8c84fa94-04c1-424b-9868-57a2d4851a1d">
      <Output>
      </Output>
    </UnitTestResult>
    <UnitTestResult executionId="a161785b-9200-43f9-820f-437e460c0064" testId="458a095a-4ad2-8d91-e841-a359f891c232" testName="InfinitiveGet01" computerName="FARSEER-PC" duration="00:00:00.0014700" startTime="2009-07-27T15:45:02.0626000+08:00" endTime="2009-07-27T15:45:02.0696000+08:00" testType="13cdc9d9-ddb5-4fa4-a97d-d965ccfc6d4b" outcome="Passed" testListId="8c84fa94-04c1-424b-9868-57a2d4851a1d">
      <Output>
      </Output>
    </UnitTestResult>
    <UnitTestResult executionId="74682738-eb49-4952-a96d-06bd83b887ce" testId="4894d8a1-66fe-958e-d1be-64f3d004c46f" testName="RemoveEdge01" computerName="FARSEER-PC" duration="00:00:00.0024963" startTime="2009-07-27T15:45:02.0716000+08:00" endTime="2009-07-27T15:45:02.0806000+08:00" testType="13cdc9d9-ddb5-4fa4-a97d-d965ccfc6d4b" outcome="Passed" testListId="8c84fa94-04c1-424b-9868-57a2d4851a1d">
      <Output>
      </Output>
    </UnitTestResult>
    <UnitTestResult executionId="eeced828-2d78-46c6-b154-711b600348a9" testId="615ea736-5959-01c5-e599-68e9b14fc416" testName="RemoveEdge02" computerName="FARSEER-PC" duration="00:00:00.0007718" startTime="2009-07-27T15:45:02.0826000+08:00" endTime="2009-07-27T15:45:02.0866000+08:00" testType="13cdc9d9-ddb5-4fa4-a97d-d965ccfc6d4b" outcome="Passed" testListId="8c84fa94-04c1-424b-9868-57a2d4851a1d">
      <Output>
      </Output>
    </UnitTestResult>
    <UnitTestResult executionId="4da9aedf-5a09-44ff-b25b-f842dc69e824" testId="356c99df-236d-a8ab-4cd3-05a338222889" testName="RemoveVertex01" computerName="FARSEER-PC" duration="00:00:00.0028103" startTime="2009-07-27T15:45:02.0876000+08:00" endTime="2009-07-27T15:45:02.0946000+08:00" testType="13cdc9d9-ddb5-4fa4-a97d-d965ccfc6d4b" outcome="Passed" testListId="8c84fa94-04c1-424b-9868-57a2d4851a1d">
      <Output>
      </Output>
    </UnitTestResult>
    <UnitTestResult executionId="ece7a4d4-3ffb-450e-84ea-01e095b426ce" testId="9cd1d67e-71b8-f86b-c862-fb281c612ea2" testName="RemoveVertex02" computerName="FARSEER-PC" duration="00:00:00.0005765" startTime="2009-07-27T15:45:02.0956000+08:00" endTime="2009-07-27T15:45:02.1006000+08:00" testType="13cdc9d9-ddb5-4fa4-a97d-d965ccfc6d4b" outcome="Passed" testListId="8c84fa94-04c1-424b-9868-57a2d4851a1d">
      <Output>
      </Output>
    </UnitTestResult>
    <UnitTestResult executionId="fe7ed5ec-8050-4ae5-ab0a-28fa31380d5b" testId="2bf9e499-c806-eb20-0417-469b4d185e13" testName="VertexesGet01" computerName="FARSEER-PC" duration="00:00:00.0009707" startTime="2009-07-27T15:45:02.1006000+08:00" endTime="2009-07-27T15:45:02.1046000+08:00" testType="13cdc9d9-ddb5-4fa4-a97d-d965ccfc6d4b" outcome="Passed" testListId="8c84fa94-04c1-424b-9868-57a2d4851a1d">
      <Output>
      </Output>
    </UnitTestResult>
    <UnitTestResult executionId="7c858f13-a8c4-4d65-bd69-2f375b9be352" testId="64577c65-d3dd-e386-bbae-d1b203ddd34c" testName="VertexMapGet01" computerName="FARSEER-PC" duration="00:00:00.0023102" startTime="2009-07-27T15:45:02.1056000+08:00" endTime="2009-07-27T15:45:02.1136000+08:00" testType="13cdc9d9-ddb5-4fa4-a97d-d965ccfc6d4b" outcome="Passed" testListId="8c84fa94-04c1-424b-9868-57a2d4851a1d">
      <Output>
      </Output>
    </UnitTestResult>
    <UnitTestResult executionId="7e911776-5496-489c-a750-22886b92aece" testId="cf12b08e-b7a6-8c36-11f2-3c31fe62effe" testName="Arrange01" computerName="FARSEER-PC" duration="00:00:00.0017309" startTime="2009-07-27T15:45:02.1146000+08:00" endTime="2009-07-27T15:45:02.1216000+08:00" testType="13cdc9d9-ddb5-4fa4-a97d-d965ccfc6d4b" outcome="Passed" testListId="8c84fa94-04c1-424b-9868-57a2d4851a1d">
      <Output>
      </Output>
    </UnitTestResult>
    <UnitTestResult executionId="229fe641-358f-4ae4-8f81-9f38bd4f69f4" testId="9bed81ba-1ef2-f3f5-6f1f-382f40ecb75e" testName="CreateCellShape01" computerName="FARSEER-PC" duration="00:00:00.0010325" startTime="2009-07-27T15:45:02.1236000+08:00" endTime="2009-07-27T15:45:02.1286000+08:00" testType="13cdc9d9-ddb5-4fa4-a97d-d965ccfc6d4b" outcome="Passed" testListId="8c84fa94-04c1-424b-9868-57a2d4851a1d">
      <Output>
      </Output>
    </UnitTestResult>
    <UnitTestResult executionId="7790c3e7-e153-4bd4-b4db-cb00eb0f9341" testId="ad02ab5d-e966-0ae4-f853-78f47ba37358" testName="FromPointToPair02" computerName="FARSEER-PC" duration="00:00:00.0010595" startTime="2009-07-27T15:45:02.1296000+08:00" endTime="2009-07-27T15:45:02.1336000+08:00" testType="13cdc9d9-ddb5-4fa4-a97d-d965ccfc6d4b" outcome="Passed" testListId="8c84fa94-04c1-424b-9868-57a2d4851a1d">
      <Output>
      </Output>
    </UnitTestResult>
    <UnitTestResult executionId="73a5390b-d1d1-4831-98e4-803b2517f4fc" testId="a0acb3cf-c397-833e-ee72-2fa7c3f36c33" testName="FromPointToPair01" computerName="FARSEER-PC" duration="00:00:00.0016658" startTime="2009-07-27T15:45:02.1346000+08:00" endTime="2009-07-27T15:45:02.1396000+08:00" testType="13cdc9d9-ddb5-4fa4-a97d-d965ccfc6d4b" outcome="Passed" testListId="8c84fa94-04c1-424b-9868-57a2d4851a1d">
      <Output>
      </Output>
    </UnitTestResult>
    <UnitTestResult executionId="44e5dd67-6cfd-448d-8599-f91889d8909c" testId="9cb19dec-a43f-6714-c5a4-e4df3185f2ee" testName="MarkIndex01" computerName="FARSEER-PC" duration="00:00:00.0019287" startTime="2009-07-27T15:45:02.1426000+08:00" endTime="2009-07-27T15:45:02.1496000+08:00" testType="13cdc9d9-ddb5-4fa4-a97d-d965ccfc6d4b" outcome="Failed" testListId="8c84fa94-04c1-424b-9868-57a2d4851a1d">
      <Output>
        <ErrorInfo>
          <Message>测试方法 CombCell.HexArrangerTest.MarkIndex01 引发异常:  System.ArgumentOutOfRangeException: 指定的参数已超出有效值的范围。
参数名: row。</Message>
          <StackTrace>    在 CombCell.Comb.get_Item(Int32 row, Int32 column) 位置 C:\combcell\googlecode\trunk\Solutions\CombCell\CombCell\Comb.cs:行号 92
   在 CombCell.HexArranger.MarkIndex(Int32 row, Int32 column) 位置 C:\combcell\googlecode\trunk\Solutions\CombCell\CombCell\HexArranger.cs:行号 66
   在 CombCell.HexArrangerTest.MarkIndex(HexArranger target, Int32 row, Int32 column) 位置 C:\combcell\googlecode\trunk\Solutions\CombCell\CombCell.Test\CombCell.Tests\HexArrangerTest.cs:行号 40
   在 CombCell.HexArrangerTest.MarkIndex01() 位置 C:\combcell\googlecode\trunk\Solutions\CombCell\CombCell.Test\CombCell.Tests\HexArrangerTest.MarkIndex.g.cs:行号 29
</StackTrace>
        </ErrorInfo>
      </Output>
    </UnitTestResult>
    <UnitTestResult executionId="8f0c1c93-6766-4ea6-8224-d89e7eb89741" testId="b15108ef-558a-186c-6cae-0f068229588c" testName="MarkIndex02" computerName="FARSEER-PC" duration="00:00:00.0016367" startTime="2009-07-27T15:45:02.1516000+08:00" endTime="2009-07-27T15:45:02.1626000+08:00" testType="13cdc9d9-ddb5-4fa4-a97d-d965ccfc6d4b" outcome="Failed" testListId="8c84fa94-04c1-424b-9868-57a2d4851a1d">
      <Output>
        <ErrorInfo>
          <Message>测试方法 CombCell.HexArrangerTest.MarkIndex02 引发异常:  System.ArgumentOutOfRangeException: 索引超出范围。必须为非负值并小于集合大小。
参数名: index。</Message>
          <StackTrace>    在 System.ThrowHelper.ThrowArgumentOutOfRangeException(ExceptionArgument argument, ExceptionResource resource)
   在 System.ThrowHelper.ThrowArgumentOutOfRangeException()
   在 System.Collections.Generic.List`1.get_Item(Int32 index)
   在 CombCell.Comb.get_Item(Int32 row, Int32 column) 位置 C:\combcell\googlecode\trunk\Solutions\CombCell\CombCell\Comb.cs:行号 92
   在 CombCell.HexArranger.MarkIndex(Int32 row, Int32 column) 位置 C:\combcell\googlecode\trunk\Solutions\CombCell\CombCell\HexArranger.cs:行号 66
   在 CombCell.HexArrangerTest.MarkIndex(HexArranger target, Int32 row, Int32 column) 位置 C:\combcell\googlecode\trunk\Solutions\CombCell\CombCell.Test\CombCell.Tests\HexArrangerTest.cs:行号 40
   在 CombCell.HexArrangerTest.MarkIndex02() 位置 C:\combcell\googlecode\trunk\Solutions\CombCell\CombCell.Test\CombCell.Tests\HexArrangerTest.MarkIndex.g.cs:行号 39
</StackTrace>
        </ErrorInfo>
      </Output>
    </UnitTestResult>
    <UnitTestResult executionId="c0945d50-53ca-4ac9-8eef-1b50eb658da7" testId="32e1fcda-42d0-2612-1467-3e04abc52856" testName="NearBy02" computerName="FARSEER-PC" duration="00:00:00.0011761" startTime="2009-07-27T15:45:02.1656000+08:00" endTime="2009-07-27T15:45:02.1746000+08:00" testType="13cdc9d9-ddb5-4fa4-a97d-d965ccfc6d4b" outcome="Passed" testListId="8c84fa94-04c1-424b-9868-57a2d4851a1d">
      <Output>
      </Output>
    </UnitTestResult>
    <UnitTestResult executionId="f112076d-d550-47de-8c87-13a3d2a73404" testId="a32ba66b-8e19-e9d1-88a2-eddd7bcd4711" testName="NearBy01" computerName="FARSEER-PC" duration="00:00:00.0009045" startTime="2009-07-27T15:45:02.1826000+08:00" endTime="2009-07-27T15:45:02.1866000+08:00" testType="13cdc9d9-ddb5-4fa4-a97d-d965ccfc6d4b" outcome="Passed" testListId="8c84fa94-04c1-424b-9868-57a2d4851a1d">
      <Output>
      </Output>
    </UnitTestResult>
    <UnitTestResult executionId="d71fb3a7-2a8a-4ed8-9e14-4538ee7e99c0" testId="0765a3ee-717f-512a-1c5d-20e12803a07a" testName="Add03" computerName="FARSEER-PC" duration="00:00:00.0057744" startTime="2009-07-27T15:45:02.1876000+08:00" endTime="2009-07-27T15:45:02.1986000+08:00" testType="13cdc9d9-ddb5-4fa4-a97d-d965ccfc6d4b" outcome="Passed" testListId="8c84fa94-04c1-424b-9868-57a2d4851a1d">
      <Output>
      </Output>
    </UnitTestResult>
    <UnitTestResult executionId="65731a0e-9b1a-4d89-991a-8829ae6ea27d" testId="c198d6fb-3a29-cf57-09f4-221e7e5f55d5" testName="Add02" computerName="FARSEER-PC" duration="00:00:00.0008137" startTime="2009-07-27T15:45:02.1986000+08:00" endTime="2009-07-27T15:45:02.2046000+08:00" testType="13cdc9d9-ddb5-4fa4-a97d-d965ccfc6d4b" outcome="Passed" testListId="8c84fa94-04c1-424b-9868-57a2d4851a1d">
      <Output>
      </Output>
    </UnitTestResult>
    <UnitTestResult executionId="48020616-ede8-455a-b877-075b2f64ca7e" testId="3ca14a2c-0071-ab24-9be7-8e6aa8a461ba" testName="Add01" computerName="FARSEER-PC" duration="00:00:00.0014589" startTime="2009-07-27T15:45:02.2046000+08:00" endTime="2009-07-27T15:45:02.2086000+08:00" testType="13cdc9d9-ddb5-4fa4-a97d-d965ccfc6d4b" outcome="Failed" testListId="8c84fa94-04c1-424b-9868-57a2d4851a1d">
      <Output>
        <ErrorInfo>
          <Message>测试方法 CombCell.LengendTest.Add01 引发异常:  System.NullReferenceException: 未将对象引用设置到对象的实例。。</Message>
          <StackTrace>    在 CombCell.Lengend.Add(Scheme scheme) 位置 C:\combcell\googlecode\trunk\Solutions\CombCell\CombCell\Lengend.cs:行号 68
   在 CombCell.LengendTest.Add(Scheme scheme) 位置 C:\combcell\googlecode\trunk\Solutions\CombCell\CombCell.Test\CombCell.Tests\LengendTest.cs:行号 40
   在 CombCell.LengendTest.Add01() 位置 C:\combcell\googlecode\trunk\Solutions\CombCell\CombCell.Test\CombCell.Tests\LengendTest.Add.g.cs:行号 47
</StackTrace>
        </ErrorInfo>
      </Output>
    </UnitTestResult>
    <UnitTestResult executionId="791df630-c695-4b4c-8ded-5043a5681e27" testId="27f0b52f-d1c9-a22b-c131-4169928d14fc" testName="CurrentGet01" computerName="FARSEER-PC" duration="00:00:00.0006680" startTime="2009-07-27T15:45:02.2096000+08:00" endTime="2009-07-27T15:45:02.2126000+08:00" testType="13cdc9d9-ddb5-4fa4-a97d-d965ccfc6d4b" outcome="Passed" testListId="8c84fa94-04c1-424b-9868-57a2d4851a1d">
      <Output>
      </Output>
    </UnitTestResult>
    <UnitTestResult executionId="cb4429d3-a1d8-407e-9bbd-f36dec5b3566" testId="0c47ca1c-46dd-f2a9-2b2a-81373dd83c71" testName="ItemGetSet05" computerName="FARSEER-PC" duration="00:00:00.0015482" startTime="2009-07-27T15:45:02.2126000+08:00" endTime="2009-07-27T15:45:02.2276000+08:00" testType="13cdc9d9-ddb5-4fa4-a97d-d965ccfc6d4b" outcome="Passed" testListId="8c84fa94-04c1-424b-9868-57a2d4851a1d">
      <Output>
      </Output>
    </UnitTestResult>
    <UnitTestResult executionId="e70aa25a-d336-4bc3-966a-c68945b6a6f1" testId="14ef480f-616f-c937-05f9-8715ca38f357" testName="ItemGetSet04" computerName="FARSEER-PC" duration="00:00:00.0018968" startTime="2009-07-27T15:45:02.2286000+08:00" endTime="2009-07-27T15:45:02.2346000+08:00" testType="13cdc9d9-ddb5-4fa4-a97d-d965ccfc6d4b" outcome="Failed" testListId="8c84fa94-04c1-424b-9868-57a2d4851a1d">
      <Output>
        <ErrorInfo>
          <Message>测试方法 CombCell.LengendTest.ItemGetSet04 引发异常:  System.ArgumentException: 已添加项。字典中的关键字:“Scheme”所添加的关键字:“Scheme”。</Message>
          <StackTrace>    在 System.Collections.Hashtable.Insert(Object key, Object nvalue, Boolean add)
   在 System.Collections.Hashtable.Add(Object key, Object value)
   在 System.Windows.ResourceDictionary.AddWithoutLock(Object key, Object value)
   在 System.Windows.ResourceDictionary.Add(Object key, Object value)
   在 CombCell.Lengend.set_Item(String key, Scheme value) 位置 C:\combcell\googlecode\trunk\Solutions\CombCell\CombCell\Lengend.cs:行号 57
   在 CombCell.LengendTest.ItemGetSet(Lengend target, String key, Scheme value) 位置 C:\combcell\googlecode\trunk\Solutions\CombCell\CombCell.Test\CombCell.Tests\LengendTest.cs:行号 27
   在 CombCell.LengendTest.ItemGetSet04() 位置 C:\combcell\googlecode\trunk\Solutions\CombCell\CombCell.Test\CombCell.Tests\LengendTest.ItemGetSet.g.cs:行号 41
</StackTrace>
        </ErrorInfo>
      </Output>
    </UnitTestResult>
    <UnitTestResult executionId="e63edf48-0b8c-4002-b654-01144b479623" testId="b14c7644-fd87-aa42-f2af-155066c39f5b" testName="ItemGetSet02" computerName="FARSEER-PC" duration="00:00:00.0013027" startTime="2009-07-27T15:45:02.2356000+08:00" endTime="2009-07-27T15:45:02.2526000+08:00" testType="13cdc9d9-ddb5-4fa4-a97d-d965ccfc6d4b" outcome="Failed" testListId="8c84fa94-04c1-424b-9868-57a2d4851a1d">
      <Output>
        <ErrorInfo>
          <Message>测试方法 CombCell.LengendTest.ItemGetSet02 引发异常:  System.ArgumentException: 已添加项。字典中的关键字:“Scheme”所添加的关键字:“Scheme”。</Message>
          <StackTrace>    在 System.Collections.Hashtable.Insert(Object key, Object nvalue, Boolean add)
   在 System.Collections.Hashtable.Add(Object key, Object value)
   在 System.Windows.ResourceDictionary.AddWithoutLock(Object key, Object value)
   在 System.Windows.ResourceDictionary.Add(Object key, Object value)
   在 CombCell.Lengend.set_Item(String key, Scheme value) 位置 C:\combcell\googlecode\trunk\Solutions\CombCell\CombCell\Lengend.cs:行号 57
   在 CombCell.LengendTest.ItemGetSet(Lengend target, String key, Scheme value) 位置 C:\combcell\googlecode\trunk\Solutions\CombCell\CombCell.Test\CombCell.Tests\LengendTest.cs:行号 27
   在 CombCell.LengendTest.ItemGetSet02() 位置 C:\combcell\googlecode\trunk\Solutions\CombCell\CombCell.Test\CombCell.Tests\LengendTest.ItemGetSet.g.cs:行号 58
</StackTrace>
        </ErrorInfo>
      </Output>
    </UnitTestResult>
    <UnitTestResult executionId="c586cfd8-fdf2-41e7-8d63-ae3cc69476e1" testId="d1ff9d90-b64e-57ec-3443-487bb8bb8132" testName="ItemGetSet01" computerName="FARSEER-PC" duration="00:00:00.0011042" startTime="2009-07-27T15:45:02.2566000+08:00" endTime="2009-07-27T15:45:02.2646000+08:00" testType="13cdc9d9-ddb5-4fa4-a97d-d965ccfc6d4b" outcome="Failed" testListId="8c84fa94-04c1-424b-9868-57a2d4851a1d">
      <Output>
        <ErrorInfo>
          <Message>测试方法 CombCell.LengendTest.ItemGetSet01 引发异常:  System.ArgumentException: 已添加项。字典中的关键字:“Scheme”所添加的关键字:“Scheme”。</Message>
          <StackTrace>    在 System.Collections.Hashtable.Insert(Object key, Object nvalue, Boolean add)
   在 System.Collections.Hashtable.Add(Object key, Object value)
   在 System.Windows.ResourceDictionary.AddWithoutLock(Object key, Object value)
   在 System.Windows.ResourceDictionary.Add(Object key, Object value)
   在 CombCell.Lengend.set_Item(String key, Scheme value) 位置 C:\combcell\googlecode\trunk\Solutions\CombCell\CombCell\Lengend.cs:行号 57
   在 CombCell.LengendTest.ItemGetSet(Lengend target, String key, Scheme value) 位置 C:\combcell\googlecode\trunk\Solutions\CombCell\CombCell.Test\CombCell.Tests\LengendTest.cs:行号 27
   在 CombCell.LengendTest.ItemGetSet01() 位置 C:\combcell\googlecode\trunk\Solutions\CombCell\CombCell.Test\CombCell.Tests\LengendTest.ItemGetSet.g.cs:行号 66
</StackTrace>
        </ErrorInfo>
      </Output>
    </UnitTestResult>
    <UnitTestResult executionId="722f51a5-29be-4be9-9217-d8a7b1adc7b2" testId="3d1ed564-75f5-cde2-d835-a6620b566b5e" testName="ItemGetSet11" computerName="FARSEER-PC" duration="00:00:00.0021130" startTime="2009-07-27T15:45:02.2656000+08:00" endTime="2009-07-27T15:45:02.2786000+08:00" testType="13cdc9d9-ddb5-4fa4-a97d-d965ccfc6d4b" outcome="Failed" testListId="8c84fa94-04c1-424b-9868-57a2d4851a1d">
      <Output>
        <ErrorInfo>
          <Message>测试方法 CombCell.LengendTest.ItemGetSet11 引发异常:  System.ArgumentException: 已添加项。字典中的关键字:“Scheme”所添加的关键字:“Scheme”。</Message>
          <StackTrace>    在 System.Collections.Hashtable.Insert(Object key, Object nvalue, Boolean add)
   在 System.Collections.Hashtable.Add(Object key, Object value)
   在 System.Windows.ResourceDictionary.AddWithoutLock(Object key, Object value)
   在 System.Windows.ResourceDictionary.Add(Object key, Object value)
   在 CombCell.Lengend.set_Item(String key, Scheme value) 位置 C:\combcell\googlecode\trunk\Solutions\CombCell\CombCell\Lengend.cs:行号 57
   在 CombCell.LengendTest.ItemGetSet(Lengend target, String key, Scheme value) 位置 C:\combcell\googlecode\trunk\Solutions\CombCell\CombCell.Test\CombCell.Tests\LengendTest.cs:行号 27
   在 CombCell.LengendTest.ItemGetSet11() 位置 C:\combcell\googlecode\trunk\Solutions\CombCell\CombCell.Test\CombCell.Tests\LengendTest.ItemGetSet.g.cs:行号 79
</StackTrace>
        </ErrorInfo>
      </Output>
    </UnitTestResult>
    <UnitTestResult executionId="3770d71a-c915-47e8-9cd6-b405e3a3209f" testId="e2746fb6-36f6-14e6-2fe1-a204768334c2" testName="Constructor01" computerName="FARSEER-PC" duration="00:00:00.0011944" startTime="2009-07-27T15:45:02.2816000+08:00" endTime="2009-07-27T15:45:02.2916000+08:00" testType="13cdc9d9-ddb5-4fa4-a97d-d965ccfc6d4b" outcome="Passed" testListId="8c84fa94-04c1-424b-9868-57a2d4851a1d">
      <Output>
      </Output>
    </UnitTestResult>
    <UnitTestResult executionId="dbd6e24d-9a19-411b-939a-d515e393e576" testId="95d5e8e3-4903-5aaa-908f-3cf229277e47" testName="Equality02" computerName="FARSEER-PC" duration="00:00:00.0013069" startTime="2009-07-27T15:45:02.2936000+08:00" endTime="2009-07-27T15:45:02.3006000+08:00" testType="13cdc9d9-ddb5-4fa4-a97d-d965ccfc6d4b" outcome="Passed" testListId="8c84fa94-04c1-424b-9868-57a2d4851a1d">
      <Output>
      </Output>
    </UnitTestResult>
    <UnitTestResult executionId="e389f95d-f22c-4a44-84ef-f52f22ef895d" testId="20073bbf-dd36-4a50-dc4b-996ebbc4ad86" testName="Equality01" computerName="FARSEER-PC" duration="00:00:00.0003553" startTime="2009-07-27T15:45:02.3036000+08:00" endTime="2009-07-27T15:45:02.3106000+08:00" testType="13cdc9d9-ddb5-4fa4-a97d-d965ccfc6d4b" outcome="Passed" testListId="8c84fa94-04c1-424b-9868-57a2d4851a1d">
      <Output>
      </Output>
    </UnitTestResult>
    <UnitTestResult executionId="c6c35534-7aeb-4298-b6ba-c374b66aafe8" testId="de37fd0f-772d-21d5-2c71-5a398dc4330b" testName="Equals04" computerName="FARSEER-PC" duration="00:00:00.0009517" startTime="2009-07-27T15:45:02.3136000+08:00" endTime="2009-07-27T15:45:02.3176000+08:00" testType="13cdc9d9-ddb5-4fa4-a97d-d965ccfc6d4b" outcome="Passed" testListId="8c84fa94-04c1-424b-9868-57a2d4851a1d">
      <Output>
      </Output>
    </UnitTestResult>
    <UnitTestResult executionId="eee68f77-fe64-4c76-9300-c84bfb56f719" testId="e816d310-0ad8-47d8-e467-52840f1aed0f" testName="Equals03" computerName="FARSEER-PC" duration="00:00:00.0003577" startTime="2009-07-27T15:45:02.3186000+08:00" endTime="2009-07-27T15:45:02.3226000+08:00" testType="13cdc9d9-ddb5-4fa4-a97d-d965ccfc6d4b" outcome="Passed" testListId="8c84fa94-04c1-424b-9868-57a2d4851a1d">
      <Output>
      </Output>
    </UnitTestResult>
    <UnitTestResult executionId="e5d55a24-8aa8-4ca3-ae04-2ee5fbf6a81d" testId="aeecc04e-5d57-07ef-7a16-90fdc35e4428" testName="Equals02" computerName="FARSEER-PC" duration="00:00:00.0003504" startTime="2009-07-27T15:45:02.3236000+08:00" endTime="2009-07-27T15:45:02.3296000+08:00" testType="13cdc9d9-ddb5-4fa4-a97d-d965ccfc6d4b" outcome="Passed" testListId="8c84fa94-04c1-424b-9868-57a2d4851a1d">
      <Output>
      </Output>
    </UnitTestResult>
    <UnitTestResult executionId="dd64b052-d428-46aa-997f-c30fe22b77ae" testId="00ee659f-0564-823f-5dff-0f835fa39221" testName="Equals0102" computerName="FARSEER-PC" duration="00:00:00.0009802" startTime="2009-07-27T15:45:02.3306000+08:00" endTime="2009-07-27T15:45:02.3346000+08:00" testType="13cdc9d9-ddb5-4fa4-a97d-d965ccfc6d4b" outcome="Passed" testListId="8c84fa94-04c1-424b-9868-57a2d4851a1d">
      <Output>
      </Output>
    </UnitTestResult>
    <UnitTestResult executionId="1ffbac22-e461-4370-bf48-6417b54f1906" testId="2d421d1b-0535-c659-3ac3-56d3d4786695" testName="Equals0101" computerName="FARSEER-PC" duration="00:00:00.0003731" startTime="2009-07-27T15:45:02.3356000+08:00" endTime="2009-07-27T15:45:02.3406000+08:00" testType="13cdc9d9-ddb5-4fa4-a97d-d965ccfc6d4b" outcome="Passed" testListId="8c84fa94-04c1-424b-9868-57a2d4851a1d">
      <Output>
      </Output>
    </UnitTestResult>
    <UnitTestResult executionId="19ccb577-4f20-4966-9206-8189afafd157" testId="f998ce29-56c7-6ece-1dff-c075e2d4debe" testName="GetHashCode01" computerName="FARSEER-PC" duration="00:00:00.0008518" startTime="2009-07-27T15:45:02.3416000+08:00" endTime="2009-07-27T15:45:02.3476000+08:00" testType="13cdc9d9-ddb5-4fa4-a97d-d965ccfc6d4b" outcome="Passed" testListId="8c84fa94-04c1-424b-9868-57a2d4851a1d">
      <Output>
      </Output>
    </UnitTestResult>
    <UnitTestResult executionId="3a05eb24-2516-49c9-8b0c-cd1721950e85" testId="1439f4ee-cdb4-c154-045a-c0f134b3410b" testName="Inequality02" computerName="FARSEER-PC" duration="00:00:00.0012382" startTime="2009-07-27T15:45:02.3476000+08:00" endTime="2009-07-27T15:45:02.3536000+08:00" testType="13cdc9d9-ddb5-4fa4-a97d-d965ccfc6d4b" outcome="Passed" testListId="8c84fa94-04c1-424b-9868-57a2d4851a1d">
      <Output>
      </Output>
    </UnitTestResult>
    <UnitTestResult executionId="d6bda0a9-1df9-4e0b-825d-b5072b3d39b0" testId="93c0fee4-5627-b1a5-54a8-bf4a7160a7fc" testName="Inequality01" computerName="FARSEER-PC" duration="00:00:00.0004049" startTime="2009-07-27T15:45:02.3536000+08:00" endTime="2009-07-27T15:45:02.3576000+08:00" testType="13cdc9d9-ddb5-4fa4-a97d-d965ccfc6d4b" outcome="Passed" testListId="8c84fa94-04c1-424b-9868-57a2d4851a1d">
      <Output>
      </Output>
    </UnitTestResult>
    <UnitTestResult executionId="2a89110d-7fcd-4447-8759-b8b2677170e7" testId="5976bac1-1e7d-93c0-4238-65030163e68d" testName="ToString01" computerName="FARSEER-PC" duration="00:00:00.0013072" startTime="2009-07-27T15:45:02.3586000+08:00" endTime="2009-07-27T15:45:02.3636000+08:00" testType="13cdc9d9-ddb5-4fa4-a97d-d965ccfc6d4b" outcome="Passed" testListId="8c84fa94-04c1-424b-9868-57a2d4851a1d">
      <Output>
      </Output>
    </UnitTestResult>
    <UnitTestResult executionId="c668c99b-70f6-4092-9a45-49bb1522a216" testId="74bc3f28-f2ed-d202-c050-a9d968e5cfe8" testName="Arrange01" computerName="FARSEER-PC" duration="00:00:00.0037772" startTime="2009-07-27T15:45:02.3646000+08:00" endTime="2009-07-27T15:45:02.3716000+08:00" testType="13cdc9d9-ddb5-4fa4-a97d-d965ccfc6d4b" outcome="Passed" testListId="8c84fa94-04c1-424b-9868-57a2d4851a1d">
      <Output>
      </Output>
    </UnitTestResult>
    <UnitTestResult executionId="c71d5e30-a283-446a-93b6-5431d1e4eb19" testId="da30a1f5-c1d4-7a84-e910-1ef4a2c80112" testName="CreateCellShape01" computerName="FARSEER-PC" duration="00:00:00.0011820" startTime="2009-07-27T15:45:02.3806000+08:00" endTime="2009-07-27T15:45:02.3846000+08:00" testType="13cdc9d9-ddb5-4fa4-a97d-d965ccfc6d4b" outcome="Passed" testListId="8c84fa94-04c1-424b-9868-57a2d4851a1d">
      <Output>
      </Output>
    </UnitTestResult>
    <UnitTestResult executionId="800a73df-96ed-4309-8930-a1a170b481e6" testId="99e19066-cb01-9ee8-2be6-f18ad88d69d3" testName="FromPointToPair03" computerName="FARSEER-PC" duration="00:00:00.0017660" startTime="2009-07-27T15:45:02.3856000+08:00" endTime="2009-07-27T15:45:02.3926000+08:00" testType="13cdc9d9-ddb5-4fa4-a97d-d965ccfc6d4b" outcome="Passed" testListId="8c84fa94-04c1-424b-9868-57a2d4851a1d">
      <Output>
      </Output>
    </UnitTestResult>
    <UnitTestResult executionId="05c51820-b7f0-4a74-ad8a-8f331bdb7c69" testId="7842a328-cfb6-27b7-7983-9ac9b2f70bf7" testName="FromPointToPair02" computerName="FARSEER-PC" duration="00:00:00.0009188" startTime="2009-07-27T15:45:02.3926000+08:00" endTime="2009-07-27T15:45:02.3996000+08:00" testType="13cdc9d9-ddb5-4fa4-a97d-d965ccfc6d4b" outcome="Passed" testListId="8c84fa94-04c1-424b-9868-57a2d4851a1d">
      <Output>
      </Output>
    </UnitTestResult>
    <UnitTestResult executionId="737f5c1d-0197-40bf-9b24-0e8a3e572d22" testId="884e4d6c-c692-3230-0eb8-0f6cb57a76cf" testName="FromPointToPair01" computerName="FARSEER-PC" duration="00:00:00.0008218" startTime="2009-07-27T15:45:02.4016000+08:00" endTime="2009-07-27T15:45:02.4056000+08:00" testType="13cdc9d9-ddb5-4fa4-a97d-d965ccfc6d4b" outcome="Passed" testListId="8c84fa94-04c1-424b-9868-57a2d4851a1d">
      <Output>
      </Output>
    </UnitTestResult>
    <UnitTestResult executionId="55667f7f-1c6e-4b80-b976-ded309a9d0a0" testId="fa870c38-3123-165b-ad89-aa5ff99f5b91" testName="MarkIndex01" computerName="FARSEER-PC" duration="00:00:00.0025783" startTime="2009-07-27T15:45:02.4076000+08:00" endTime="2009-07-27T15:45:02.4166000+08:00" testType="13cdc9d9-ddb5-4fa4-a97d-d965ccfc6d4b" outcome="Failed" testListId="8c84fa94-04c1-424b-9868-57a2d4851a1d">
      <Output>
        <ErrorInfo>
          <Message>测试方法 CombCell.RectArrangerTest.MarkIndex01 引发异常:  System.ArgumentOutOfRangeException: 指定的参数已超出有效值的范围。
参数名: row。</Message>
          <StackTrace>    在 CombCell.Comb.get_Item(Int32 row, Int32 column) 位置 C:\combcell\googlecode\trunk\Solutions\CombCell\CombCell\Comb.cs:行号 92
   在 CombCell.RectArranger.MarkIndex(Int32 row, Int32 column) 位置 C:\combcell\googlecode\trunk\Solutions\CombCell\CombCell\RectArranger.cs:行号 66
   在 CombCell.RectArrangerTest.MarkIndex(RectArranger target, Int32 row, Int32 column) 位置 C:\combcell\googlecode\trunk\Solutions\CombCell\CombCell.Test\CombCell.Tests\RectArrangerTest.cs:行号 40
   在 CombCell.RectArrangerTest.MarkIndex01() 位置 C:\combcell\googlecode\trunk\Solutions\CombCell\CombCell.Test\CombCell.Tests\RectArrangerTest.MarkIndex.g.cs:行号 29
</StackTrace>
        </ErrorInfo>
      </Output>
    </UnitTestResult>
    <UnitTestResult executionId="0f4cd711-e680-4376-8a98-a7f4b4b55e7a" testId="5cf64cab-9f0a-ff6a-23be-58b5210f614d" testName="MarkIndex02" computerName="FARSEER-PC" duration="00:00:00.0015296" startTime="2009-07-27T15:45:02.4176000+08:00" endTime="2009-07-27T15:45:02.4316000+08:00" testType="13cdc9d9-ddb5-4fa4-a97d-d965ccfc6d4b" outcome="Failed" testListId="8c84fa94-04c1-424b-9868-57a2d4851a1d">
      <Output>
        <ErrorInfo>
          <Message>测试方法 CombCell.RectArrangerTest.MarkIndex02 引发异常:  System.ArgumentOutOfRangeException: 索引超出范围。必须为非负值并小于集合大小。
参数名: index。</Message>
          <StackTrace>    在 System.ThrowHelper.ThrowArgumentOutOfRangeException(ExceptionArgument argument, ExceptionResource resource)
   在 System.ThrowHelper.ThrowArgumentOutOfRangeException()
   在 System.Collections.Generic.List`1.get_Item(Int32 index)
   在 CombCell.Comb.get_Item(Int32 row, Int32 column) 位置 C:\combcell\googlecode\trunk\Solutions\CombCell\CombCell\Comb.cs:行号 92
   在 CombCell.RectArranger.MarkIndex(Int32 row, Int32 column) 位置 C:\combcell\googlecode\trunk\Solutions\CombCell\CombCell\RectArranger.cs:行号 66
   在 CombCell.RectArrangerTest.MarkIndex(RectArranger target, Int32 row, Int32 column) 位置 C:\combcell\googlecode\trunk\Solutions\CombCell\CombCell.Test\CombCell.Tests\RectArrangerTest.cs:行号 40
   在 CombCell.RectArrangerTest.MarkIndex02() 位置 C:\combcell\googlecode\trunk\Solutions\CombCell\CombCell.Test\CombCell.Tests\RectArrangerTest.MarkIndex.g.cs:行号 39
</StackTrace>
        </ErrorInfo>
      </Output>
    </UnitTestResult>
    <UnitTestResult executionId="11522267-684a-4c01-83a1-66f539336818" testId="3bf7530f-cde6-ad34-def7-c694ef1342de" testName="NearBy01" computerName="FARSEER-PC" duration="00:00:00.0010939" startTime="2009-07-27T15:45:02.4326000+08:00" endTime="2009-07-27T15:45:02.4426000+08:00" testType="13cdc9d9-ddb5-4fa4-a97d-d965ccfc6d4b" outcome="Passed" testListId="8c84fa94-04c1-424b-9868-57a2d4851a1d">
      <Output>
      </Output>
    </UnitTestResult>
    <UnitTestResult executionId="119b0ba6-1ab2-4f87-8a13-b4608164b852" testId="5a45c67c-02ea-6649-bf98-ad4c78c2ef59" testName="BrushGetSet02" computerName="FARSEER-PC" duration="00:00:00.0011687" startTime="2009-07-27T15:45:02.4606000+08:00" endTime="2009-07-27T15:45:02.4656000+08:00" testType="13cdc9d9-ddb5-4fa4-a97d-d965ccfc6d4b" outcome="Passed" testListId="8c84fa94-04c1-424b-9868-57a2d4851a1d">
      <Output>
      </Output>
    </UnitTestResult>
    <UnitTestResult executionId="6d0636b7-9c99-4ab6-9eb4-a72dcd8831f5" testId="bb710dc3-32f5-e10b-4c7e-3da30badba77" testName="BrushGetSet01" computerName="FARSEER-PC" duration="00:00:00.0006032" startTime="2009-07-27T15:45:02.4656000+08:00" endTime="2009-07-27T15:45:02.4706000+08:00" testType="13cdc9d9-ddb5-4fa4-a97d-d965ccfc6d4b" outcome="Passed" testListId="8c84fa94-04c1-424b-9868-57a2d4851a1d">
      <Output>
      </Output>
    </UnitTestResult>
    <UnitTestResult executionId="fa26a73e-93e9-4fe0-b22f-debb8efc32d8" testId="ee579a8e-5d37-9fb9-a224-d8f6194fb18e" testName="KeyGetSet03" computerName="FARSEER-PC" duration="00:00:00.0009191" startTime="2009-07-27T15:45:02.4726000+08:00" endTime="2009-07-27T15:45:02.4766000+08:00" testType="13cdc9d9-ddb5-4fa4-a97d-d965ccfc6d4b" outcome="Passed" testListId="8c84fa94-04c1-424b-9868-57a2d4851a1d">
      <Output>
      </Output>
    </UnitTestResult>
    <UnitTestResult executionId="24c7af3b-060c-4fd9-a2f0-9b3e57c806ab" testId="b811970f-7aee-59e3-f447-78136a330882" testName="KeyGetSet02" computerName="FARSEER-PC" duration="00:00:00.0007327" startTime="2009-07-27T15:45:02.4806000+08:00" endTime="2009-07-27T15:45:02.4876000+08:00" testType="13cdc9d9-ddb5-4fa4-a97d-d965ccfc6d4b" outcome="Passed" testListId="8c84fa94-04c1-424b-9868-57a2d4851a1d">
      <Output>
      </Output>
    </UnitTestResult>
    <UnitTestResult executionId="95d88c44-6b18-4a5c-8b39-e2faf8aebddb" testId="24e3cde3-ffea-6601-6bfc-29a420938587" testName="KeyGetSet01" computerName="FARSEER-PC" duration="00:00:00.0006170" startTime="2009-07-27T15:45:02.4876000+08:00" endTime="2009-07-27T15:45:02.4936000+08:00" testType="13cdc9d9-ddb5-4fa4-a97d-d965ccfc6d4b" outcome="Passed" testListId="8c84fa94-04c1-424b-9868-57a2d4851a1d">
      <Output>
      </Output>
    </UnitTestResult>
    <UnitTestResult executionId="0dece88c-e091-4c74-90d9-81377f970e18" testId="78b7759f-87b6-6ccd-f263-3a7d0e73b759" testName="PenGetSet04" computerName="FARSEER-PC" duration="00:00:00.0012387" startTime="2009-07-27T15:45:02.4936000+08:00" endTime="2009-07-27T15:45:02.4996000+08:00" testType="13cdc9d9-ddb5-4fa4-a97d-d965ccfc6d4b" outcome="Passed" testListId="8c84fa94-04c1-424b-9868-57a2d4851a1d">
      <Output>
      </Output>
    </UnitTestResult>
    <UnitTestResult executionId="64394e2f-3a44-47f3-a861-86d5dd87fc54" testId="563931d3-4bdc-46d5-27c8-76eb112c9c7b" testName="PenGetSet03" computerName="FARSEER-PC" duration="00:00:00.0006488" startTime="2009-07-27T15:45:02.5006000+08:00" endTime="2009-07-27T15:45:02.5066000+08:00" testType="13cdc9d9-ddb5-4fa4-a97d-d965ccfc6d4b" outcome="Passed" testListId="8c84fa94-04c1-424b-9868-57a2d4851a1d">
      <Output>
      </Output>
    </UnitTestResult>
    <UnitTestResult executionId="c172661a-0926-46f5-ae2c-6e6789232ff0" testId="be6a7aa0-5b4a-0427-7d31-88f77049f3a6" testName="PenGetSet02" computerName="FARSEER-PC" duration="00:00:00.0006554" startTime="2009-07-27T15:45:02.5076000+08:00" endTime="2009-07-27T15:45:02.5126000+08:00" testType="13cdc9d9-ddb5-4fa4-a97d-d965ccfc6d4b" outcome="Passed" testListId="8c84fa94-04c1-424b-9868-57a2d4851a1d">
      <Output>
      </Output>
    </UnitTestResult>
    <UnitTestResult executionId="64edbb75-4e70-4a66-9aeb-b707170daa0e" testId="e6538397-88c1-f0e1-ea99-0e098ff4c133" testName="PenGetSet01" computerName="FARSEER-PC" duration="00:00:00.0006369" startTime="2009-07-27T15:45:02.5176000+08:00" endTime="2009-07-27T15:45:02.5206000+08:00" testType="13cdc9d9-ddb5-4fa4-a97d-d965ccfc6d4b" outcome="Passed" testListId="8c84fa94-04c1-424b-9868-57a2d4851a1d">
      <Output>
      </Output>
    </UnitTestResult>
    <UnitTestResult executionId="a718c594-5456-4468-8706-0d1762ab5899" testId="7570decd-9ca0-ffb9-b7c4-d6b3b57e9f38" testName="Calc00101" computerName="FARSEER-PC" duration="00:00:00.0579778" startTime="2009-07-27T15:45:02.5226000+08:00" endTime="2009-07-27T15:45:02.5836000+08:00" testType="13cdc9d9-ddb5-4fa4-a97d-d965ccfc6d4b" outcome="Passed" testListId="8c84fa94-04c1-424b-9868-57a2d4851a1d">
      <Output>
      </Output>
    </UnitTestResult>
    <UnitTestResult executionId="6a149f73-dc27-4cdc-855c-6d265ceb347e" testId="6c4688b5-272f-39b7-36bc-9fdb5306047c" testName="Calc00102" computerName="FARSEER-PC" duration="00:00:00.0002572" startTime="2009-07-27T15:45:02.5856000+08:00" endTime="2009-07-27T15:45:02.5886000+08:00" testType="13cdc9d9-ddb5-4fa4-a97d-d965ccfc6d4b" outcome="Passed" testListId="8c84fa94-04c1-424b-9868-57a2d4851a1d">
      <Output>
      </Output>
    </UnitTestResult>
    <UnitTestResult executionId="3a6f5e10-18d7-432b-b2d0-3e7ffc2599e4" testId="7b166532-156e-d079-b07b-bc7f012ca771" testName="Calc00103" computerName="FARSEER-PC" duration="00:00:00.0020603" startTime="2009-07-27T15:45:02.5896000+08:00" endTime="2009-07-27T15:45:02.5956000+08:00" testType="13cdc9d9-ddb5-4fa4-a97d-d965ccfc6d4b" outcome="Passed" testListId="8c84fa94-04c1-424b-9868-57a2d4851a1d">
      <Output>
      </Output>
    </UnitTestResult>
    <UnitTestResult executionId="4f408c92-59ae-4697-84ba-2828b8dc62cf" testId="b7d18d99-ec55-6e5c-e9a7-26fa994056c5" testName="Arrange01" computerName="FARSEER-PC" duration="00:00:00.0020273" startTime="2009-07-27T15:45:02.5966000+08:00" endTime="2009-07-27T15:45:02.6046000+08:00" testType="13cdc9d9-ddb5-4fa4-a97d-d965ccfc6d4b" outcome="Passed" testListId="8c84fa94-04c1-424b-9868-57a2d4851a1d">
      <Output>
      </Output>
    </UnitTestResult>
    <UnitTestResult executionId="d2b6ffc5-fff8-4aa7-bb70-c6183d2975fc" testId="113e883b-d1a6-a4bf-5e8c-77fa246d2599" testName="CreateCellShape01" computerName="FARSEER-PC" duration="00:00:00.0012269" startTime="2009-07-27T15:45:02.6166000+08:00" endTime="2009-07-27T15:45:02.6216000+08:00" testType="13cdc9d9-ddb5-4fa4-a97d-d965ccfc6d4b" outcome="Passed" testListId="8c84fa94-04c1-424b-9868-57a2d4851a1d">
      <Output>
      </Output>
    </UnitTestResult>
    <UnitTestResult executionId="8fe2fa22-6439-4744-9123-9fe32b656c18" testId="d47cbacd-53b8-185f-cba6-3abca6507269" testName="FromPointToPair05" computerName="FARSEER-PC" duration="00:00:00.0024266" startTime="2009-07-27T15:45:02.6226000+08:00" endTime="2009-07-27T15:45:02.6326000+08:00" testType="13cdc9d9-ddb5-4fa4-a97d-d965ccfc6d4b" outcome="Passed" testListId="8c84fa94-04c1-424b-9868-57a2d4851a1d">
      <Output>
        <StdOut>0,0.658217823218251</StdOut>
      </Output>
    </UnitTestResult>
    <UnitTestResult executionId="b2254899-fe05-4878-9168-754f02b636b1" testId="ffcd22c1-881e-76ab-89eb-52bdfa11b0b4" testName="FromPointToPair04" computerName="FARSEER-PC" duration="00:00:00.0008786" startTime="2009-07-27T15:45:02.6336000+08:00" endTime="2009-07-27T15:45:02.6386000+08:00" testType="13cdc9d9-ddb5-4fa4-a97d-d965ccfc6d4b" outcome="Passed" testListId="8c84fa94-04c1-424b-9868-57a2d4851a1d">
      <Output>
        <StdOut>0,0.0384900179459751</StdOut>
      </Output>
    </UnitTestResult>
    <UnitTestResult executionId="8ef008bb-bed8-4e5b-be71-5e96c4265b03" testId="7bcc289c-2c10-9c2f-eedf-b0e9baf7f317" testName="FromPointToPair03" computerName="FARSEER-PC" duration="00:00:00.0008026" startTime="2009-07-27T15:45:02.6386000+08:00" endTime="2009-07-27T15:45:02.6446000+08:00" testType="13cdc9d9-ddb5-4fa4-a97d-d965ccfc6d4b" outcome="Passed" testListId="8c84fa94-04c1-424b-9868-57a2d4851a1d">
      <Output>
        <StdOut>NaN,0.0384900179459751</StdOut>
      </Output>
    </UnitTestResult>
    <UnitTestResult executionId="69aaacf4-dbe7-4f42-b01e-d37ae6f502f0" testId="21404326-4cd1-dc03-5131-8757928c3b49" testName="FromPointToPair02" computerName="FARSEER-PC" duration="00:00:00.0008576" startTime="2009-07-27T15:45:02.6466000+08:00" endTime="2009-07-27T15:45:02.6506000+08:00" testType="13cdc9d9-ddb5-4fa4-a97d-d965ccfc6d4b" outcome="Passed" testListId="8c84fa94-04c1-424b-9868-57a2d4851a1d">
      <Output>
        <StdOut>1,0</StdOut>
      </Output>
    </UnitTestResult>
    <UnitTestResult executionId="e29f9d68-8e0e-428e-b0c0-dc023d627eee" testId="0d03b463-bf14-72ee-8589-f0942b97b2d9" testName="FromPointToPair01" computerName="FARSEER-PC" duration="00:00:00.0007465" startTime="2009-07-27T15:45:02.6526000+08:00" endTime="2009-07-27T15:45:02.6556000+08:00" testType="13cdc9d9-ddb5-4fa4-a97d-d965ccfc6d4b" outcome="Passed" testListId="8c84fa94-04c1-424b-9868-57a2d4851a1d">
      <Output>
        <StdOut>0,0</StdOut>
      </Output>
    </UnitTestResult>
    <UnitTestResult executionId="d2831bbf-3842-4cf7-9e59-0904a3f3b973" testId="e594f914-d447-27aa-90f0-570f9a8328f4" testName="MarkIndex01" computerName="FARSEER-PC" duration="00:00:00.0024975" startTime="2009-07-27T15:45:02.6576000+08:00" endTime="2009-07-27T15:45:02.6636000+08:00" testType="13cdc9d9-ddb5-4fa4-a97d-d965ccfc6d4b" outcome="Failed" testListId="8c84fa94-04c1-424b-9868-57a2d4851a1d">
      <Output>
        <ErrorInfo>
          <Message>测试方法 CombCell.TriArrangerTest.MarkIndex01 引发异常:  System.ArgumentOutOfRangeException: 指定的参数已超出有效值的范围。
参数名: row。</Message>
          <StackTrace>    在 CombCell.Comb.get_Item(Int32 row, Int32 column) 位置 C:\combcell\googlecode\trunk\Solutions\CombCell\CombCell\Comb.cs:行号 92
   在 CombCell.TriArranger.MarkIndex(Int32 row, Int32 column) 位置 C:\combcell\googlecode\trunk\Solutions\CombCell\CombCell\TriArranger.cs:行号 66
   在 CombCell.TriArrangerTest.MarkIndex(TriArranger target, Int32 row, Int32 column) 位置 C:\combcell\googlecode\trunk\Solutions\CombCell\CombCell.Test\CombCell.Tests\TriArrangerTest.cs:行号 40
   在 CombCell.TriArrangerTest.MarkIndex01() 位置 C:\combcell\googlecode\trunk\Solutions\CombCell\CombCell.Test\CombCell.Tests\TriArrangerTest.MarkIndex.g.cs:行号 29
</StackTrace>
        </ErrorInfo>
      </Output>
    </UnitTestResult>
    <UnitTestResult executionId="c5a581d0-5d9a-4a84-b50e-08d8e01add5c" testId="88bc6439-083c-f433-6e7d-4337779b302b" testName="MarkIndex02" computerName="FARSEER-PC" duration="00:00:00.0017458" startTime="2009-07-27T15:45:02.6646000+08:00" endTime="2009-07-27T15:45:02.6816000+08:00" testType="13cdc9d9-ddb5-4fa4-a97d-d965ccfc6d4b" outcome="Failed" testListId="8c84fa94-04c1-424b-9868-57a2d4851a1d">
      <Output>
        <ErrorInfo>
          <Message>测试方法 CombCell.TriArrangerTest.MarkIndex02 引发异常:  System.ArgumentOutOfRangeException: 索引超出范围。必须为非负值并小于集合大小。
参数名: index。</Message>
          <StackTrace>    在 System.ThrowHelper.ThrowArgumentOutOfRangeException(ExceptionArgument argument, ExceptionResource resource)
   在 System.ThrowHelper.ThrowArgumentOutOfRangeException()
   在 System.Collections.Generic.List`1.get_Item(Int32 index)
   在 CombCell.Comb.get_Item(Int32 row, Int32 column) 位置 C:\combcell\googlecode\trunk\Solutions\CombCell\CombCell\Comb.cs:行号 92
   在 CombCell.TriArranger.MarkIndex(Int32 row, Int32 column) 位置 C:\combcell\googlecode\trunk\Solutions\CombCell\CombCell\TriArranger.cs:行号 66
   在 CombCell.TriArrangerTest.MarkIndex(TriArranger target, Int32 row, Int32 column) 位置 C:\combcell\googlecode\trunk\Solutions\CombCell\CombCell.Test\CombCell.Tests\TriArrangerTest.cs:行号 40
   在 CombCell.TriArrangerTest.MarkIndex02() 位置 C:\combcell\googlecode\trunk\Solutions\CombCell\CombCell.Test\CombCell.Tests\TriArrangerTest.MarkIndex.g.cs:行号 39
</StackTrace>
        </ErrorInfo>
      </Output>
    </UnitTestResult>
    <UnitTestResult executionId="9da805ce-d7b3-478e-8179-fdebbd9d2976" testId="f049d1f2-ed77-5612-c4ce-a65e472ae57d" testName="NearBy03" computerName="FARSEER-PC" duration="00:00:00.0025970" startTime="2009-07-27T15:45:02.6836000+08:00" endTime="2009-07-27T15:45:02.6906000+08:00" testType="13cdc9d9-ddb5-4fa4-a97d-d965ccfc6d4b" outcome="Passed" testListId="8c84fa94-04c1-424b-9868-57a2d4851a1d">
      <Output>
      </Output>
    </UnitTestResult>
    <UnitTestResult executionId="5fb7b885-4ae8-4653-8d3d-f81792ee9df0" testId="a4e96983-5d31-631d-402e-3838751f453b" testName="NearBy02" computerName="FARSEER-PC" duration="00:00:00.0009258" startTime="2009-07-27T15:45:02.6916000+08:00" endTime="2009-07-27T15:45:02.6966000+08:00" testType="13cdc9d9-ddb5-4fa4-a97d-d965ccfc6d4b" outcome="Passed" testListId="8c84fa94-04c1-424b-9868-57a2d4851a1d">
      <Output>
      </Output>
    </UnitTestResult>
    <UnitTestResult executionId="c7642bbe-c048-4252-8e61-f11cb36219c0" testId="5e24dcb8-cfa5-1979-a8dd-f40c357f6e5c" testName="NearBy01" computerName="FARSEER-PC" duration="00:00:00.0008851" startTime="2009-07-27T15:45:02.6986000+08:00" endTime="2009-07-27T15:45:02.7016000+08:00" testType="13cdc9d9-ddb5-4fa4-a97d-d965ccfc6d4b" outcome="Passed" testListId="8c84fa94-04c1-424b-9868-57a2d4851a1d">
      <Output>
      </Output>
    </UnitTestResult>
    <UnitTestResult executionId="118906b4-8ac1-4bca-be5e-3f8a27b03ef3" testId="8bd770f3-e0b4-96ed-340c-83a66ffcde97" testName="Constructor01" computerName="FARSEER-PC" duration="00:00:00.0067421" startTime="2009-07-27T15:45:02.7026000+08:00" endTime="2009-07-27T15:45:02.8816000+08:00" testType="13cdc9d9-ddb5-4fa4-a97d-d965ccfc6d4b" outcome="Passed" testListId="8c84fa94-04c1-424b-9868-57a2d4851a1d">
      <Output>
      </Output>
    </UnitTestResult>
    <UnitTestResult executionId="f8e60078-586c-4fb3-845b-0eff9062e5e8" testId="cd8137b7-45e3-4e28-367d-322fc3bb05cc" testName="CountGet01" computerName="FARSEER-PC" duration="00:00:00.0009888" startTime="2009-07-27T15:45:02.8826000+08:00" endTime="2009-07-27T15:45:02.8886000+08:00" testType="13cdc9d9-ddb5-4fa4-a97d-d965ccfc6d4b" outcome="Passed" testListId="8c84fa94-04c1-424b-9868-57a2d4851a1d">
      <Output>
      </Output>
    </UnitTestResult>
    <UnitTestResult executionId="909324f9-d9d2-4e27-99d6-7a777991022a" testId="c56f1c57-2c37-76cb-f328-8ecdd0accf6c" testName="CrossVertexesGetSet01" computerName="FARSEER-PC" duration="00:00:00.0018368" startTime="2009-07-27T15:45:02.8886000+08:00" endTime="2009-07-27T15:45:02.8966000+08:00" testType="13cdc9d9-ddb5-4fa4-a97d-d965ccfc6d4b" outcome="Passed" testListId="8c84fa94-04c1-424b-9868-57a2d4851a1d">
      <Output>
      </Output>
    </UnitTestResult>
    <UnitTestResult executionId="5f8b26f2-9b01-46fd-a42a-2285585f718c" testId="1c58ed77-7673-ef64-53ac-48d927dfa897" testName="KeyCountGet01" computerName="FARSEER-PC" duration="00:00:00.0009502" startTime="2009-07-27T15:45:02.8966000+08:00" endTime="2009-07-27T15:45:02.9016000+08:00" testType="13cdc9d9-ddb5-4fa4-a97d-d965ccfc6d4b" outcome="Passed" testListId="8c84fa94-04c1-424b-9868-57a2d4851a1d">
      <Output>
      </Output>
    </UnitTestResult>
    <UnitTestResult executionId="0210b8fb-dcb2-4445-8522-ff62c922a2d1" testId="542dbf1e-c3c4-c118-39b9-570dcbc9f451" testName="KeyVertexesGetSet01" computerName="FARSEER-PC" duration="00:00:00.0019257" startTime="2009-07-27T15:45:02.9026000+08:00" endTime="2009-07-27T15:45:02.9106000+08:00" testType="13cdc9d9-ddb5-4fa4-a97d-d965ccfc6d4b" outcome="Passed" testListId="8c84fa94-04c1-424b-9868-57a2d4851a1d">
      <Output>
      </Output>
    </UnitTestResult>
    <UnitTestResult executionId="19af230d-26b1-4619-9f38-062918118768" testId="8db36798-cd51-c563-fa96-614050b508d8" testName="PassedCountGet01" computerName="FARSEER-PC" duration="00:00:00.0011260" startTime="2009-07-27T15:45:02.9166000+08:00" endTime="2009-07-27T15:45:02.9206000+08:00" testType="13cdc9d9-ddb5-4fa4-a97d-d965ccfc6d4b" outcome="Passed" testListId="8c84fa94-04c1-424b-9868-57a2d4851a1d">
      <Output>
      </Output>
    </UnitTestResult>
    <UnitTestResult executionId="661a2f45-80a5-4790-a23a-f0d3f6942924" testId="4afc883f-e39e-da43-3d12-5a4149dabf82" testName="PassedVertexesGetSet01" computerName="FARSEER-PC" duration="00:00:00.0018584" startTime="2009-07-27T15:45:02.9226000+08:00" endTime="2009-07-27T15:45:02.9316000+08:00" testType="13cdc9d9-ddb5-4fa4-a97d-d965ccfc6d4b" outcome="Passed" testListId="8c84fa94-04c1-424b-9868-57a2d4851a1d">
      <Output>
      </Output>
    </UnitTestResult>
    <UnitTestResult executionId="cacc1d80-fcc7-4b8b-9581-1f3cc7e75bc4" testId="07b32390-6261-23b7-0f2c-671843815bae" testName="CreateEdge05" computerName="FARSEER-PC" duration="00:00:00.0146879" startTime="2009-07-27T15:45:02.9316000+08:00" endTime="2009-07-27T15:45:02.9516000+08:00" testType="13cdc9d9-ddb5-4fa4-a97d-d965ccfc6d4b" outcome="Passed" testListId="8c84fa94-04c1-424b-9868-57a2d4851a1d">
      <Output>
      </Output>
    </UnitTestResult>
    <UnitTestResult executionId="5f50c9a4-4b4f-4905-b9cf-a86377bf1fbd" testId="6b5d863d-5eea-518e-15b1-b94a74bad786" testName="RemoveEdgeFc0102" computerName="FARSEER-PC" duration="00:00:00.0033968" startTime="2009-07-27T15:45:02.9526000+08:00" endTime="2009-07-27T15:45:02.9606000+08:00" testType="13cdc9d9-ddb5-4fa4-a97d-d965ccfc6d4b" outcome="Passed" testListId="8c84fa94-04c1-424b-9868-57a2d4851a1d">
      <Output>
      </Output>
    </UnitTestResult>
    <UnitTestResult executionId="3f8ff7e0-2d76-4a7b-a116-f2c24c7d438f" testId="6d29b753-3336-0288-a2fa-834c2b882cbe" testName="RemoveVertexFc0101" computerName="FARSEER-PC" duration="00:00:00.0026303" startTime="2009-07-27T15:45:02.9606000+08:00" endTime="2009-07-27T15:45:02.9666000+08:00" testType="13cdc9d9-ddb5-4fa4-a97d-d965ccfc6d4b" outcome="Passed" testListId="8c84fa94-04c1-424b-9868-57a2d4851a1d">
      <Output>
      </Output>
    </UnitTestResult>
    <UnitTestResult executionId="6393e131-b513-4b33-8262-08beebd01af9" testId="792cb932-d133-2745-32ec-d89c5fa93cf8" testName="CalcFc0101" computerName="FARSEER-PC" duration="00:00:00.0674228" startTime="2009-07-27T15:45:02.9676000+08:00" endTime="2009-07-27T15:45:03.0396000+08:00" testType="13cdc9d9-ddb5-4fa4-a97d-d965ccfc6d4b" outcome="Passed" testListId="8c84fa94-04c1-424b-9868-57a2d4851a1d">
      <Output>
      </Output>
    </UnitTestResult>
    <UnitTestResult executionId="0f391cd4-93e8-4b8c-8fdb-a4b867416ea7" testId="160b82c3-01d6-d43f-2164-8707ee754e0e" testName="CalcFc0102" computerName="FARSEER-PC" duration="00:00:00.0002860" startTime="2009-07-27T15:45:03.0406000+08:00" endTime="2009-07-27T15:45:03.0476000+08:00" testType="13cdc9d9-ddb5-4fa4-a97d-d965ccfc6d4b" outcome="Passed" testListId="8c84fa94-04c1-424b-9868-57a2d4851a1d">
      <Output>
      </Output>
    </UnitTestResult>
    <UnitTestResult executionId="aed9363e-44c8-43d1-91d1-3d274ea2621f" testId="ae8a348d-d3cc-db88-9286-1fb13cceef7f" testName="CalcFc0106" computerName="FARSEER-PC" duration="00:00:00.0002629" startTime="2009-07-27T15:45:03.0496000+08:00" endTime="2009-07-27T15:45:03.0536000+08:00" testType="13cdc9d9-ddb5-4fa4-a97d-d965ccfc6d4b" outcome="Passed" testListId="8c84fa94-04c1-424b-9868-57a2d4851a1d">
      <Output>
      </Output>
    </UnitTestResult>
    <UnitTestResult executionId="f39513c5-07ca-4f6b-964b-20c5debeee64" testId="26fdd7b5-9580-4cef-354b-0f6cf50448ff" testName="CalcFc0104" computerName="FARSEER-PC" duration="00:00:00.0002533" startTime="2009-07-27T15:45:03.0536000+08:00" endTime="2009-07-27T15:45:03.0576000+08:00" testType="13cdc9d9-ddb5-4fa4-a97d-d965ccfc6d4b" outcome="Passed" testListId="8c84fa94-04c1-424b-9868-57a2d4851a1d">
      <Output>
      </Output>
    </UnitTestResult>
    <UnitTestResult executionId="2a24469f-154a-4596-95b7-877e952d55e8" testId="05ec98f1-8776-f9dc-be22-63af25db05eb" testName="Constructor01" computerName="FARSEER-PC" duration="00:00:00.0007125" startTime="2009-07-27T15:45:03.0596000+08:00" endTime="2009-07-27T15:45:03.0636000+08:00" testType="13cdc9d9-ddb5-4fa4-a97d-d965ccfc6d4b" outcome="Passed" testListId="8c84fa94-04c1-424b-9868-57a2d4851a1d">
      <Output>
      </Output>
    </UnitTestResult>
    <UnitTestResult executionId="3a11be20-4910-4772-b78a-e373108e0ad4" testId="b724700b-4b9e-4bb8-c7aa-351f151f2c5c" testName="HasNextPermutation01" computerName="FARSEER-PC" duration="00:00:00.0033231" startTime="2009-07-27T15:45:03.0636000+08:00" endTime="2009-07-27T15:45:03.0716000+08:00" testType="13cdc9d9-ddb5-4fa4-a97d-d965ccfc6d4b" outcome="Passed" testListId="8c84fa94-04c1-424b-9868-57a2d4851a1d">
      <Output>
      </Output>
    </UnitTestResult>
    <UnitTestResult executionId="f6d8c2fe-7ca2-4d24-bb63-f22eb904b55b" testId="0ba9e7a8-55f2-fe0b-8bc2-1ac91f92e105" testName="HasNextPermutation02" computerName="FARSEER-PC" duration="00:00:00.0061248" startTime="2009-07-27T15:45:03.0716000+08:00" endTime="2009-07-27T15:45:03.0826000+08:00" testType="13cdc9d9-ddb5-4fa4-a97d-d965ccfc6d4b" outcome="Passed" testListId="8c84fa94-04c1-424b-9868-57a2d4851a1d">
      <Output>
      </Output>
    </UnitTestResult>
    <UnitTestResult executionId="4be8d956-cd1d-43e4-9932-b7d73e67d78b" testId="10905f31-eaed-f8bf-7a23-046d3cbcb5f8" testName="HasNextPermutation03" computerName="FARSEER-PC" duration="00:00:00.0004872" startTime="2009-07-27T15:45:03.0896000+08:00" endTime="2009-07-27T15:45:03.0946000+08:00" testType="13cdc9d9-ddb5-4fa4-a97d-d965ccfc6d4b" outcome="Passed" testListId="8c84fa94-04c1-424b-9868-57a2d4851a1d">
      <Output>
      </Output>
    </UnitTestResult>
    <UnitTestResult executionId="a1cdc79c-a739-442f-88d8-6687d9cadeee" testId="70e2a65c-29ab-d1cb-1a2d-4c19a0f63490" testName="HasNextPermutation04" computerName="FARSEER-PC" duration="00:00:00.0008765" startTime="2009-07-27T15:45:03.0946000+08:00" endTime="2009-07-27T15:45:03.1046000+08:00" testType="13cdc9d9-ddb5-4fa4-a97d-d965ccfc6d4b" outcome="Passed" testListId="8c84fa94-04c1-424b-9868-57a2d4851a1d">
      <Output>
      </Output>
    </UnitTestResult>
    <UnitTestResult executionId="ed020c13-6604-420b-8682-a86721a80e3b" testId="c2567454-d203-001f-bc35-2dff0ff31f85" testName="HasNextPermutation07" computerName="FARSEER-PC" duration="00:00:00.0011778" startTime="2009-07-27T15:45:03.1046000+08:00" endTime="2009-07-27T15:45:03.1136000+08:00" testType="13cdc9d9-ddb5-4fa4-a97d-d965ccfc6d4b" outcome="Passed" testListId="8c84fa94-04c1-424b-9868-57a2d4851a1d">
      <Output>
      </Output>
    </UnitTestResult>
    <UnitTestResult executionId="fe497394-fa7f-4a6e-b8a4-c00855f28373" testId="719176bc-0d10-49a6-8b40-e13ba4e0abe4" testName="HasNextPermutation10" computerName="FARSEER-PC" duration="00:00:00.0008224" startTime="2009-07-27T15:45:03.1156000+08:00" endTime="2009-07-27T15:45:03.1196000+08:00" testType="13cdc9d9-ddb5-4fa4-a97d-d965ccfc6d4b" outcome="Passed" testListId="8c84fa94-04c1-424b-9868-57a2d4851a1d">
      <Output>
      </Output>
    </UnitTestResult>
    <UnitTestResult executionId="8b8fc4e7-a185-465d-946a-5ccca4e34eea" testId="77fd1ea1-2114-1169-30fc-fa783ed374cc" testName="HasNextPermutation11" computerName="FARSEER-PC" duration="00:00:00.0005141" startTime="2009-07-27T15:45:03.1196000+08:00" endTime="2009-07-27T15:45:03.1246000+08:00" testType="13cdc9d9-ddb5-4fa4-a97d-d965ccfc6d4b" outcome="Passed" testListId="8c84fa94-04c1-424b-9868-57a2d4851a1d">
      <Output>
      </Output>
    </UnitTestResult>
    <UnitTestResult executionId="fcf07b7a-3392-4253-8d65-5df55423985a" testId="7aa2e13f-f9a0-91f6-0287-0b00ba6f6e11" testName="HasNextPermutation15" computerName="FARSEER-PC" duration="00:00:00.0004683" startTime="2009-07-27T15:45:03.1256000+08:00" endTime="2009-07-27T15:45:03.1296000+08:00" testType="13cdc9d9-ddb5-4fa4-a97d-d965ccfc6d4b" outcome="Passed" testListId="8c84fa94-04c1-424b-9868-57a2d4851a1d">
      <Output>
      </Output>
    </UnitTestResult>
    <UnitTestResult executionId="a45c9936-af62-4b4d-b706-3738cb3e3b72" testId="a4f2ffae-7f6c-d590-dc82-76c677e71bc2" testName="HasNextPermutation0101" computerName="FARSEER-PC" duration="00:00:00.0051398" startTime="2009-07-27T15:45:03.1306000+08:00" endTime="2009-07-27T15:45:03.1396000+08:00" testType="13cdc9d9-ddb5-4fa4-a97d-d965ccfc6d4b" outcome="Failed" testListId="8c84fa94-04c1-424b-9868-57a2d4851a1d">
      <Output>
        <ErrorInfo>
          <Message>测试方法 CombCell.DSAlgo.HamiltonSlowTTest.HasNextPermutation0101 引发异常:  System.ArgumentNullException: 值不能为空。
参数名: list。</Message>
          <StackTrace>    在 CombCell.DSAlgo.HamiltonSlowTTest.HasNextPermutation01[T](List`1 list) 位置 C:\combcell\googlecode\trunk\Solutions\CombCell\CombCell.DSAlgo\CombCell.DSAlgo.Tests\HamiltonSlowTTest.cs:行号 41
   在 CombCell.DSAlgo.HamiltonSlowTTest.HasNextPermutation0101() 位置 C:\combcell\googlecode\trunk\Solutions\CombCell\CombCell.DSAlgo\CombCell.DSAlgo.Tests\HamiltonSlowTTest.HasNextPermutation01.g.cs:行号 27
</StackTrace>
        </ErrorInfo>
      </Output>
    </UnitTestResult>
    <UnitTestResult executionId="78e3ca01-3dbe-4f80-ab8d-4e9ddd8c3c65" testId="d4eb2869-12ff-6032-906c-9dea071701d2" testName="HasNextPermutation0102" computerName="FARSEER-PC" duration="00:00:00.0009017" startTime="2009-07-27T15:45:03.1406000+08:00" endTime="2009-07-27T15:45:03.1516000+08:00" testType="13cdc9d9-ddb5-4fa4-a97d-d965ccfc6d4b" outcome="Passed" testListId="8c84fa94-04c1-424b-9868-57a2d4851a1d">
      <Output>
      </Output>
    </UnitTestResult>
    <UnitTestResult executionId="66c2fdcd-04f7-4713-88f8-b1d6a03c6b31" testId="5502607c-c172-f7aa-794a-bc2fac8cdec6" testName="HasNextPermutation0103" computerName="FARSEER-PC" duration="00:00:00.0005504" startTime="2009-07-27T15:45:03.1546000+08:00" endTime="2009-07-27T15:45:03.1586000+08:00" testType="13cdc9d9-ddb5-4fa4-a97d-d965ccfc6d4b" outcome="Passed" testListId="8c84fa94-04c1-424b-9868-57a2d4851a1d">
      <Output>
      </Output>
    </UnitTestResult>
    <UnitTestResult executionId="c1839fce-62c7-497e-937f-f3a4218e04c7" testId="5ebb4762-828b-7d20-cf5c-b50432a7c6fa" testName="HasNextPermutation0108" computerName="FARSEER-PC" duration="00:00:00.0009433" startTime="2009-07-27T15:45:03.1596000+08:00" endTime="2009-07-27T15:45:03.1666000+08:00" testType="13cdc9d9-ddb5-4fa4-a97d-d965ccfc6d4b" outcome="Failed" testListId="8c84fa94-04c1-424b-9868-57a2d4851a1d">
      <Output>
        <ErrorInfo>
          <Message>测试方法 CombCell.DSAlgo.HamiltonSlowTTest.HasNextPermutation0108 引发异常:  System.ArgumentNullException: 值不能为空。
参数名: list。</Message>
          <StackTrace>    在 CombCell.DSAlgo.HamiltonSlowTTest.HasNextPermutation01[T](List`1 list) 位置 C:\combcell\googlecode\trunk\Solutions\CombCell\CombCell.DSAlgo\CombCell.DSAlgo.Tests\HamiltonSlowTTest.cs:行号 41
   在 CombCell.DSAlgo.HamiltonSlowTTest.HasNextPermutation0108() 位置 C:\combcell\googlecode\trunk\Solutions\CombCell\CombCell.DSAlgo\CombCell.DSAlgo.Tests\HamiltonSlowTTest.HasNextPermutation01.g.cs:行号 57
</StackTrace>
        </ErrorInfo>
      </Output>
    </UnitTestResult>
    <UnitTestResult executionId="ac0a3898-dfc3-4041-8b27-6204e741a9d8" testId="09126dbc-b5fe-2ede-fe0b-f7eccda0ab2d" testName="HasNextPermutation0109" computerName="FARSEER-PC" duration="00:00:00.0007604" startTime="2009-07-27T15:45:03.1686000+08:00" endTime="2009-07-27T15:45:03.1796000+08:00" testType="13cdc9d9-ddb5-4fa4-a97d-d965ccfc6d4b" outcome="Passed" testListId="8c84fa94-04c1-424b-9868-57a2d4851a1d">
      <Output>
      </Output>
    </UnitTestResult>
    <UnitTestResult executionId="fef107bc-9586-49c7-8144-684f6db87f80" testId="93800ded-2fdb-1e5e-c213-0d96f6f85f5c" testName="HasNextPermutation0114" computerName="FARSEER-PC" duration="00:00:00.0005597" startTime="2009-07-27T15:45:03.1806000+08:00" endTime="2009-07-27T15:45:03.1846000+08:00" testType="13cdc9d9-ddb5-4fa4-a97d-d965ccfc6d4b" outcome="Passed" testListId="8c84fa94-04c1-424b-9868-57a2d4851a1d">
      <Output>
      </Output>
    </UnitTestResult>
    <UnitTestResult executionId="5a4b9106-515b-4810-81f0-8acf35261b90" testId="ec0fcedf-dc05-5719-081f-2c8b21f136ae" testName="HasNextPermutation0104" computerName="FARSEER-PC" duration="00:00:00.0021558" startTime="2009-07-27T15:45:03.1866000+08:00" endTime="2009-07-27T15:45:03.1926000+08:00" testType="13cdc9d9-ddb5-4fa4-a97d-d965ccfc6d4b" outcome="Passed" testListId="8c84fa94-04c1-424b-9868-57a2d4851a1d">
      <Output>
      </Output>
    </UnitTestResult>
    <UnitTestResult executionId="d2e86a6d-d4d9-472c-93e9-1cac0913cab2" testId="bddb6b82-fb18-5126-8098-1bf5f681934c" testName="HasNextPermutation0105" computerName="FARSEER-PC" duration="00:00:00.0002204" startTime="2009-07-27T15:45:03.1936000+08:00" endTime="2009-07-27T15:45:03.1976000+08:00" testType="13cdc9d9-ddb5-4fa4-a97d-d965ccfc6d4b" outcome="Passed" testListId="8c84fa94-04c1-424b-9868-57a2d4851a1d">
      <Output>
      </Output>
    </UnitTestResult>
    <UnitTestResult executionId="5d550c84-4ea2-4786-ae41-c610d5ac5def" testId="a4f55ff9-2f7e-aac1-2fb9-c51bfaa88b78" testName="HasNextPermutation0106" computerName="FARSEER-PC" duration="00:00:00.0003348" startTime="2009-07-27T15:45:03.1986000+08:00" endTime="2009-07-27T15:45:03.2106000+08:00" testType="13cdc9d9-ddb5-4fa4-a97d-d965ccfc6d4b" outcome="Passed" testListId="8c84fa94-04c1-424b-9868-57a2d4851a1d">
      <Output>
      </Output>
    </UnitTestResult>
    <UnitTestResult executionId="295c94e7-102c-46f1-83e8-fb9c886837ae" testId="5fabf2bf-c921-e5e4-1eea-cc83e2616f7d" testName="HasNextPermutation0107" computerName="FARSEER-PC" duration="00:00:00.0004041" startTime="2009-07-27T15:45:03.2156000+08:00" endTime="2009-07-27T15:45:03.2196000+08:00" testType="13cdc9d9-ddb5-4fa4-a97d-d965ccfc6d4b" outcome="Passed" testListId="8c84fa94-04c1-424b-9868-57a2d4851a1d">
      <Output>
      </Output>
    </UnitTestResult>
    <UnitTestResult executionId="091b0b98-1e15-44a8-83f2-8a01ad4e0d3c" testId="4a924ded-2e99-c70f-62a9-846c8a2521d9" testName="HasNextPermutation0110" computerName="FARSEER-PC" duration="00:00:00.0003029" startTime="2009-07-27T15:45:03.2206000+08:00" endTime="2009-07-27T15:45:03.2246000+08:00" testType="13cdc9d9-ddb5-4fa4-a97d-d965ccfc6d4b" outcome="Passed" testListId="8c84fa94-04c1-424b-9868-57a2d4851a1d">
      <Output>
      </Output>
    </UnitTestResult>
    <UnitTestResult executionId="72446422-7aba-4bcb-a1ee-8fd38c77a66b" testId="d4e96882-4b2b-5ce3-4550-219f60703655" testName="HasNextPermutation0115" computerName="FARSEER-PC" duration="00:00:00.0002821" startTime="2009-07-27T15:45:03.2256000+08:00" endTime="2009-07-27T15:45:03.2296000+08:00" testType="13cdc9d9-ddb5-4fa4-a97d-d965ccfc6d4b" outcome="Passed" testListId="8c84fa94-04c1-424b-9868-57a2d4851a1d">
      <Output>
      </Output>
    </UnitTestResult>
    <UnitTestResult executionId="897806f5-415a-453f-9012-994f52510b7e" testId="c3ba7553-63e9-340f-36f4-8f70e4f983fc" testName="HasNextPermutation0124" computerName="FARSEER-PC" duration="00:00:00.0008765" startTime="2009-07-27T15:45:03.2296000+08:00" endTime="2009-07-27T15:45:03.2356000+08:00" testType="13cdc9d9-ddb5-4fa4-a97d-d965ccfc6d4b" outcome="Passed" testListId="8c84fa94-04c1-424b-9868-57a2d4851a1d">
      <Output>
      </Output>
    </UnitTestResult>
    <UnitTestResult executionId="46a4bbee-1bae-4697-bfdb-ea71c51210f8" testId="3cbfdd1a-0c6c-b960-34d1-b0c59783c35c" testName="HasNextPermutation0125" computerName="FARSEER-PC" duration="00:00:00.0004815" startTime="2009-07-27T15:45:03.2366000+08:00" endTime="2009-07-27T15:45:03.2396000+08:00" testType="13cdc9d9-ddb5-4fa4-a97d-d965ccfc6d4b" outcome="Passed" testListId="8c84fa94-04c1-424b-9868-57a2d4851a1d">
      <Output>
      </Output>
    </UnitTestResult>
    <UnitTestResult executionId="76c48ed0-0022-4267-9efe-1185c96b1010" testId="fa4d20ee-68a1-7667-34a6-03220e10ea7f" testName="HasNextPermutation0127" computerName="FARSEER-PC" duration="00:00:00.0009468" startTime="2009-07-27T15:45:03.2406000+08:00" endTime="2009-07-27T15:45:03.2476000+08:00" testType="13cdc9d9-ddb5-4fa4-a97d-d965ccfc6d4b" outcome="Passed" testListId="8c84fa94-04c1-424b-9868-57a2d4851a1d">
      <Output>
      </Output>
    </UnitTestResult>
    <UnitTestResult executionId="d9585d10-f341-4fd0-bd76-510998a3c097" testId="b2dc07f9-4d21-c215-b5d3-4ee91f0cd726" testName="HasNextPermutation0128" computerName="FARSEER-PC" duration="00:00:00.0004909" startTime="2009-07-27T15:45:03.2486000+08:00" endTime="2009-07-27T15:45:03.2516000+08:00" testType="13cdc9d9-ddb5-4fa4-a97d-d965ccfc6d4b" outcome="Passed" testListId="8c84fa94-04c1-424b-9868-57a2d4851a1d">
      <Output>
      </Output>
    </UnitTestResult>
    <UnitTestResult executionId="57a48746-7819-43dc-988c-67ce6c2e5de2" testId="c86abffc-7399-6cd7-e85c-a37c80ac35d3" testName="NextPermutation01" computerName="FARSEER-PC" duration="00:00:00.0011895" startTime="2009-07-27T15:45:03.2516000+08:00" endTime="2009-07-27T15:45:03.2576000+08:00" testType="13cdc9d9-ddb5-4fa4-a97d-d965ccfc6d4b" outcome="Passed" testListId="8c84fa94-04c1-424b-9868-57a2d4851a1d">
      <Output>
      </Output>
    </UnitTestResult>
    <UnitTestResult executionId="fbdcc153-9cb6-483a-a8ca-2fe4f4cbe3eb" testId="d3b05a2c-262e-f206-ea27-fc6b5c584b8c" testName="NextPermutation02" computerName="FARSEER-PC" duration="00:00:00.0008167" startTime="2009-07-27T15:45:03.2576000+08:00" endTime="2009-07-27T15:45:03.2626000+08:00" testType="13cdc9d9-ddb5-4fa4-a97d-d965ccfc6d4b" outcome="Passed" testListId="8c84fa94-04c1-424b-9868-57a2d4851a1d">
      <Output>
      </Output>
    </UnitTestResult>
    <UnitTestResult executionId="ceadd8f3-4052-45b5-8eef-e4569fcb561e" testId="feb201e8-d080-0fb4-faec-59ff41818641" testName="NextPermutation07" computerName="FARSEER-PC" duration="00:00:00.0008123" startTime="2009-07-27T15:45:03.2626000+08:00" endTime="2009-07-27T15:45:03.2686000+08:00" testType="13cdc9d9-ddb5-4fa4-a97d-d965ccfc6d4b" outcome="Passed" testListId="8c84fa94-04c1-424b-9868-57a2d4851a1d">
      <Output>
      </Output>
    </UnitTestResult>
    <UnitTestResult executionId="007a86c8-5ada-4026-8e59-1710cbd0d022" testId="7abcbc26-ca4e-1bde-1958-020f9711def3" testName="NextPermutation08" computerName="FARSEER-PC" duration="00:00:00.0009248" startTime="2009-07-27T15:45:03.2686000+08:00" endTime="2009-07-27T15:45:03.2786000+08:00" testType="13cdc9d9-ddb5-4fa4-a97d-d965ccfc6d4b" outcome="Passed" testListId="8c84fa94-04c1-424b-9868-57a2d4851a1d">
      <Output>
      </Output>
    </UnitTestResult>
    <UnitTestResult executionId="06293cd9-0d30-4c2a-a68a-f7c279576ed8" testId="d714aa6d-a11b-4b34-f001-0b320ca530a4" testName="NextPermutation11" computerName="FARSEER-PC" duration="00:00:00.0004636" startTime="2009-07-27T15:45:03.2816000+08:00" endTime="2009-07-27T15:45:03.2866000+08:00" testType="13cdc9d9-ddb5-4fa4-a97d-d965ccfc6d4b" outcome="Passed" testListId="8c84fa94-04c1-424b-9868-57a2d4851a1d">
      <Output>
      </Output>
    </UnitTestResult>
    <UnitTestResult executionId="43ef157f-b154-47f4-a38e-15cabdd01008" testId="51650ca9-f95f-6619-097a-f5a68e5f192f" testName="NextPermutation13" computerName="FARSEER-PC" duration="00:00:00.0004163" startTime="2009-07-27T15:45:03.2886000+08:00" endTime="2009-07-27T15:45:03.2946000+08:00" testType="13cdc9d9-ddb5-4fa4-a97d-d965ccfc6d4b" outcome="Passed" testListId="8c84fa94-04c1-424b-9868-57a2d4851a1d">
      <Output>
      </Output>
    </UnitTestResult>
    <UnitTestResult executionId="12c422b4-1afb-467f-b7b5-886c47c694f9" testId="32d1b0be-3cb4-3b60-8537-c738486208b5" testName="NextPermutation15" computerName="FARSEER-PC" duration="00:00:00.0003957" startTime="2009-07-27T15:45:03.2946000+08:00" endTime="2009-07-27T15:45:03.2996000+08:00" testType="13cdc9d9-ddb5-4fa4-a97d-d965ccfc6d4b" outcome="Passed" testListId="8c84fa94-04c1-424b-9868-57a2d4851a1d">
      <Output>
      </Output>
    </UnitTestResult>
    <UnitTestResult executionId="ee57281b-d02e-49b5-8896-4f3fff4d8e9e" testId="24486128-38f3-9da3-cecc-5fe2e2264f60" testName="NextPermutation17" computerName="FARSEER-PC" duration="00:00:00.0004388" startTime="2009-07-27T15:45:03.3006000+08:00" endTime="2009-07-27T15:45:03.3046000+08:00" testType="13cdc9d9-ddb5-4fa4-a97d-d965ccfc6d4b" outcome="Passed" testListId="8c84fa94-04c1-424b-9868-57a2d4851a1d">
      <Output>
      </Output>
    </UnitTestResult>
    <UnitTestResult executionId="5e072dcf-8e38-4496-830e-670ffa2d4011" testId="fab8a500-bf5e-cc20-82a6-c7049b153aa4" testName="NextPermutation16" computerName="FARSEER-PC" duration="00:00:00.0004638" startTime="2009-07-27T15:45:03.3056000+08:00" endTime="2009-07-27T15:45:03.3146000+08:00" testType="13cdc9d9-ddb5-4fa4-a97d-d965ccfc6d4b" outcome="Passed" testListId="8c84fa94-04c1-424b-9868-57a2d4851a1d">
      <Output>
      </Output>
    </UnitTestResult>
    <UnitTestResult executionId="ff22d65c-4248-43d2-9ba8-df9a731702e0" testId="b2ddae3b-1118-b89c-fccf-2efe25101041" testName="NextPermutation19" computerName="FARSEER-PC" duration="00:00:00.0004797" startTime="2009-07-27T15:45:03.3156000+08:00" endTime="2009-07-27T15:45:03.3186000+08:00" testType="13cdc9d9-ddb5-4fa4-a97d-d965ccfc6d4b" outcome="Passed" testListId="8c84fa94-04c1-424b-9868-57a2d4851a1d">
      <Output>
      </Output>
    </UnitTestResult>
    <UnitTestResult executionId="68c68471-b3ee-4294-b4e0-98f0d8530124" testId="d6aa638d-9475-23cb-020b-82d4c2d297bf" testName="NextPermutation20" computerName="FARSEER-PC" duration="00:00:00.0004281" startTime="2009-07-27T15:45:03.3196000+08:00" endTime="2009-07-27T15:45:03.3236000+08:00" testType="13cdc9d9-ddb5-4fa4-a97d-d965ccfc6d4b" outcome="Passed" testListId="8c84fa94-04c1-424b-9868-57a2d4851a1d">
      <Output>
      </Output>
    </UnitTestResult>
    <UnitTestResult executionId="746213be-2408-4a29-af84-cc2a7a4b9978" testId="e6926a27-747d-2959-9f32-d85757e1da81" testName="NextPermutationFc01" computerName="FARSEER-PC" duration="00:00:00.0080330" startTime="2009-07-27T15:45:03.3256000+08:00" endTime="2009-07-27T15:45:03.3376000+08:00" testType="13cdc9d9-ddb5-4fa4-a97d-d965ccfc6d4b" outcome="Passed" testListId="8c84fa94-04c1-424b-9868-57a2d4851a1d">
      <Output>
      </Output>
    </UnitTestResult>
    <UnitTestResult executionId="8524aec7-5117-4530-a92a-8cdf555aeb2b" testId="9358a311-0e71-88a4-b0b4-81be77f83d33" testName="NextPermutationFc02" computerName="FARSEER-PC" duration="00:00:00.0002243" startTime="2009-07-27T15:45:03.3386000+08:00" endTime="2009-07-27T15:45:03.3426000+08:00" testType="13cdc9d9-ddb5-4fa4-a97d-d965ccfc6d4b" outcome="Passed" testListId="8c84fa94-04c1-424b-9868-57a2d4851a1d">
      <Output>
      </Output>
    </UnitTestResult>
    <UnitTestResult executionId="088b71ff-6a6b-4e5f-aebd-8e5dc720fbad" testId="eb18143a-0b58-a574-b95e-8def86f3e6cf" testName="CalcFc0101" computerName="FARSEER-PC" duration="00:00:00.0612429" startTime="2009-07-27T15:45:03.3476000+08:00" endTime="2009-07-27T15:45:03.4146000+08:00" testType="13cdc9d9-ddb5-4fa4-a97d-d965ccfc6d4b" outcome="Passed" testListId="8c84fa94-04c1-424b-9868-57a2d4851a1d">
      <Output>
      </Output>
    </UnitTestResult>
    <UnitTestResult executionId="c24e2627-b5f8-4329-bdf0-7a6da1fb614c" testId="9a3bd731-cd4c-7007-16f4-cf08fb979606" testName="CalcFc0102" computerName="FARSEER-PC" duration="00:00:00.0003857" startTime="2009-07-27T15:45:03.4166000+08:00" endTime="2009-07-27T15:45:03.4206000+08:00" testType="13cdc9d9-ddb5-4fa4-a97d-d965ccfc6d4b" outcome="Passed" testListId="8c84fa94-04c1-424b-9868-57a2d4851a1d">
      <Output>
      </Output>
    </UnitTestResult>
    <UnitTestResult executionId="69f55353-b149-4b4d-80e8-8a8f9de7ae5b" testId="27c612ff-f410-67a7-d180-f41df4dad452" testName="CalcFc0103" computerName="FARSEER-PC" duration="00:00:00.0003500" startTime="2009-07-27T15:45:03.4226000+08:00" endTime="2009-07-27T15:45:03.4256000+08:00" testType="13cdc9d9-ddb5-4fa4-a97d-d965ccfc6d4b" outcome="Passed" testListId="8c84fa94-04c1-424b-9868-57a2d4851a1d">
      <Output>
      </Output>
    </UnitTestResult>
    <UnitTestResult executionId="61cd57f7-5efe-467d-a652-768366786a89" testId="d75bef11-4121-a5e7-6484-696b7491fddc" testName="Constructor01" computerName="FARSEER-PC" duration="00:00:00.0007561" startTime="2009-07-27T15:45:03.4266000+08:00" endTime="2009-07-27T15:45:03.4316000+08:00" testType="13cdc9d9-ddb5-4fa4-a97d-d965ccfc6d4b" outcome="Passed" testListId="8c84fa94-04c1-424b-9868-57a2d4851a1d">
      <Output>
      </Output>
    </UnitTestResult>
    <UnitTestResult executionId="d9d8c1ec-0e27-48d4-9c1b-21f95143ec31" testId="3ffd8224-ff9f-0c00-561f-b005eb70e5e2" testName="Add0101" computerName="FARSEER-PC" duration="00:00:00.0023880" startTime="2009-07-27T15:45:03.4316000+08:00" endTime="2009-07-27T15:45:03.4466000+08:00" testType="13cdc9d9-ddb5-4fa4-a97d-d965ccfc6d4b" outcome="Passed" testListId="8c84fa94-04c1-424b-9868-57a2d4851a1d">
      <Output>
      </Output>
    </UnitTestResult>
    <UnitTestResult executionId="fceda552-d1c6-4097-8158-d29b8dd4d321" testId="86029c38-2c7b-dfb0-2627-9ee2e3c07cc5" testName="Add02" computerName="FARSEER-PC" duration="00:00:00.0014935" startTime="2009-07-27T15:45:03.4496000+08:00" endTime="2009-07-27T15:45:03.4556000+08:00" testType="13cdc9d9-ddb5-4fa4-a97d-d965ccfc6d4b" outcome="Passed" testListId="8c84fa94-04c1-424b-9868-57a2d4851a1d">
      <Output>
      </Output>
    </UnitTestResult>
    <UnitTestResult executionId="d275b70b-4001-4788-b51f-aa91b5453a8b" testId="a570dbda-0027-3b2e-1d19-119bbfafa51a" testName="ChangePriority02" computerName="FARSEER-PC" duration="00:00:00.0016988" startTime="2009-07-27T15:45:03.4566000+08:00" endTime="2009-07-27T15:45:03.4616000+08:00" testType="13cdc9d9-ddb5-4fa4-a97d-d965ccfc6d4b" outcome="Passed" testListId="8c84fa94-04c1-424b-9868-57a2d4851a1d">
      <Output>
      </Output>
    </UnitTestResult>
    <UnitTestResult executionId="77178111-b7f8-49fe-9f4d-1454b1ac3211" testId="ef5bb4c5-cda3-87e1-32be-db841f908b14" testName="Clear01" computerName="FARSEER-PC" duration="00:00:00.0018699" startTime="2009-07-27T15:45:03.4626000+08:00" endTime="2009-07-27T15:45:03.4686000+08:00" testType="13cdc9d9-ddb5-4fa4-a97d-d965ccfc6d4b" outcome="Passed" testListId="8c84fa94-04c1-424b-9868-57a2d4851a1d">
      <Output>
      </Output>
    </UnitTestResult>
    <UnitTestResult executionId="f4cdd1c6-cf55-434d-bc41-67731394999e" testId="36883267-02b2-daa5-ffeb-662961947880" testName="Constructor0101" computerName="FARSEER-PC" duration="00:00:00.0018989" startTime="2009-07-27T15:45:03.4696000+08:00" endTime="2009-07-27T15:45:03.4776000+08:00" testType="13cdc9d9-ddb5-4fa4-a97d-d965ccfc6d4b" outcome="Passed" testListId="8c84fa94-04c1-424b-9868-57a2d4851a1d">
      <Output>
      </Output>
    </UnitTestResult>
    <UnitTestResult executionId="dd847907-6c53-4b08-b4fd-49d44e4fe31a" testId="e4881894-ed0c-a309-04fd-a17f6552f513" testName="Constructor02" computerName="FARSEER-PC" duration="00:00:00.0017668" startTime="2009-07-27T15:45:03.4826000+08:00" endTime="2009-07-27T15:45:03.4896000+08:00" testType="13cdc9d9-ddb5-4fa4-a97d-d965ccfc6d4b" outcome="Passed" testListId="8c84fa94-04c1-424b-9868-57a2d4851a1d">
      <Output>
      </Output>
    </UnitTestResult>
    <UnitTestResult executionId="dd3e5b4c-4101-4e02-8c2d-b41d5924ea64" testId="8aa1e64d-8b16-e0b0-d6d4-caef3018d255" testName="ContainsKey01" computerName="FARSEER-PC" duration="00:00:00.0022347" startTime="2009-07-27T15:45:03.5816000+08:00" endTime="2009-07-27T15:45:03.5896000+08:00" testType="13cdc9d9-ddb5-4fa4-a97d-d965ccfc6d4b" outcome="Passed" testListId="8c84fa94-04c1-424b-9868-57a2d4851a1d">
      <Output>
      </Output>
    </UnitTestResult>
    <UnitTestResult executionId="5c7c8743-b007-4e70-8d3c-42cdc04807fb" testId="470cc018-5e5f-e99d-b0c4-01c2a825b12f" testName="Contains01" computerName="FARSEER-PC" duration="00:00:00.0024141" startTime="2009-07-27T15:45:03.5906000+08:00" endTime="2009-07-27T15:45:03.6016000+08:00" testType="13cdc9d9-ddb5-4fa4-a97d-d965ccfc6d4b" outcome="Passed" testListId="8c84fa94-04c1-424b-9868-57a2d4851a1d">
      <Output>
      </Output>
    </UnitTestResult>
    <UnitTestResult executionId="d0b6e0f0-90b9-48d2-bb40-9980c547a7a1" testId="0c498983-0ef5-e962-9a9d-feaf99d61ba8" testName="CopyTo04" computerName="FARSEER-PC" duration="00:00:00.0033530" startTime="2009-07-27T15:45:03.6206000+08:00" endTime="2009-07-27T15:45:03.6306000+08:00" testType="13cdc9d9-ddb5-4fa4-a97d-d965ccfc6d4b" outcome="Passed" testListId="8c84fa94-04c1-424b-9868-57a2d4851a1d">
      <Output>
      </Output>
    </UnitTestResult>
    <UnitTestResult executionId="10bdab4b-268b-44f7-83f4-3e1bdccb7426" testId="28eef2f0-3a75-0ec0-be77-54c61d0e9d94" testName="CopyTo02" computerName="FARSEER-PC" duration="00:00:00.0010429" startTime="2009-07-27T15:45:03.6626000+08:00" endTime="2009-07-27T15:45:03.6696000+08:00" testType="13cdc9d9-ddb5-4fa4-a97d-d965ccfc6d4b" outcome="Passed" testListId="8c84fa94-04c1-424b-9868-57a2d4851a1d">
      <Output>
      </Output>
    </UnitTestResult>
    <UnitTestResult executionId="74dec8ec-9d3c-4833-9c90-12dcc74ed0ac" testId="7d08d66f-0211-9ff7-469f-1793e93f0258" testName="CopyTo01" computerName="FARSEER-PC" duration="00:00:00.0008555" startTime="2009-07-27T15:45:03.6846000+08:00" endTime="2009-07-27T15:45:03.6976000+08:00" testType="13cdc9d9-ddb5-4fa4-a97d-d965ccfc6d4b" outcome="Passed" testListId="8c84fa94-04c1-424b-9868-57a2d4851a1d">
      <Output>
      </Output>
    </UnitTestResult>
    <UnitTestResult executionId="0845d2d6-af30-4e72-86f2-8269624867c1" testId="0a6473d4-c93c-c831-f730-8b4a04959d64" testName="CopyTo08" computerName="FARSEER-PC" duration="00:00:00.0008744" startTime="2009-07-27T15:45:03.6976000+08:00" endTime="2009-07-27T15:45:03.7126000+08:00" testType="13cdc9d9-ddb5-4fa4-a97d-d965ccfc6d4b" outcome="Passed" testListId="8c84fa94-04c1-424b-9868-57a2d4851a1d">
      <Output>
      </Output>
    </UnitTestResult>
    <UnitTestResult executionId="f99b2fc9-49f9-4046-b756-7c57390da853" testId="13101fd7-7f5b-d9b4-ce85-7cdeb3b373e4" testName="CountGet01" computerName="FARSEER-PC" duration="00:00:00.0014239" startTime="2009-07-27T15:45:03.7346000+08:00" endTime="2009-07-27T15:45:03.7396000+08:00" testType="13cdc9d9-ddb5-4fa4-a97d-d965ccfc6d4b" outcome="Passed" testListId="8c84fa94-04c1-424b-9868-57a2d4851a1d">
      <Output>
      </Output>
    </UnitTestResult>
    <UnitTestResult executionId="c98cbe3f-c9f1-4653-8261-7933c72aec8d" testId="ff5fb2f7-8a12-f128-b560-b13172df72a5" testName="EmptyGet01" computerName="FARSEER-PC" duration="00:00:00.0014352" startTime="2009-07-27T15:45:03.7836000+08:00" endTime="2009-07-27T15:45:03.7886000+08:00" testType="13cdc9d9-ddb5-4fa4-a97d-d965ccfc6d4b" outcome="Passed" testListId="8c84fa94-04c1-424b-9868-57a2d4851a1d">
      <Output>
      </Output>
    </UnitTestResult>
    <UnitTestResult executionId="b232e4e2-3f56-4715-ba3a-079b4fbbce56" testId="d8e2651b-3f5c-0b91-c347-2c8979204eab" testName="GetEnumerator02" computerName="FARSEER-PC" duration="00:00:00.0125645" startTime="2009-07-27T15:45:03.7896000+08:00" endTime="2009-07-27T15:45:03.8076000+08:00" testType="13cdc9d9-ddb5-4fa4-a97d-d965ccfc6d4b" outcome="Passed" testListId="8c84fa94-04c1-424b-9868-57a2d4851a1d">
      <Output>
      </Output>
    </UnitTestResult>
    <UnitTestResult executionId="c6918636-ebbe-4c0f-bed3-a4393710a204" testId="663e954f-f16c-b57e-2d05-a23036c1bce9" testName="Insert0101" computerName="FARSEER-PC" duration="00:00:00.0013600" startTime="2009-07-27T15:45:03.8166000+08:00" endTime="2009-07-27T15:45:03.8226000+08:00" testType="13cdc9d9-ddb5-4fa4-a97d-d965ccfc6d4b" outcome="Passed" testListId="8c84fa94-04c1-424b-9868-57a2d4851a1d">
      <Output>
      </Output>
    </UnitTestResult>
    <UnitTestResult executionId="6d4c34cb-5df0-42e7-beb8-5954a9396a00" testId="f65bb69b-f249-a757-8834-65f69ebe4493" testName="Insert02" computerName="FARSEER-PC" duration="00:00:00.0014723" startTime="2009-07-27T15:45:03.8226000+08:00" endTime="2009-07-27T15:45:03.8296000+08:00" testType="13cdc9d9-ddb5-4fa4-a97d-d965ccfc6d4b" outcome="Passed" testListId="8c84fa94-04c1-424b-9868-57a2d4851a1d">
      <Output>
      </Output>
    </UnitTestResult>
    <UnitTestResult executionId="5a4e05b9-60e2-43af-9c80-ab8578fa2303" testId="9c743b20-c7ed-01f1-727c-95512b775bfb" testName="IsReadOnlyGet01" computerName="FARSEER-PC" duration="00:00:00.0014728" startTime="2009-07-27T15:45:03.8296000+08:00" endTime="2009-07-27T15:45:03.8356000+08:00" testType="13cdc9d9-ddb5-4fa4-a97d-d965ccfc6d4b" outcome="Passed" testListId="8c84fa94-04c1-424b-9868-57a2d4851a1d">
      <Output>
      </Output>
    </UnitTestResult>
    <UnitTestResult executionId="e5b37efd-74a0-4fbd-81a0-dfccfca6769c" testId="b60c443b-27a9-92b5-97f6-ea8d091f97b0" testName="ItemGetSet01" computerName="FARSEER-PC" duration="00:00:00.0015029" startTime="2009-07-27T15:45:03.8366000+08:00" endTime="2009-07-27T15:45:03.8426000+08:00" testType="13cdc9d9-ddb5-4fa4-a97d-d965ccfc6d4b" outcome="Passed" testListId="8c84fa94-04c1-424b-9868-57a2d4851a1d">
      <Output>
      </Output>
    </UnitTestResult>
    <UnitTestResult executionId="7c59c454-b402-4ef4-9bbd-fede7ec9f263" testId="5eb108e1-6097-b5b5-9011-10286332ff46" testName="KeysGet01" computerName="FARSEER-PC" duration="00:00:00.0022817" startTime="2009-07-27T15:45:03.8446000+08:00" endTime="2009-07-27T15:45:03.8506000+08:00" testType="13cdc9d9-ddb5-4fa4-a97d-d965ccfc6d4b" outcome="Passed" testListId="8c84fa94-04c1-424b-9868-57a2d4851a1d">
      <Output>
      </Output>
    </UnitTestResult>
    <UnitTestResult executionId="1252552f-d44a-4355-a7fc-56be6008ccbb" testId="18424f2f-db80-a071-54b9-1c93399e2830" testName="Peek01" computerName="FARSEER-PC" duration="00:00:00.0025816" startTime="2009-07-27T15:45:03.8526000+08:00" endTime="2009-07-27T15:45:03.8576000+08:00" testType="13cdc9d9-ddb5-4fa4-a97d-d965ccfc6d4b" outcome="Passed" testListId="8c84fa94-04c1-424b-9868-57a2d4851a1d">
      <Output>
      </Output>
    </UnitTestResult>
    <UnitTestResult executionId="e4868b6d-7e0d-4eae-b0d5-be0a91167887" testId="5f2cb960-960f-f75f-2302-342bfc059245" testName="Pop01" computerName="FARSEER-PC" duration="00:00:00.0019945" startTime="2009-07-27T15:45:03.8606000+08:00" endTime="2009-07-27T15:45:03.8646000+08:00" testType="13cdc9d9-ddb5-4fa4-a97d-d965ccfc6d4b" outcome="Passed" testListId="8c84fa94-04c1-424b-9868-57a2d4851a1d">
      <Output>
      </Output>
    </UnitTestResult>
    <UnitTestResult executionId="3ef06767-c73a-4f0a-81bb-8382b7f3ddc7" testId="d28f95a8-8f99-346b-1bf0-7d493e4273f0" testName="Remove0101" computerName="FARSEER-PC" duration="00:00:00.0025871" startTime="2009-07-27T15:45:03.8656000+08:00" endTime="2009-07-27T15:45:03.8706000+08:00" testType="13cdc9d9-ddb5-4fa4-a97d-d965ccfc6d4b" outcome="Passed" testListId="8c84fa94-04c1-424b-9868-57a2d4851a1d">
      <Output>
      </Output>
    </UnitTestResult>
    <UnitTestResult executionId="fb04c49d-5f5e-4818-a903-84b4e6a1817c" testId="98d1f84a-994a-43f6-d66c-1e5e039449ab" testName="Remove02" computerName="FARSEER-PC" duration="00:00:00.0022852" startTime="2009-07-27T15:45:03.8716000+08:00" endTime="2009-07-27T15:45:03.8786000+08:00" testType="13cdc9d9-ddb5-4fa4-a97d-d965ccfc6d4b" outcome="Passed" testListId="8c84fa94-04c1-424b-9868-57a2d4851a1d">
      <Output>
      </Output>
    </UnitTestResult>
    <UnitTestResult executionId="743febf2-b912-4293-8cdc-09b1be383f83" testId="971249cf-ee88-ee2b-ccf3-9bd77d25c68e" testName="TryGetValue01" computerName="FARSEER-PC" duration="00:00:00.0021985" startTime="2009-07-27T15:45:03.8786000+08:00" endTime="2009-07-27T15:45:03.8836000+08:00" testType="13cdc9d9-ddb5-4fa4-a97d-d965ccfc6d4b" outcome="Passed" testListId="8c84fa94-04c1-424b-9868-57a2d4851a1d">
      <Output>
      </Output>
    </UnitTestResult>
    <UnitTestResult executionId="b0c634be-b6c6-44e8-ae4b-0b69806f618f" testId="5df7a1dc-ca7b-9fe3-28ac-f31d7a971eb7" testName="ValuesGet01" computerName="FARSEER-PC" duration="00:00:00.0042501" startTime="2009-07-27T15:45:03.8836000+08:00" endTime="2009-07-27T15:45:03.8906000+08:00" testType="13cdc9d9-ddb5-4fa4-a97d-d965ccfc6d4b" outcome="Passed" testListId="8c84fa94-04c1-424b-9868-57a2d4851a1d">
      <Output>
      </Output>
    </UnitTestResult>
    <UnitTestResult executionId="e4c313fa-e03b-4baf-be32-63b74bccb1e3" testId="2478ceae-0166-8cd7-64b8-c833f73662cd" testName="Calc01" computerName="FARSEER-PC" duration="00:00:00.0013441" startTime="2009-07-27T15:45:03.8906000+08:00" endTime="2009-07-27T15:45:03.8946000+08:00" testType="13cdc9d9-ddb5-4fa4-a97d-d965ccfc6d4b" outcome="Passed" testListId="8c84fa94-04c1-424b-9868-57a2d4851a1d">
      <Output>
      </Output>
    </UnitTestResult>
    <UnitTestResult executionId="ee908c23-24d5-4806-a737-dd44b58f1e93" testId="5c7305bf-ecd3-25df-2869-441643906bc2" testName="CanCalcGet01" computerName="FARSEER-PC" duration="00:00:00.0013222" startTime="2009-07-27T15:45:03.8966000+08:00" endTime="2009-07-27T15:45:03.9136000+08:00" testType="13cdc9d9-ddb5-4fa4-a97d-d965ccfc6d4b" outcome="Passed" testListId="8c84fa94-04c1-424b-9868-57a2d4851a1d">
      <Output>
      </Output>
    </UnitTestResult>
    <UnitTestResult executionId="85240857-b323-48ef-ac13-f7eebd63e064" testId="26f761bc-4872-decf-8e2c-701555e6c704" testName="Constructor01" computerName="FARSEER-PC" duration="00:00:00.0009147" startTime="2009-07-27T15:45:03.9156000+08:00" endTime="2009-07-27T15:45:03.9216000+08:00" testType="13cdc9d9-ddb5-4fa4-a97d-d965ccfc6d4b" outcome="Passed" testListId="8c84fa94-04c1-424b-9868-57a2d4851a1d">
      <Output>
      </Output>
    </UnitTestResult>
    <UnitTestResult executionId="79212a33-2dbe-4bc6-95e7-aa7a7386623a" testId="cc9293db-2bcd-b312-8519-66340e6150ed" testName="DiscriptionGet01" computerName="FARSEER-PC" duration="00:00:00.0010598" startTime="2009-07-27T15:45:03.9246000+08:00" endTime="2009-07-27T15:45:03.9286000+08:00" testType="13cdc9d9-ddb5-4fa4-a97d-d965ccfc6d4b" outcome="Passed" testListId="8c84fa94-04c1-424b-9868-57a2d4851a1d">
      <Output>
      </Output>
    </UnitTestResult>
    <UnitTestResult executionId="0ce45e61-d967-403d-82cd-23b2ebfc14b8" testId="f656bb0b-b6d8-4a6c-748f-d7d0e8239119" testName="NameGet01" computerName="FARSEER-PC" duration="00:00:00.0010284" startTime="2009-07-27T15:45:03.9296000+08:00" endTime="2009-07-27T15:45:03.9376000+08:00" testType="13cdc9d9-ddb5-4fa4-a97d-d965ccfc6d4b" outcome="Passed" testListId="8c84fa94-04c1-424b-9868-57a2d4851a1d">
      <Output>
      </Output>
    </UnitTestResult>
    <UnitTestResult executionId="8e36859e-511c-41f9-82f3-19f5bb35bccb" testId="3ec50a04-6340-3e8d-31ee-46ad6a891687" testName="Calc02" computerName="FARSEER-PC" duration="00:00:00.0114570" startTime="2009-07-27T15:45:03.9376000+08:00" endTime="2009-07-27T15:45:03.9536000+08:00" testType="13cdc9d9-ddb5-4fa4-a97d-d965ccfc6d4b" outcome="Passed" testListId="8c84fa94-04c1-424b-9868-57a2d4851a1d">
      <Output>
      </Output>
    </UnitTestResult>
    <UnitTestResult executionId="cce6359d-13ca-4730-af51-71bbaa19f68d" testId="10e8fae8-812e-cbf5-20a7-d0d2b4369324" testName="Calc01" computerName="FARSEER-PC" duration="00:00:00.0007652" startTime="2009-07-27T15:45:03.9576000+08:00" endTime="2009-07-27T15:45:03.9626000+08:00" testType="13cdc9d9-ddb5-4fa4-a97d-d965ccfc6d4b" outcome="Passed" testListId="8c84fa94-04c1-424b-9868-57a2d4851a1d">
      <Output>
      </Output>
    </UnitTestResult>
    <UnitTestResult executionId="14fd6419-4bf4-4aad-bbc0-4bb5ebc74914" testId="69fc1e48-5d16-5aef-b5d0-ed26eab63571" testName="Calc04" computerName="FARSEER-PC" duration="00:00:00.0047376" startTime="2009-07-27T15:45:03.9626000+08:00" endTime="2009-07-27T15:45:03.9716000+08:00" testType="13cdc9d9-ddb5-4fa4-a97d-d965ccfc6d4b" outcome="Failed" testListId="8c84fa94-04c1-424b-9868-57a2d4851a1d">
      <Output>
        <ErrorInfo>
          <Message>测试方法 CombCell.DSAlgo.SnakeTTest.Calc04 引发异常:  System.InvalidOperationException: 对象的当前状态使该操作无效。。</Message>
          <StackTrace>    在 CombCell.DSAlgo.SingleSource`1.Initialize() 位置 C:\combcell\googlecode\trunk\Solutions\CombCell\CombCell.DSAlgo\SingleSource.cs:行号 65
   在 CombCell.DSAlgo.SingleSource`1.Calc() 位置 C:\combcell\googlecode\trunk\Solutions\CombCell\CombCell.DSAlgo\SingleSource.cs:行号 49
   在 CombCell.DSAlgo.Snake`1.Calc() 位置 C:\combcell\googlecode\trunk\Solutions\CombCell\CombCell.DSAlgo\Snake.cs:行号 55
   在 CombCell.DSAlgo.SnakeTTest.Calc[T](Snake`1 target) 位置 C:\combcell\googlecode\trunk\Solutions\CombCell\CombCell.DSAlgo\CombCell.DSAlgo.Tests\SnakeTTest.cs:行号 52
   在 CombCell.DSAlgo.SnakeTTest.Calc04() 位置 C:\combcell\googlecode\trunk\Solutions\CombCell\CombCell.DSAlgo\CombCell.DSAlgo.Tests\SnakeTTest.Calc.g.cs:行号 59
</StackTrace>
        </ErrorInfo>
      </Output>
    </UnitTestResult>
    <UnitTestResult executionId="d1495471-cd1b-495f-90e3-ce3d2826682e" testId="75963d77-d662-c746-916b-1067d83c8226" testName="Calc03" computerName="FARSEER-PC" duration="00:00:00.0011705" startTime="2009-07-27T15:45:03.9726000+08:00" endTime="2009-07-27T15:45:03.9846000+08:00" testType="13cdc9d9-ddb5-4fa4-a97d-d965ccfc6d4b" outcome="Passed" testListId="8c84fa94-04c1-424b-9868-57a2d4851a1d">
      <Output>
      </Output>
    </UnitTestResult>
    <UnitTestResult executionId="24797db0-a2e2-4d23-a764-27a3ae771201" testId="148f2340-9e71-8929-8a6a-80aa0c815d32" testName="CalcFc0101" computerName="FARSEER-PC" duration="00:00:00.0019238" startTime="2009-07-27T15:45:03.9866000+08:00" endTime="2009-07-27T15:45:03.9916000+08:00" testType="13cdc9d9-ddb5-4fa4-a97d-d965ccfc6d4b" outcome="Passed" testListId="8c84fa94-04c1-424b-9868-57a2d4851a1d">
      <Output>
      </Output>
    </UnitTestResult>
    <UnitTestResult executionId="5d3cde45-706a-4354-8d2e-fb515c11c6ae" testId="65bee330-664e-c5a2-ddf2-b22c20bc5770" testName="CanCalcGet01" computerName="FARSEER-PC" duration="00:00:00.0014590" startTime="2009-07-27T15:45:03.9916000+08:00" endTime="2009-07-27T15:45:03.9976000+08:00" testType="13cdc9d9-ddb5-4fa4-a97d-d965ccfc6d4b" outcome="Passed" testListId="8c84fa94-04c1-424b-9868-57a2d4851a1d">
      <Output>
      </Output>
    </UnitTestResult>
    <UnitTestResult executionId="b0e3b38e-1011-4a78-a2aa-f6b5dea4daa7" testId="194b8fcf-ae61-51bb-ee8c-6c3e93e094ad" testName="CanCalcGet02" computerName="FARSEER-PC" duration="00:00:00.0007125" startTime="2009-07-27T15:45:03.9986000+08:00" endTime="2009-07-27T15:45:04.0036000+08:00" testType="13cdc9d9-ddb5-4fa4-a97d-d965ccfc6d4b" outcome="Passed" testListId="8c84fa94-04c1-424b-9868-57a2d4851a1d">
      <Output>
      </Output>
    </UnitTestResult>
    <UnitTestResult executionId="f5243dca-2e22-4668-9b3c-40aed7109cd6" testId="1df1cad8-78d1-e5b7-cbdd-a603cc268baf" testName="Constructor01" computerName="FARSEER-PC" duration="00:00:00.0008397" startTime="2009-07-27T15:45:04.0036000+08:00" endTime="2009-07-27T15:45:04.0086000+08:00" testType="13cdc9d9-ddb5-4fa4-a97d-d965ccfc6d4b" outcome="Passed" testListId="8c84fa94-04c1-424b-9868-57a2d4851a1d">
      <Output>
      </Output>
    </UnitTestResult>
    <UnitTestResult executionId="c76a4729-9fb9-4ed3-9d85-8e286027c42e" testId="41ae6242-81c9-a3d2-bae7-20022b9e4fdf" testName="DiscriptionGet01" computerName="FARSEER-PC" duration="00:00:00.0010344" startTime="2009-07-27T15:45:04.0146000+08:00" endTime="2009-07-27T15:45:04.0176000+08:00" testType="13cdc9d9-ddb5-4fa4-a97d-d965ccfc6d4b" outcome="Passed" testListId="8c84fa94-04c1-424b-9868-57a2d4851a1d">
      <Output>
      </Output>
    </UnitTestResult>
    <UnitTestResult executionId="2e90d2e2-c249-420a-855c-4b23a7c51225" testId="034a6cda-f24b-c8a5-0778-d18e83bba864" testName="NameGet01" computerName="FARSEER-PC" duration="00:00:00.0026085" startTime="2009-07-27T15:45:04.0176000+08:00" endTime="2009-07-27T15:45:04.0266000+08:00" testType="13cdc9d9-ddb5-4fa4-a97d-d965ccfc6d4b" outcome="Passed" testListId="8c84fa94-04c1-424b-9868-57a2d4851a1d">
      <Output>
      </Output>
    </UnitTestResult>
    <UnitTestResult executionId="f06bfe63-e9f1-44c8-a6f9-1c7c51690557" testId="89fd3938-08dc-ccf2-d5e2-2c12313c0ce3" testName="AccessedGetSet01" computerName="FARSEER-PC" duration="00:00:00.0016132" startTime="2009-07-27T15:45:04.0276000+08:00" endTime="2009-07-27T15:45:04.0346000+08:00" testType="13cdc9d9-ddb5-4fa4-a97d-d965ccfc6d4b" outcome="Passed" testListId="8c84fa94-04c1-424b-9868-57a2d4851a1d">
      <Output>
      </Output>
    </UnitTestResult>
    <UnitTestResult executionId="b9035270-bd87-4690-95e0-62d54e718668" testId="e186e843-f1f1-4e91-04fe-aaf7027a2432" testName="AccessedGetSet02" computerName="FARSEER-PC" duration="00:00:00.0459721" startTime="2009-07-27T15:45:04.0366000+08:00" endTime="2009-07-27T15:45:04.0856000+08:00" testType="13cdc9d9-ddb5-4fa4-a97d-d965ccfc6d4b" outcome="Passed" testListId="8c84fa94-04c1-424b-9868-57a2d4851a1d">
      <Output>
      </Output>
    </UnitTestResult>
    <UnitTestResult executionId="86d45e14-42fb-44d0-baf8-59ee7bf62576" testId="72f41e46-5541-1538-84c9-11e7f81c8af7" testName="Constructor01" computerName="FARSEER-PC" duration="00:00:00.0014621" startTime="2009-07-27T15:45:04.0866000+08:00" endTime="2009-07-27T15:45:04.0936000+08:00" testType="13cdc9d9-ddb5-4fa4-a97d-d965ccfc6d4b" outcome="Passed" testListId="8c84fa94-04c1-424b-9868-57a2d4851a1d">
      <Output>
      </Output>
    </UnitTestResult>
    <UnitTestResult executionId="237a6a85-2602-4c40-9dc1-029aed45ae2f" testId="d40f288f-b8d8-c53f-a53b-4d7a3b22322e" testName="EdgesGet01" computerName="FARSEER-PC" duration="00:00:00.0010170" startTime="2009-07-27T15:45:04.0936000+08:00" endTime="2009-07-27T15:45:04.1006000+08:00" testType="13cdc9d9-ddb5-4fa4-a97d-d965ccfc6d4b" outcome="Passed" testListId="8c84fa94-04c1-424b-9868-57a2d4851a1d">
      <Output>
      </Output>
    </UnitTestResult>
    <UnitTestResult executionId="e5b31273-4c73-447c-9e96-fcb7501f8e88" testId="f6a77015-a5f2-417a-9657-e49969eb5b51" testName="IsConnect01" computerName="FARSEER-PC" duration="00:00:00.0029105" startTime="2009-07-27T15:45:04.1006000+08:00" endTime="2009-07-27T15:45:04.1076000+08:00" testType="13cdc9d9-ddb5-4fa4-a97d-d965ccfc6d4b" outcome="Passed" testListId="8c84fa94-04c1-424b-9868-57a2d4851a1d">
      <Output>
      </Output>
    </UnitTestResult>
    <UnitTestResult executionId="2d901489-3b9b-43bc-801b-7b6d4d6526e9" testId="34139508-18de-db7d-ab29-fe6f43daf29c" testName="IsConnect02" computerName="FARSEER-PC" duration="00:00:00.0004358" startTime="2009-07-27T15:45:04.1176000+08:00" endTime="2009-07-27T15:45:04.1216000+08:00" testType="13cdc9d9-ddb5-4fa4-a97d-d965ccfc6d4b" outcome="Passed" testListId="8c84fa94-04c1-424b-9868-57a2d4851a1d">
      <Output>
      </Output>
    </UnitTestResult>
    <UnitTestResult executionId="452033e4-20ae-4870-819b-9851a8ef8df9" testId="4489afb5-8dce-d2b8-d878-9131c19e9653" testName="IsConnectFc0102" computerName="FARSEER-PC" duration="00:00:00.0010134" startTime="2009-07-27T15:45:04.1216000+08:00" endTime="2009-07-27T15:45:04.1276000+08:00" testType="13cdc9d9-ddb5-4fa4-a97d-d965ccfc6d4b" outcome="Passed" testListId="8c84fa94-04c1-424b-9868-57a2d4851a1d">
      <Output>
      </Output>
    </UnitTestResult>
    <UnitTestResult executionId="1739cddf-3508-4a74-81bd-e3754c78615d" testId="1f2f365d-7ae3-7a91-8711-207f7c6fe981" testName="KeyGetSet01" computerName="FARSEER-PC" duration="00:00:00.0008082" startTime="2009-07-27T15:45:04.1276000+08:00" endTime="2009-07-27T15:45:04.1326000+08:00" testType="13cdc9d9-ddb5-4fa4-a97d-d965ccfc6d4b" outcome="Passed" testListId="8c84fa94-04c1-424b-9868-57a2d4851a1d">
      <Output>
      </Output>
    </UnitTestResult>
    <UnitTestResult executionId="4b6a80ea-b29d-46f7-b207-d6f53e495d66" testId="3cf64920-97f7-ca4d-0c45-dfc6cfb3426f" testName="ToString01" computerName="FARSEER-PC" duration="00:00:00.0015222" startTime="2009-07-27T15:45:04.1336000+08:00" endTime="2009-07-27T15:45:04.1386000+08:00" testType="13cdc9d9-ddb5-4fa4-a97d-d965ccfc6d4b" outcome="Passed" testListId="8c84fa94-04c1-424b-9868-57a2d4851a1d">
      <Output>
      </Output>
    </UnitTestResult>
  </Results>
</TestRun>